1.1250E+0
278.1000E-3
247.1000E-3
0.0000E+0
4.626127E-3
-3.728049E-3
-2.300112E-3
7.199001E-6
6.436686E-6
7.641295E-7
8.414192E-2
1.094285E-1
4.311567E-3
2.887852E-4
4.356470E-5
-1.840266E-4
2.705502E-6
-2.876956E-5
1.744794E-2
7.658724E-6
-9.805268E-6
-8.760726E-6
1.250396E-5
-1.557723E-5
-5.303421E-5
4.491175E-3
-2.888617E-3
-6.148593E-4
-2.264736E-4
-6.968116E-4
1.183862E-3
-8.089314E-2
-7.690420E-2
-2.365476E-2
2.433436E-3
1.175940E-4
-7.178383E-4
1.836263E-3
9.663129E-4
1.569866E-1
0.000000E+0
0.000000E+0
0.000000E+0
0.000000E+0
0.000000E+0
0.000000E+0
0.000000E+0
0.000000E+0
0.000000E+0
0.000000E+0
0.000000E+0
0.000000E+0
0.000000E+0
0.000000E+0
0.000000E+0
0.000000E+0
0.000000E+0
0.000000E+0
0.000000E+0
0.000000E+0
0.000000E+0
0.000000E+0
0.000000E+0
0.000000E+0
0.000000E+0
0.000000E+0
0.000000E+0
0.000000E+0
0.000000E+0
0.000000E+0
0.000000E+0
0.000000E+0
0.000000E+0
0.000000E+0
0.000000E+0
0.000000E+0
1.996475E-9
5.199782E-9
-2.760318E-8
-4.689220E-10
-2.168040E-9
1.728660E-8
-3.444448E-7
-4.882751E-7
1.991860E-6
6.290669E-9
7.535733E-8
5.414719E-8
1.518504E-8
4.998959E-9
-8.950119E-8
-1.420492E-9
-1.665415E-9
-6.020329E-10
5.611280E-10
5.103021E-10
9.296878E-11
8.134883E-10
1.659342E-9
1.036299E-8
-1.802350E-8
-3.470306E-8
4.167491E-8
-1.723105E-7
3.606327E-8
3.361609E-8
-9.823723E-9
-8.811314E-9
-6.558466E-9
-1.173868E-6
-6.114814E-8
-4.568717E-8
1.132231E-6
8.480593E-6
7.354271E-6
-1.159453E-6
-3.015075E-6
1.390251E-5
-9.440176E-7
-1.140618E-7
8.378622E-7
1.161869E-8
1.597467E-8
6.115424E-8
6.466430E-9
1.879555E-8
-1.014322E-7
3.403590E-8
1.032431E-8
-9.166322E-9
5.219478E-7
1.148111E-6
5.731776E-8
-2.340801E-6
8.503058E-8
3.472826E-7
3.222097E-7
6.565984E-7
1.247992E-6
-4.787779E-6
4.048515E-7
-6.836310E-7
-4.851516E-8
-1.912664E-8
2.237352E-8
-1.310082E-7
-1.484735E-7
4.901895E-8
-1.361787E-9
-4.959133E-10
1.237971E-8
1.412774E-8
5.781397E-9
1.128518E-9
-1.845951E-8
9.870145E-10
9.844779E-8
6.284037E-7
-8.663461E-8
-3.711044E-8
-3.190391E-8
-5.467617E-8
1.293990E-7
1.019263E-7
-3.386586E-8
-1.046363E-7
-8.030354E-10
9.323295E-10
-3.452093E-8
-6.526840E-9
-8.102485E-9
1.284675E-8
1.541952E-7
-1.827735E-8
-1.439811E-6
-3.260879E-8
-1.387286E-8
8.889300E-9
1.240757E-6
1.267126E-7
-1.570103E-6
1.957590E-8
1.017922E-8
-2.145422E-9
-3.333938E-6
2.652773E-6
-9.193278E-6
-4.516831E-6
-6.541215E-6
9.978115E-6
-7.882262E-6
8.092246E-7
9.772185E-5
8.550824E-7
1.238339E-6
-1.790160E-7
1.805022E-6
1.268885E-6
1.186548E-4
-1.839610E-6
-2.523961E-6
1.969527E-6
-1.224851E-12
2.320262E-12
-1.136356E-12
2.998113E-13
4.190377E-13
3.782296E-14
-2.662576E-7
-3.577878E-7
-4.646212E-8
-2.772687E-8
2.144904E-8
2.830996E-8
1.250213E-13
-2.575326E-11
1.412401E-10
-5.133223E-12
-5.286080E-12
2.347856E-11
-2.432095E-14
-5.137532E-13
-8.615382E-14
8.642451E-13
-7.791694E-13
3.742005E-13
2.055748E-8
2.741269E-8
5.655560E-8
-3.364883E-8
-1.407908E-8
-2.257426E-8
-5.690371E-9
5.489983E-9
-8.342181E-8
-1.164467E-9
-1.336433E-8
1.320839E-7
0.000000E+0
0.000000E+0
0.000000E+0
0.000000E+0
0.000000E+0
0.000000E+0
195
4.924304E-1
-6.264837E-1
-2.007633E+0
6.590717E-1
2.589697E-2
-2.081925E+0
-1.601056E+1
4.922474E-1
-6.268193E-1
-2.007190E+0
6.589344E-1
2.603432E-2
-2.082658E+0
-1.587786E+1
4.927659E-1
-6.251717E-1
-2.003573E+0
6.591938E-1
2.591223E-2
-2.082078E+0
-1.569401E+1
4.929183E-1
-6.247446E-1
-2.001498E+0
6.593921E-1
2.600380E-2
-2.081925E+0
-1.550936E+1
4.932233E-1
-6.241192E-1
-1.999774E+0
6.588429E-1
2.608011E-2
-2.082169E+0
-1.534150E+1
4.939552E-1
-6.226242E-1
-1.995089E+0
6.593768E-1
2.626324E-2
-2.081315E+0
-1.510249E+1
4.937113E-1
-6.228835E-1
-1.994295E+0
6.589497E-1
2.597328E-2
-2.082291E+0
-1.491624E+1
4.942602E-1
-6.219072E-1
-1.991717E+0
6.592243E-1
2.635481E-2
-2.081193E+0
-1.477315E+1
4.946109E-1
-6.210987E-1
-1.988863E+0
6.591022E-1
2.604959E-2
-2.081925E+0
-1.453015E+1
4.947634E-1
-6.203970E-1
-1.986605E+0
6.592395E-1
2.620220E-2
-2.081895E+0
-1.436388E+1
4.953581E-1
-6.193444E-1
-1.982683E+0
6.589802E-1
2.617168E-2
-2.081986E+0
-1.411129E+1
4.955106E-1
-6.192833E-1
-1.981401E+0
6.593005E-1
2.637007E-2
-2.081773E+0
-1.395142E+1
4.954191E-1
-6.184291E-1
-1.979448E+0
6.592395E-1
2.638533E-2
-2.081651E+0
-1.378435E+1
4.959680E-1
-6.173765E-1
-1.975724E+0
6.590717E-1
2.626324E-2
-2.082017E+0
-1.353096E+1
4.962425E-1
-6.169951E-1
-1.974183E+0
6.593005E-1
2.626324E-2
-2.082352E+0
-1.336789E+1
4.963797E-1
-6.160951E-1
-1.971390E+0
6.593463E-1
2.640059E-2
-2.081742E+0
-1.320882E+1
4.966694E-1
-6.156069E-1
-1.968766E+0
6.592395E-1
2.633955E-2
-2.082078E+0
-1.296661E+1
4.971726E-1
-6.146001E-1
-1.966263E+0
6.592548E-1
2.641586E-2
-2.082108E+0
-1.280434E+1
4.973251E-1
-6.139136E-1
-1.963150E+0
6.594226E-1
2.644638E-2
-2.082383E+0
-1.255734E+1
4.977521E-1
-6.135170E-1
-1.961288E+0
6.593005E-1
2.655321E-2
-2.081956E+0
-1.239108E+1
4.980113E-1
-6.125864E-1
-1.958618E+0
6.593311E-1
2.653795E-2
-2.082444E+0
-1.222801E+1
4.983163E-1
-6.121593E-1
-1.955642E+0
6.593921E-1
2.650742E-2
-2.082078E+0
-1.198021E+1
4.987432E-1
-6.112898E-1
-1.953231E+0
6.595294E-1
2.675160E-2
-2.082078E+0
-1.181554E+1
4.989262E-1
-6.109236E-1
-1.951354E+0
6.595294E-1
2.659899E-2
-2.082536E+0
-1.165247E+1
4.992464E-1
-6.100236E-1
-1.948272E+0
6.594836E-1
2.646164E-2
-2.082169E+0
-1.141107E+1
4.996886E-1
-6.094287E-1
-1.945739E+0
6.595599E-1
2.659899E-2
-2.082475E+0
-1.124560E+1
4.997801E-1
-6.092914E-1
-1.944320E+0
6.594073E-1
2.649216E-2
-2.082261E+0
-1.108813E+1
5.002223E-1
-6.077659E-1
-1.940260E+0
6.596819E-1
2.669056E-2
-2.082383E+0
-1.083633E+1
5.006798E-1
-6.075981E-1
-1.938658E+0
6.597735E-1
2.698052E-2
-2.082078E+0
-1.067327E+1
5.005578E-1
-6.074455E-1
-1.937346E+0
6.596057E-1
2.670582E-2
-2.082169E+0
-1.048062E+1
5.011677E-1
-6.061489E-1
-1.932875E+0
6.596667E-1
2.679739E-2
-2.082444E+0
-1.026480E+1
5.011525E-1
-6.059963E-1
-1.932005E+0
6.595294E-1
2.662951E-2
-2.082871E+0
-1.010173E+1
5.016557E-1
-6.054166E-1
-1.929807E+0
6.598192E-1
2.669056E-2
-2.082505E+0
-9.935462E+0
5.020064E-1
-6.039674E-1
-1.925886E+0
6.595294E-1
2.655321E-2
-2.083146E+0
-9.692458E+0
5.019911E-1
-6.040132E-1
-1.924405E+0
6.593005E-1
2.649216E-2
-2.082627E+0
-9.528591E+0
5.026316E-1
-6.029148E-1
-1.920041E+0
6.594684E-1
2.672108E-2
-2.082475E+0
-9.285587E+0
5.028755E-1
-6.025182E-1
-1.918851E+0
6.597277E-1
2.681265E-2
-2.082536E+0
-9.112926E+0
5.031653E-1
-6.020453E-1
-1.916760E+0
6.596819E-1
2.666004E-2
-2.082932E+0
-8.949858E+0
5.036685E-1
-6.011758E-1
-1.913022E+0
6.595904E-1
2.659899E-2
-2.082780E+0
-8.676479E+0
5.039887E-1
-6.008554E-1
-1.911358E+0
6.596362E-1
2.658373E-2
-2.082505E+0
-8.546984E+0
5.043546E-1
-5.999706E-1
-1.909161E+0
6.596362E-1
2.653795E-2
-2.082597E+0
-8.379119E+0
5.047053E-1
-5.994062E-1
-1.905789E+0
6.596972E-1
2.675160E-2
-2.082505E+0
-8.136116E+0
5.049493E-1
-5.988112E-1
-1.903622E+0
6.598040E-1
2.696526E-2
-2.082749E+0
-7.972248E+0
5.051933E-1
-5.980332E-1
-1.901501E+0
6.599108E-1
2.704157E-2
-2.082688E+0
-7.807581E+0
5.056812E-1
-5.975298E-1
-1.898220E+0
6.597735E-1
2.691948E-2
-2.082566E+0
-7.544593E+0
5.060777E-1
-5.970112E-1
-1.896114E+0
6.597887E-1
2.672108E-2
-2.082993E+0
-7.395114E+0
5.061692E-1
-5.965840E-1
-1.894008E+0
6.598040E-1
2.693474E-2
-2.082810E+0
-7.230447E+0
5.067181E-1
-5.958213E-1
-1.890605E+0
6.599260E-1
2.704157E-2
-2.082780E+0
-6.987444E+0
5.067486E-1
-5.954552E-1
-1.889064E+0
6.597887E-1
2.695000E-2
-2.082505E+0
-6.825175E+0
5.072213E-1
-5.953941E-1
-1.887736E+0
6.599718E-1
2.679739E-2
-2.082749E+0
-6.646919E+0
5.077245E-1
-5.938992E-1
-1.883173E+0
6.600176E-1
2.696526E-2
-2.082139E+0
-6.413507E+0
5.076940E-1
-5.938381E-1
-1.882014E+0
6.597887E-1
2.691948E-2
-2.082810E+0
-6.248840E+0
5.083954E-1
-5.932890E-1
-1.879999E+0
6.600481E-1
2.681265E-2
-2.082291E+0
-6.084973E+0
5.086394E-1
-5.922821E-1
-1.876169E+0
6.599870E-1
2.710261E-2
-2.082230E+0
-5.839571E+0
5.087157E-1
-5.921753E-1
-1.874750E+0
6.600328E-1
2.710261E-2
-2.082322E+0
-5.678901E+0
5.094018E-1
-5.909092E-1
-1.870447E+0
6.598345E-1
2.727049E-2
-2.082261E+0
-5.426305E+0
5.098440E-1
-5.907719E-1
-1.868982E+0
6.601243E-1
2.693474E-2
-2.082078E+0
-5.263237E+0
5.098593E-1
-5.902380E-1
-1.866968E+0
6.600633E-1
2.707209E-2
-2.082566E+0
-5.094573E+0
5.103320E-1
-5.895973E-1
-1.863366E+0
6.602464E-1
2.687369E-2
-2.082475E+0
-4.848372E+0
5.105150E-1
-5.891701E-1
-1.861443E+0
6.599565E-1
2.705683E-2
-2.082413E+0
-4.691699E+0
5.107742E-1
-5.886515E-1
-1.859292E+0
6.600328E-1
2.696526E-2
-2.081986E+0
-4.527032E+0
5.111554E-1
-5.881328E-1
-1.856194E+0
6.601396E-1
2.711787E-2
-2.082841E+0
-4.279232E+0
5.115061E-1
-5.874006E-1
-1.854500E+0
6.602616E-1
2.734679E-2
-2.082383E+0
-4.118562E+0
5.121160E-1
-5.869734E-1
-1.851662E+0
6.600176E-1
2.713314E-2
-2.082505E+0
-3.960290E+0
5.124668E-1
-5.866988E-1
-1.848961E+0
6.601854E-1
2.711787E-2
-2.082841E+0
-3.711690E+0
5.126040E-1
-5.857835E-1
-1.846245E+0
6.599718E-1
2.719418E-2
-2.082261E+0
-3.547023E+0
5.127870E-1
-5.857988E-1
-1.844490E+0
6.601091E-1
2.716366E-2
-2.082291E+0
-3.383955E+0
5.133512E-1
-5.848682E-1
-1.840919E+0
6.602769E-1
2.719418E-2
-2.082444E+0
-3.130560E+0
5.138544E-1
-5.843953E-1
-1.838737E+0
6.602769E-1
2.749941E-2
-2.082291E+0
-2.977883E+0
5.138391E-1
-5.840750E-1
-1.837684E+0
6.602006E-1
2.720944E-2
-2.082536E+0
-2.812417E+0
5.145558E-1
-5.829919E-1
-1.833365E+0
6.601396E-1
2.736205E-2
-2.082536E+0
-2.567815E+0
5.148913E-1
-5.826563E-1
-1.831611E+0
6.603074E-1
2.739258E-2
-2.082261E+0
-2.405546E+0
5.147235E-1
-5.825190E-1
-1.830359E+0
6.604447E-1
2.731627E-2
-2.082475E+0
-2.239280E+0
5.154859E-1
-5.813749E-1
-1.825903E+0
6.604142E-1
2.746888E-2
-2.081956E+0
-1.998674E+0
5.155622E-1
-5.813291E-1
-1.824835E+0
6.604600E-1
2.728575E-2
-2.082444E+0
-1.834007E+0
5.160349E-1
-5.809325E-1
-1.822699E+0
6.603227E-1
2.713314E-2
-2.082505E+0
-1.676535E+0
5.164771E-1
-5.803070E-1
-1.820501E+0
6.603379E-1
2.736205E-2
-2.082108E+0
-1.511868E+0
5.170718E-1
-5.799104E-1
-1.817648E+0
6.604600E-1
2.736205E-2
-2.082475E+0
-1.260870E+0
5.174225E-1
-5.794222E-1
-1.815176E+0
6.605820E-1
2.757571E-2
-2.082047E+0
-1.097802E+0
5.179562E-1
-5.789341E-1
-1.811803E+0
6.604600E-1
2.725523E-2
-2.082566E+0
-8.563972E-1
5.181544E-1
-5.785985E-1
-1.810003E+0
6.605362E-1
2.739258E-2
-2.082261E+0
-6.901315E-1
5.186728E-1
-5.778815E-1
-1.807820E+0
6.604142E-1
2.751467E-2
-2.081925E+0
-5.254645E-1
5.189626E-1
-5.774696E-1
-1.804494E+0
6.605820E-1
2.757571E-2
-2.082322E+0
-2.784641E-1
5.193895E-1
-5.768289E-1
-1.802113E+0
6.606583E-1
2.762150E-2
-2.081895E+0
-1.161951E-1
5.197097E-1
-5.764933E-1
-1.800313E+0
6.607193E-1
2.745362E-2
-2.082413E+0
4.687314E-2
5.201062E-1
-5.760509E-1
-1.797001E+0
6.605515E-1
2.759097E-2
-2.082627E+0
2.898768E-1
5.206246E-1
-5.754407E-1
-1.794300E+0
6.607193E-1
2.768254E-2
-2.082200E+0
4.441522E-1
5.209601E-1
-5.752424E-1
-1.793095E+0
6.608566E-1
2.777411E-2
-2.082108E+0
6.128160E-1
5.211736E-1
-5.745864E-1
-1.789478E+0
6.607498E-1
2.751467E-2
-2.082139E+0
8.590171E-1
5.215700E-1
-5.741440E-1
-1.787403E+0
6.606888E-1
2.781989E-2
-2.082505E+0
1.018089E+0
5.220275E-1
-5.739610E-1
-1.785953E+0
6.606888E-1
2.756045E-2
-2.081986E+0
1.185953E+0
5.222715E-1
-5.731982E-1
-1.782047E+0
6.607041E-1
2.778937E-2
-2.081986E+0
1.435352E+0
5.226527E-1
-5.731677E-1
-1.780658E+0
6.607651E-1
2.769780E-2
-2.082230E+0
1.600019E+0
5.228814E-1
-5.728474E-1
-1.778949E+0
6.607651E-1
2.794198E-2
-2.082352E+0
1.765485E+0
5.236438E-1
-5.718710E-1
-1.774310E+0
6.610092E-1
2.780463E-2
-2.081437E+0
2.013285E+0
5.237201E-1
-5.717490E-1
-1.773501E+0
6.608261E-1
2.751467E-2
-2.082383E+0
2.178751E+0
5.240403E-1
-5.711693E-1
-1.771243E+0
6.609634E-1
2.756045E-2
-2.082322E+0
2.338622E+0
5.244062E-1
-5.708795E-1
-1.768069E+0
6.607193E-1
2.759097E-2
-2.082536E+0
2.593616E+0
5.247722E-1
-5.705134E-1
-1.766161E+0
6.608108E-1
2.766728E-2
-2.082444E+0
2.743895E+0
5.251992E-1
-5.699794E-1
-1.763872E+0
6.608566E-1
2.759097E-2
-2.082139E+0
2.902966E+0
5.254889E-1
-5.699337E-1
-1.760988E+0
6.607803E-1
2.765202E-2
-2.082383E+0
3.152365E+0
5.259921E-1
-5.692167E-1
-1.758547E+0
6.606735E-1
2.757571E-2
-2.082108E+0
3.309838E+0
5.263275E-1
-5.688963E-1
-1.755388E+0
6.607193E-1
2.752993E-2
-2.082413E+0
3.544848E+0
5.266782E-1
-5.684845E-1
-1.753633E+0
6.607803E-1
2.769780E-2
-2.082230E+0
3.715910E+0
5.271052E-1
-5.678285E-1
-1.751283E+0
6.609939E-1
2.792672E-2
-2.081346E+0
3.880577E+0
5.273034E-1
-5.676454E-1
-1.749742E+0
6.608719E-1
2.781989E-2
-2.081590E+0
4.046043E+0
5.279134E-1
-5.672183E-1
-1.746049E+0
6.608108E-1
2.781989E-2
-2.081834E+0
4.286649E+0
5.282641E-1
-5.668979E-1
-1.744248E+0
6.608414E-1
2.798777E-2
-2.081742E+0
4.448918E+0
5.284776E-1
-5.668979E-1
-1.743119E+0
6.611007E-1
2.768254E-2
-2.081773E+0
4.616783E+0
5.291027E-1
-5.659674E-1
-1.738877E+0
6.609787E-1
2.772832E-2
-2.081803E+0
4.862184E+0
5.294992E-1
-5.659674E-1
-1.737305E+0
6.610549E-1
2.789620E-2
-2.082139E+0
5.023654E+0
5.298194E-1
-5.652962E-1
-1.733459E+0
6.609787E-1
2.791146E-2
-2.082078E+0
5.269855E+0
5.301091E-1
-5.650521E-1
-1.731720E+0
6.610854E-1
2.775885E-2
-2.081834E+0
5.432924E+0
5.302159E-1
-5.649606E-1
-1.730163E+0
6.613448E-1
2.774359E-2
-2.082108E+0
5.591995E+0
5.306123E-1
-5.644572E-1
-1.728363E+0
6.609939E-1
2.785041E-2
-2.081223E+0
5.766255E+0
5.314205E-1
-5.641978E-1
-1.724746E+0
6.610397E-1
2.781989E-2
-2.081895E+0
6.002064E+0
5.315272E-1
-5.637859E-1
-1.723129E+0
6.609939E-1
2.791146E-2
-2.081681E+0
6.163534E+0
5.318474E-1
-5.633588E-1
-1.721129E+0
6.611007E-1
2.789620E-2
-2.081468E+0
6.325803E+0
5.323049E-1
-5.630384E-1
-1.717406E+0
6.610397E-1
2.781989E-2
-2.082047E+0
6.567208E+0
5.327623E-1
-5.627334E-1
-1.715438E+0
6.610549E-1
2.791146E-2
-2.081925E+0
6.727879E+0
5.330368E-1
-5.623215E-1
-1.713759E+0
6.611465E-1
2.788094E-2
-2.081712E+0
6.893345E+0
5.337535E-1
-5.618333E-1
-1.710158E+0
6.613448E-1
2.778937E-2
-2.081498E+0
7.136349E+0
5.340585E-1
-5.614824E-1
-1.708433E+0
6.612533E-1
2.774359E-2
-2.081346E+0
7.301016E+0
5.342262E-1
-5.613909E-1
-1.706694E+0
6.611770E-1
2.789620E-2
-2.081834E+0
7.461686E+0
5.348819E-1
-5.608875E-1
-1.703138E+0
6.610854E-1
2.786568E-2
-2.081468E+0
7.707088E+0
5.350953E-1
-5.605824E-1
-1.701353E+0
6.610854E-1
2.798777E-2
-2.081498E+0
7.861364E+0
5.355071E-1
-5.604451E-1
-1.699781E+0
6.611312E-1
2.780463E-2
-2.081956E+0
8.029228E+0
5.360255E-1
-5.596519E-1
-1.696332E+0
6.609481E-1
2.803355E-2
-2.081681E+0
8.276229E+0
5.363915E-1
-5.597434E-1
-1.694150E+0
6.612685E-1
2.812512E-2
-2.081986E+0
8.436900E+0
5.368794E-1
-5.595603E-1
-1.692655E+0
6.612838E-1
2.823195E-2
-2.081895E+0
8.604764E+0
5.372759E-1
-5.587671E-1
-1.688931E+0
6.611007E-1
2.824721E-2
-2.081773E+0
8.833380E+0
5.376418E-1
-5.587976E-1
-1.687298E+0
6.614363E-1
2.804881E-2
-2.081895E+0
9.011636E+0
5.378096E-1
-5.583552E-1
-1.685437E+0
6.612838E-1
2.788094E-2
-2.081712E+0
9.174704E+0
5.384042E-1
-5.581569E-1
-1.681988E+0
6.611770E-1
2.792672E-2
-2.082261E+0
9.417708E+0
5.389074E-1
-5.578823E-1
-1.680416E+0
6.614363E-1
2.812512E-2
-2.082200E+0
9.582376E+0
5.391972E-1
-5.573331E-1
-1.678356E+0
6.614211E-1
2.785041E-2
-2.081986E+0
9.743046E+0
5.396699E-1
-5.572111E-1
-1.675121E+0
6.614821E-1
2.786568E-2
-2.082078E+0
9.991645E+0
5.399748E-1
-5.568297E-1
-1.673275E+0
6.612227E-1
2.803355E-2
-2.082139E+0
1.015631E+1
5.403560E-1
-5.570280E-1
-1.671718E+0
6.614058E-1
2.789620E-2
-2.082108E+0
1.032018E+1
5.410117E-1
-5.563720E-1
-1.668102E+0
6.617414E-1
2.786568E-2
-2.082200E+0
1.056958E+1
5.412862E-1
-5.559449E-1
-1.666011E+0
6.616499E-1
2.801829E-2
-2.081895E+0
1.072625E+1
5.416979E-1
-5.560364E-1
-1.664668E+0
6.616499E-1
2.797250E-2
-2.081773E+0
1.089092E+1
5.423841E-1
-5.554110E-1
-1.661143E+0
6.615736E-1
2.786568E-2
-2.081498E+0
1.113872E+1
5.423688E-1
-5.552584E-1
-1.659373E+0
6.620008E-1
2.801829E-2
-2.081590E+0
1.130339E+1
5.432227E-1
-5.550601E-1
-1.655909E+0
6.618787E-1
2.820142E-2
-2.081468E+0
1.155279E+1
5.434057E-1
-5.546177E-1
-1.654215E+0
6.616041E-1
2.809459E-2
-2.081315E+0
1.171905E+1
5.437869E-1
-5.548008E-1
-1.652476E+0
6.618177E-1
2.821668E-2
-2.081590E+0
1.187733E+1
5.442444E-1
-5.538702E-1
-1.648828E+0
6.618635E-1
2.826247E-2
-2.081407E+0
1.212193E+1
5.445798E-1
-5.539008E-1
-1.647165E+0
6.617719E-1
2.830825E-2
-2.081346E+0
1.228020E+1
5.446408E-1
-5.539770E-1
-1.645822E+0
6.615736E-1
2.817090E-2
-2.082078E+0
1.244247E+1
5.454032E-1
-5.533058E-1
-1.642023E+0
6.619092E-1
2.806407E-2
-2.081956E+0
1.268467E+1
5.458607E-1
-5.534126E-1
-1.640390E+0
6.620771E-1
2.820142E-2
-2.081468E+0
1.284455E+1
5.459979E-1
-5.533516E-1
-1.638620E+0
6.620618E-1
2.801829E-2
-2.081681E+0
1.300841E+1
5.463944E-1
-5.528329E-1
-1.636773E+0
6.618330E-1
2.803355E-2
-2.081559E+0
1.317148E+1
5.472940E-1
-5.527871E-1
-1.633538E+0
6.619550E-1
2.821668E-2
-2.081742E+0
1.341369E+1
5.473093E-1
-5.522837E-1
-1.631615E+0
6.618940E-1
2.839982E-2
-2.081346E+0
1.357596E+1
5.478887E-1
-5.524058E-1
-1.629906E+0
6.619855E-1
2.820142E-2
-2.081895E+0
1.373823E+1
5.482699E-1
-5.519939E-1
-1.626732E+0
6.618482E-1
2.830825E-2
-2.081681E+0
1.399002E+1
5.484834E-1
-5.518108E-1
-1.624825E+0
6.617262E-1
2.830825E-2
-2.081376E+0
1.415229E+1
5.489104E-1
-5.517651E-1
-1.623253E+0
6.620771E-1
2.827773E-2
-2.081681E+0
1.430976E+1
5.495203E-1
-5.513532E-1
-1.619652E+0
6.618940E-1
2.821668E-2
-2.081376E+0
1.456556E+1
5.498405E-1
-5.511396E-1
-1.618019E+0
6.621076E-1
2.830825E-2
-2.081590E+0
1.472303E+1
5.500693E-1
-5.511091E-1
-1.616539E+0
6.619703E-1
2.826247E-2
-2.081529E+0
1.488130E+1
5.508927E-1
-5.506209E-1
-1.613136E+0
6.618482E-1
2.807933E-2
-2.081834E+0
1.512511E+1
5.512434E-1
-5.506057E-1
-1.611244E+0
6.619855E-1
2.817090E-2
-2.081956E+0
1.529377E+1
5.514873E-1
-5.506209E-1
-1.609428E+0
6.621991E-1
2.847613E-2
-2.082017E+0
1.545844E+1
5.521278E-1
-5.501480E-1
-1.606147E+0
6.620008E-1
2.826247E-2
-2.081620E+0
1.569985E+1
5.523108E-1
-5.501023E-1
-1.604606E+0
6.620008E-1
2.809459E-2
-2.081834E+0
1.586132E+1
5.525090E-1
-5.498429E-1
-1.602866E+0
6.620160E-1
2.821668E-2
-2.081620E+0
1.602199E+1
5.529817E-1
-5.500565E-1
-1.599478E+0
6.619703E-1
2.812512E-2
-2.081834E+0
1.626179E+1
5.534544E-1
-5.494616E-1
-1.597662E+0
6.621228E-1
2.803355E-2
-2.081803E+0
1.644325E+1
5.538356E-1
-5.491717E-1
-1.595877E+0
6.619245E-1
2.812512E-2
-2.080918E+0
1.659113E+1
5.543998E-1
-5.493395E-1
-1.592703E+0
6.620008E-1
2.801829E-2
-2.082047E+0
1.683253E+1
5.549487E-1
-5.488971E-1
-1.591131E+0
6.624279E-1
2.820142E-2
-2.081254E+0
1.699640E+1
5.552842E-1
-5.489276E-1
-1.589544E+0
6.620008E-1
2.814038E-2
-2.081590E+0
1.715867E+1
5.559856E-1
-5.488819E-1
-1.586080E+0
6.622754E-1
2.823195E-2
-2.081437E+0
1.739848E+1
5.560924E-1
-5.486683E-1
-1.584417E+0
6.623517E-1
2.798777E-2
-2.081101E+0
1.757194E+1
5.564431E-1
-5.486378E-1
-1.582723E+0
6.623669E-1
2.814038E-2
-2.081254E+0
1.773181E+1
5.573122E-1
-5.481344E-1
-1.579427E+0
6.623364E-1
2.807933E-2
-2.081498E+0
1.797801E+1
5.575105E-1
-5.483785E-1
-1.577901E+0
6.622449E-1
2.817090E-2
-2.081315E+0
1.813548E+1
5.577544E-1
-5.479056E-1
-1.576085E+0
6.624279E-1
2.815564E-2
-2.081315E+0
1.829855E+1
5.583034E-1
-5.476767E-1
-1.572987E+0
6.622144E-1
2.814038E-2
-2.081254E+0
1.854236E+1
5.586998E-1
-5.479513E-1
-1.571324E+0
6.622449E-1
2.804881E-2
-2.081193E+0
1.871022E+1
5.589591E-1
-5.477683E-1
-1.569569E+0
6.623974E-1
2.827773E-2
-2.081315E+0
1.886130E+1
5.597062E-1
-5.476615E-1
-1.566181E+0
6.622296E-1
2.838456E-2
-2.081529E+0
1.911310E+1
5.599959E-1
-5.476462E-1
-1.564701E+0
6.624127E-1
2.830825E-2
-2.081590E+0
1.927697E+1
5.603924E-1
-5.475089E-1
-1.562977E+0
6.623669E-1
2.832351E-2
-2.081498E+0
1.944403E+1
5.610633E-1
-5.474174E-1
-1.559864E+0
6.624127E-1
2.824721E-2
-2.081803E+0
1.969183E+1
5.614445E-1
-5.472649E-1
-1.558124E+0
6.623669E-1
2.804881E-2
-2.081437E+0
1.984691E+1
5.618105E-1
-5.471733E-1
-1.556522E+0
6.621228E-1
2.832351E-2
-2.081284E+0
2.002037E+1
5.624509E-1
-5.469293E-1
-1.553424E+0
6.624127E-1
2.801829E-2
-2.081559E+0
2.026018E+1
5.625729E-1
-5.468072E-1
-1.551715E+0
6.623822E-1
2.839982E-2
-2.081681E+0
2.042804E+1
5.628016E-1
-5.468072E-1
-1.550158E+0
6.625042E-1
2.824721E-2
-2.081712E+0
2.058551E+1
5.634268E-1
-5.469140E-1
-1.547076E+0
6.623364E-1
2.836930E-2
-2.081590E+0
2.082772E+1
5.638538E-1
-5.467614E-1
-1.545626E+0
6.623822E-1
2.826247E-2
-2.081590E+0
2.100518E+1
241
5.000473E+0
-2.686827E-3
3.814775E+2
2.780667E+1
8.827942E-2
-5.344402E-1
2.014703E-1
2.013274E-2
1.064596E-1
1.891324E+0
2.015590E-1
2.774742E+1
1.782773E-2
1.899906E-3
2.615488E-1
8.919950E-4
3.367571E-3
1.686865E-4
0.000000E+0
0.000000E+0
0.000000E+0
0.000000E+0
0.000000E+0
0.000000E+0
4.998075E+0
-9.881016E-3
3.822369E+2
2.784446E+1
8.867633E-2
-5.564811E-1
3.079745E-1
6.139851E-3
7.440715E-2
1.871455E+0
3.082972E-1
2.778707E+1
1.760539E-2
2.900254E-3
2.614021E-1
6.221979E-4
3.375991E-3
5.134187E-5
0.000000E+0
0.000000E+0
0.000000E+0
0.000000E+0
0.000000E+0
0.000000E+0
5.001272E+0
-6.683599E-3
3.823568E+2
2.781389E+1
8.665440E-2
-5.669910E-1
2.920863E-1
5.496643E-3
6.787515E-2
1.859889E+0
2.923033E-1
2.775742E+1
1.749110E-2
2.748931E-3
2.610414E-1
5.673988E-4
3.297980E-3
4.594890E-5
0.000000E+0
0.000000E+0
0.000000E+0
0.000000E+0
0.000000E+0
0.000000E+0
4.996476E+0
-5.884244E-3
3.824368E+2
2.786614E+1
8.565212E-2
-5.654974E-1
2.226898E-1
9.353184E-3
7.667172E-2
1.863615E+0
2.228812E-1
2.780950E+1
1.752248E-2
2.095621E-3
2.614764E-1
6.407993E-4
3.259153E-3
7.817112E-5
0.000000E+0
0.000000E+0
0.000000E+0
0.000000E+0
0.000000E+0
0.000000E+0
4.998075E+0
-2.686827E-3
3.823169E+2
2.768288E+1
8.763599E-2
-5.226474E-1
2.483537E-1
8.790824E-3
9.091054E-2
1.891124E+0
2.484424E-1
2.762315E+1
1.778670E-2
2.336691E-3
2.598058E-1
7.600414E-4
3.335687E-3
7.349412E-5
0.000000E+0
0.000000E+0
0.000000E+0
0.000000E+0
0.000000E+0
0.000000E+0
4.996476E+0
-7.063194E-2
3.824767E+2
2.789135E+1
8.909117E-2
-5.516945E-1
2.283719E-1
-6.392395E-7
9.063829E-2
1.879302E+0
2.306888E-1
2.783342E+1
1.766813E-2
2.168805E-3
2.616740E-1
7.574486E-4
3.389658E-3
-5.342014E-9
0.000000E+0
0.000000E+0
0.000000E+0
0.000000E+0
0.000000E+0
0.000000E+0
5.001272E+0
-2.832602E-1
3.820371E+2
2.777001E+1
8.633135E-2
-5.538129E-1
1.855757E-1
2.158818E-2
1.110958E-1
1.868286E+0
1.948145E-1
2.771256E+1
1.758477E-2
1.833643E-3
2.608376E-1
9.294766E-4
3.288435E-3
1.806163E-4
0.000000E+0
0.000000E+0
0.000000E+0
0.000000E+0
0.000000E+0
0.000000E+0
4.999674E+0
-5.118755E-1
3.825167E+2
2.785035E+1
8.979939E-2
-5.380000E-1
1.286078E-1
1.019465E-2
1.392570E-1
1.889982E+0
1.454984E-1
2.779127E+1
1.776668E-2
1.367750E-3
2.612504E-1
1.163626E-3
3.416247E-3
8.518607E-5
0.000000E+0
0.000000E+0
0.000000E+0
0.000000E+0
0.000000E+0
0.000000E+0
4.995677E+0
-7.285005E-1
3.830363E+2
2.798931E+1
8.653002E-2
-5.010817E-1
1.250805E-1
1.590040E-3
1.419646E-1
1.936400E+0
1.497127E-1
2.792663E+1
1.817834E-2
1.405458E-3
2.621667E-1
1.184640E-3
3.287404E-3
1.326828E-5
0.000000E+0
0.000000E+0
0.000000E+0
0.000000E+0
0.000000E+0
0.000000E+0
5.001272E+0
-8.156301E-1
3.819971E+2
2.795320E+1
8.602169E-2
-5.304226E-1
1.325120E-1
4.385866E-3
1.292727E-1
1.906418E+0
1.596659E-1
2.789302E+1
1.794556E-2
1.502973E-3
2.625636E-1
1.081666E-3
3.276983E-3
3.669795E-5
0.000000E+0
0.000000E+0
0.000000E+0
0.000000E+0
0.000000E+0
0.000000E+0
5.002072E+0
-1.058634E+0
3.822769E+2
2.784848E+1
8.791968E-2
-5.160318E-1
6.673918E-2
1.256048E-2
1.545643E-1
1.912532E+0
1.020918E-1
2.778742E+1
1.798994E-2
9.603106E-4
2.613781E-1
1.292343E-3
3.346835E-3
1.050206E-4
0.000000E+0
0.000000E+0
0.000000E+0
0.000000E+0
0.000000E+0
0.000000E+0
5.003670E+0
-1.281654E+0
3.817573E+2
2.803484E+1
9.058078E-2
-5.291846E-1
7.317546E-2
8.030835E-3
1.879296E-1
1.915902E+0
1.160579E-1
2.797416E+1
1.804616E-2
1.093166E-3
2.634927E-1
1.573455E-3
3.452828E-3
6.723878E-5
0.000000E+0
0.000000E+0
0.000000E+0
0.000000E+0
0.000000E+0
0.000000E+0
5.009266E+0
-1.521460E+0
3.842353E+2
2.804744E+1
9.058994E-2
-5.595718E-1
8.951209E-2
-1.545821E-2
1.644976E-1
1.888536E+0
1.397045E-1
2.798917E+1
1.767368E-2
1.307411E-3
2.619340E-1
1.368387E-3
3.430907E-3
-1.285904E-4
0.000000E+0
0.000000E+0
0.000000E+0
0.000000E+0
0.000000E+0
0.000000E+0
5.005269E+0
-1.614185E+0
3.839955E+2
2.801977E+1
8.865445E-2
-5.412645E-1
-5.267139E-3
6.741449E-3
1.814232E-1
1.904843E+0
4.840981E-2
2.796015E+1
1.783742E-2
4.533214E-4
2.618257E-1
1.510126E-3
3.359701E-3
5.611430E-5
0.000000E+0
0.000000E+0
0.000000E+0
0.000000E+0
0.000000E+0
0.000000E+0
5.002871E+0
-1.837205E+0
3.823968E+2
2.798416E+1
9.019502E-2
-5.297681E-1
-3.390726E-2
7.804601E-3
2.278941E-1
1.912731E+0
2.742857E-2
2.792375E+1
1.798617E-2
2.579217E-4
2.625781E-1
1.904870E-3
3.432374E-3
6.523534E-5
0.000000E+0
0.000000E+0
0.000000E+0
0.000000E+0
0.000000E+0
0.000000E+0
5.007667E+0
-2.046636E+0
3.840755E+2
2.789435E+1
9.248383E-2
-5.299746E-1
-6.106197E-2
-7.856153E-3
2.081964E-1
1.907883E+0
7.078663E-3
2.783413E+1
1.786217E-2
6.627255E-5
2.605915E-1
1.732619E-3
3.504092E-3
-6.537924E-5
0.000000E+0
0.000000E+0
0.000000E+0
0.000000E+0
0.000000E+0
0.000000E+0
5.002072E+0
-2.158545E+0
3.832361E+2
2.788119E+1
9.414430E-2
-5.118997E-1
-8.748771E-2
-2.466049E-3
2.307993E-1
1.922992E+0
-1.506928E-2
2.781964E+1
1.804305E-2
-1.413921E-4
2.610262E-1
1.924928E-3
3.574817E-3
-2.056751E-5
0.000000E+0
0.000000E+0
0.000000E+0
0.000000E+0
0.000000E+0
0.000000E+0
5.001272E+0
-2.399151E+0
3.819971E+2
2.802788E+1
9.128211E-2
-5.243880E-1
-5.903660E-2
-7.912318E-3
2.454182E-1
1.921806E+0
2.143063E-2
2.796688E+1
1.809042E-2
2.017316E-4
2.632589E-1
2.053493E-3
3.477377E-3
-6.620490E-5
0.000000E+0
0.000000E+0
0.000000E+0
0.000000E+0
0.000000E+0
0.000000E+0
5.001272E+0
-2.610180E+0
3.820771E+2
2.779885E+1
9.159180E-2
-4.651871E-1
-6.611119E-2
-5.808649E-3
2.498071E-1
1.961005E+0
2.321803E-2
2.773357E+1
1.845554E-2
2.185111E-4
2.610080E-1
2.089779E-3
3.488445E-3
-4.859266E-5
0.000000E+0
0.000000E+0
0.000000E+0
0.000000E+0
0.000000E+0
0.000000E+0
5.001272E+0
-2.831601E+0
3.827965E+2
2.791103E+1
8.815596E-2
-5.477951E-1
-5.529142E-2
1.009252E-3
2.864271E-1
1.887941E+0
3.802054E-2
2.785252E+1
1.773453E-2
3.571490E-4
2.616349E-1
2.391623E-3
3.351274E-3
8.427101E-6
0.000000E+0
0.000000E+0
0.000000E+0
0.000000E+0
0.000000E+0
0.000000E+0
5.004470E+0
-2.932320E+0
3.824368E+2
2.802575E+1
9.258378E-2
-5.141541E-1
-1.592486E-1
-5.093887E-3
2.752340E-1
1.938205E+0
-6.017601E-2
2.796376E+1
1.822380E-2
-5.657997E-4
2.629269E-1
2.300324E-3
3.522910E-3
-4.257318E-5
0.000000E+0
0.000000E+0
0.000000E+0
0.000000E+0
0.000000E+0
0.000000E+0
5.003670E+0
-3.149744E+0
3.817973E+2
2.794250E+1
9.196844E-2
-5.090198E-1
-2.154943E-1
-3.370675E-3
2.919826E-1
1.938978E+0
-1.091206E-1
2.788041E+1
1.826161E-2
-1.027715E-3
2.625823E-1
2.444390E-3
3.505357E-3
-2.821828E-5
0.000000E+0
0.000000E+0
0.000000E+0
0.000000E+0
0.000000E+0
0.000000E+0
4.998075E+0
-3.372764E+0
3.831962E+2
2.809525E+1
9.450170E-2
-4.808946E-1
-1.843116E-1
-5.306713E-3
3.135025E-1
1.976089E+0
-6.817275E-2
2.803031E+1
1.854319E-2
-6.397181E-4
2.630303E-1
2.614968E-3
3.588762E-3
-4.426403E-5
0.000000E+0
0.000000E+0
0.000000E+0
0.000000E+0
0.000000E+0
0.000000E+0
5.002871E+0
-3.486273E+0
3.825567E+2
2.803732E+1
9.455834E-2
-4.960779E-1
-1.826591E-1
-1.293932E-2
3.223325E-1
1.958322E+0
-6.369261E-2
2.797377E+1
1.840719E-2
-5.986766E-4
2.629385E-1
2.693115E-3
3.596916E-3
-1.081091E-4
0.000000E+0
0.000000E+0
0.000000E+0
0.000000E+0
0.000000E+0
0.000000E+0
4.999674E+0
-3.705296E+0
3.817174E+2
2.804639E+1
9.413028E-2
-5.462619E-1
-2.178320E-1
-1.622520E-2
3.232059E-1
1.910167E+0
-9.458600E-2
2.798729E+1
1.799403E-2
-8.910129E-4
2.636440E-1
2.706350E-3
3.588506E-3
-1.358609E-4
0.000000E+0
0.000000E+0
0.000000E+0
0.000000E+0
0.000000E+0
0.000000E+0
4.996476E+0
-3.922720E+0
3.843552E+2
2.812038E+1
9.128195E-2
-5.261429E-1
-2.843667E-1
-2.412258E-3
3.403397E-1
1.939930E+0
-1.520104E-1
2.805935E+1
1.814898E-2
-1.422131E-3
2.625088E-1
2.830260E-3
3.456037E-3
-2.006030E-5
0.000000E+0
0.000000E+0
0.000000E+0
0.000000E+0
0.000000E+0
0.000000E+0
5.004470E+0
-4.149736E+0
3.826366E+2
2.806839E+1
9.418777E-2
-5.184943E-1
-2.975557E-1
-1.190493E-2
3.426595E-1
1.948452E+0
-1.569709E-1
2.800662E+1
1.831058E-2
-1.475135E-3
2.631923E-1
2.862350E-3
3.582071E-3
-9.944584E-5
0.000000E+0
0.000000E+0
0.000000E+0
0.000000E+0
0.000000E+0
0.000000E+0
4.995677E+0
-4.262445E+0
3.824368E+2
2.799383E+1
9.235229E-2
-5.244259E-1
-2.992821E-1
-1.036518E-2
3.437416E-1
1.932232E+0
-1.561005E-1
2.793316E+1
1.816764E-2
-1.467722E-3
2.626391E-1
2.872890E-3
3.514101E-3
-8.662906E-5
0.000000E+0
0.000000E+0
0.000000E+0
0.000000E+0
0.000000E+0
0.000000E+0
4.998075E+0
-4.479870E+0
3.825966E+2
2.802765E+1
9.385651E-2
-4.901905E-1
-3.485885E-1
-1.796004E-2
3.616779E-1
1.974766E+0
-1.949374E-1
2.796379E+1
1.855980E-2
-1.832116E-3
2.628172E-1
3.021533E-3
3.569846E-3
-1.500419E-4
0.000000E+0
0.000000E+0
0.000000E+0
0.000000E+0
0.000000E+0
0.000000E+0
4.996476E+0
-4.700491E+0
3.827565E+2
2.799955E+1
9.384535E-2
-5.111694E-1
-3.096628E-1
-2.439046E-2
3.485923E-1
1.948266E+0
-1.505144E-1
2.793767E+1
1.830310E-2
-1.414016E-3
2.624621E-1
2.910996E-3
3.567931E-3
-2.036779E-4
0.000000E+0
0.000000E+0
0.000000E+0
0.000000E+0
0.000000E+0
0.000000E+0
5.000473E+0
-4.901929E+0
3.825567E+2
2.798024E+1
9.065315E-2
-4.870765E-1
-4.696094E-1
-1.781560E-2
4.018780E-1
1.986629E+0
-3.009518E-1
2.791620E+1
1.867325E-2
-2.828787E-3
2.623974E-1
3.357723E-3
3.448366E-3
-1.488508E-4
0.000000E+0
0.000000E+0
0.000000E+0
0.000000E+0
0.000000E+0
0.000000E+0
4.986084E+0
-5.029825E+0
3.821570E+2
2.794548E+1
9.550096E-2
-4.549130E-1
-4.524231E-1
-1.427306E-2
4.024945E-1
2.007714E+0
-2.774667E-1
2.787926E+1
1.889118E-2
-2.610766E-3
2.623243E-1
3.366392E-3
3.636572E-3
-1.193773E-4
0.000000E+0
0.000000E+0
0.000000E+0
0.000000E+0
0.000000E+0
0.000000E+0
4.996476E+0
-5.239256E+0
3.824767E+2
2.804215E+1
9.539121E-2
-4.915741E-1
-3.928715E-1
-1.897973E-2
4.305193E-1
1.980327E+0
-2.129278E-1
2.797840E+1
1.861791E-2
-2.001826E-3
2.630370E-1
3.597776E-3
3.629356E-3
-1.586103E-4
0.000000E+0
0.000000E+0
0.000000E+0
0.000000E+0
0.000000E+0
0.000000E+0
4.997275E+0
-5.462276E+0
3.825567E+2
2.790568E+1
9.653779E-2
-4.464069E-1
-4.249272E-1
-3.084524E-2
4.173528E-1
2.017539E+0
-2.339393E-1
2.783849E+1
1.896379E-2
-2.198904E-3
2.616670E-1
3.487016E-3
3.672213E-3
-2.577145E-4
0.000000E+0
0.000000E+0
0.000000E+0
0.000000E+0
0.000000E+0
0.000000E+0
4.998874E+0
-5.672506E+0
3.829963E+2
2.804940E+1
9.343833E-2
-4.635372E-1
-4.967995E-1
-1.176291E-2
4.376503E-1
2.021741E+0
-2.984275E-1
2.798310E+1
1.898147E-2
-2.801839E-3
2.627243E-1
3.652406E-3
3.550232E-3
-9.816722E-5
0.000000E+0
0.000000E+0
0.000000E+0
0.000000E+0
0.000000E+0
0.000000E+0
4.992479E+0
-5.793209E+0
3.827165E+2
2.797527E+1
9.533557E-2
-3.979734E-1
-5.986424E-1
-1.134645E-2
4.858315E-1
2.088101E+0
-3.898640E-1
2.790377E+1
1.961884E-2
-3.662983E-3
2.621710E-1
4.057466E-3
3.624966E-3
-9.476089E-5
0.000000E+0
0.000000E+0
0.000000E+0
0.000000E+0
0.000000E+0
0.000000E+0
4.998075E+0
-6.007435E+0
3.819572E+2
2.794587E+1
9.489137E-2
-4.361084E-1
-5.800242E-1
-3.343637E-2
4.700054E-1
2.049977E+0
-3.674969E-1
2.787761E+1
1.929893E-2
-3.459697E-3
2.624459E-1
3.933097E-3
3.615250E-3
-2.798021E-4
0.000000E+0
0.000000E+0
0.000000E+0
0.000000E+0
0.000000E+0
0.000000E+0
4.998075E+0
-6.232054E+0
3.821970E+2
2.797551E+1
9.624923E-2
-4.146247E-1
-6.156008E-1
-2.426504E-2
4.611486E-1
2.079106E+0
-3.922202E-1
2.790526E+1
1.956088E-2
-3.690131E-3
2.625414E-1
3.856560E-3
3.664682E-3
-2.029272E-4
0.000000E+0
0.000000E+0
0.000000E+0
0.000000E+0
0.000000E+0
0.000000E+0
4.998874E+0
-6.459071E+0
3.820771E+2
2.792508E+1
9.407477E-2
-4.393960E-1
-6.309884E-1
-2.203867E-2
5.107977E-1
2.053875E+0
-4.024958E-1
2.785715E+1
1.932957E-2
-3.787995E-3
2.621711E-1
4.273114E-3
3.583014E-3
-1.843660E-4
0.000000E+0
0.000000E+0
0.000000E+0
0.000000E+0
0.000000E+0
0.000000E+0
4.998874E+0
-6.566184E+0
3.825167E+2
2.791076E+1
9.614418E-2
-4.483607E-1
-6.691553E-1
-3.491359E-2
5.098725E-1
2.048877E+0
-4.377358E-1
2.784367E+1
1.926036E-2
-4.114914E-3
2.617430E-1
4.260472E-3
3.657622E-3
-2.917364E-4
0.000000E+0
0.000000E+0
0.000000E+0
0.000000E+0
0.000000E+0
0.000000E+0
4.998075E+0
-6.787605E+0
3.829164E+2
2.780706E+1
9.889196E-2
-3.785050E-1
-6.991176E-1
-3.332332E-2
5.302130E-1
2.113839E+0
-4.524559E-1
2.773430E+1
1.985030E-2
-4.248849E-3
2.604427E-1
4.425811E-3
3.758230E-3
-2.781575E-4
0.000000E+0
0.000000E+0
0.000000E+0
0.000000E+0
0.000000E+0
0.000000E+0
4.995677E+0
-7.008227E+0
3.821570E+2
2.788439E+1
9.725411E-2
-4.177161E-1
-7.558124E-1
-2.133288E-2
5.426460E-1
2.089245E+0
-5.046703E-1
2.781484E+1
1.965833E-2
-4.748593E-3
2.617181E-1
4.538594E-3
3.703330E-3
-1.784244E-4
0.000000E+0
0.000000E+0
0.000000E+0
0.000000E+0
0.000000E+0
0.000000E+0
4.998874E+0
-7.116939E+0
3.819971E+2
2.784012E+1
9.664121E-2
-4.224045E-1
-6.947558E-1
-3.361771E-2
5.502055E-1
2.075712E+0
-4.409834E-1
2.777104E+1
1.953916E-2
-4.151081E-3
2.614153E-1
4.603745E-3
3.681532E-3
-2.812902E-4
0.000000E+0
0.000000E+0
0.000000E+0
0.000000E+0
0.000000E+0
0.000000E+0
4.997275E+0
-7.353548E+0
3.822369E+2
2.780730E+1
9.956975E-2
-3.810568E-1
-7.735510E-1
-3.062685E-2
5.684130E-1
2.124848E+0
-5.057480E-1
2.773480E+1
1.998915E-2
-4.757738E-3
2.609104E-1
4.753110E-3
3.790714E-3
-2.561039E-4
0.000000E+0
0.000000E+0
0.000000E+0
0.000000E+0
0.000000E+0
0.000000E+0
5.001272E+0
-7.570173E+0
3.824368E+2
2.778780E+1
1.015616E-1
-3.891689E-1
-8.504752E-1
-2.591051E-2
5.822917E-1
2.129101E+0
-5.749982E-1
2.771593E+1
2.001869E-2
-5.406371E-3
2.605967E-1
4.866620E-3
3.864525E-3
-2.165523E-4
0.000000E+0
0.000000E+0
0.000000E+0
0.000000E+0
0.000000E+0
0.000000E+0
5.009266E+0
-7.790795E+0
3.828365E+2
2.786732E+1
1.014805E-1
-4.039147E-1
-8.549167E-1
-4.783741E-2
5.697335E-1
2.128058E+0
-5.717221E-1
2.779615E+1
1.998799E-2
-5.369956E-3
2.610780E-1
4.756691E-3
3.857409E-3
-3.993934E-4
0.000000E+0
0.000000E+0
0.000000E+0
0.000000E+0
0.000000E+0
0.000000E+0
5.001272E+0
-7.899507E+0
3.825167E+2
2.783486E+1
9.880247E-2
-3.865394E-1
-8.835407E-1
-5.100930E-2
5.871116E-1
2.143574E+0
-5.945786E-1
2.776259E+1
2.015056E-2
-5.589306E-3
2.609808E-1
4.905878E-3
3.758752E-3
-4.262314E-4
0.000000E+0
0.000000E+0
0.000000E+0
0.000000E+0
0.000000E+0
0.000000E+0
4.998075E+0
-8.120928E+0
3.823968E+2
2.774746E+1
1.009102E-1
-3.489184E-1
-8.694214E-1
-3.951285E-2
6.139426E-1
2.171891E+0
-5.683130E-1
2.767235E+1
2.042315E-2
-5.344072E-3
2.602141E-1
5.131685E-3
3.840141E-3
-3.302711E-4
0.000000E+0
0.000000E+0
0.000000E+0
0.000000E+0
0.000000E+0
0.000000E+0
4.998874E+0
-8.346346E+0
3.822769E+2
2.776333E+1
1.033875E-1
-3.422495E-1
-9.282259E-1
-4.063351E-2
6.160844E-1
2.190969E+0
-6.167242E-1
2.768755E+1
2.060902E-2
-5.801122E-3
2.604387E-1
5.151202E-3
3.935650E-3
-3.397447E-4
0.000000E+0
0.000000E+0
0.000000E+0
0.000000E+0
0.000000E+0
0.000000E+0
4.998075E+0
-8.454259E+0
3.829963E+2
2.770206E+1
1.026336E-1
-3.444874E-1
-9.883884E-1
-4.678028E-2
6.271569E-1
2.193105E+0
-6.732748E-1
2.762674E+1
2.059035E-2
-6.321160E-3
2.593785E-1
5.233932E-3
3.899612E-3
-3.904044E-4
0.000000E+0
0.000000E+0
0.000000E+0
0.000000E+0
0.000000E+0
0.000000E+0
4.997275E+0
-8.670883E+0
3.817973E+2
2.762579E+1
1.062825E-1
-3.165893E-1
-1.010258E+0
-4.842060E-2
6.518953E-1
2.219457E+0
-6.834679E-1
2.754835E+1
2.090320E-2
-6.437012E-3
2.594549E-1
5.457472E-3
4.050934E-3
-4.053627E-4
0.000000E+0
0.000000E+0
0.000000E+0
0.000000E+0
0.000000E+0
0.000000E+0
5.001272E+0
-8.889907E+0
3.822369E+2
2.765175E+1
1.038706E-1
-3.470820E-1
-9.869680E-1
-3.789837E-2
6.693638E-1
2.192577E+0
-6.560157E-1
2.757673E+1
2.062630E-2
-6.171356E-3
2.594234E-1
5.597268E-3
3.954450E-3
-3.169089E-4
0.000000E+0
0.000000E+0
0.000000E+0
0.000000E+0
0.000000E+0
0.000000E+0
5.010065E+0
-9.113726E+0
3.828365E+2
2.768805E+1
1.048693E-1
-3.821738E-1
-1.040589E+0
-5.181100E-2
6.572538E-1
2.176409E+0
-7.047545E-1
2.761564E+1
2.044213E-2
-6.619476E-3
2.593826E-1
5.487396E-3
3.986221E-3
-4.325688E-4
0.000000E+0
0.000000E+0
0.000000E+0
0.000000E+0
0.000000E+0
0.000000E+0
4.999674E+0
-9.220839E+0
3.822769E+2
2.761121E+1
1.046862E-1
-3.232881E-1
-1.091960E+0
-5.995000E-2
6.867919E-1
2.232304E+0
-7.438677E-1
2.753432E+1
2.099782E-2
-6.997077E-3
2.589974E-1
5.742402E-3
3.985084E-3
-5.012538E-4
0.000000E+0
0.000000E+0
0.000000E+0
0.000000E+0
0.000000E+0
0.000000E+0
4.998874E+0
-9.433467E+0
3.828365E+2
2.757980E+1
1.073225E-1
-2.675358E-1
-1.101177E+0
-4.811641E-2
6.996213E-1
2.288270E+0
-7.360792E-1
2.749821E+1
2.149280E-2
-6.913696E-3
2.582796E-1
5.841121E-3
4.079469E-3
-4.017227E-4
0.000000E+0
0.000000E+0
0.000000E+0
0.000000E+0
0.000000E+0
0.000000E+0
4.994877E+0
-9.670876E+0
3.827965E+2
2.753034E+1
1.057461E-1
-2.840434E-1
-1.207522E+0
-5.019085E-2
6.955360E-1
2.286818E+0
-8.352334E-1
2.745052E+1
2.148140E-2
-7.845830E-3
2.578586E-1
5.807620E-3
4.019968E-3
-4.190859E-4
0.000000E+0
0.000000E+0
0.000000E+0
0.000000E+0
0.000000E+0
0.000000E+0
4.999674E+0
-9.886701E+0
3.827965E+2
2.749906E+1
1.084054E-1
-3.138801E-1
-1.079698E+0
-5.588664E-2
7.140904E-1
2.238297E+0
-7.058638E-1
2.742179E+1
2.102562E-2
-6.630587E-3
2.575887E-1
5.962546E-3
4.121063E-3
-4.666449E-4
0.000000E+0
0.000000E+0
0.000000E+0
0.000000E+0
0.000000E+0
0.000000E+0
4.999674E+0
-1.000740E+1
3.826766E+2
2.755302E+1
1.097112E-1
-2.808101E-1
-1.192623E+0
-5.195482E-2
7.043351E-1
2.296476E+0
-8.058119E-1
2.747266E+1
2.157889E-2
-7.571830E-3
2.581474E-1
5.882933E-3
4.172010E-3
-4.339508E-4
0.000000E+0
0.000000E+0
0.000000E+0
0.000000E+0
0.000000E+0
0.000000E+0
4.993279E+0
-1.001060E+1
3.825167E+2
2.751782E+1
1.050103E-1
-2.808306E-1
-1.141424E+0
-5.054191E-2
7.386706E-1
2.281565E+0
-7.563330E-1
2.743783E+1
2.144773E-2
-7.109870E-3
2.579280E-1
6.172298E-3
3.994917E-3
-4.223259E-4
0.000000E+0
0.000000E+0
0.000000E+0
0.000000E+0
0.000000E+0
0.000000E+0
5.002072E+0
-1.000900E+1
3.825966E+2
2.755529E+1
1.058776E-1
-3.399703E-1
-1.122785E+0
-4.644466E-2
7.478292E-1
2.227650E+0
-7.469819E-1
2.747999E+1
2.093654E-2
-7.020498E-3
2.582703E-1
6.247521E-3
4.027068E-3
-3.880084E-4
0.000000E+0
0.000000E+0
0.000000E+0
0.000000E+0
0.000000E+0
0.000000E+0
5.002072E+0
-1.001700E+1
3.825167E+2
2.744972E+1
1.057076E-1
-3.088507E-1
-1.178835E+0
-5.769539E-2
7.288163E-1
2.258967E+0
-7.980748E-1
2.737210E+1
2.123531E-2
-7.502262E-3
2.573101E-1
6.089956E-3
4.021444E-3
-4.821000E-4
0.000000E+0
0.000000E+0
0.000000E+0
0.000000E+0
0.000000E+0
0.000000E+0
4.998874E+0
-1.001859E+1
3.823568E+2
2.755631E+1
1.038121E-1
-3.274609E-1
-1.154282E+0
-4.839430E-2
7.392056E-1
2.244104E+0
-7.757090E-1
2.748003E+1
2.110441E-2
-7.295062E-3
2.584327E-1
6.179351E-3
3.950984E-3
-4.045497E-4
0.000000E+0
0.000000E+0
0.000000E+0
0.000000E+0
0.000000E+0
0.000000E+0
4.994877E+0
-1.001780E+1
3.833161E+2
2.764251E+1
1.099671E-1
-3.038577E-1
-1.166610E+0
-5.130723E-2
7.118497E-1
2.274896E+0
-7.828173E-1
2.756400E+1
2.134045E-2
-7.343488E-3
2.585736E-1
5.935780E-3
4.174765E-3
-4.278268E-4
0.000000E+0
0.000000E+0
0.000000E+0
0.000000E+0
0.000000E+0
0.000000E+0
4.996476E+0
-1.001140E+1
3.824767E+2
2.747196E+1
1.063183E-1
-3.046345E-1
-1.212507E+0
-6.005620E-2
7.152331E-1
2.268155E+0
-8.308531E-1
2.739410E+1
2.132390E-2
-7.811208E-3
2.575438E-1
5.977080E-3
4.045100E-3
-5.018793E-4
0.000000E+0
0.000000E+0
0.000000E+0
0.000000E+0
0.000000E+0
0.000000E+0
4.999674E+0
-1.001300E+1
3.831562E+2
2.737726E+1
1.106146E-1
-3.239846E-1
-1.183971E+0
-6.280247E-2
7.062338E-1
2.237611E+0
-8.072086E-1
2.730133E+1
2.099944E-2
-7.575459E-3
2.562164E-1
5.891408E-3
4.201099E-3
-5.238987E-4
0.000000E+0
0.000000E+0
0.000000E+0
0.000000E+0
0.000000E+0
0.000000E+0
5.001272E+0
-1.002019E+1
3.822769E+2
2.740301E+1
1.056606E-1
-3.195787E-1
-1.234472E+0
-5.815936E-2
7.018943E-1
2.253782E+0
-8.553719E-1
2.732654E+1
2.119986E-2
-8.045924E-3
2.570429E-1
5.868676E-3
4.022177E-3
-4.862818E-4
0.000000E+0
0.000000E+0
0.000000E+0
0.000000E+0
0.000000E+0
0.000000E+0
5.000473E+0
-1.001220E+1
3.822769E+2
2.751173E+1
1.066703E-1
-2.905663E-1
-1.237158E+0
-6.448519E-2
7.110224E-1
2.291549E+0
-8.517257E-1
2.743235E+1
2.155510E-2
-8.011627E-3
2.580382E-1
5.944998E-3
4.060614E-3
-5.391733E-4
0.000000E+0
0.000000E+0
0.000000E+0
0.000000E+0
0.000000E+0
0.000000E+0
5.003670E+0
-1.001460E+1
3.821170E+2
2.753261E+1
1.065566E-1
-3.083185E-1
-1.203933E+0
-4.051962E-2
7.227803E-1
2.271692E+0
-8.214034E-1
2.745458E+1
2.137727E-2
-7.729637E-3
2.583553E-1
6.045836E-3
4.057982E-3
-3.389343E-4
0.000000E+0
0.000000E+0
0.000000E+0
0.000000E+0
0.000000E+0
0.000000E+0
5.005269E+0
-1.001380E+1
3.821970E+2
2.751848E+1
1.043800E-1
-3.391448E-1
-1.216757E+0
-5.908832E-2
7.527866E-1
2.243211E+0
-8.394842E-1
2.744314E+1
2.110483E-2
-7.898131E-3
2.581936E-1
6.295513E-3
3.974261E-3
-4.941524E-4
0.000000E+0
0.000000E+0
0.000000E+0
0.000000E+0
0.000000E+0
0.000000E+0
4.998075E+0
-1.000980E+1
3.824767E+2
2.744835E+1
1.090470E-1
-2.917583E-1
-1.164340E+0
-5.247902E-2
7.327233E-1
2.271118E+0
-7.814772E-1
2.736940E+1
2.135176E-2
-7.347005E-3
2.573115E-1
6.123242E-3
4.148920E-3
-4.385581E-4
0.000000E+0
0.000000E+0
0.000000E+0
0.000000E+0
0.000000E+0
0.000000E+0
5.000473E+0
-1.001060E+1
3.824767E+2
2.759908E+1
1.059832E-1
-3.368307E-1
-1.164764E+0
-4.803242E-2
7.198052E-1
2.241052E+0
-7.871859E-1
2.752339E+1
2.106909E-2
-7.400674E-3
2.587593E-1
6.015288E-3
4.032349E-3
-4.013987E-4
0.000000E+0
0.000000E+0
0.000000E+0
0.000000E+0
0.000000E+0
0.000000E+0
4.999674E+0
-9.955446E+0
3.829164E+2
2.740674E+1
1.066402E-1
-2.995377E-1
-1.194971E+0
-5.769855E-2
7.001559E-1
2.265219E+0
-8.156366E-1
2.732857E+1
2.127185E-2
-7.659348E-3
2.566326E-1
5.844364E-3
4.052687E-3
-4.816232E-4
0.000000E+0
0.000000E+0
0.000000E+0
0.000000E+0
0.000000E+0
0.000000E+0
4.997275E+0
-9.735623E+0
3.823568E+2
2.755086E+1
1.060544E-1
-3.233246E-1
-1.071734E+0
-4.726663E-2
7.002263E-1
2.229124E+0
-7.049363E-1
2.747430E+1
2.096353E-2
-6.629488E-3
2.583787E-1
5.853506E-3
4.036324E-3
-3.951230E-4
0.000000E+0
0.000000E+0
0.000000E+0
0.000000E+0
0.000000E+0
0.000000E+0
5.018059E+0
-9.511804E+0
3.821570E+2
2.751156E+1
1.046727E-1
-3.534731E-1
-1.178975E+0
-5.077244E-2
6.952760E-1
2.220893E+0
-8.232897E-1
2.743703E+1
2.089704E-2
-7.746578E-3
2.581632E-1
5.815164E-3
3.985820E-3
-4.246516E-4
0.000000E+0
0.000000E+0
0.000000E+0
0.000000E+0
0.000000E+0
0.000000E+0
4.998075E+0
-9.288784E+0
3.823968E+2
2.758709E+1
1.047465E-1
-3.183961E-1
-1.100815E+0
-5.219104E-2
6.945181E-1
2.236592E+0
-7.496353E-1
2.750994E+1
2.103156E-2
-7.049118E-3
2.586869E-1
5.805182E-3
3.986131E-3
-4.362427E-4
0.000000E+0
0.000000E+0
0.000000E+0
0.000000E+0
0.000000E+0
0.000000E+0
5.002871E+0
-9.175276E+0
3.823568E+2
2.758948E+1
1.059183E-1
-2.914651E-1
-1.120087E+0
-3.725076E-2
6.829687E-1
2.267139E+0
-7.684111E-1
2.750979E+1
2.132104E-2
-7.226429E-3
2.587126E-1
5.709242E-3
4.031146E-3
-3.113958E-4
0.000000E+0
0.000000E+0
0.000000E+0
0.000000E+0
0.000000E+0
0.000000E+0
4.998075E+0
-8.959450E+0
3.827165E+2
2.755746E+1
1.047138E-1
-3.629639E-1
-1.072914E+0
-5.434909E-2
6.715588E-1
2.181494E+0
-7.422339E-1
2.748430E+1
2.049631E-2
-6.973689E-3
2.582299E-1
5.608585E-3
3.981555E-3
-4.539014E-4
0.000000E+0
0.000000E+0
0.000000E+0
0.000000E+0
0.000000E+0
0.000000E+0
5.001272E+0
-8.741227E+0
3.825567E+2
2.763621E+1
1.010814E-1
-3.685249E-1
-9.658980E-1
-4.409272E-2
6.517912E-1
2.165214E+0
-6.443301E-1
2.756312E+1
2.035186E-2
-6.056359E-3
2.590787E-1
5.445769E-3
3.845049E-3
-3.683983E-4
0.000000E+0
0.000000E+0
0.000000E+0
0.000000E+0
0.000000E+0
0.000000E+0
5.006068E+0
-8.632514E+0
3.819572E+2
2.761984E+1
1.055844E-1
-3.227777E-1
-9.714532E-1
-4.116233E-2
6.415972E-1
2.210746E+0
-6.469572E-1
2.754265E+1
2.081245E-2
-6.090598E-3
2.592926E-1
5.369011E-3
4.022640E-3
-3.444545E-4
0.000000E+0
0.000000E+0
0.000000E+0
0.000000E+0
0.000000E+0
0.000000E+0
4.998874E+0
-8.406297E+0
3.821970E+2
2.767428E+1
1.019172E-1
-3.696282E-1
-8.881507E-1
-3.685858E-2
6.111745E-1
2.151097E+0
-5.799084E-1
2.760122E+1
2.023819E-2
-5.455960E-3
2.596810E-1
5.111219E-3
3.880490E-3
-3.082463E-4
0.000000E+0
0.000000E+0
0.000000E+0
0.000000E+0
0.000000E+0
0.000000E+0
4.997275E+0
-8.185676E+0
3.825167E+2
2.772280E+1
1.015643E-1
-3.475853E-1
-8.785209E-1
-4.864047E-2
5.893921E-1
2.172633E+0
-5.750367E-1
2.764770E+1
2.042373E-2
-5.405603E-3
2.599008E-1
4.924934E-3
3.863819E-3
-4.064376E-4
0.000000E+0
0.000000E+0
0.000000E+0
0.000000E+0
0.000000E+0
0.000000E+0
4.999674E+0
-7.977044E+0
3.817174E+2
2.776597E+1
9.961206E-2
-3.475916E-1
-8.993146E-1
-4.068997E-2
5.732425E-1
2.178276E+0
-6.028548E-1
2.769062E+1
2.051966E-2
-5.678973E-3
2.608493E-1
4.800019E-3
3.797487E-3
-3.407156E-4
0.000000E+0
0.000000E+0
0.000000E+0
0.000000E+0
0.000000E+0
0.000000E+0
5.001272E+0
-7.854743E+0
3.824767E+2
2.777608E+1
1.016703E-1
-3.794082E-1
-8.591184E-1
-3.110989E-2
5.999375E-1
2.141732E+0
-5.717895E-1
2.770340E+1
2.013534E-2
-5.375640E-3
2.604517E-1
5.013574E-3
3.868258E-3
-2.599800E-4
0.000000E+0
0.000000E+0
0.000000E+0
0.000000E+0
0.000000E+0
0.000000E+0
4.996476E+0
-7.638118E+0
3.828764E+2
2.786779E+1
9.588585E-2
-3.887239E-1
-8.185700E-1
-3.135715E-2
5.811302E-1
2.130586E+0
-5.401743E-1
2.779575E+1
2.000964E-2
-5.073110E-3
2.610471E-1
4.851335E-3
3.644368E-3
-2.617727E-4
0.000000E+0
0.000000E+0
0.000000E+0
0.000000E+0
0.000000E+0
0.000000E+0
4.999674E+0
-7.413499E+0
3.825167E+2
2.784427E+1
9.706902E-2
-3.613920E-1
-7.543556E-1
-3.467523E-2
5.391413E-1
2.146672E+0
-4.813963E-1
2.776983E+1
2.017968E-2
-4.525341E-3
2.610488E-1
4.505040E-3
3.692806E-3
-2.897446E-4
0.000000E+0
0.000000E+0
0.000000E+0
0.000000E+0
0.000000E+0
0.000000E+0
4.994877E+0
-7.192078E+0
3.825567E+2
2.789801E+1
9.469373E-2
-3.850563E-1
-6.951938E-1
-3.461234E-2
5.671017E-1
2.116335E+0
-4.336489E-1
2.782559E+1
1.989242E-2
-4.076069E-3
2.615457E-1
4.738181E-3
3.602066E-3
-2.891889E-4
0.000000E+0
0.000000E+0
0.000000E+0
0.000000E+0
0.000000E+0
0.000000E+0
5.004470E+0
-7.081767E+0
3.825167E+2
2.792375E+1
9.606353E-2
-3.620442E-1
-7.662526E-1
-2.508450E-2
5.495422E-1
2.153858E+0
-5.045619E-1
2.784889E+1
2.024723E-2
-4.743108E-3
2.617920E-1
4.591950E-3
3.654554E-3
-2.096049E-4
0.000000E+0
0.000000E+0
0.000000E+0
0.000000E+0
0.000000E+0
0.000000E+0
4.994877E+0
-6.854751E+0
3.831162E+2
2.777744E+1
9.823789E-2
-4.023225E-1
-6.858338E-1
-2.619834E-2
4.949539E-1
2.085128E+0
-4.401139E-1
2.770699E+1
1.957047E-2
-4.130794E-3
2.600505E-1
4.129340E-3
3.731425E-3
-2.185696E-4
0.000000E+0
0.000000E+0
0.000000E+0
0.000000E+0
0.000000E+0
0.000000E+0
4.987683E+0
-6.629333E+0
3.827565E+2
2.778189E+1
9.474851E-2
-3.778636E-1
-6.268075E-1
-2.874603E-2
5.073341E-1
2.097698E+0
-3.872263E-1
2.770955E+1
1.970695E-2
-3.637821E-3
2.603190E-1
4.236605E-3
3.602269E-3
-2.400500E-4
0.000000E+0
0.000000E+0
0.000000E+0
0.000000E+0
0.000000E+0
0.000000E+0
5.009266E+0
-6.520621E+0
3.824368E+2
2.796576E+1
9.352848E-2
-3.988957E-1
-6.964313E-1
-2.125761E-2
4.923366E-1
2.110371E+0
-4.597499E-1
2.789378E+1
1.984258E-2
-4.322759E-3
2.622689E-1
4.114802E-3
3.558857E-3
-1.776647E-4
0.000000E+0
0.000000E+0
0.000000E+0
0.000000E+0
0.000000E+0
0.000000E+0
4.996476E+0
-6.293604E+0
3.831162E+2
2.783263E+1
9.630984E-2
-4.210537E-1
-6.613905E-1
-8.528089E-3
5.177508E-1
2.065037E+0
-4.376518E-1
2.776354E+1
1.938190E-2
-4.107686E-3
2.605813E-1
4.319532E-3
3.658191E-3
-7.114882E-5
0.000000E+0
0.000000E+0
0.000000E+0
0.000000E+0
0.000000E+0
0.000000E+0
4.996476E+0
-6.078578E+0
3.825966E+2
2.777365E+1
9.507322E-2
-4.019205E-1
-6.157599E-1
-2.000359E-2
5.156149E-1
2.072393E+0
-3.985502E-1
2.770312E+1
1.947736E-2
-3.745768E-3
2.603673E-1
4.307555E-3
3.616124E-3
-1.671142E-4
0.000000E+0
0.000000E+0
0.000000E+0
0.000000E+0
0.000000E+0
0.000000E+0
4.998075E+0
-5.966668E+0
3.824767E+2
2.790709E+1
9.565237E-2
-3.973976E-1
-5.583414E-1
-1.223183E-2
4.981764E-1
2.082455E+0
-3.437325E-1
2.783560E+1
1.957806E-2
-3.231578E-3
2.616945E-1
4.163175E-3
3.639293E-3
-1.022193E-4
0.000000E+0
0.000000E+0
0.000000E+0
0.000000E+0
0.000000E+0
0.000000E+0
4.998075E+0
-5.766031E+0
3.827565E+2
2.783673E+1
9.391630E-2
-4.247265E-1
-5.474448E-1
-2.342866E-2
4.491050E-1
2.046958E+0
-3.435323E-1
2.776789E+1
1.923026E-2
-3.227335E-3
2.608671E-1
3.750350E-3
3.570628E-3
-1.956462E-4
0.000000E+0
0.000000E+0
0.000000E+0
0.000000E+0
0.000000E+0
0.000000E+0
4.998874E+0
-5.525425E+0
3.823169E+2
2.795545E+1
9.369106E-2
-3.915457E-1
-4.683424E-1
-1.822509E-2
4.498179E-1
2.081464E+0
-2.691743E-1
2.788324E+1
1.957692E-2
-2.531682E-3
2.622520E-1
3.760623E-3
3.566161E-3
-1.523676E-4
0.000000E+0
0.000000E+0
0.000000E+0
0.000000E+0
0.000000E+0
0.000000E+0
4.997275E+0
-5.300806E+0
3.835159E+2
2.793414E+1
9.504977E-2
-3.972782E-1
-4.989451E-1
-2.399621E-2
4.085778E-1
2.074911E+0
-3.085749E-1
2.786257E+1
1.945428E-2
-2.893185E-3
2.612383E-1
3.405163E-3
3.606567E-3
-1.999888E-4
0.000000E+0
0.000000E+0
0.000000E+0
0.000000E+0
0.000000E+0
0.000000E+0
4.998874E+0
-5.189696E+0
3.823968E+2
2.802014E+1
9.277021E-2
-3.834978E-1
-4.103350E-1
-1.015469E-2
4.287150E-1
2.088202E+0
-2.223614E-1
2.794698E+1
1.963619E-2
-2.090952E-3
2.627965E-1
3.583446E-3
3.530372E-3
-8.487871E-5
0.000000E+0
0.000000E+0
0.000000E+0
0.000000E+0
0.000000E+0
0.000000E+0
4.996476E+0
-4.967476E+0
3.826366E+2
2.801136E+1
9.313650E-2
-4.172286E-1
-3.629938E-1
-1.892509E-2
3.985823E-1
2.047821E+0
-1.863725E-1
2.794126E+1
1.924441E-2
-1.751436E-3
2.625780E-1
3.329492E-3
3.542091E-3
-1.580876E-4
0.000000E+0
0.000000E+0
0.000000E+0
0.000000E+0
0.000000E+0
0.000000E+0
4.999674E+0
-4.743657E+0
3.821170E+2
2.797168E+1
9.244112E-2
-4.498542E-1
-3.353320E-1
-4.963871E-3
3.893729E-1
2.010507E+0
-1.696484E-1
2.790445E+1
1.891944E-2
-1.596439E-3
2.625888E-1
3.256985E-3
3.520425E-3
-4.152127E-5
0.000000E+0
0.000000E+0
0.000000E+0
0.000000E+0
0.000000E+0
0.000000E+0
4.997275E+0
-4.524634E+0
3.825567E+2
2.807735E+1
9.303241E-2
-4.396348E-1
-3.219297E-1
-1.915206E-2
3.771403E-1
2.026947E+0
-1.625350E-1
2.800892E+1
1.905223E-2
-1.527742E-3
2.632689E-1
3.151038E-3
3.538871E-3
-1.600170E-4
0.000000E+0
0.000000E+0
0.000000E+0
0.000000E+0
0.000000E+0
0.000000E+0
4.997275E+0
-4.407928E+0
3.823169E+2
2.795391E+1
9.329922E-2
-4.430564E-1
-3.731431E-1
-2.304405E-2
3.283552E-1
2.016429E+0
-2.188137E-1
2.788625E+1
1.896525E-2
-2.058022E-3
2.622803E-1
2.745155E-3
3.551247E-3
-1.926557E-4
0.000000E+0
0.000000E+0
0.000000E+0
0.000000E+0
0.000000E+0
0.000000E+0
5.000473E+0
-4.191303E+0
3.822769E+2
2.789449E+1
9.331574E-2
-4.045696E-1
-2.586388E-1
-9.391503E-3
3.616192E-1
2.041842E+0
-1.097004E-1
2.782358E+1
1.920628E-2
-1.031880E-3
2.617182E-1
3.023569E-3
3.552247E-3
-7.852420E-5
0.000000E+0
0.000000E+0
0.000000E+0
0.000000E+0
0.000000E+0
0.000000E+0
4.998874E+0
-3.973879E+0
3.818373E+2
2.788753E+1
9.345431E-2
-4.690153E-1
-2.890221E-1
-1.725324E-2
3.289965E-1
1.978092E+0
-1.523032E-1
2.782232E+1
1.862804E-2
-1.434266E-3
2.620077E-1
2.753971E-3
3.561618E-3
-1.444238E-4
0.000000E+0
0.000000E+0
0.000000E+0
0.000000E+0
0.000000E+0
0.000000E+0
4.990081E+0
-3.861969E+0
3.827965E+2
2.795922E+1
9.139790E-2
-4.269521E-1
-2.861949E-1
-2.289591E-3
3.354253E-1
2.021370E+0
-1.503910E-1
2.789038E+1
1.898790E-2
-1.412709E-3
2.619905E-1
2.800750E-3
3.474518E-3
-1.911774E-5
0.000000E+0
0.000000E+0
0.000000E+0
0.000000E+0
0.000000E+0
0.000000E+0
4.998874E+0
-3.636551E+0
3.826766E+2
2.794338E+1
9.485963E-2
-4.383764E-1
-2.398961E-1
-1.100177E-2
3.248866E-1
2.009362E+0
-1.126748E-1
2.787529E+1
1.888102E-2
-1.058751E-3
2.619308E-1
2.713604E-3
3.607246E-3
-9.189188E-5
0.000000E+0
0.000000E+0
0.000000E+0
0.000000E+0
0.000000E+0
0.000000E+0
4.999674E+0
-3.425522E+0
3.823568E+2
2.800155E+1
9.185664E-2
-4.541245E-1
-1.890996E-1
-9.461864E-3
2.996657E-1
1.995688E+0
-6.998023E-2
2.793459E+1
1.876820E-2
-6.581207E-4
2.627075E-1
2.505040E-3
3.495972E-3
-7.909596E-5
0.000000E+0
0.000000E+0
0.000000E+0
0.000000E+0
0.000000E+0
0.000000E+0
4.994078E+0
-3.205699E+0
3.830763E+2
2.798670E+1
9.319212E-2
-4.419875E-1
-1.402477E-1
-9.226399E-3
2.817465E-1
2.000730E+0
-2.840967E-2
2.791893E+1
1.878029E-2
-2.666736E-4
2.620671E-1
2.350822E-3
3.540138E-3
-7.698276E-5
0.000000E+0
0.000000E+0
0.000000E+0
0.000000E+0
0.000000E+0
0.000000E+0
5.000473E+0
-3.092191E+0
3.827565E+2
2.787633E+1
9.388230E-2
-3.928179E-1
-1.691140E-1
9.952522E-3
2.920123E-1
2.044644E+0
-5.890610E-2
2.780448E+1
1.920853E-2
-5.533969E-4
2.612108E-1
2.438513E-3
3.569336E-3
8.311072E-5
0.000000E+0
0.000000E+0
0.000000E+0
0.000000E+0
0.000000E+0
0.000000E+0
4.986884E+0
-2.874767E+0
3.817573E+2
2.806783E+1
9.271570E-2
-4.504917E-1
-1.046569E-1
-1.441651E-2
2.827495E-1
1.993828E+0
-4.666146E-3
2.800074E+1
1.878017E-2
-4.395112E-5
2.637432E-1
2.367342E-3
3.534209E-3
-1.207033E-4
0.000000E+0
0.000000E+0
0.000000E+0
0.000000E+0
0.000000E+0
0.000000E+0
4.995677E+0
-2.656543E+0
3.824368E+2
2.799174E+1
9.118482E-2
-4.592197E-1
-9.607795E-2
-5.484598E-3
2.535429E-1
1.982387E+0
-4.201188E-3
2.792540E+1
1.863922E-2
-3.950131E-5
2.625662E-1
2.119035E-3
3.469678E-3
-4.583863E-5
0.000000E+0
0.000000E+0
0.000000E+0
0.000000E+0
0.000000E+0
0.000000E+0
4.996476E+0
-2.443915E+0
3.829564E+2
2.805239E+1
8.902518E-2
-4.847780E-1
-9.544339E-2
8.875371E-3
2.444451E-1
1.962559E+0
-1.176779E-2
2.798801E+1
1.842775E-2
-1.104955E-4
2.627978E-1
2.040227E-3
3.382905E-3
7.407706E-5
0.000000E+0
0.000000E+0
0.000000E+0
0.000000E+0
0.000000E+0
0.000000E+0
4.998874E+0
-2.224092E+0
3.825966E+2
2.796609E+1
8.926310E-2
-4.695477E-1
-2.595611E-2
-1.421648E-3
2.167666E-1
1.968620E+0
5.048010E-2
2.790064E+1
1.850205E-2
4.744365E-4
2.622237E-1
1.810913E-3
3.395135E-3
-1.187674E-5
0.000000E+0
0.000000E+0
0.000000E+0
0.000000E+0
0.000000E+0
0.000000E+0
4.996476E+0
-2.112982E+0
3.826766E+2
2.796060E+1
8.972850E-2
-4.907052E-1
-4.764712E-3
-9.129077E-3
2.074892E-1
1.945225E+0
6.700156E-2
2.789709E+1
1.827835E-2
6.295817E-4
2.621356E-1
1.733046E-3
3.412124E-3
-7.625029E-5
0.000000E+0
0.000000E+0
0.000000E+0
0.000000E+0
0.000000E+0
0.000000E+0
4.996476E+0
-1.890762E+0
3.824368E+2
2.801393E+1
9.051920E-2
-4.526860E-1
2.794212E-2
4.150482E-3
2.226458E-1
1.986888E+0
9.354850E-2
2.794691E+1
1.868155E-2
8.795817E-4
2.627684E-1
1.860807E-3
3.444351E-3
3.468849E-5
0.000000E+0
0.000000E+0
0.000000E+0
0.000000E+0
0.000000E+0
0.000000E+0
4.998874E+0
-1.776454E+0
3.825966E+2
2.778571E+1
8.889906E-2
-4.628672E-1
8.240538E-2
-1.404987E-3
1.668642E-1
1.956537E+0
1.431268E-1
2.772035E+1
1.838848E-2
1.345175E-3
2.605293E-1
1.394018E-3
3.381289E-3
-1.173756E-5
0.000000E+0
0.000000E+0
0.000000E+0
0.000000E+0
0.000000E+0
0.000000E+0
4.998874E+0
-1.551835E+0
3.819572E+2
2.789269E+1
8.840889E-2
-4.446459E-1
6.750130E-2
5.940750E-3
1.684948E-1
1.984951E+0
1.213009E-1
2.782534E+1
1.868676E-2
1.141953E-3
2.619539E-1
1.409998E-3
3.368275E-3
4.971336E-5
0.000000E+0
0.000000E+0
0.000000E+0
0.000000E+0
0.000000E+0
0.000000E+0
4.999674E+0
-1.326417E+0
3.828365E+2
2.792356E+1
8.780165E-2
-4.607815E-1
1.488118E-1
5.981642E-3
1.618278E-1
1.970538E+0
1.944785E-1
2.785747E+1
1.850847E-2
1.826658E-3
2.616540E-1
1.351096E-3
3.337457E-3
4.994058E-5
0.000000E+0
0.000000E+0
0.000000E+0
0.000000E+0
0.000000E+0
0.000000E+0
4.997275E+0
-1.112191E+0
3.825966E+2
2.794771E+1
8.509728E-2
-4.614004E-1
1.599580E-1
-1.782247E-3
1.493900E-1
1.971356E+0
1.982597E-1
2.788167E+1
1.852776E-2
1.863341E-3
2.620454E-1
1.248035E-3
3.236687E-3
-1.488927E-5
0.000000E+0
0.000000E+0
0.000000E+0
0.000000E+0
0.000000E+0
0.000000E+0
4.997275E+0
-9.986823E-1
3.819971E+2
2.794108E+1
9.219184E-2
-4.182679E-1
1.032674E-1
5.272211E-3
1.302304E-1
2.015118E+0
1.384107E-1
2.787131E+1
1.896878E-2
1.302893E-3
2.623592E-1
1.089679E-3
3.512033E-3
4.411428E-5
0.000000E+0
0.000000E+0
0.000000E+0
0.000000E+0
0.000000E+0
0.000000E+0
5.001272E+0
-7.772611E-1
3.825567E+2
2.793051E+1
8.883708E-2
-4.437363E-1
1.285399E-1
1.844096E-2
1.434428E-1
1.990949E+0
1.555622E-1
2.786286E+1
1.871386E-2
1.462201E-3
2.618960E-1
1.198476E-3
3.379284E-3
1.540757E-4
0.000000E+0
0.000000E+0
0.000000E+0
0.000000E+0
0.000000E+0
0.000000E+0
5.002072E+0
-5.622348E-1
3.824368E+2
2.791162E+1
8.706975E-2
-4.963802E-1
2.279293E-1
1.071631E-2
9.738445E-2
1.936844E+0
2.469468E-1
2.784860E+1
1.821101E-2
2.321896E-3
2.618441E-1
8.139101E-4
3.313095E-3
8.956371E-5
0.000000E+0
0.000000E+0
0.000000E+0
0.000000E+0
0.000000E+0
0.000000E+0
5.000473E+0
-3.312214E-1
3.829564E+2
2.786142E+1
8.867132E-2
-4.736672E-1
2.243656E-1
5.119527E-3
1.009805E-1
1.955318E+0
2.356730E-1
2.779667E+1
1.835977E-2
2.212889E-3
2.610012E-1
8.428194E-4
3.369459E-3
4.272942E-5
0.000000E+0
0.000000E+0
0.000000E+0
0.000000E+0
0.000000E+0
0.000000E+0
4.996476E+0
-2.233086E-1
3.824368E+2
2.784250E+1
8.798950E-2
-4.948952E-1
2.228548E-1
2.054327E-2
9.644765E-2
1.931030E+0
2.303827E-1
2.777980E+1
1.815634E-2
2.166153E-3
2.611972E-1
8.060806E-4
3.348093E-3
1.716945E-4
0.000000E+0
0.000000E+0
0.000000E+0
0.000000E+0
0.000000E+0
0.000000E+0
4.990881E+0
-2.686827E-3
3.827965E+2
2.795763E+1
8.251935E-2
-5.333221E-1
2.322597E-1
1.011294E-2
6.100248E-2
1.900924E+0
2.323488E-1
2.789803E+1
1.785648E-2
2.182587E-3
2.620623E-1
5.093614E-4
3.136997E-3
8.444155E-5
0.000000E+0
0.000000E+0
0.000000E+0
0.000000E+0
0.000000E+0
0.000000E+0
5.001272E+0
2.227311E-1
3.826366E+2
2.782311E+1
8.524593E-2
-5.160298E-1
3.191100E-1
1.592670E-2
6.178485E-2
1.912720E+0
3.116769E-1
2.776217E+1
1.797479E-2
2.928984E-3
2.608951E-1
5.161096E-4
3.242003E-3
1.330411E-4
0.000000E+0
0.000000E+0
0.000000E+0
0.000000E+0
0.000000E+0
0.000000E+0
4.998874E+0
4.409548E-1
3.821570E+2
2.789347E+1
8.706144E-2
-4.760216E-1
3.282581E-1
9.922557E-3
5.544256E-2
1.958788E+0
3.131924E-1
2.782886E+1
1.843082E-2
2.946921E-3
2.618500E-1
4.637116E-4
3.315204E-3
8.299048E-5
0.000000E+0
0.000000E+0
0.000000E+0
0.000000E+0
0.000000E+0
0.000000E+0
4.998075E+0
5.472689E-1
3.819971E+2
2.780702E+1
8.786378E-2
-4.844814E-1
3.597774E-1
5.851698E-3
4.891940E-2
1.943319E+0
3.412314E-1
2.774350E+1
1.829292E-2
3.212091E-3
2.611561E-1
4.093243E-4
3.347157E-3
4.896303E-5
0.000000E+0
0.000000E+0
0.000000E+0
0.000000E+0
0.000000E+0
0.000000E+0
4.985285E+0
7.622953E-1
3.826766E+2
2.781370E+1
8.777199E-2
-4.802391E-1
3.384337E-1
1.987308E-2
4.048484E-2
1.942916E+0
3.126124E-1
2.775021E+1
1.825665E-2
2.937470E-3
2.607555E-1
3.381482E-4
3.337723E-3
1.659892E-4
0.000000E+0
0.000000E+0
0.000000E+0
0.000000E+0
0.000000E+0
0.000000E+0
4.994877E+0
9.765222E-1
3.829164E+2
2.793492E+1
8.679267E-2
-5.058119E-1
3.849259E-1
2.430453E-2
1.715947E-2
1.934590E+0
3.520064E-1
2.787287E+1
1.816703E-2
3.305564E-3
2.617441E-1
1.432341E-4
3.298416E-3
2.028755E-4
0.000000E+0
0.000000E+0
0.000000E+0
0.000000E+0
0.000000E+0
0.000000E+0
4.998874E+0
1.199542E+0
3.817174E+2
2.770074E+1
8.962294E-2
-4.264482E-1
4.802489E-1
8.433210E-3
1.501396E-2
1.998528E+0
4.385070E-1
2.763254E+1
1.882641E-2
4.130795E-3
2.603022E-1
1.257187E-4
3.416674E-3
7.061509E-5
0.000000E+0
0.000000E+0
0.000000E+0
0.000000E+0
0.000000E+0
0.000000E+0
5.006068E+0
1.303458E+0
3.816374E+2
2.754191E+1
9.134735E-2
-4.090153E-1
4.987854E-1
1.104232E-2
1.811353E-2
2.006716E+0
4.532545E-1
2.747254E+1
1.890750E-2
4.270613E-3
2.588493E-1
1.517045E-4
3.483143E-3
9.248175E-5
0.000000E+0
0.000000E+0
0.000000E+0
0.000000E+0
0.000000E+0
0.000000E+0
4.998075E+0
1.523281E+0
3.820371E+2
2.756737E+1
8.858094E-2
-4.594269E-1
4.802818E-1
2.733795E-2
-2.450566E-2
1.956132E+0
4.284331E-1
2.750258E+1
1.841161E-2
4.032520E-3
2.588611E-1
-2.050252E-4
3.374124E-3
2.287215E-4
0.000000E+0
0.000000E+0
0.000000E+0
0.000000E+0
0.000000E+0
0.000000E+0
4.999674E+0
1.744702E+0
3.811578E+2
2.751859E+1
8.810128E-2
-4.891096E-1
5.215805E-1
3.510795E-2
-4.103071E-2
1.925992E+0
4.631563E-1
2.745651E+1
1.816974E-2
4.369400E-3
2.590237E-1
-3.440731E-4
3.363595E-3
2.944063E-4
0.000000E+0
0.000000E+0
0.000000E+0
0.000000E+0
0.000000E+0
0.000000E+0
4.998075E+0
1.964524E+0
3.829963E+2
2.767586E+1
8.735251E-2
-5.018292E-1
5.249321E-1
1.730534E-2
-5.559301E-2
1.928135E+0
4.591041E-1
2.761435E+1
1.810263E-2
4.310380E-3
2.592622E-1
-4.639510E-4
3.318998E-3
1.444216E-4
0.000000E+0
0.000000E+0
0.000000E+0
0.000000E+0
0.000000E+0
0.000000E+0
4.999674E+0
2.076434E+0
3.827965E+2
2.767358E+1
9.303447E-2
-4.647587E-1
6.247766E-1
2.372205E-2
-2.466309E-2
1.970121E+0
5.537575E-1
2.760879E+1
1.850649E-2
5.201764E-3
2.593453E-1
-2.059330E-4
3.536732E-3
1.980755E-4
0.000000E+0
0.000000E+0
0.000000E+0
0.000000E+0
0.000000E+0
0.000000E+0
4.998874E+0
2.294658E+0
3.825167E+2
2.757905E+1
9.247396E-2
-4.775232E-1
5.878917E-1
2.161929E-2
-6.166886E-2
1.949418E+0
5.102488E-1
2.751576E+1
1.832541E-2
4.796568E-3
2.586605E-1
-5.153022E-4
3.517996E-3
1.806498E-4
0.000000E+0
0.000000E+0
0.000000E+0
0.000000E+0
0.000000E+0
0.000000E+0
4.997275E+0
2.517678E+0
3.824368E+2
2.772984E+1
8.802334E-2
-4.927037E-1
6.390889E-1
1.781231E-2
-1.277684E-1
1.950886E+0
5.539258E-1
2.766735E+1
1.834304E-2
5.208240E-3
2.601399E-1
-1.067850E-3
3.349380E-3
1.488700E-4
0.000000E+0
0.000000E+0
0.000000E+0
0.000000E+0
0.000000E+0
0.000000E+0
4.993279E+0
2.736701E+0
3.827565E+2
2.739054E+1
8.973168E-2
-4.568358E-1
6.660337E-1
2.337207E-2
-9.051203E-2
1.958541E+0
5.731743E-1
2.732635E+1
1.839963E-2
5.384720E-3
2.567191E-1
-7.558406E-4
3.411532E-3
1.951736E-4
0.000000E+0
0.000000E+0
0.000000E+0
0.000000E+0
0.000000E+0
0.000000E+0
4.997275E+0
2.850209E+0
3.815975E+2
2.745632E+1
8.980861E-2
-4.891059E-1
7.236039E-1
3.162903E-2
-1.022094E-1
1.938054E+0
6.280110E-1
2.739456E+1
1.826247E-2
5.917807E-3
2.581416E-1
-8.561142E-4
3.424828E-3
2.649274E-4
0.000000E+0
0.000000E+0
0.000000E+0
0.000000E+0
0.000000E+0
0.000000E+0
4.998075E+0
3.071630E+0
3.823568E+2
2.741579E+1
8.820903E-2
-4.720043E-1
7.002001E-1
3.823576E-2
-1.203358E-1
1.953080E+0
5.964023E-1
2.735267E+1
1.836751E-2
5.608794E-3
2.572349E-1
-1.005941E-3
3.357148E-3
3.196299E-4
0.000000E+0
0.000000E+0
0.000000E+0
0.000000E+0
0.000000E+0
0.000000E+0
5.001272E+0
3.288255E+0
3.826766E+2
2.744406E+1
8.821413E-2
-4.817090E-1
8.065327E-1
3.641653E-2
-1.390081E-1
1.955752E+0
6.954970E-1
2.738156E+1
1.837727E-2
6.535253E-3
2.572915E-1
-1.161061E-3
3.354537E-3
3.041677E-4
0.000000E+0
0.000000E+0
0.000000E+0
0.000000E+0
0.000000E+0
0.000000E+0
4.999674E+0
3.396967E+0
3.823169E+2
2.736629E+1
8.946152E-2
-4.712363E-1
7.975243E-1
3.406362E-2
-1.454381E-1
1.959421E+0
6.826210E-1
2.730324E+1
1.842907E-2
6.420299E-3
2.567969E-1
-1.215910E-3
3.405172E-3
2.847829E-4
0.000000E+0
0.000000E+0
0.000000E+0
0.000000E+0
0.000000E+0
0.000000E+0
4.995677E+0
3.630379E+0
3.823169E+2
2.739744E+1
8.800261E-2
-4.757493E-1
7.867688E-1
3.014143E-2
-1.682843E-1
1.957824E+0
6.641327E-1
2.733479E+1
1.841404E-2
6.246409E-3
2.570936E-1
-1.406911E-3
3.349642E-3
2.519921E-4
0.000000E+0
0.000000E+0
0.000000E+0
0.000000E+0
0.000000E+0
0.000000E+0
4.998874E+0
3.842208E+0
3.821970E+2
2.733005E+1
8.957239E-2
-4.619805E-1
7.845044E-1
4.633949E-2
-1.541367E-1
1.969463E+0
6.540027E-1
2.726636E+1
1.852933E-2
6.153063E-3
2.565304E-1
-1.289037E-3
3.410462E-3
3.875346E-4
0.000000E+0
0.000000E+0
0.000000E+0
0.000000E+0
0.000000E+0
0.000000E+0
4.998075E+0
4.057234E+0
3.822769E+2
2.728935E+1
9.122910E-2
-4.721954E-1
8.060428E-1
3.460944E-2
-2.129693E-1
1.959361E+0
6.690892E-1
2.722673E+1
1.843042E-2
6.293684E-3
2.561040E-1
-1.780678E-3
3.472814E-3
2.893763E-4
0.000000E+0
0.000000E+0
0.000000E+0
0.000000E+0
0.000000E+0
0.000000E+0
4.998075E+0
4.159552E+0
3.825167E+2
2.735188E+1
8.861226E-2
-4.734904E-1
8.970736E-1
3.552208E-2
-1.856642E-1
1.971302E+0
7.560785E-1
2.728913E+1
1.853113E-2
7.107477E-3
2.565301E-1
-1.551401E-3
3.371085E-3
2.968209E-4
0.000000E+0
0.000000E+0
0.000000E+0
0.000000E+0
0.000000E+0
0.000000E+0
5.002072E+0
4.380973E+0
3.831162E+2
2.719111E+1
8.975687E-2
-4.494900E-1
8.928980E-1
4.134667E-2
-2.109724E-1
1.985650E+0
7.433904E-1
2.712674E+1
1.863679E-2
6.977268E-3
2.546045E-1
-1.760117E-3
3.409286E-3
3.449503E-4
0.000000E+0
0.000000E+0
0.000000E+0
0.000000E+0
0.000000E+0
0.000000E+0
4.995677E+0
4.602394E+0
3.827165E+2
2.727582E+1
8.963715E-2
-4.889202E-1
9.215237E-1
2.977591E-2
-2.171715E-1
1.955986E+0
7.670476E-1
2.721478E+1
1.837755E-2
7.206826E-3
2.556976E-1
-1.813728E-3
3.408294E-3
2.486762E-4
0.000000E+0
0.000000E+0
0.000000E+0
0.000000E+0
0.000000E+0
0.000000E+0
4.998874E+0
4.817421E+0
3.822369E+2
2.703580E+1
8.851367E-2
-4.373012E-1
9.277449E-1
4.101315E-2
-2.080070E-1
1.991288E+0
7.632111E-1
2.697107E+1
1.873270E-2
7.179778E-3
2.537257E-1
-1.739369E-3
3.369799E-3
3.429549E-4
0.000000E+0
0.000000E+0
0.000000E+0
0.000000E+0
0.000000E+0
0.000000E+0
4.994877E+0
4.926133E+0
3.827965E+2
2.703174E+1
9.192211E-2
-4.552942E-1
9.555575E-1
4.499876E-2
-2.436892E-1
1.975036E+0
7.888724E-1
2.696873E+1
1.855265E-2
7.410335E-3
2.533329E-1
-2.034767E-3
3.494446E-3
3.757328E-4
0.000000E+0
0.000000E+0
0.000000E+0
0.000000E+0
0.000000E+0
0.000000E+0
5.000473E+0
5.151551E+0
3.826366E+2
2.705845E+1
9.349743E-2
-4.188106E-1
1.075551E+0
3.157326E-2
-2.785990E-1
2.030038E+0
8.968960E-1
2.699197E+1
1.907729E-2
8.428583E-3
2.536572E-1
-2.327231E-3
3.555817E-3
2.637421E-4
0.000000E+0
0.000000E+0
0.000000E+0
0.000000E+0
0.000000E+0
0.000000E+0
4.996476E+0
5.369775E+0
3.827565E+2
2.711655E+1
8.828021E-2
-4.345832E-1
1.041216E+0
4.463634E-2
-2.550565E-1
2.017746E+0
8.561467E-1
2.705136E+1
1.895583E-2
8.043121E-3
2.541356E-1
-2.129905E-3
3.356348E-3
3.727456E-4
0.000000E+0
0.000000E+0
0.000000E+0
0.000000E+0
0.000000E+0
0.000000E+0
4.998075E+0
5.588798E+0
3.820371E+2
2.700829E+1
9.320262E-2
-4.413429E-1
1.005956E+0
3.782370E-2
-2.709611E-1
2.002232E+0
8.148357E-1
2.694405E+1
1.884551E-2
7.669437E-3
2.536041E-1
-2.266981E-3
3.550168E-3
3.164499E-4
0.000000E+0
0.000000E+0
0.000000E+0
0.000000E+0
0.000000E+0
0.000000E+0
4.998874E+0
5.699109E+0
3.818373E+2
2.705589E+1
8.847262E-2
-4.477776E-1
1.055210E+0
4.162249E-2
-3.098395E-1
2.006811E+0
8.601769E-1
2.699200E+1
1.889849E-2
8.100438E-3
2.541884E-1
-2.593612E-3
3.371762E-3
3.484145E-4
0.000000E+0
0.000000E+0
0.000000E+0
0.000000E+0
0.000000E+0
0.000000E+0
4.998874E+0
5.917333E+0
3.829164E+2
2.697563E+1
8.924325E-2
-4.366653E-1
1.082359E+0
4.891274E-2
-2.666487E-1
2.016926E+0
8.791112E-1
2.691108E+1
1.894022E-2
8.255414E-3
2.527122E-1
-2.225779E-3
3.391546E-3
4.082861E-4
0.000000E+0
0.000000E+0
0.000000E+0
0.000000E+0
0.000000E+0
0.000000E+0
5.001272E+0
6.133958E+0
3.834360E+2
2.682813E+1
9.266904E-2
-3.991310E-1
1.114082E+0
5.222619E-2
-3.184504E-1
2.049137E+0
9.002795E-1
2.676078E+1
1.921663E-2
8.442742E-3
2.509603E-1
-2.654578E-3
3.516965E-3
4.353535E-4
0.000000E+0
0.000000E+0
0.000000E+0
0.000000E+0
0.000000E+0
0.000000E+0
5.000473E+0
6.353780E+0
3.826766E+2
2.687082E+1
8.988213E-2
-4.124291E-1
1.137682E+0
4.819875E-2
-2.847800E-1
2.045348E+0
9.169611E-1
2.680449E+1
1.921916E-2
8.616245E-3
2.518690E-1
-2.378615E-3
3.417966E-3
4.025783E-4
0.000000E+0
0.000000E+0
0.000000E+0
0.000000E+0
0.000000E+0
0.000000E+0
4.998075E+0
6.462493E+0
3.834759E+2
2.679388E+1
8.994351E-2
-4.147981E-1
1.214674E+0
4.525008E-2
-3.308186E-1
2.045630E+0
9.907275E-1
2.672814E+1
1.918174E-2
9.289987E-3
2.506280E-1
-2.757391E-3
3.413170E-3
3.771618E-4
0.000000E+0
0.000000E+0
0.000000E+0
0.000000E+0
0.000000E+0
0.000000E+0
4.997275E+0
6.684713E+0
3.821570E+2
2.670644E+1
9.372312E-2
-4.182428E-1
1.142411E+0
5.540186E-2
-3.379252E-1
2.029702E+0
9.123438E-1
2.664136E+1
1.909807E-2
8.584514E-3
2.506765E-1
-2.826345E-3
3.568874E-3
4.633712E-4
0.000000E+0
0.000000E+0
0.000000E+0
0.000000E+0
0.000000E+0
0.000000E+0
4.984486E+0
6.904536E+0
3.827165E+2
2.663460E+1
9.341557E-2
-3.893338E-1
1.211098E+0
5.403258E-2
-3.831153E-1
2.057935E+0
9.707429E-1
2.656771E+1
1.933541E-2
9.120654E-3
2.496180E-1
-3.199623E-3
3.551962E-3
4.512580E-4
0.000000E+0
0.000000E+0
0.000000E+0
0.000000E+0
0.000000E+0
0.000000E+0
4.999674E+0
7.117964E+0
3.821170E+2
2.653228E+1
9.546783E-2
-4.282655E-1
1.285029E+0
4.924437E-2
-3.691591E-1
2.030353E+0
1.041470E+0
2.646866E+1
1.910619E-2
9.800522E-3
2.490775E-1
-3.087903E-3
3.635691E-3
4.119142E-4
0.000000E+0
0.000000E+0
0.000000E+0
0.000000E+0
0.000000E+0
0.000000E+0
5.007667E+0
7.230673E+0
3.827165E+2
2.659719E+1
9.113673E-2
-4.296243E-1
1.305587E+0
4.853431E-2
-3.877459E-1
2.042926E+0
1.056860E+0
2.653317E+1
1.919440E-2
9.929773E-3
2.492935E-1
-3.238295E-3
3.465313E-3
4.053387E-4
0.000000E+0
0.000000E+0
0.000000E+0
0.000000E+0
0.000000E+0
0.000000E+0
5.011664E+0
7.456890E+0
3.828365E+2
2.650969E+1
9.201580E-2
-3.742820E-1
1.353361E+0
6.038421E-2
-3.812365E-1
2.102204E+0
1.089753E+0
2.644104E+1
1.974516E-2
1.023561E-2
2.483501E-1
-3.182935E-3
3.497642E-3
5.041463E-4
0.000000E+0
0.000000E+0
0.000000E+0
0.000000E+0
0.000000E+0
0.000000E+0
4.997275E+0
7.672716E+0
3.831562E+2
2.646010E+1
9.226475E-2
-3.829475E-1
1.370064E+0
5.573896E-2
-3.995525E-1
2.089107E+0
1.100996E+0
2.639288E+1
1.960577E-2
1.033258E-2
2.476909E-1
-3.333071E-3
3.504179E-3
4.649749E-4
0.000000E+0
0.000000E+0
0.000000E+0
0.000000E+0
0.000000E+0
0.000000E+0
5.004470E+0
7.799014E+0
3.824368E+2
2.644794E+1
9.189909E-2
-3.943396E-1
1.418822E+0
3.950201E-2
-4.147420E-1
2.089134E+0
1.145929E+0
2.638152E+1
1.964290E-2
1.077450E-2
2.480500E-1
-3.466290E-3
3.496857E-3
3.301460E-4
0.000000E+0
0.000000E+0
0.000000E+0
0.000000E+0
0.000000E+0
0.000000E+0
4.997275E+0
8.012442E+0
3.823968E+2
2.631318E+1
9.196725E-2
-3.638538E-1
1.368553E+0
7.022260E-2
-4.039695E-1
2.101550E+0
1.086226E+0
2.624486E+1
1.976171E-2
1.021421E-2
2.467908E-1
-3.376609E-3
3.499816E-3
5.869608E-4
0.000000E+0
0.000000E+0
0.000000E+0
0.000000E+0
0.000000E+0
0.000000E+0
4.998874E+0
8.236261E+0
3.817174E+2
2.639511E+1
9.198406E-2
-3.740374E-1
1.439470E+0
7.026841E-2
-4.110553E-1
2.113686E+0
1.148519E+0
2.632730E+1
1.991121E-2
1.081920E-2
2.480068E-1
-3.441953E-3
3.506686E-3
5.883892E-4
0.000000E+0
0.000000E+0
0.000000E+0
0.000000E+0
0.000000E+0
0.000000E+0
4.990081E+0
8.463278E+0
3.831162E+2
2.637323E+1
9.085136E-2
-3.965182E-1
1.517043E+0
4.694477E-2
-4.581222E-1
2.101607E+0
1.221035E+0
2.630776E+1
1.972514E-2
1.146031E-2
2.469178E-1
-3.822058E-3
3.450859E-3
3.916545E-4
0.000000E+0
0.000000E+0
0.000000E+0
0.000000E+0
0.000000E+0
0.000000E+0
5.000473E+0
8.556803E+0
3.824368E+2
2.620174E+1
9.542522E-2
-3.813981E-1
1.419156E+0
6.355700E-2
-4.511766E-1
2.093864E+0
1.120078E+0
2.613526E+1
1.968738E-2
1.053144E-2
2.457345E-1
-3.770800E-3
3.631029E-3
5.311904E-4
0.000000E+0
0.000000E+0
0.000000E+0
0.000000E+0
0.000000E+0
0.000000E+0
4.998874E+0
8.783820E+0
3.831962E+2
2.613083E+1
9.208614E-2
-3.697827E-1
1.493786E+0
6.327457E-2
-4.983686E-1
2.114291E+0
1.184815E+0
2.606367E+1
1.984005E-2
1.111805E-2
2.445757E-1
-4.156961E-3
3.497030E-3
5.277819E-4
0.000000E+0
0.000000E+0
0.000000E+0
0.000000E+0
0.000000E+0
0.000000E+0
4.994078E+0
9.006840E+0
3.824368E+2
2.605639E+1
9.549572E-2
-3.468078E-1
1.544308E+0
7.951292E-2
-4.582649E-1
2.140846E+0
1.224249E+0
2.598766E+1
2.012912E-2
1.151090E-2
2.443467E-1
-3.830041E-3
3.633712E-3
6.645452E-4
0.000000E+0
0.000000E+0
0.000000E+0
0.000000E+0
0.000000E+0
0.000000E+0
5.005269E+0
9.115552E+0
3.820371E+2
2.601106E+1
9.355826E-2
-3.480523E-1
1.574389E+0
8.004621E-2
-4.785195E-1
2.147814E+0
1.249905E+0
2.594224E+1
2.021576E-2
1.176442E-2
2.441748E-1
-4.003507E-3
3.563714E-3
6.697022E-4
0.000000E+0
0.000000E+0
0.000000E+0
0.000000E+0
0.000000E+0
0.000000E+0
4.998874E+0
9.330579E+0
3.825567E+2
2.597350E+1
9.171412E-2
-3.819522E-1
1.593798E+0
5.630378E-2
-4.996092E-1
2.116225E+0
1.267463E+0
2.590798E+1
1.989139E-2
1.191348E-2
2.435212E-1
-4.174276E-3
3.488725E-3
4.704227E-4
0.000000E+0
0.000000E+0
0.000000E+0
0.000000E+0
0.000000E+0
0.000000E+0
4.999674E+0
9.542408E+0
3.821570E+2
2.599565E+1
9.904082E-2
-3.124879E-1
1.651494E+0
7.694390E-2
-4.888571E-1
2.200964E+0
1.304676E+0
2.592398E+1
2.070953E-2
1.227608E-2
2.439264E-1
-4.088712E-3
3.771366E-3
6.435450E-4
0.000000E+0
0.000000E+0
0.000000E+0
0.000000E+0
0.000000E+0
0.000000E+0
4.998874E+0
9.764629E+0
3.823169E+2
2.600850E+1
9.343028E-2
-3.090849E-1
1.649546E+0
8.499914E-2
-5.298374E-1
2.209765E+0
1.293506E+0
2.593650E+1
2.078364E-2
1.216590E-2
2.439422E-1
-4.429611E-3
3.556235E-3
7.106202E-4
0.000000E+0
0.000000E+0
0.000000E+0
0.000000E+0
0.000000E+0
0.000000E+0
4.998874E+0
9.986050E+0
3.821570E+2
2.580708E+1
9.774130E-2
-2.929120E-1
1.686563E+0
4.651737E-2
-5.110027E-1
2.219749E+0
1.321663E+0
2.573444E+1
2.088628E-2
1.243592E-2
2.421430E-1
-4.273934E-3
3.721882E-3
3.890629E-4
0.000000E+0
0.000000E+0
0.000000E+0
0.000000E+0
0.000000E+0
0.000000E+0
4.996476E+0
9.997241E+0
3.831562E+2
2.583756E+1
1.006746E-1
-3.224108E-1
1.649952E+0
7.967756E-2
-5.222989E-1
2.186264E+0
1.290002E+0
2.576746E+1
2.051757E-2
1.210636E-2
2.418214E-1
-4.357022E-3
3.823583E-3
6.646709E-4
0.000000E+0
0.000000E+0
0.000000E+0
0.000000E+0
0.000000E+0
0.000000E+0
4.998874E+0
1.000204E+1
3.826766E+2
2.582140E+1
9.534187E-2
-2.829998E-1
1.674834E+0
7.356825E-2
-5.108516E-1
2.229034E+0
1.307561E+0
2.574785E+1
2.094516E-2
1.228652E-2
2.419402E-1
-4.266869E-3
3.625585E-3
6.144762E-4
0.000000E+0
0.000000E+0
0.000000E+0
0.000000E+0
0.000000E+0
0.000000E+0
4.998075E+0
9.999639E+0
3.827565E+2
2.580868E+1
9.551630E-2
-2.718873E-1
1.652119E+0
8.116734E-2
-5.105782E-1
2.234492E+0
1.283617E+0
2.573424E+1
2.099207E-2
1.205901E-2
2.417618E-1
-4.263695E-3
3.631459E-3
6.778057E-4
0.000000E+0
0.000000E+0
0.000000E+0
0.000000E+0
0.000000E+0
0.000000E+0
4.994877E+0
9.998040E+0
3.822369E+2
2.580251E+1
9.935208E-2
-3.113948E-1
1.622216E+0
8.102840E-2
-5.272756E-1
2.188561E+0
1.261406E+0
2.573163E+1
2.058851E-2
1.186646E-2
2.420659E-1
-4.409116E-3
3.782427E-3
6.775653E-4
0.000000E+0
0.000000E+0
0.000000E+0
0.000000E+0
0.000000E+0
0.000000E+0
5.017259E+0
9.939687E+0
3.822769E+2
2.576176E+1
9.667733E-2
-2.880678E-1
1.703449E+0
5.416388E-2
-5.188654E-1
2.230576E+0
1.338517E+0
2.568824E+1
2.098157E-2
1.259056E-2
2.416325E-1
-4.338336E-3
3.680212E-3
4.528748E-4
0.000000E+0
0.000000E+0
0.000000E+0
0.000000E+0
0.000000E+0
0.000000E+0
4.997275E+0
9.716667E+0
3.820371E+2
2.585329E+1
9.807676E-2
-2.982751E-1
1.672421E+0
7.225080E-2
-4.957280E-1
2.209117E+0
1.318489E+0
2.578100E+1
2.079276E-2
1.240995E-2
2.426572E-1
-4.147481E-3
3.735828E-3
6.044823E-4
0.000000E+0
0.000000E+0
0.000000E+0
0.000000E+0
0.000000E+0
0.000000E+0
5.000473E+0
9.495246E+0
3.824368E+2
2.605900E+1
9.380123E-2
-2.939285E-1
1.643172E+0
7.322279E-2
-5.098543E-1
2.222555E+0
1.294259E+0
2.598543E+1
2.089738E-2
1.216916E-2
2.443258E-1
-4.261210E-3
3.569235E-3
6.119742E-4
0.000000E+0
0.000000E+0
0.000000E+0
0.000000E+0
0.000000E+0
0.000000E+0
4.993279E+0
9.393728E+0
3.825167E+2
2.595138E+1
9.482627E-2
-3.352932E-1
1.565713E+0
7.043493E-2
-4.968714E-1
2.154500E+0
1.230561E+0
2.588208E+1
2.025327E-2
1.156783E-2
2.433032E-1
-4.151835E-3
3.607485E-3
5.885511E-4
0.000000E+0
0.000000E+0
0.000000E+0
0.000000E+0
0.000000E+0
0.000000E+0
4.997275E+0
9.170708E+0
3.824767E+2
2.600043E+1
9.670107E-2
-3.156396E-1
1.581119E+0
6.218589E-2
-4.661310E-1
2.177478E+0
1.250059E+0
2.592909E+1
2.047141E-2
1.175234E-2
2.437706E-1
-3.895377E-3
3.679192E-3
5.196768E-4
0.000000E+0
0.000000E+0
0.000000E+0
0.000000E+0
0.000000E+0
0.000000E+0
5.006068E+0
8.947687E+0
3.840755E+2
2.604369E+1
9.484488E-2
-3.567268E-1
1.565726E+0
6.643243E-2
-4.675791E-1
2.137429E+0
1.248479E+0
2.597547E+1
2.001124E-2
1.168863E-2
2.431901E-1
-3.891213E-3
3.593549E-3
5.528535E-4
0.000000E+0
0.000000E+0
0.000000E+0
0.000000E+0
0.000000E+0
0.000000E+0
4.994078E+0
8.840574E+0
3.826366E+2
2.610675E+1
9.548809E-2
-3.491485E-1
1.462300E+0
7.626681E-2
-4.417808E-1
2.126709E+0
1.149107E+0
2.603803E+1
1.998575E-2
1.079874E-2
2.446925E-1
-3.690343E-3
3.631524E-3
6.370823E-4
0.000000E+0
0.000000E+0
0.000000E+0
0.000000E+0
0.000000E+0
0.000000E+0
4.994877E+0
8.619153E+0
3.823568E+2
2.614651E+1
9.495882E-2
-3.629142E-1
1.550796E+0
6.311693E-2
-4.496349E-1
2.125739E+0
1.246295E+0
2.607882E+1
1.999125E-2
1.172063E-2
2.452551E-1
-3.758700E-3
3.614038E-3
5.276227E-4
0.000000E+0
0.000000E+0
0.000000E+0
0.000000E+0
0.000000E+0
0.000000E+0
4.992479E+0
8.401728E+0
3.827965E+2
2.633628E+1
9.220196E-2
-3.500442E-1
1.436499E+0
6.303030E-2
-4.497473E-1
2.132234E+0
1.137157E+0
2.626683E+1
2.002931E-2
1.068197E-2
2.467395E-1
-3.755321E-3
3.505084E-3
5.262934E-4
0.000000E+0
0.000000E+0
0.000000E+0
0.000000E+0
0.000000E+0
0.000000E+0
4.992479E+0
8.175510E+0
3.834759E+2
2.630849E+1
9.406179E-2
-3.304575E-1
1.418960E+0
6.616840E-2
-4.427285E-1
2.142154E+0
1.125774E+0
2.623743E+1
2.008684E-2
1.055631E-2
2.460267E-1
-3.690165E-3
3.569451E-3
5.515172E-4
0.000000E+0
0.000000E+0
0.000000E+0
0.000000E+0
0.000000E+0
0.000000E+0
5.003670E+0
8.058805E+0
3.821570E+2
2.632188E+1
9.236287E-2
-3.534795E-1
1.435199E+0
6.002905E-2
-4.214889E-1
2.125656E+0
1.148547E+0
2.625240E+1
2.000093E-2
1.080702E-2
2.470167E-1
-3.525257E-3
3.517077E-3
5.020721E-4
0.000000E+0
0.000000E+0
0.000000E+0
0.000000E+0
0.000000E+0
0.000000E+0
4.998874E+0
7.846976E+0
3.817174E+2
2.646258E+1
9.108707E-2
-3.541935E-1
1.448794E+0
5.157147E-2
-4.027684E-1
2.132515E+0
1.168589E+0
2.639279E+1
2.008858E-2
1.100827E-2
2.486237E-1
-3.372562E-3
3.472491E-3
4.318312E-4
0.000000E+0
0.000000E+0
0.000000E+0
0.000000E+0
0.000000E+0
0.000000E+0
4.996476E+0
7.631949E+0
3.823169E+2
2.639418E+1
9.428960E-2
-3.414560E-1
1.359534E+0
7.054558E-2
-3.753972E-1
2.121837E+0
1.087367E+0
2.632362E+1
1.995665E-2
1.022708E-2
2.475832E-1
-3.138442E-3
3.588943E-3
5.897838E-4
0.000000E+0
0.000000E+0
0.000000E+0
0.000000E+0
0.000000E+0
0.000000E+0
4.999674E+0
7.412926E+0
3.826766E+2
2.642822E+1
9.134476E-2
-3.755732E-1
1.402805E+0
6.068709E-2
-3.850408E-1
2.093942E+0
1.142193E+0
2.636039E+1
1.967578E-2
1.073264E-2
2.476960E-1
-3.216040E-3
3.473586E-3
5.068867E-4
0.000000E+0
0.000000E+0
0.000000E+0
0.000000E+0
0.000000E+0
0.000000E+0
4.996476E+0
7.295421E+0
3.824368E+2
2.657545E+1
9.009410E-2
-4.111261E-1
1.296361E+0
4.564382E-2
-3.809800E-1
2.054208E+0
1.043958E+0
2.651027E+1
1.931451E-2
9.815729E-3
2.492605E-1
-3.184117E-3
3.428175E-3
3.814775E-4
0.000000E+0
0.000000E+0
0.000000E+0
0.000000E+0
0.000000E+0
0.000000E+0
4.998075E+0
7.081993E+0
3.837157E+2
2.657155E+1
9.057017E-2
-4.257397E-1
1.276611E+0
5.282428E-2
-3.910291E-1
2.033820E+0
1.033749E+0
2.650761E+1
1.905908E-2
9.687343E-3
2.484048E-1
-3.257212E-3
3.434803E-3
4.400180E-4
0.000000E+0
0.000000E+0
0.000000E+0
0.000000E+0
0.000000E+0
0.000000E+0
5.002072E+0
6.862170E+0
3.824368E+2
2.660824E+1
9.039324E-2
-4.197534E-1
1.226917E+0
5.075592E-2
-3.778796E-1
2.034834E+0
9.908904E-1
2.654350E+1
1.913235E-2
9.316762E-3
2.495730E-1
-3.158205E-3
3.439557E-3
4.242028E-4
0.000000E+0
0.000000E+0
0.000000E+0
0.000000E+0
0.000000E+0
0.000000E+0
5.002072E+0
6.747862E+0
3.827965E+2
2.668518E+1
9.092038E-2
-3.937266E-1
1.225282E+0
5.494484E-2
-3.370251E-1
2.065072E+0
9.894900E-1
2.661788E+1
1.939841E-2
9.294852E-3
2.500372E-1
-2.814108E-3
3.456365E-3
4.587811E-4
0.000000E+0
0.000000E+0
0.000000E+0
0.000000E+0
0.000000E+0
0.000000E+0
4.997275E+0
6.516849E+0
3.824368E+2
2.678451E+1
8.853595E-2
-4.153313E-1
1.172344E+0
4.863386E-2
-3.444767E-1
2.040056E+0
9.469257E-1
2.671887E+1
1.918145E-2
8.903387E-3
2.512219E-1
-2.879033E-3
3.368886E-3
4.064673E-4
0.000000E+0
0.000000E+0
0.000000E+0
0.000000E+0
0.000000E+0
0.000000E+0
4.998075E+0
6.298625E+0
3.821970E+2
2.673208E+1
9.133607E-2
-3.802533E-1
1.134916E+0
5.075964E-2
-3.063847E-1
2.062892E+0
9.141130E-1
2.666356E+1
1.940833E-2
8.600262E-3
2.508591E-1
-2.562279E-3
3.477614E-3
4.245001E-4
0.000000E+0
0.000000E+0
0.000000E+0
0.000000E+0
0.000000E+0
0.000000E+0
4.994877E+0
6.074006E+0
3.825567E+2
2.672995E+1
9.178756E-2
-4.229424E-1
1.102327E+0
4.598826E-2
-3.204933E-1
2.011892E+0
8.944639E-1
2.666527E+1
1.891072E-2
8.407484E-3
2.506393E-1
-2.677748E-3
3.491518E-3
3.842357E-4
0.000000E+0
0.000000E+0
0.000000E+0
0.000000E+0
0.000000E+0
0.000000E+0
4.996476E+0
5.953304E+0
3.819971E+2
2.678741E+1
9.078964E-2
-3.965374E-1
1.126036E+0
4.209419E-2
-3.096978E-1
2.044343E+0
9.189576E-1
2.672016E+1
1.924388E-2
8.650364E-3
2.515231E-1
-2.591340E-3
3.458617E-3
3.522156E-4
0.000000E+0
0.000000E+0
0.000000E+0
0.000000E+0
0.000000E+0
0.000000E+0
4.993279E+0
5.751866E+0
3.826766E+2
2.686639E+1
9.217294E-2
-3.975244E-1
1.127196E+0
3.581281E-2
-2.982489E-1
2.045593E+0
9.268519E-1
2.679903E+1
1.922146E-2
8.709184E-3
2.518176E-1
-2.491113E-3
3.505079E-3
2.991252E-4
0.000000E+0
0.000000E+0
0.000000E+0
0.000000E+0
0.000000E+0
0.000000E+0
5.006868E+0
5.548830E+0
3.823568E+2
2.679942E+1
9.036539E-2
-4.036508E-1
1.081478E+0
5.031391E-2
-2.608799E-1
2.032310E+0
8.891324E-1
2.673239E+1
1.911261E-2
8.361739E-3
2.514015E-1
-2.180812E-3
3.439217E-3
4.205965E-4
0.000000E+0
0.000000E+0
0.000000E+0
0.000000E+0
0.000000E+0
0.000000E+0
4.998874E+0
5.313021E+0
3.819572E+2
2.693608E+1
9.215482E-2
-4.244528E-1
1.001396E+0
3.887900E-2
-2.797447E-1
2.008727E+0
8.189125E-1
2.687061E+1
1.891060E-2
7.709423E-3
2.529659E-1
-2.340959E-3
3.510991E-3
3.253471E-4
0.000000E+0
0.000000E+0
0.000000E+0
0.000000E+0
0.000000E+0
0.000000E+0
5.001272E+0
5.211503E+0
3.821970E+2
2.701721E+1
9.005487E-2
-4.243076E-1
1.057192E+0
4.724198E-2
-2.273212E-1
2.020649E+0
8.772776E-1
2.695134E+1
1.901090E-2
8.253703E-3
2.535666E-1
-1.901075E-3
3.428832E-3
3.950821E-4
0.000000E+0
0.000000E+0
0.000000E+0
0.000000E+0
0.000000E+0
0.000000E+0
4.997275E+0
4.988483E+0
3.824767E+2
2.693411E+1
8.957269E-2
-4.050148E-1
1.010041E+0
4.395046E-2
-2.305760E-1
2.023181E+0
8.372863E-1
2.686701E+1
1.902080E-2
7.871689E-3
2.525884E-1
-1.926884E-3
3.407979E-3
3.672864E-4
0.000000E+0
0.000000E+0
0.000000E+0
0.000000E+0
0.000000E+0
0.000000E+0
4.997275E+0
4.768660E+0
3.824767E+2
2.708241E+1
9.237754E-2
-4.866066E-1
9.542440E-1
4.919642E-2
-2.026100E-1
1.947188E+0
7.951212E-1
2.702185E+1
1.830636E-2
7.475277E-3
2.540441E-1
-1.693177E-3
3.514695E-3
4.111260E-4
0.000000E+0
0.000000E+0
0.000000E+0
0.000000E+0
0.000000E+0
0.000000E+0
5.001272E+0
4.554433E+0
3.828365E+2
2.720849E+1
9.005150E-2
-4.591940E-1
9.155900E-1
4.094073E-2
-1.913288E-1
1.981190E+0
7.606732E-1
2.714493E+1
1.860852E-2
7.144698E-3
2.549614E-1
-1.597399E-3
3.422977E-3
3.418131E-4
0.000000E+0
0.000000E+0
0.000000E+0
0.000000E+0
0.000000E+0
0.000000E+0
4.996476E+0
4.440125E+0
3.825966E+2
2.713156E+1
9.278046E-2
-4.299770E-1
9.128941E-1
4.491090E-2
-2.092557E-1
1.999534E+0
7.603777E-1
2.706591E+1
1.879259E-2
7.146399E-3
2.543786E-1
-1.748166E-3
3.528919E-3
3.751951E-4
0.000000E+0
0.000000E+0
0.000000E+0
0.000000E+0
0.000000E+0
0.000000E+0
4.998874E+0
4.221102E+0
3.822769E+2
2.719847E+1
9.039533E-2
-4.569371E-1
8.896897E-1
4.081219E-2
-1.821511E-1
1.975064E+0
7.463387E-1
2.713484E+1
1.857813E-2
7.020320E-3
2.552397E-1
-1.523001E-3
3.441075E-3
3.412387E-4
0.000000E+0
0.000000E+0
0.000000E+0
0.000000E+0
0.000000E+0
0.000000E+0
4.995677E+0
4.000480E+0
3.820771E+2
2.728179E+1
8.860582E-2
-4.593636E-1
8.689781E-1
3.778846E-2
-1.815712E-1
1.974046E+0
7.330452E-1
2.721816E+1
1.857827E-2
6.898884E-3
2.561573E-1
-1.518947E-3
3.374718E-3
3.161220E-4
0.000000E+0
0.000000E+0
0.000000E+0
0.000000E+0
0.000000E+0
0.000000E+0
4.998874E+0
3.789451E+0
3.827965E+2
2.741713E+1
8.896764E-2
-4.643559E-1
7.919784E-1
3.199393E-2
-1.671632E-1
1.974564E+0
6.629285E-1
2.735331E+1
1.854822E-2
6.227271E-3
2.569455E-1
-1.395787E-3
3.382131E-3
2.671444E-4
0.000000E+0
0.000000E+0
0.000000E+0
0.000000E+0
0.000000E+0
0.000000E+0
4.997275E+0
3.665551E+0
3.823968E+2
2.732780E+1
8.700341E-2
-4.760574E-1
8.201016E-1
2.567526E-2
-1.721097E-1
1.954764E+0
6.965540E-1
2.726540E+1
1.838142E-2
6.549974E-3
2.563873E-1
-1.438592E-3
3.310917E-3
2.146086E-4
0.000000E+0
0.000000E+0
0.000000E+0
0.000000E+0
0.000000E+0
0.000000E+0
4.998874E+0
3.457718E+0
3.819172E+2
2.738004E+1
9.294610E-2
-4.378853E-1
7.449994E-1
2.830830E-2
-1.294136E-1
1.990956E+0
6.260607E-1
2.731406E+1
1.874526E-2
5.894490E-3
2.571675E-1
-1.083072E-3
3.541508E-3
2.369142E-4
0.000000E+0
0.000000E+0
0.000000E+0
0.000000E+0
0.000000E+0
0.000000E+0
4.996476E+0
3.236297E+0
3.825966E+2
2.752579E+1
8.904384E-2
-4.497605E-1
7.641560E-1
3.707565E-2
-1.307802E-1
1.989323E+0
6.528919E-1
2.746036E+1
1.869663E-2
6.136195E-3
2.580858E-1
-1.092565E-3
3.386796E-3
3.097377E-4
0.000000E+0
0.000000E+0
0.000000E+0
0.000000E+0
0.000000E+0
0.000000E+0
5.012463E+0
3.014876E+0
3.826366E+2
2.743857E+1
8.822737E-2
-4.753699E-1
8.226411E-1
2.867971E-2
-1.042059E-1
1.964427E+0
7.203185E-1
2.737517E+1
1.846071E-2
6.769196E-3
2.572583E-1
-8.704669E-4
3.355391E-3
2.395713E-4
0.000000E+0
0.000000E+0
0.000000E+0
0.000000E+0
0.000000E+0
0.000000E+0
4.994877E+0
2.905364E+0
3.820771E+2
2.742654E+1
9.045487E-2
-4.259262E-1
7.149446E-1
2.842148E-2
-9.750380E-2
1.997343E+0
6.144963E-1
2.735947E+1
1.879752E-2
5.783188E-3
2.574872E-1
-8.156748E-4
3.445143E-3
2.377618E-4
0.000000E+0
0.000000E+0
0.000000E+0
0.000000E+0
0.000000E+0
0.000000E+0
4.998075E+0
2.678348E+0
3.818772E+2
2.755535E+1
8.970152E-2
-4.574584E-1
6.274573E-1
3.323454E-2
-1.060250E-1
1.972161E+0
5.358856E-1
2.749043E+1
1.857025E-2
5.046001E-3
2.588551E-1
-8.874235E-4
3.418238E-3
2.781714E-4
0.000000E+0
0.000000E+0
0.000000E+0
0.000000E+0
0.000000E+0
0.000000E+0
4.990081E+0
2.456927E+0
3.823169E+2
2.741552E+1
8.873968E-2
-4.175116E-1
6.030275E-1
2.180627E-2
-7.023996E-2
1.992804E+0
5.180756E-1
2.734792E+1
1.874304E-2
4.872689E-3
2.572171E-1
-5.872287E-4
3.377697E-3
1.823075E-4
0.000000E+0
0.000000E+0
0.000000E+0
0.000000E+0
0.000000E+0
0.000000E+0
5.004470E+0
2.233907E+0
3.833560E+2
2.752906E+1
8.734846E-2
-4.796182E-1
6.113710E-1
8.968099E-3
-7.080353E-2
1.946034E+0
5.359235E-1
2.746596E+1
1.825354E-2
5.026891E-3
2.576271E-1
-5.903358E-4
3.315731E-3
7.477296E-5
0.000000E+0
0.000000E+0
0.000000E+0
0.000000E+0
0.000000E+0
0.000000E+0
4.998075E+0
2.129991E+0
3.823568E+2
2.751199E+1
9.146327E-2
-4.732046E-1
6.323512E-1
2.331196E-2
-6.124821E-2
1.947673E+0
5.603495E-1
2.744860E+1
1.831666E-2
5.269740E-3
2.581371E-1
-5.120012E-4
3.481001E-3
1.948752E-4
0.000000E+0
0.000000E+0
0.000000E+0
0.000000E+0
0.000000E+0
0.000000E+0
4.999674E+0
1.916563E+0
3.822769E+2
2.766405E+1
8.857581E-2
-4.579193E-1
5.642514E-1
2.901096E-2
-5.189519E-2
1.972524E+0
4.985610E-1
2.759870E+1
1.855424E-2
4.689637E-3
2.596029E-1
-4.339059E-4
3.371812E-3
2.425663E-4
0.000000E+0
0.000000E+0
0.000000E+0
0.000000E+0
0.000000E+0
0.000000E+0
4.998075E+0
1.690346E+0
3.823568E+2
2.763465E+1
8.766033E-2
-4.322187E-1
5.442032E-1
2.722410E-2
-2.314948E-3
1.992211E+0
4.856487E-1
2.756723E+1
1.873551E-2
4.567224E-3
2.592527E-1
-1.935169E-5
3.336265E-3
2.275784E-4
0.000000E+0
0.000000E+0
0.000000E+0
0.000000E+0
0.000000E+0
0.000000E+0
5.001272E+0
1.578436E+0
3.841154E+2
2.761557E+1
8.796415E-2
-4.656580E-1
4.248311E-1
2.822162E-2
1.298483E-3
1.954546E+0
3.711332E-1
2.755102E+1
1.829714E-2
3.474298E-3
2.579141E-1
1.080491E-5
3.332500E-3
2.348371E-4
0.000000E+0
0.000000E+0
0.000000E+0
0.000000E+0
0.000000E+0
0.000000E+0
4.998874E+0
1.358614E+0
3.825966E+2
2.767893E+1
8.550457E-2
-4.607583E-1
4.683617E-1
2.387385E-2
-6.416999E-3
1.963386E+0
4.219283E-1
2.761380E+1
1.845285E-2
3.965487E-3
2.595278E-1
-5.360895E-5
3.252179E-3
1.994471E-4
0.000000E+0
0.000000E+0
0.000000E+0
0.000000E+0
0.000000E+0
0.000000E+0
4.993279E+0
1.141989E+0
3.821170E+2
2.769180E+1
8.675193E-2
-4.288322E-1
4.298730E-1
2.192514E-2
1.211446E-2
1.991232E+0
3.902650E-1
2.762403E+1
1.873805E-2
3.672503E-3
2.599499E-1
1.013338E-4
3.303764E-3
1.833971E-4
0.000000E+0
0.000000E+0
0.000000E+0
0.000000E+0
0.000000E+0
0.000000E+0
5.001272E+0
9.197681E-1
3.822769E+2
2.781052E+1
8.781798E-2
-4.605754E-1
3.714978E-1
1.754606E-2
1.695996E-2
1.971350E+0
3.398969E-1
2.774479E+1
1.854320E-2
3.197188E-3
2.609771E-1
1.418056E-4
3.342964E-3
1.467060E-4
0.000000E+0
0.000000E+0
0.000000E+0
0.000000E+0
0.000000E+0
0.000000E+0
4.998874E+0
8.046610E-1
3.821570E+2
2.786826E+1
8.894762E-2
-4.149779E-1
3.655965E-1
1.970776E-2
4.483167E-2
2.019869E+0
3.372637E-1
2.779842E+1
1.900555E-2
3.173414E-3
2.615636E-1
3.749640E-4
3.387028E-3
1.648321E-4
0.000000E+0
0.000000E+0
0.000000E+0
0.000000E+0
0.000000E+0
0.000000E+0
4.996476E+0
5.888354E-1
3.821970E+2
2.785076E+1
8.779348E-2
-4.428424E-1
3.496435E-1
2.194351E-2
5.148579E-2
1.987976E+0
3.292306E-1
2.778349E+1
1.870350E-2
3.097504E-3
2.613958E-1
4.305728E-4
3.342730E-3
1.835124E-4
0.000000E+0
0.000000E+0
0.000000E+0
0.000000E+0
0.000000E+0
0.000000E+0
5.000473E+0
3.626181E-1
3.830763E+2
2.793084E+1
9.045672E-2
-4.422758E-1
3.011213E-1
1.508098E-2
6.547141E-2
1.995836E+0
2.884958E-1
2.786309E+1
1.873435E-2
2.708029E-3
2.615429E-1
5.462770E-4
3.436227E-3
1.258319E-4
0.000000E+0
0.000000E+0
0.000000E+0
0.000000E+0
0.000000E+0
0.000000E+0
5.002072E+0
1.475918E-1
3.821570E+2
2.778306E+1
9.023506E-2
-4.587693E-1
2.820138E-1
5.658819E-3
6.400028E-2
1.966151E+0
2.769500E-1
2.771725E+1
1.850010E-2
2.605905E-3
2.607998E-1
5.352868E-4
3.436052E-3
4.732935E-5
0.000000E+0
0.000000E+0
0.000000E+0
0.000000E+0
0.000000E+0
0.000000E+0
4.998874E+0
3.168541E-2
3.821970E+2
2.788858E+1
8.684312E-2
-4.781577E-1
2.701191E-1
1.061820E-2
1.079888E-1
1.953914E+0
2.690386E-1
2.782417E+1
1.838304E-2
2.531199E-3
2.617785E-1
9.031042E-4
3.306545E-3
8.879945E-5
0.000000E+0
0.000000E+0
0.000000E+0
0.000000E+0
0.000000E+0
0.000000E+0
4.998874E+0
-8.282307E-3
3.825966E+2
2.790353E+1
8.801265E-2
-4.659812E-1
2.866412E-1
2.267326E-2
9.024710E-2
1.967156E+0
2.869256E-1
2.783800E+1
1.848829E-2
2.696666E-3
2.616350E-1
7.539432E-4
3.347574E-3
1.894172E-4
0.000000E+0
0.000000E+0
0.000000E+0
0.000000E+0
0.000000E+0
0.000000E+0
4.999674E+0
-1.547650E-2
3.822369E+2
2.777381E+1
8.901717E-2
-4.373364E-1
1.952819E-1
2.112041E-2
8.792876E-2
1.984764E+0
1.958180E-1
2.770625E+1
1.867133E-2
1.842125E-3
2.606418E-1
7.352665E-4
3.388968E-3
1.766104E-4
0.000000E+0
0.000000E+0
0.000000E+0
0.000000E+0
0.000000E+0
0.000000E+0
4.995677E+0
-8.282307E-3
3.823968E+2
2.793598E+1
8.788547E-2
-4.705953E-1
2.994536E-1
3.744847E-3
7.981354E-2
1.963830E+0
2.997375E-1
2.787084E+1
1.846667E-2
2.818550E-3
2.620805E-1
6.671275E-4
3.344484E-3
3.130159E-5
0.000000E+0
0.000000E+0
0.000000E+0
0.000000E+0
0.000000E+0
0.000000E+0
4.998075E+0
-4.285536E-3
3.823568E+2
2.792804E+1
8.401314E-2
-5.155939E-1
3.054362E-1
4.484586E-3
4.615567E-2
1.919498E+0
3.055798E-1
2.786677E+1
1.805169E-2
2.873788E-3
2.620697E-1
3.858359E-4
3.197456E-3
3.748867E-5
0.000000E+0
0.000000E+0
0.000000E+0
0.000000E+0
0.000000E+0
0.000000E+0
4.998874E+0
-5.884244E-3
3.826766E+2
2.801717E+1
8.210416E-2
-5.110381E-1
3.093772E-1
1.677985E-2
5.483481E-2
1.932183E+0
3.095757E-1
2.795513E+1
1.815580E-2
2.908934E-3
2.626810E-1
4.580057E-4
3.122192E-3
1.401531E-4
0.000000E+0
0.000000E+0
0.000000E+0
0.000000E+0
0.000000E+0
0.000000E+0
5.000473E+0
-6.683599E-3
3.829164E+2
2.789450E+1
8.720051E-2
-4.901810E-1
3.499647E-1
6.757313E-3
7.158817E-2
1.943039E+0
3.501913E-1
2.783106E+1
1.824637E-2
3.288520E-3
2.613514E-1
5.975631E-4
3.313915E-3
5.640487E-5
0.000000E+0
0.000000E+0
0.000000E+0
0.000000E+0
0.000000E+0
0.000000E+0
5.002871E+0
-5.084890E-3
3.829164E+2
2.772675E+1
8.669627E-2
-4.565587E-1
3.190692E-1
1.567252E-2
8.548977E-2
1.963081E+0
3.192434E-1
2.766093E+1
1.843459E-2
2.997899E-3
2.597538E-1
7.136031E-4
3.294752E-3
1.308222E-4
0.000000E+0
0.000000E+0
0.000000E+0
0.000000E+0
0.000000E+0
0.000000E+0
4.999674E+0
-5.884244E-3
3.821570E+2
2.779403E+1
8.842897E-2
-5.081040E-1
2.889803E-1
1.664378E-2
7.691971E-2
1.916051E+0
2.891771E-1
2.773256E+1
1.802869E-2
2.720953E-3
2.609439E-1
6.433426E-4
3.367278E-3
1.392056E-4
0.000000E+0
0.000000E+0
0.000000E+0
0.000000E+0
0.000000E+0
0.000000E+0
