1.1250E+0
278.1000E-3
247.1000E-3
0.0000E+0
4.626127E-3
-3.728049E-3
-2.300112E-3
7.199001E-6
6.436686E-6
7.641295E-7
8.414192E-2
1.094285E-1
4.311567E-3
2.887852E-4
4.356470E-5
-1.840266E-4
2.705502E-6
-2.876956E-5
1.744794E-2
7.658724E-6
-9.805268E-6
-8.760726E-6
1.250396E-5
-1.557723E-5
-5.303421E-5
4.491175E-3
-2.888617E-3
-6.148593E-4
-2.264736E-4
-6.968116E-4
1.183862E-3
-8.089314E-2
-7.690420E-2
-2.365476E-2
2.433436E-3
1.175940E-4
-7.178383E-4
1.836263E-3
9.663129E-4
1.569866E-1
0.000000E+0
0.000000E+0
0.000000E+0
0.000000E+0
0.000000E+0
0.000000E+0
0.000000E+0
0.000000E+0
0.000000E+0
0.000000E+0
0.000000E+0
0.000000E+0
0.000000E+0
0.000000E+0
0.000000E+0
0.000000E+0
0.000000E+0
0.000000E+0
0.000000E+0
0.000000E+0
0.000000E+0
0.000000E+0
0.000000E+0
0.000000E+0
0.000000E+0
0.000000E+0
0.000000E+0
0.000000E+0
0.000000E+0
0.000000E+0
0.000000E+0
0.000000E+0
0.000000E+0
0.000000E+0
0.000000E+0
0.000000E+0
1.996475E-9
5.199782E-9
-2.760318E-8
-4.689220E-10
-2.168040E-9
1.728660E-8
-3.444448E-7
-4.882751E-7
1.991860E-6
6.290669E-9
7.535733E-8
5.414719E-8
1.518504E-8
4.998959E-9
-8.950119E-8
-1.420492E-9
-1.665415E-9
-6.020329E-10
5.611280E-10
5.103021E-10
9.296878E-11
8.134883E-10
1.659342E-9
1.036299E-8
-1.802350E-8
-3.470306E-8
4.167491E-8
-1.723105E-7
3.606327E-8
3.361609E-8
-9.823723E-9
-8.811314E-9
-6.558466E-9
-1.173868E-6
-6.114814E-8
-4.568717E-8
1.132231E-6
8.480593E-6
7.354271E-6
-1.159453E-6
-3.015075E-6
1.390251E-5
-9.440176E-7
-1.140618E-7
8.378622E-7
1.161869E-8
1.597467E-8
6.115424E-8
6.466430E-9
1.879555E-8
-1.014322E-7
3.403590E-8
1.032431E-8
-9.166322E-9
5.219478E-7
1.148111E-6
5.731776E-8
-2.340801E-6
8.503058E-8
3.472826E-7
3.222097E-7
6.565984E-7
1.247992E-6
-4.787779E-6
4.048515E-7
-6.836310E-7
-4.851516E-8
-1.912664E-8
2.237352E-8
-1.310082E-7
-1.484735E-7
4.901895E-8
-1.361787E-9
-4.959133E-10
1.237971E-8
1.412774E-8
5.781397E-9
1.128518E-9
-1.845951E-8
9.870145E-10
9.844779E-8
6.284037E-7
-8.663461E-8
-3.711044E-8
-3.190391E-8
-5.467617E-8
1.293990E-7
1.019263E-7
-3.386586E-8
-1.046363E-7
-8.030354E-10
9.323295E-10
-3.452093E-8
-6.526840E-9
-8.102485E-9
1.284675E-8
1.541952E-7
-1.827735E-8
-1.439811E-6
-3.260879E-8
-1.387286E-8
8.889300E-9
1.240757E-6
1.267126E-7
-1.570103E-6
1.957590E-8
1.017922E-8
-2.145422E-9
-3.333938E-6
2.652773E-6
-9.193278E-6
-4.516831E-6
-6.541215E-6
9.978115E-6
-7.882262E-6
8.092246E-7
9.772185E-5
8.550824E-7
1.238339E-6
-1.790160E-7
1.805022E-6
1.268885E-6
1.186548E-4
-1.839610E-6
-2.523961E-6
1.969527E-6
-1.224851E-12
2.320262E-12
-1.136356E-12
2.998113E-13
4.190377E-13
3.782296E-14
-2.662576E-7
-3.577878E-7
-4.646212E-8
-2.772687E-8
2.144904E-8
2.830996E-8
1.250213E-13
-2.575326E-11
1.412401E-10
-5.133223E-12
-5.286080E-12
2.347856E-11
-2.432095E-14
-5.137532E-13
-8.615382E-14
8.642451E-13
-7.791694E-13
3.742005E-13
2.055748E-8
2.741269E-8
5.655560E-8
-3.364883E-8
-1.407908E-8
-2.257426E-8
-5.690371E-9
5.489983E-9
-8.342181E-8
-1.164467E-9
-1.336433E-8
1.320839E-7
0.000000E+0
0.000000E+0
0.000000E+0
0.000000E+0
0.000000E+0
0.000000E+0
195
4.924304E-1
-6.264837E-1
-2.007633E+0
6.590717E-1
2.589697E-2
-2.081925E+0
-1.601056E+1
4.922474E-1
-6.268193E-1
-2.007190E+0
6.589344E-1
2.603432E-2
-2.082658E+0
-1.587786E+1
4.927659E-1
-6.251717E-1
-2.003573E+0
6.591938E-1
2.591223E-2
-2.082078E+0
-1.569401E+1
4.929183E-1
-6.247446E-1
-2.001498E+0
6.593921E-1
2.600380E-2
-2.081925E+0
-1.550936E+1
4.932233E-1
-6.241192E-1
-1.999774E+0
6.588429E-1
2.608011E-2
-2.082169E+0
-1.534150E+1
4.939552E-1
-6.226242E-1
-1.995089E+0
6.593768E-1
2.626324E-2
-2.081315E+0
-1.510249E+1
4.937113E-1
-6.228835E-1
-1.994295E+0
6.589497E-1
2.597328E-2
-2.082291E+0
-1.491624E+1
4.942602E-1
-6.219072E-1
-1.991717E+0
6.592243E-1
2.635481E-2
-2.081193E+0
-1.477315E+1
4.946109E-1
-6.210987E-1
-1.988863E+0
6.591022E-1
2.604959E-2
-2.081925E+0
-1.453015E+1
4.947634E-1
-6.203970E-1
-1.986605E+0
6.592395E-1
2.620220E-2
-2.081895E+0
-1.436388E+1
4.953581E-1
-6.193444E-1
-1.982683E+0
6.589802E-1
2.617168E-2
-2.081986E+0
-1.411129E+1
4.955106E-1
-6.192833E-1
-1.981401E+0
6.593005E-1
2.637007E-2
-2.081773E+0
-1.395142E+1
4.954191E-1
-6.184291E-1
-1.979448E+0
6.592395E-1
2.638533E-2
-2.081651E+0
-1.378435E+1
4.959680E-1
-6.173765E-1
-1.975724E+0
6.590717E-1
2.626324E-2
-2.082017E+0
-1.353096E+1
4.962425E-1
-6.169951E-1
-1.974183E+0
6.593005E-1
2.626324E-2
-2.082352E+0
-1.336789E+1
4.963797E-1
-6.160951E-1
-1.971390E+0
6.593463E-1
2.640059E-2
-2.081742E+0
-1.320882E+1
4.966694E-1
-6.156069E-1
-1.968766E+0
6.592395E-1
2.633955E-2
-2.082078E+0
-1.296661E+1
4.971726E-1
-6.146001E-1
-1.966263E+0
6.592548E-1
2.641586E-2
-2.082108E+0
-1.280434E+1
4.973251E-1
-6.139136E-1
-1.963150E+0
6.594226E-1
2.644638E-2
-2.082383E+0
-1.255734E+1
4.977521E-1
-6.135170E-1
-1.961288E+0
6.593005E-1
2.655321E-2
-2.081956E+0
-1.239108E+1
4.980113E-1
-6.125864E-1
-1.958618E+0
6.593311E-1
2.653795E-2
-2.082444E+0
-1.222801E+1
4.983163E-1
-6.121593E-1
-1.955642E+0
6.593921E-1
2.650742E-2
-2.082078E+0
-1.198021E+1
4.987432E-1
-6.112898E-1
-1.953231E+0
6.595294E-1
2.675160E-2
-2.082078E+0
-1.181554E+1
4.989262E-1
-6.109236E-1
-1.951354E+0
6.595294E-1
2.659899E-2
-2.082536E+0
-1.165247E+1
4.992464E-1
-6.100236E-1
-1.948272E+0
6.594836E-1
2.646164E-2
-2.082169E+0
-1.141107E+1
4.996886E-1
-6.094287E-1
-1.945739E+0
6.595599E-1
2.659899E-2
-2.082475E+0
-1.124560E+1
4.997801E-1
-6.092914E-1
-1.944320E+0
6.594073E-1
2.649216E-2
-2.082261E+0
-1.108813E+1
5.002223E-1
-6.077659E-1
-1.940260E+0
6.596819E-1
2.669056E-2
-2.082383E+0
-1.083633E+1
5.006798E-1
-6.075981E-1
-1.938658E+0
6.597735E-1
2.698052E-2
-2.082078E+0
-1.067327E+1
5.005578E-1
-6.074455E-1
-1.937346E+0
6.596057E-1
2.670582E-2
-2.082169E+0
-1.048062E+1
5.011677E-1
-6.061489E-1
-1.932875E+0
6.596667E-1
2.679739E-2
-2.082444E+0
-1.026480E+1
5.011525E-1
-6.059963E-1
-1.932005E+0
6.595294E-1
2.662951E-2
-2.082871E+0
-1.010173E+1
5.016557E-1
-6.054166E-1
-1.929807E+0
6.598192E-1
2.669056E-2
-2.082505E+0
-9.935462E+0
5.020064E-1
-6.039674E-1
-1.925886E+0
6.595294E-1
2.655321E-2
-2.083146E+0
-9.692458E+0
5.019911E-1
-6.040132E-1
-1.924405E+0
6.593005E-1
2.649216E-2
-2.082627E+0
-9.528591E+0
5.026316E-1
-6.029148E-1
-1.920041E+0
6.594684E-1
2.672108E-2
-2.082475E+0
-9.285587E+0
5.028755E-1
-6.025182E-1
-1.918851E+0
6.597277E-1
2.681265E-2
-2.082536E+0
-9.112926E+0
5.031653E-1
-6.020453E-1
-1.916760E+0
6.596819E-1
2.666004E-2
-2.082932E+0
-8.949858E+0
5.036685E-1
-6.011758E-1
-1.913022E+0
6.595904E-1
2.659899E-2
-2.082780E+0
-8.676479E+0
5.039887E-1
-6.008554E-1
-1.911358E+0
6.596362E-1
2.658373E-2
-2.082505E+0
-8.546984E+0
5.043546E-1
-5.999706E-1
-1.909161E+0
6.596362E-1
2.653795E-2
-2.082597E+0
-8.379119E+0
5.047053E-1
-5.994062E-1
-1.905789E+0
6.596972E-1
2.675160E-2
-2.082505E+0
-8.136116E+0
5.049493E-1
-5.988112E-1
-1.903622E+0
6.598040E-1
2.696526E-2
-2.082749E+0
-7.972248E+0
5.051933E-1
-5.980332E-1
-1.901501E+0
6.599108E-1
2.704157E-2
-2.082688E+0
-7.807581E+0
5.056812E-1
-5.975298E-1
-1.898220E+0
6.597735E-1
2.691948E-2
-2.082566E+0
-7.544593E+0
5.060777E-1
-5.970112E-1
-1.896114E+0
6.597887E-1
2.672108E-2
-2.082993E+0
-7.395114E+0
5.061692E-1
-5.965840E-1
-1.894008E+0
6.598040E-1
2.693474E-2
-2.082810E+0
-7.230447E+0
5.067181E-1
-5.958213E-1
-1.890605E+0
6.599260E-1
2.704157E-2
-2.082780E+0
-6.987444E+0
5.067486E-1
-5.954552E-1
-1.889064E+0
6.597887E-1
2.695000E-2
-2.082505E+0
-6.825175E+0
5.072213E-1
-5.953941E-1
-1.887736E+0
6.599718E-1
2.679739E-2
-2.082749E+0
-6.646919E+0
5.077245E-1
-5.938992E-1
-1.883173E+0
6.600176E-1
2.696526E-2
-2.082139E+0
-6.413507E+0
5.076940E-1
-5.938381E-1
-1.882014E+0
6.597887E-1
2.691948E-2
-2.082810E+0
-6.248840E+0
5.083954E-1
-5.932890E-1
-1.879999E+0
6.600481E-1
2.681265E-2
-2.082291E+0
-6.084973E+0
5.086394E-1
-5.922821E-1
-1.876169E+0
6.599870E-1
2.710261E-2
-2.082230E+0
-5.839571E+0
5.087157E-1
-5.921753E-1
-1.874750E+0
6.600328E-1
2.710261E-2
-2.082322E+0
-5.678901E+0
5.094018E-1
-5.909092E-1
-1.870447E+0
6.598345E-1
2.727049E-2
-2.082261E+0
-5.426305E+0
5.098440E-1
-5.907719E-1
-1.868982E+0
6.601243E-1
2.693474E-2
-2.082078E+0
-5.263237E+0
5.098593E-1
-5.902380E-1
-1.866968E+0
6.600633E-1
2.707209E-2
-2.082566E+0
-5.094573E+0
5.103320E-1
-5.895973E-1
-1.863366E+0
6.602464E-1
2.687369E-2
-2.082475E+0
-4.848372E+0
5.105150E-1
-5.891701E-1
-1.861443E+0
6.599565E-1
2.705683E-2
-2.082413E+0
-4.691699E+0
5.107742E-1
-5.886515E-1
-1.859292E+0
6.600328E-1
2.696526E-2
-2.081986E+0
-4.527032E+0
5.111554E-1
-5.881328E-1
-1.856194E+0
6.601396E-1
2.711787E-2
-2.082841E+0
-4.279232E+0
5.115061E-1
-5.874006E-1
-1.854500E+0
6.602616E-1
2.734679E-2
-2.082383E+0
-4.118562E+0
5.121160E-1
-5.869734E-1
-1.851662E+0
6.600176E-1
2.713314E-2
-2.082505E+0
-3.960290E+0
5.124668E-1
-5.866988E-1
-1.848961E+0
6.601854E-1
2.711787E-2
-2.082841E+0
-3.711690E+0
5.126040E-1
-5.857835E-1
-1.846245E+0
6.599718E-1
2.719418E-2
-2.082261E+0
-3.547023E+0
5.127870E-1
-5.857988E-1
-1.844490E+0
6.601091E-1
2.716366E-2
-2.082291E+0
-3.383955E+0
5.133512E-1
-5.848682E-1
-1.840919E+0
6.602769E-1
2.719418E-2
-2.082444E+0
-3.130560E+0
5.138544E-1
-5.843953E-1
-1.838737E+0
6.602769E-1
2.749941E-2
-2.082291E+0
-2.977883E+0
5.138391E-1
-5.840750E-1
-1.837684E+0
6.602006E-1
2.720944E-2
-2.082536E+0
-2.812417E+0
5.145558E-1
-5.829919E-1
-1.833365E+0
6.601396E-1
2.736205E-2
-2.082536E+0
-2.567815E+0
5.148913E-1
-5.826563E-1
-1.831611E+0
6.603074E-1
2.739258E-2
-2.082261E+0
-2.405546E+0
5.147235E-1
-5.825190E-1
-1.830359E+0
6.604447E-1
2.731627E-2
-2.082475E+0
-2.239280E+0
5.154859E-1
-5.813749E-1
-1.825903E+0
6.604142E-1
2.746888E-2
-2.081956E+0
-1.998674E+0
5.155622E-1
-5.813291E-1
-1.824835E+0
6.604600E-1
2.728575E-2
-2.082444E+0
-1.834007E+0
5.160349E-1
-5.809325E-1
-1.822699E+0
6.603227E-1
2.713314E-2
-2.082505E+0
-1.676535E+0
5.164771E-1
-5.803070E-1
-1.820501E+0
6.603379E-1
2.736205E-2
-2.082108E+0
-1.511868E+0
5.170718E-1
-5.799104E-1
-1.817648E+0
6.604600E-1
2.736205E-2
-2.082475E+0
-1.260870E+0
5.174225E-1
-5.794222E-1
-1.815176E+0
6.605820E-1
2.757571E-2
-2.082047E+0
-1.097802E+0
5.179562E-1
-5.789341E-1
-1.811803E+0
6.604600E-1
2.725523E-2
-2.082566E+0
-8.563972E-1
5.181544E-1
-5.785985E-1
-1.810003E+0
6.605362E-1
2.739258E-2
-2.082261E+0
-6.901315E-1
5.186728E-1
-5.778815E-1
-1.807820E+0
6.604142E-1
2.751467E-2
-2.081925E+0
-5.254645E-1
5.189626E-1
-5.774696E-1
-1.804494E+0
6.605820E-1
2.757571E-2
-2.082322E+0
-2.784641E-1
5.193895E-1
-5.768289E-1
-1.802113E+0
6.606583E-1
2.762150E-2
-2.081895E+0
-1.161951E-1
5.197097E-1
-5.764933E-1
-1.800313E+0
6.607193E-1
2.745362E-2
-2.082413E+0
4.687314E-2
5.201062E-1
-5.760509E-1
-1.797001E+0
6.605515E-1
2.759097E-2
-2.082627E+0
2.898768E-1
5.206246E-1
-5.754407E-1
-1.794300E+0
6.607193E-1
2.768254E-2
-2.082200E+0
4.441522E-1
5.209601E-1
-5.752424E-1
-1.793095E+0
6.608566E-1
2.777411E-2
-2.082108E+0
6.128160E-1
5.211736E-1
-5.745864E-1
-1.789478E+0
6.607498E-1
2.751467E-2
-2.082139E+0
8.590171E-1
5.215700E-1
-5.741440E-1
-1.787403E+0
6.606888E-1
2.781989E-2
-2.082505E+0
1.018089E+0
5.220275E-1
-5.739610E-1
-1.785953E+0
6.606888E-1
2.756045E-2
-2.081986E+0
1.185953E+0
5.222715E-1
-5.731982E-1
-1.782047E+0
6.607041E-1
2.778937E-2
-2.081986E+0
1.435352E+0
5.226527E-1
-5.731677E-1
-1.780658E+0
6.607651E-1
2.769780E-2
-2.082230E+0
1.600019E+0
5.228814E-1
-5.728474E-1
-1.778949E+0
6.607651E-1
2.794198E-2
-2.082352E+0
1.765485E+0
5.236438E-1
-5.718710E-1
-1.774310E+0
6.610092E-1
2.780463E-2
-2.081437E+0
2.013285E+0
5.237201E-1
-5.717490E-1
-1.773501E+0
6.608261E-1
2.751467E-2
-2.082383E+0
2.178751E+0
5.240403E-1
-5.711693E-1
-1.771243E+0
6.609634E-1
2.756045E-2
-2.082322E+0
2.338622E+0
5.244062E-1
-5.708795E-1
-1.768069E+0
6.607193E-1
2.759097E-2
-2.082536E+0
2.593616E+0
5.247722E-1
-5.705134E-1
-1.766161E+0
6.608108E-1
2.766728E-2
-2.082444E+0
2.743895E+0
5.251992E-1
-5.699794E-1
-1.763872E+0
6.608566E-1
2.759097E-2
-2.082139E+0
2.902966E+0
5.254889E-1
-5.699337E-1
-1.760988E+0
6.607803E-1
2.765202E-2
-2.082383E+0
3.152365E+0
5.259921E-1
-5.692167E-1
-1.758547E+0
6.606735E-1
2.757571E-2
-2.082108E+0
3.309838E+0
5.263275E-1
-5.688963E-1
-1.755388E+0
6.607193E-1
2.752993E-2
-2.082413E+0
3.544848E+0
5.266782E-1
-5.684845E-1
-1.753633E+0
6.607803E-1
2.769780E-2
-2.082230E+0
3.715910E+0
5.271052E-1
-5.678285E-1
-1.751283E+0
6.609939E-1
2.792672E-2
-2.081346E+0
3.880577E+0
5.273034E-1
-5.676454E-1
-1.749742E+0
6.608719E-1
2.781989E-2
-2.081590E+0
4.046043E+0
5.279134E-1
-5.672183E-1
-1.746049E+0
6.608108E-1
2.781989E-2
-2.081834E+0
4.286649E+0
5.282641E-1
-5.668979E-1
-1.744248E+0
6.608414E-1
2.798777E-2
-2.081742E+0
4.448918E+0
5.284776E-1
-5.668979E-1
-1.743119E+0
6.611007E-1
2.768254E-2
-2.081773E+0
4.616783E+0
5.291027E-1
-5.659674E-1
-1.738877E+0
6.609787E-1
2.772832E-2
-2.081803E+0
4.862184E+0
5.294992E-1
-5.659674E-1
-1.737305E+0
6.610549E-1
2.789620E-2
-2.082139E+0
5.023654E+0
5.298194E-1
-5.652962E-1
-1.733459E+0
6.609787E-1
2.791146E-2
-2.082078E+0
5.269855E+0
5.301091E-1
-5.650521E-1
-1.731720E+0
6.610854E-1
2.775885E-2
-2.081834E+0
5.432924E+0
5.302159E-1
-5.649606E-1
-1.730163E+0
6.613448E-1
2.774359E-2
-2.082108E+0
5.591995E+0
5.306123E-1
-5.644572E-1
-1.728363E+0
6.609939E-1
2.785041E-2
-2.081223E+0
5.766255E+0
5.314205E-1
-5.641978E-1
-1.724746E+0
6.610397E-1
2.781989E-2
-2.081895E+0
6.002064E+0
5.315272E-1
-5.637859E-1
-1.723129E+0
6.609939E-1
2.791146E-2
-2.081681E+0
6.163534E+0
5.318474E-1
-5.633588E-1
-1.721129E+0
6.611007E-1
2.789620E-2
-2.081468E+0
6.325803E+0
5.323049E-1
-5.630384E-1
-1.717406E+0
6.610397E-1
2.781989E-2
-2.082047E+0
6.567208E+0
5.327623E-1
-5.627334E-1
-1.715438E+0
6.610549E-1
2.791146E-2
-2.081925E+0
6.727879E+0
5.330368E-1
-5.623215E-1
-1.713759E+0
6.611465E-1
2.788094E-2
-2.081712E+0
6.893345E+0
5.337535E-1
-5.618333E-1
-1.710158E+0
6.613448E-1
2.778937E-2
-2.081498E+0
7.136349E+0
5.340585E-1
-5.614824E-1
-1.708433E+0
6.612533E-1
2.774359E-2
-2.081346E+0
7.301016E+0
5.342262E-1
-5.613909E-1
-1.706694E+0
6.611770E-1
2.789620E-2
-2.081834E+0
7.461686E+0
5.348819E-1
-5.608875E-1
-1.703138E+0
6.610854E-1
2.786568E-2
-2.081468E+0
7.707088E+0
5.350953E-1
-5.605824E-1
-1.701353E+0
6.610854E-1
2.798777E-2
-2.081498E+0
7.861364E+0
5.355071E-1
-5.604451E-1
-1.699781E+0
6.611312E-1
2.780463E-2
-2.081956E+0
8.029228E+0
5.360255E-1
-5.596519E-1
-1.696332E+0
6.609481E-1
2.803355E-2
-2.081681E+0
8.276229E+0
5.363915E-1
-5.597434E-1
-1.694150E+0
6.612685E-1
2.812512E-2
-2.081986E+0
8.436900E+0
5.368794E-1
-5.595603E-1
-1.692655E+0
6.612838E-1
2.823195E-2
-2.081895E+0
8.604764E+0
5.372759E-1
-5.587671E-1
-1.688931E+0
6.611007E-1
2.824721E-2
-2.081773E+0
8.833380E+0
5.376418E-1
-5.587976E-1
-1.687298E+0
6.614363E-1
2.804881E-2
-2.081895E+0
9.011636E+0
5.378096E-1
-5.583552E-1
-1.685437E+0
6.612838E-1
2.788094E-2
-2.081712E+0
9.174704E+0
5.384042E-1
-5.581569E-1
-1.681988E+0
6.611770E-1
2.792672E-2
-2.082261E+0
9.417708E+0
5.389074E-1
-5.578823E-1
-1.680416E+0
6.614363E-1
2.812512E-2
-2.082200E+0
9.582376E+0
5.391972E-1
-5.573331E-1
-1.678356E+0
6.614211E-1
2.785041E-2
-2.081986E+0
9.743046E+0
5.396699E-1
-5.572111E-1
-1.675121E+0
6.614821E-1
2.786568E-2
-2.082078E+0
9.991645E+0
5.399748E-1
-5.568297E-1
-1.673275E+0
6.612227E-1
2.803355E-2
-2.082139E+0
1.015631E+1
5.403560E-1
-5.570280E-1
-1.671718E+0
6.614058E-1
2.789620E-2
-2.082108E+0
1.032018E+1
5.410117E-1
-5.563720E-1
-1.668102E+0
6.617414E-1
2.786568E-2
-2.082200E+0
1.056958E+1
5.412862E-1
-5.559449E-1
-1.666011E+0
6.616499E-1
2.801829E-2
-2.081895E+0
1.072625E+1
5.416979E-1
-5.560364E-1
-1.664668E+0
6.616499E-1
2.797250E-2
-2.081773E+0
1.089092E+1
5.423841E-1
-5.554110E-1
-1.661143E+0
6.615736E-1
2.786568E-2
-2.081498E+0
1.113872E+1
5.423688E-1
-5.552584E-1
-1.659373E+0
6.620008E-1
2.801829E-2
-2.081590E+0
1.130339E+1
5.432227E-1
-5.550601E-1
-1.655909E+0
6.618787E-1
2.820142E-2
-2.081468E+0
1.155279E+1
5.434057E-1
-5.546177E-1
-1.654215E+0
6.616041E-1
2.809459E-2
-2.081315E+0
1.171905E+1
5.437869E-1
-5.548008E-1
-1.652476E+0
6.618177E-1
2.821668E-2
-2.081590E+0
1.187733E+1
5.442444E-1
-5.538702E-1
-1.648828E+0
6.618635E-1
2.826247E-2
-2.081407E+0
1.212193E+1
5.445798E-1
-5.539008E-1
-1.647165E+0
6.617719E-1
2.830825E-2
-2.081346E+0
1.228020E+1
5.446408E-1
-5.539770E-1
-1.645822E+0
6.615736E-1
2.817090E-2
-2.082078E+0
1.244247E+1
5.454032E-1
-5.533058E-1
-1.642023E+0
6.619092E-1
2.806407E-2
-2.081956E+0
1.268467E+1
5.458607E-1
-5.534126E-1
-1.640390E+0
6.620771E-1
2.820142E-2
-2.081468E+0
1.284455E+1
5.459979E-1
-5.533516E-1
-1.638620E+0
6.620618E-1
2.801829E-2
-2.081681E+0
1.300841E+1
5.463944E-1
-5.528329E-1
-1.636773E+0
6.618330E-1
2.803355E-2
-2.081559E+0
1.317148E+1
5.472940E-1
-5.527871E-1
-1.633538E+0
6.619550E-1
2.821668E-2
-2.081742E+0
1.341369E+1
5.473093E-1
-5.522837E-1
-1.631615E+0
6.618940E-1
2.839982E-2
-2.081346E+0
1.357596E+1
5.478887E-1
-5.524058E-1
-1.629906E+0
6.619855E-1
2.820142E-2
-2.081895E+0
1.373823E+1
5.482699E-1
-5.519939E-1
-1.626732E+0
6.618482E-1
2.830825E-2
-2.081681E+0
1.399002E+1
5.484834E-1
-5.518108E-1
-1.624825E+0
6.617262E-1
2.830825E-2
-2.081376E+0
1.415229E+1
5.489104E-1
-5.517651E-1
-1.623253E+0
6.620771E-1
2.827773E-2
-2.081681E+0
1.430976E+1
5.495203E-1
-5.513532E-1
-1.619652E+0
6.618940E-1
2.821668E-2
-2.081376E+0
1.456556E+1
5.498405E-1
-5.511396E-1
-1.618019E+0
6.621076E-1
2.830825E-2
-2.081590E+0
1.472303E+1
5.500693E-1
-5.511091E-1
-1.616539E+0
6.619703E-1
2.826247E-2
-2.081529E+0
1.488130E+1
5.508927E-1
-5.506209E-1
-1.613136E+0
6.618482E-1
2.807933E-2
-2.081834E+0
1.512511E+1
5.512434E-1
-5.506057E-1
-1.611244E+0
6.619855E-1
2.817090E-2
-2.081956E+0
1.529377E+1
5.514873E-1
-5.506209E-1
-1.609428E+0
6.621991E-1
2.847613E-2
-2.082017E+0
1.545844E+1
5.521278E-1
-5.501480E-1
-1.606147E+0
6.620008E-1
2.826247E-2
-2.081620E+0
1.569985E+1
5.523108E-1
-5.501023E-1
-1.604606E+0
6.620008E-1
2.809459E-2
-2.081834E+0
1.586132E+1
5.525090E-1
-5.498429E-1
-1.602866E+0
6.620160E-1
2.821668E-2
-2.081620E+0
1.602199E+1
5.529817E-1
-5.500565E-1
-1.599478E+0
6.619703E-1
2.812512E-2
-2.081834E+0
1.626179E+1
5.534544E-1
-5.494616E-1
-1.597662E+0
6.621228E-1
2.803355E-2
-2.081803E+0
1.644325E+1
5.538356E-1
-5.491717E-1
-1.595877E+0
6.619245E-1
2.812512E-2
-2.080918E+0
1.659113E+1
5.543998E-1
-5.493395E-1
-1.592703E+0
6.620008E-1
2.801829E-2
-2.082047E+0
1.683253E+1
5.549487E-1
-5.488971E-1
-1.591131E+0
6.624279E-1
2.820142E-2
-2.081254E+0
1.699640E+1
5.552842E-1
-5.489276E-1
-1.589544E+0
6.620008E-1
2.814038E-2
-2.081590E+0
1.715867E+1
5.559856E-1
-5.488819E-1
-1.586080E+0
6.622754E-1
2.823195E-2
-2.081437E+0
1.739848E+1
5.560924E-1
-5.486683E-1
-1.584417E+0
6.623517E-1
2.798777E-2
-2.081101E+0
1.757194E+1
5.564431E-1
-5.486378E-1
-1.582723E+0
6.623669E-1
2.814038E-2
-2.081254E+0
1.773181E+1
5.573122E-1
-5.481344E-1
-1.579427E+0
6.623364E-1
2.807933E-2
-2.081498E+0
1.797801E+1
5.575105E-1
-5.483785E-1
-1.577901E+0
6.622449E-1
2.817090E-2
-2.081315E+0
1.813548E+1
5.577544E-1
-5.479056E-1
-1.576085E+0
6.624279E-1
2.815564E-2
-2.081315E+0
1.829855E+1
5.583034E-1
-5.476767E-1
-1.572987E+0
6.622144E-1
2.814038E-2
-2.081254E+0
1.854236E+1
5.586998E-1
-5.479513E-1
-1.571324E+0
6.622449E-1
2.804881E-2
-2.081193E+0
1.871022E+1
5.589591E-1
-5.477683E-1
-1.569569E+0
6.623974E-1
2.827773E-2
-2.081315E+0
1.886130E+1
5.597062E-1
-5.476615E-1
-1.566181E+0
6.622296E-1
2.838456E-2
-2.081529E+0
1.911310E+1
5.599959E-1
-5.476462E-1
-1.564701E+0
6.624127E-1
2.830825E-2
-2.081590E+0
1.927697E+1
5.603924E-1
-5.475089E-1
-1.562977E+0
6.623669E-1
2.832351E-2
-2.081498E+0
1.944403E+1
5.610633E-1
-5.474174E-1
-1.559864E+0
6.624127E-1
2.824721E-2
-2.081803E+0
1.969183E+1
5.614445E-1
-5.472649E-1
-1.558124E+0
6.623669E-1
2.804881E-2
-2.081437E+0
1.984691E+1
5.618105E-1
-5.471733E-1
-1.556522E+0
6.621228E-1
2.832351E-2
-2.081284E+0
2.002037E+1
5.624509E-1
-5.469293E-1
-1.553424E+0
6.624127E-1
2.801829E-2
-2.081559E+0
2.026018E+1
5.625729E-1
-5.468072E-1
-1.551715E+0
6.623822E-1
2.839982E-2
-2.081681E+0
2.042804E+1
5.628016E-1
-5.468072E-1
-1.550158E+0
6.625042E-1
2.824721E-2
-2.081712E+0
2.058551E+1
5.634268E-1
-5.469140E-1
-1.547076E+0
6.623364E-1
2.836930E-2
-2.081590E+0
2.082772E+1
5.638538E-1
-5.467614E-1
-1.545626E+0
6.623822E-1
2.826247E-2
-2.081590E+0
2.100518E+1
239
1.600280E+1
-5.084890E-3
3.819971E+2
1.050797E+2
-1.330079E+0
-2.000693E+1
5.688018E-1
6.717011E-2
1.578038E-1
9.737165E+0
5.696660E-1
1.065233E+2
9.165822E-2
5.362400E-3
1.002729E+0
1.320395E-3
-5.066916E-2
5.620339E-4
0.000000E+0
0.000000E+0
0.000000E+0
0.000000E+0
0.000000E+0
0.000000E+0
1.600280E+1
-2.686827E-3
3.831962E+2
1.047560E+2
-1.335543E+0
-1.994521E+1
6.185234E-1
6.145462E-2
1.534613E-1
9.707262E+0
6.189786E-1
1.061951E+2
9.109082E-2
5.808360E-3
9.965115E-1
1.280042E-3
-5.071812E-2
5.126015E-4
0.000000E+0
0.000000E+0
0.000000E+0
0.000000E+0
0.000000E+0
0.000000E+0
1.600040E+1
-5.884244E-3
3.825167E+2
1.039102E+2
-1.290548E+0
-1.987922E+1
6.609827E-1
5.457313E-2
1.923796E-1
9.533072E+0
6.619617E-1
1.053643E+2
8.961516E-2
6.222738E-3
9.904715E-1
1.607515E-3
-4.909644E-2
4.560106E-4
0.000000E+0
0.000000E+0
0.000000E+0
0.000000E+0
0.000000E+0
0.000000E+0
1.600120E+1
-5.884244E-3
3.825167E+2
1.042110E+2
-1.284145E+0
-1.990142E+1
5.444284E-1
1.048315E-1
3.112483E-1
9.596125E+0
5.454140E-1
1.056594E+2
9.020788E-2
5.127136E-3
9.932457E-1
2.600777E-3
-4.885287E-2
8.759677E-4
0.000000E+0
0.000000E+0
0.000000E+0
0.000000E+0
0.000000E+0
0.000000E+0
1.600280E+1
-3.486181E-3
3.821970E+2
1.042548E+2
-1.293581E+0
-2.000170E+1
6.590323E-1
1.712690E-2
1.312668E-1
9.514788E+0
6.596112E-1
1.057289E+2
8.951811E-2
6.205829E-3
9.947309E-1
1.097777E-3
-4.925300E-2
1.432313E-4
0.000000E+0
0.000000E+0
0.000000E+0
0.000000E+0
0.000000E+0
0.000000E+0
1.600280E+1
-1.761467E-1
3.822369E+2
1.039803E+2
-1.305498E+0
-1.974303E+1
5.906609E-1
8.682021E-2
2.954801E-1
9.685934E+0
6.204417E-1
1.053937E+2
9.111878E-2
5.836699E-3
9.914736E-1
2.470826E-3
-4.970153E-2
7.259968E-4
0.000000E+0
0.000000E+0
0.000000E+0
0.000000E+0
0.000000E+0
0.000000E+0
1.599880E+1
-3.959691E-1
3.821570E+2
1.042857E+2
-1.294339E+0
-1.985096E+1
5.033342E-1
7.614409E-2
3.386352E-1
9.657166E+0
5.700876E-1
1.057178E+2
9.086714E-2
5.364124E-3
9.947298E-1
2.832284E-3
-4.928701E-2
6.368555E-4
0.000000E+0
0.000000E+0
0.000000E+0
0.000000E+0
0.000000E+0
0.000000E+0
1.600040E+1
-5.006845E-1
3.825966E+2
1.044720E+2
-1.314375E+0
-1.981666E+1
4.392408E-1
9.187859E-2
4.291417E-1
9.743919E+0
5.244079E-1
1.058871E+2
9.157808E-2
4.928640E-3
9.951781E-1
3.585140E-3
-4.999244E-2
7.675730E-4
0.000000E+0
0.000000E+0
0.000000E+0
0.000000E+0
0.000000E+0
0.000000E+0
1.600040E+1
-7.245037E-1
3.819971E+2
1.042279E+2
-1.301695E+0
-1.988511E+1
5.784366E-1
4.320368E-2
3.137158E-1
9.606969E+0
6.999692E-1
1.056713E+2
9.043266E-2
6.588975E-3
9.947087E-1
2.624961E-3
-4.958788E-2
3.614990E-4
0.000000E+0
0.000000E+0
0.000000E+0
0.000000E+0
0.000000E+0
0.000000E+0
1.599960E+1
-9.427275E-1
3.822769E+2
1.044807E+2
-1.303904E+0
-1.986266E+1
4.623445E-1
7.150783E-2
4.568781E-1
9.695928E+0
6.219554E-1
1.059083E+2
9.120326E-2
5.850328E-3
9.962099E-1
3.820047E-3
-4.963566E-2
5.978910E-4
0.000000E+0
0.000000E+0
0.000000E+0
0.000000E+0
0.000000E+0
0.000000E+0
1.600040E+1
-1.165747E+0
3.823568E+2
1.044835E+2
-1.312262E+0
-1.978184E+1
2.414928E-1
1.123453E-1
6.644973E-1
9.777842E+0
4.405115E-1
1.058885E+2
9.195454E-2
4.142737E-3
9.958160E-1
5.554831E-3
-4.994339E-2
9.391444E-4
0.000000E+0
0.000000E+0
0.000000E+0
0.000000E+0
0.000000E+0
0.000000E+0
1.599960E+1
-1.272861E+0
3.822769E+2
1.042077E+2
-1.304945E+0
-1.974095E+1
3.135893E-1
7.611086E-2
6.228057E-1
9.737228E+0
5.300207E-1
1.056123E+2
9.159174E-2
4.985558E-3
9.934261E-1
5.207401E-3
-4.967529E-2
6.363779E-4
0.000000E+0
0.000000E+0
0.000000E+0
0.000000E+0
0.000000E+0
0.000000E+0
1.600040E+1
-1.499078E+0
3.820771E+2
1.039409E+2
-1.275331E+0
-1.966642E+1
3.345359E-1
7.347892E-2
7.220576E-1
9.734066E+0
5.893892E-1
1.053351E+2
9.160989E-2
5.546898E-3
9.913369E-1
6.040423E-3
-4.857338E-2
6.146930E-4
0.000000E+0
0.000000E+0
0.000000E+0
0.000000E+0
0.000000E+0
0.000000E+0
1.600040E+1
-1.716502E+0
3.825167E+2
1.046040E+2
-1.307509E+0
-1.979196E+1
2.788558E-1
7.393865E-2
7.492129E-1
9.795519E+0
5.725291E-1
1.060072E+2
9.208228E-2
5.382030E-3
9.965151E-1
6.260389E-3
-4.974167E-2
6.178280E-4
0.000000E+0
0.000000E+0
0.000000E+0
0.000000E+0
0.000000E+0
0.000000E+0
1.600200E+1
-1.833208E+0
3.818772E+2
1.047381E+2
-1.344508E+0
-1.968339E+1
2.703516E-1
7.934337E-2
9.081370E-1
9.938795E+0
5.885955E-1
1.061058E+2
9.358559E-2
5.542328E-3
9.991127E-1
7.601059E-3
-5.123490E-2
6.640998E-4
0.000000E+0
0.000000E+0
0.000000E+0
0.000000E+0
0.000000E+0
0.000000E+0
1.599960E+1
-2.053030E+0
3.820371E+2
1.044458E+2
-1.330915E+0
-1.966997E+1
2.829840E-1
4.966062E-2
7.729626E-1
9.863973E+0
6.367644E-1
1.058216E+2
9.284219E-2
5.993386E-3
9.960197E-1
6.466949E-3
-5.069568E-2
4.154829E-4
0.000000E+0
0.000000E+0
0.000000E+0
0.000000E+0
0.000000E+0
0.000000E+0
1.600040E+1
-2.268057E+0
3.819172E+2
1.042588E+2
-1.310737E+0
-1.968615E+1
1.197683E-1
8.988340E-2
8.429611E-1
9.802390E+0
5.080932E-1
1.056462E+2
9.229152E-2
4.783802E-3
9.946803E-1
7.054802E-3
-4.994278E-2
7.522406E-4
0.000000E+0
0.000000E+0
0.000000E+0
0.000000E+0
0.000000E+0
0.000000E+0
1.600040E+1
-2.383164E+0
3.821970E+2
1.043193E+2
-1.293256E+0
-1.971969E+1
1.602214E-1
8.262846E-2
1.025704E+0
9.784109E+0
5.675558E-1
1.057135E+2
9.205196E-2
5.339742E-3
9.945859E-1
8.577908E-3
-4.924063E-2
6.910173E-4
0.000000E+0
0.000000E+0
0.000000E+0
0.000000E+0
0.000000E+0
0.000000E+0
1.599801E+1
-2.576607E+0
3.823568E+2
1.039975E+2
-1.255912E+0
-1.953979E+1
1.884628E-1
1.265993E-1
1.429832E+0
9.860620E+0
6.323876E-1
1.053551E+2
9.273302E-2
5.947213E-3
9.907990E-1
1.195261E-2
-4.779876E-2
1.058300E-3
0.000000E+0
0.000000E+0
0.000000E+0
0.000000E+0
0.000000E+0
0.000000E+0
1.601399E+1
-2.814016E+0
3.824368E+2
1.043573E+2
-1.307321E+0
-1.953336E+1
9.942548E-2
1.476375E-1
1.329036E+0
9.996948E+0
5.909292E-1
1.056963E+2
9.399544E-2
5.556161E-3
9.938006E-1
1.110768E-2
-4.974494E-2
1.233910E-3
0.000000E+0
0.000000E+0
0.000000E+0
0.000000E+0
0.000000E+0
0.000000E+0
1.600280E+1
-3.017052E+0
3.823568E+2
1.043833E+2
-1.252016E+0
-1.959951E+1
1.616477E-1
1.223991E-1
1.497052E+0
9.914553E+0
6.844306E-1
1.057415E+2
9.324022E-2
6.436645E-3
9.944332E-1
1.251453E-2
-4.765048E-2
1.023189E-3
0.000000E+0
0.000000E+0
0.000000E+0
0.000000E+0
0.000000E+0
0.000000E+0
1.599880E+1
-3.144948E+0
3.825167E+2
1.041492E+2
-1.268228E+0
-1.946718E+1
1.083236E-1
1.583444E-1
1.544490E+0
9.971172E+0
6.563520E-1
1.054808E+2
9.373349E-2
6.170003E-3
9.915666E-1
1.290569E-2
-4.824733E-2
1.323119E-3
0.000000E+0
0.000000E+0
0.000000E+0
0.000000E+0
0.000000E+0
0.000000E+0
1.600120E+1
-3.369567E+0
3.825567E+2
1.041067E+2
-1.257909E+0
-1.951517E+1
3.119602E-2
1.953691E-1
1.707983E+0
9.919712E+0
6.153021E-1
1.054527E+2
9.324001E-2
5.783512E-3
9.911993E-1
1.427034E-2
-4.784974E-2
1.632325E-3
0.000000E+0
0.000000E+0
0.000000E+0
0.000000E+0
0.000000E+0
0.000000E+0
1.599801E+1
-3.592587E+0
3.823568E+2
1.038775E+2
-1.226007E+0
-1.950916E+1
2.370513E-1
1.056682E-1
1.515928E+0
9.841184E+0
8.553945E-1
1.052313E+2
9.255023E-2
8.044455E-3
9.896347E-1
1.267232E-2
-4.666061E-2
8.833281E-4
0.000000E+0
0.000000E+0
0.000000E+0
0.000000E+0
0.000000E+0
0.000000E+0
1.600120E+1
-3.811610E+0
3.825567E+2
1.043133E+2
-1.277080E+0
-1.953684E+1
-4.532975E-2
1.580052E-1
1.683146E+0
9.955781E+0
6.178582E-1
1.056572E+2
9.357903E-2
5.807538E-3
9.931215E-1
1.406283E-2
-4.857899E-2
1.320147E-3
0.000000E+0
0.000000E+0
0.000000E+0
0.000000E+0
0.000000E+0
0.000000E+0
1.599960E+1
-3.925917E+0
3.827565E+2
1.047038E+2
-1.264340E+0
-1.967446E+1
8.736402E-3
1.379643E-1
1.703644E+0
9.923297E+0
6.897692E-1
1.060708E+2
9.322500E-2
6.480078E-3
9.964886E-1
1.422665E-2
-4.806929E-2
1.152102E-3
0.000000E+0
0.000000E+0
0.000000E+0
0.000000E+0
0.000000E+0
0.000000E+0
1.600360E+1
-4.132151E+0
3.822769E+2
1.036597E+2
-1.251490E+0
-1.930578E+1
1.252564E-2
1.264377E-1
1.800549E+0
9.994229E+0
7.345907E-1
1.049649E+2
9.400918E-2
6.909814E-3
9.873359E-1
1.505474E-2
-4.764042E-2
1.057170E-3
0.000000E+0
0.000000E+0
0.000000E+0
0.000000E+0
0.000000E+0
0.000000E+0
1.599481E+1
-4.357569E+0
3.816774E+2
1.042540E+2
-1.250843E+0
-1.955974E+1
-7.004009E-2
1.670829E-1
1.778778E+0
9.901323E+0
6.842465E-1
1.056076E+2
9.328156E-2
6.446369E-3
9.949423E-1
1.489607E-2
-4.769059E-2
1.399207E-3
0.000000E+0
0.000000E+0
0.000000E+0
0.000000E+0
0.000000E+0
0.000000E+0
1.600040E+1
-4.579789E+0
3.821970E+2
1.041443E+2
-1.258952E+0
-1.937474E+1
-3.808301E-1
2.156156E-1
2.084767E+0
1.008082E+1
4.254547E-1
1.054502E+2
9.484352E-2
4.002811E-3
9.921089E-1
1.743480E-2
-4.793451E-2
1.803181E-3
0.000000E+0
0.000000E+0
0.000000E+0
0.000000E+0
0.000000E+0
0.000000E+0
1.600040E+1
-4.691699E+0
3.822769E+2
1.041253E+2
-1.246090E+0
-1.950442E+1
-1.126295E-1
1.717364E-1
1.961988E+0
9.928570E+0
7.018207E-1
1.054677E+2
9.339157E-2
6.601568E-3
9.920659E-1
1.640457E-2
-4.743484E-2
1.435922E-3
0.000000E+0
0.000000E+0
0.000000E+0
0.000000E+0
0.000000E+0
0.000000E+0
1.599081E+1
-4.915518E+0
3.827565E+2
1.042448E+2
-1.259521E+0
-1.938111E+1
-2.054952E-1
1.517913E-1
2.042646E+0
1.006701E+1
6.595404E-1
1.055503E+2
9.457517E-2
6.196092E-3
9.915984E-1
1.705756E-2
-4.788604E-2
1.267567E-3
0.000000E+0
0.000000E+0
0.000000E+0
0.000000E+0
0.000000E+0
0.000000E+0
1.599481E+1
-5.135340E+0
3.820771E+2
1.049174E+2
-1.279797E+0
-1.970809E+1
-2.677942E-1
1.745101E-1
1.976308E+0
9.948853E+0
6.252238E-1
1.062862E+2
9.363130E-2
5.884147E-3
1.000288E+0
1.653294E-2
-4.874348E-2
1.459876E-3
0.000000E+0
0.000000E+0
0.000000E+0
0.000000E+0
0.000000E+0
0.000000E+0
1.599801E+1
-5.359159E+0
3.825567E+2
1.039005E+2
-1.219684E+0
-1.947130E+1
-2.259564E-1
1.593693E-1
2.194933E+0
9.895922E+0
7.013752E-1
1.052429E+2
9.301640E-2
6.592553E-3
9.892274E-1
1.833884E-2
-4.639570E-2
1.331544E-3
0.000000E+0
0.000000E+0
0.000000E+0
0.000000E+0
0.000000E+0
0.000000E+0
1.601159E+1
-5.473467E+0
3.823568E+2
1.042346E+2
-1.250710E+0
-1.951321E+1
-2.007962E-1
1.418740E-1
2.271504E+0
9.968578E+0
7.534900E-1
1.055732E+2
9.374829E-2
7.086106E-3
9.928508E-1
1.898852E-2
-4.760078E-2
1.185988E-3
0.000000E+0
0.000000E+0
0.000000E+0
0.000000E+0
0.000000E+0
0.000000E+0
1.600040E+1
-5.681299E+0
3.823169E+2
1.036823E+2
-1.210555E+0
-1.937397E+1
-4.520978E-1
1.994911E-1
2.332492E+0
9.951845E+0
5.357162E-1
1.050059E+2
9.360071E-2
5.038605E-3
9.876187E-1
1.950038E-2
-4.607733E-2
1.667810E-3
0.000000E+0
0.000000E+0
0.000000E+0
0.000000E+0
0.000000E+0
0.000000E+0
1.600120E+1
-5.906717E+0
3.827565E+2
1.042807E+2
-1.273472E+0
-1.941726E+1
-4.254795E-1
1.775356E-1
2.431766E+0
1.007108E+1
6.141877E-1
1.055930E+2
9.461337E-2
5.770023E-3
9.919997E-1
2.030699E-2
-4.841648E-2
1.482550E-3
0.000000E+0
0.000000E+0
0.000000E+0
0.000000E+0
0.000000E+0
0.000000E+0
1.601159E+1
-6.015429E+0
3.824368E+2
1.039996E+2
-1.225975E+0
-1.947416E+1
-4.347392E-1
1.751701E-1
2.398127E+0
9.958384E+0
6.122335E-1
1.053366E+2
9.363285E-2
5.756472E-3
9.904181E-1
2.004283E-2
-4.664962E-2
1.464019E-3
0.000000E+0
0.000000E+0
0.000000E+0
0.000000E+0
0.000000E+0
0.000000E+0
1.600520E+1
-6.232054E+0
3.825966E+2
1.038886E+2
-1.264936E+0
-1.944589E+1
-3.034489E-1
1.071701E-1
2.335898E+0
9.926648E+0
7.787456E-1
1.052232E+2
9.329546E-2
7.319029E-3
9.889387E-1
1.951458E-2
-4.811202E-2
8.953215E-4
0.000000E+0
0.000000E+0
0.000000E+0
0.000000E+0
0.000000E+0
0.000000E+0
1.601159E+1
-6.446281E+0
3.824767E+2
1.035445E+2
-1.238073E+0
-1.931480E+1
-3.936107E-1
1.562041E-1
2.540059E+0
9.976370E+0
7.310747E-1
1.048552E+2
9.379216E-2
6.873149E-3
9.857892E-1
2.122683E-2
-4.710504E-2
1.305371E-3
0.000000E+0
0.000000E+0
0.000000E+0
0.000000E+0
0.000000E+0
0.000000E+0
1.600520E+1
-6.676495E+0
3.825966E+2
1.039976E+2
-1.250052E+0
-1.940798E+1
-6.500104E-1
1.821430E-1
2.530539E+0
1.002665E+1
5.192422E-1
1.053175E+2
9.423532E-2
4.880090E-3
9.898253E-1
2.114065E-2
-4.754592E-2
1.521660E-3
0.000000E+0
0.000000E+0
0.000000E+0
0.000000E+0
0.000000E+0
0.000000E+0
1.600520E+1
-6.785207E+0
3.815575E+2
1.043498E+2
-1.265346E+0
-1.938970E+1
-7.683043E-1
2.087307E-1
2.643285E+0
1.015352E+1
4.343519E-1
1.056511E+2
9.568761E-2
4.093368E-3
9.956647E-1
2.214270E-2
-4.825871E-2
1.748529E-3
0.000000E+0
0.000000E+0
0.000000E+0
0.000000E+0
0.000000E+0
0.000000E+0
1.600360E+1
-7.006628E+0
3.824767E+2
1.038929E+2
-1.228662E+0
-1.940949E+1
-7.161674E-1
1.806949E-1
2.716703E+0
9.998574E+0
5.072887E-1
1.052177E+2
9.400090E-2
4.769240E-3
9.891965E-1
2.270302E-2
-4.674697E-2
1.510036E-3
0.000000E+0
0.000000E+0
0.000000E+0
0.000000E+0
0.000000E+0
0.000000E+0
1.600200E+1
-7.235243E+0
3.821170E+2
1.038804E+2
-1.245533E+0
-1.931411E+1
-6.765118E-1
1.864106E-1
2.782834E+0
1.007609E+1
5.972620E-1
1.051796E+2
9.481887E-2
5.620403E-3
9.897697E-1
2.327756E-2
-4.743349E-2
1.559268E-3
0.000000E+0
0.000000E+0
0.000000E+0
0.000000E+0
0.000000E+0
0.000000E+0
1.600600E+1
-7.454266E+0
3.824767E+2
1.038640E+2
-1.250064E+0
-1.926539E+1
-9.243604E-1
2.445128E-1
2.728416E+0
1.015512E+1
3.964626E-1
1.051497E+2
9.547267E-2
3.727315E-3
9.885578E-1
2.280090E-2
-4.756126E-2
2.043352E-3
0.000000E+0
0.000000E+0
0.000000E+0
0.000000E+0
0.000000E+0
0.000000E+0
1.601719E+1
-7.558982E+0
3.825966E+2
1.037452E+2
-1.247727E+0
-1.931632E+1
-6.925592E-1
1.355753E-1
2.725796E+0
1.006321E+1
6.367562E-1
1.050475E+2
9.457889E-2
5.984544E-3
9.872878E-1
2.277187E-2
-4.745748E-2
1.132624E-3
0.000000E+0
0.000000E+0
0.000000E+0
0.000000E+0
0.000000E+0
0.000000E+0
1.599960E+1
-7.782801E+0
3.832361E+2
1.035582E+2
-1.229435E+0
-1.922258E+1
-5.570152E-1
1.235197E-1
2.858811E+0
1.004857E+1
8.112156E-1
1.048451E+2
9.428370E-2
7.611475E-3
9.837406E-1
2.384325E-2
-4.668373E-2
1.030188E-3
0.000000E+0
0.000000E+0
0.000000E+0
0.000000E+0
0.000000E+0
0.000000E+0
1.600680E+1
-8.005821E+0
3.823568E+2
1.038057E+2
-1.241858E+0
-1.938131E+1
-9.299882E-1
2.210100E-1
2.814832E+0
1.002681E+1
4.710746E-1
1.051255E+2
9.429597E-2
4.430164E-3
9.886400E-1
2.353044E-2
-4.726387E-2
1.847521E-3
0.000000E+0
0.000000E+0
0.000000E+0
0.000000E+0
0.000000E+0
0.000000E+0
1.600600E+1
-8.106539E+0
3.819971E+2
1.040902E+2
-1.261643E+0
-1.931875E+1
-9.412826E-1
1.926052E-1
2.963626E+0
1.016331E+1
4.968529E-1
1.053818E+2
9.566960E-2
4.676994E-3
9.919841E-1
2.479761E-2
-4.806209E-2
1.611590E-3
0.000000E+0
0.000000E+0
0.000000E+0
0.000000E+0
0.000000E+0
0.000000E+0
1.600440E+1
-8.340750E+0
3.829564E+2
1.036553E+2
-1.236206E+0
-1.932107E+1
-6.764995E-1
1.166205E-1
3.019145E+0
9.999016E+0
7.822310E-1
1.049647E+2
9.388733E-2
7.344880E-3
9.855825E-1
2.519888E-2
-4.697510E-2
9.733571E-4
0.000000E+0
0.000000E+0
0.000000E+0
0.000000E+0
0.000000E+0
0.000000E+0
1.600520E+1
-8.558974E+0
3.821570E+2
1.039519E+2
-1.239020E+0
-1.945287E+1
-9.493598E-1
1.502102E-1
2.813004E+0
9.993612E+0
5.440212E-1
1.052860E+2
9.403287E-2
5.118858E-3
9.906675E-1
2.352746E-2
-4.718053E-2
1.256331E-3
0.000000E+0
0.000000E+0
0.000000E+0
0.000000E+0
0.000000E+0
0.000000E+0
1.600520E+1
-8.662890E+0
3.824368E+2
1.038741E+2
-1.258361E+0
-1.935647E+1
-8.090620E-1
1.262196E-1
2.916038E+0
1.004187E+1
7.115674E-1
1.051846E+2
9.441779E-2
6.690451E-3
9.889892E-1
2.437137E-2
-4.788196E-2
1.054906E-3
0.000000E+0
0.000000E+0
0.000000E+0
0.000000E+0
0.000000E+0
0.000000E+0
1.600440E+1
-8.888308E+0
3.821970E+2
1.034251E+2
-1.242324E+0
-1.925529E+1
-9.290230E-1
1.688888E-1
3.163296E+0
1.002987E+1
6.282232E-1
1.047253E+2
9.436412E-2
5.910521E-3
9.852881E-1
2.645447E-2
-4.730139E-2
1.412408E-3
0.000000E+0
0.000000E+0
0.000000E+0
0.000000E+0
0.000000E+0
0.000000E+0
1.600520E+1
-9.112127E+0
3.821570E+2
1.036672E+2
-1.247788E+0
-1.929943E+1
-8.701185E-1
1.194803E-1
2.984206E+0
1.004348E+1
7.296451E-1
1.049701E+2
9.450205E-2
6.865447E-3
9.876945E-1
2.495936E-2
-4.751441E-2
9.993118E-4
0.000000E+0
0.000000E+0
0.000000E+0
0.000000E+0
0.000000E+0
0.000000E+0
1.600040E+1
-9.332749E+0
3.822369E+2
1.036018E+2
-1.259123E+0
-1.921689E+1
-9.727298E-1
1.242666E-1
2.982429E+0
1.010907E+1
6.755785E-1
1.048853E+2
9.509933E-2
6.355390E-3
9.866904E-1
2.493929E-2
-4.793600E-2
1.039126E-3
0.000000E+0
0.000000E+0
0.000000E+0
0.000000E+0
0.000000E+0
0.000000E+0
1.600520E+1
-9.550972E+0
3.825167E+2
1.037760E+2
-1.260943E+0
-1.931680E+1
-1.099539E+0
1.405921E-1
3.211943E+0
1.008877E+1
5.825145E-1
1.050794E+2
9.483898E-2
5.475898E-3
9.877936E-1
2.683885E-2
-4.797017E-2
1.174781E-3
0.000000E+0
0.000000E+0
0.000000E+0
0.000000E+0
0.000000E+0
0.000000E+0
1.600360E+1
-9.661283E+0
3.837957E+2
1.037858E+2
-1.242141E+0
-1.936477E+1
-1.045769E+0
1.182281E-1
3.328344E+0
1.003293E+1
6.471690E-1
1.051024E+2
9.399974E-2
6.063406E-3
9.847169E-1
2.771882E-2
-4.709743E-2
9.846162E-4
0.000000E+0
0.000000E+0
0.000000E+0
0.000000E+0
0.000000E+0
0.000000E+0
1.600040E+1
-9.894695E+0
3.823169E+2
1.040135E+2
-1.253569E+0
-1.939855E+1
-1.222631E+0
1.796850E-1
3.254326E+0
1.008465E+1
5.179992E-1
1.053311E+2
9.484982E-2
4.871970E-3
9.906768E-1
2.720722E-2
-4.771457E-2
1.502224E-3
0.000000E+0
0.000000E+0
0.000000E+0
0.000000E+0
0.000000E+0
0.000000E+0
1.600840E+1
-1.000900E+1
3.820771E+2
1.039374E+2
-1.266868E+0
-1.940658E+1
-1.020983E+0
9.690516E-2
3.116962E+0
1.003476E+1
7.342625E-1
1.052588E+2
9.443979E-2
6.910339E-3
9.906181E-1
2.607516E-2
-4.825106E-2
8.106669E-4
0.000000E+0
0.000000E+0
0.000000E+0
0.000000E+0
0.000000E+0
0.000000E+0
1.600120E+1
-1.001380E+1
3.826366E+2
1.036743E+2
-1.247251E+0
-1.930410E+1
-1.100414E+0
1.323310E-1
3.233299E+0
1.006110E+1
6.591046E-1
1.049789E+2
9.454920E-2
6.193938E-3
9.865395E-1
2.700883E-2
-4.743443E-2
1.105405E-3
0.000000E+0
0.000000E+0
0.000000E+0
0.000000E+0
0.000000E+0
0.000000E+0
1.600760E+1
-1.001060E+1
3.821170E+2
1.040880E+2
-1.272806E+0
-1.936662E+1
-1.262196E+0
1.833165E-1
3.169498E+0
1.015394E+1
5.106427E-1
1.053926E+2
9.555147E-2
4.805292E-3
9.917743E-1
2.651188E-2
-4.847213E-2
1.533387E-3
0.000000E+0
0.000000E+0
0.000000E+0
0.000000E+0
0.000000E+0
0.000000E+0
1.601000E+1
-1.000820E+1
3.826366E+2
1.035603E+2
-1.253016E+0
-1.928551E+1
-1.215548E+0
1.791750E-1
3.335873E+0
1.008366E+1
5.451796E-1
1.048626E+2
9.476125E-2
5.123327E-3
9.854470E-1
2.786567E-2
-4.765367E-2
1.496709E-3
0.000000E+0
0.000000E+0
0.000000E+0
0.000000E+0
0.000000E+0
0.000000E+0
1.600200E+1
-1.001220E+1
3.820771E+2
1.036463E+2
-1.226461E+0
-1.940924E+1
-9.969322E-1
8.539212E-2
3.206215E+0
9.937428E+0
7.420690E-1
1.049808E+2
9.352378E-2
6.983808E-3
9.880020E-1
2.682182E-2
-4.671206E-2
7.143537E-4
0.000000E+0
0.000000E+0
0.000000E+0
0.000000E+0
0.000000E+0
0.000000E+0
1.599960E+1
-1.000740E+1
3.823169E+2
1.039280E+2
-1.267938E+0
-1.937590E+1
-1.216703E+0
1.768605E-1
3.116887E+0
1.007938E+1
5.431098E-1
1.052428E+2
9.480027E-2
5.108145E-3
9.898471E-1
2.605818E-2
-4.826151E-2
1.478611E-3
0.000000E+0
0.000000E+0
0.000000E+0
0.000000E+0
0.000000E+0
0.000000E+0
1.600200E+1
-1.000261E+1
3.825567E+2
1.033990E+2
-1.244429E+0
-1.924737E+1
-1.172370E+0
1.381344E-1
3.196404E+0
1.005411E+1
5.828169E-1
1.046984E+2
9.450324E-2
5.478168E-3
9.841092E-1
2.670621E-2
-4.733698E-2
1.154125E-3
0.000000E+0
0.000000E+0
0.000000E+0
0.000000E+0
0.000000E+0
0.000000E+0
1.600360E+1
-1.001220E+1
3.820371E+2
1.035381E+2
-1.242080E+0
-1.929665E+1
-1.200333E+0
1.668463E-1
3.383120E+0
1.005288E+1
5.559059E-1
1.048455E+2
9.462026E-2
5.232325E-3
9.868321E-1
2.830469E-2
-4.731189E-2
1.395910E-3
0.000000E+0
0.000000E+0
0.000000E+0
0.000000E+0
0.000000E+0
0.000000E+0
1.600040E+1
-9.997811E+0
3.821170E+2
1.036722E+2
-1.262509E+0
-1.922576E+1
-1.273041E+0
1.838628E-1
3.276558E+0
1.016340E+1
4.990103E-1
1.049554E+2
9.564044E-2
4.695828E-3
9.876601E-1
2.740741E-2
-4.807998E-2
1.537956E-3
0.000000E+0
0.000000E+0
0.000000E+0
0.000000E+0
0.000000E+0
0.000000E+0
1.600440E+1
-1.001620E+1
3.823568E+2
1.034850E+2
-1.230701E+0
-1.927661E+1
-1.160221E+0
1.270387E-1
3.322465E+0
1.005186E+1
5.971656E-1
1.047888E+2
9.453148E-2
5.615972E-3
9.854735E-1
2.777398E-2
-4.683925E-2
1.061974E-3
0.000000E+0
0.000000E+0
0.000000E+0
0.000000E+0
0.000000E+0
0.000000E+0
1.600760E+1
-1.001220E+1
3.825567E+2
1.034639E+2
-1.246737E+0
-1.925671E+1
-1.076088E+0
1.138937E-1
3.301518E+0
1.005613E+1
6.826446E-1
1.047624E+2
9.452223E-2
6.416495E-3
9.847107E-1
2.758446E-2
-4.742476E-2
9.515915E-4
0.000000E+0
0.000000E+0
0.000000E+0
0.000000E+0
0.000000E+0
0.000000E+0
1.600280E+1
-1.000181E+1
3.826766E+2
1.037863E+2
-1.254335E+0
-1.943045E+1
-1.367098E+0
2.168426E-1
3.159267E+0
1.002123E+1
3.791444E-1
1.051211E+2
9.416470E-2
3.562638E-3
9.877726E-1
2.638767E-2
-4.769885E-2
1.811170E-3
0.000000E+0
0.000000E+0
0.000000E+0
0.000000E+0
0.000000E+0
0.000000E+0
1.599561E+1
-9.948251E+0
3.821170E+2
1.030200E+2
-1.218431E+0
-1.920011E+1
-1.030129E+0
8.279842E-2
3.266271E+0
9.960467E+0
7.011709E-1
1.043222E+2
9.373080E-2
6.598216E-3
9.817014E-1
2.732136E-2
-4.640136E-2
6.925835E-4
0.000000E+0
0.000000E+0
0.000000E+0
0.000000E+0
0.000000E+0
0.000000E+0
1.600520E+1
-9.727630E+0
3.816774E+2
1.037098E+2
-1.248890E+0
-1.933559E+1
-9.595970E-1
1.054141E-1
3.201944E+0
1.002749E+1
7.454125E-1
1.050210E+2
9.447021E-2
7.022621E-3
9.894154E-1
2.681414E-2
-4.761614E-2
8.827726E-4
0.000000E+0
0.000000E+0
0.000000E+0
0.000000E+0
0.000000E+0
0.000000E+0
1.600680E+1
-9.507008E+0
3.823169E+2
1.036286E+2
-1.245206E+0
-1.933609E+1
-1.171861E+0
1.750922E-1
3.012997E+0
1.004567E+1
4.941522E-1
1.049427E+2
9.448319E-2
4.647680E-3
9.870245E-1
2.518962E-2
-4.739626E-2
1.463828E-3
0.000000E+0
0.000000E+0
0.000000E+0
0.000000E+0
0.000000E+0
0.000000E+0
1.600280E+1
-9.400694E+0
3.817174E+2
1.037305E+2
-1.241227E+0
-1.938511E+1
-7.815614E-1
6.230490E-2
2.969127E+0
9.956823E+0
8.562648E-1
1.050549E+2
9.379462E-2
8.066130E-3
9.896312E-1
2.486184E-2
-4.731901E-2
5.217072E-4
0.000000E+0
0.000000E+0
0.000000E+0
0.000000E+0
0.000000E+0
0.000000E+0
1.600600E+1
-9.170480E+0
3.823568E+2
1.040662E+2
-1.265896E+0
-1.938351E+1
-9.017746E-1
1.268997E-1
3.020123E+0
1.007803E+1
7.135072E-1
1.053766E+2
9.477766E-2
6.710093E-3
9.910017E-1
2.524656E-2
-4.817875E-2
1.060811E-3
0.000000E+0
0.000000E+0
0.000000E+0
0.000000E+0
0.000000E+0
0.000000E+0
1.600600E+1
-8.950657E+0
3.828365E+2
1.037428E+2
-1.259665E+0
-1.929509E+1
-1.005115E+0
1.604432E-1
3.025410E+0
1.009264E+1
5.721032E-1
1.050413E+2
9.479612E-2
5.373536E-3
9.866111E-1
2.525908E-2
-4.788153E-2
1.339537E-3
0.000000E+0
0.000000E+0
0.000000E+0
0.000000E+0
0.000000E+0
0.000000E+0
1.600520E+1
-8.841146E+0
3.821170E+2
1.037340E+2
-1.242444E+0
-1.933288E+1
-8.218724E-1
1.521683E-1
3.071937E+0
1.002581E+1
7.276957E-1
1.050434E+2
9.434571E-2
6.847822E-3
9.884883E-1
2.569581E-2
-4.731587E-2
1.272841E-3
0.000000E+0
0.000000E+0
0.000000E+0
0.000000E+0
0.000000E+0
0.000000E+0
1.600360E+1
-8.618925E+0
3.816774E+2
1.040507E+2
-1.271198E+0
-1.932233E+1
-9.034058E-1
1.496900E-1
2.967213E+0
1.013425E+1
6.223603E-1
1.053453E+2
9.547596E-2
5.863332E-3
9.924708E-1
2.484842E-2
-4.846664E-2
1.253554E-3
0.000000E+0
0.000000E+0
0.000000E+0
0.000000E+0
0.000000E+0
0.000000E+0
1.600040E+1
-8.407097E+0
3.821970E+2
1.042751E+2
-1.287406E+0
-1.944852E+1
-6.201958E-1
6.427378E-2
2.551883E+0
1.003045E+1
8.555045E-1
1.055963E+2
9.436960E-2
8.048854E-3
9.934834E-1
2.134126E-2
-4.901789E-2
5.375181E-4
0.000000E+0
0.000000E+0
0.000000E+0
0.000000E+0
0.000000E+0
0.000000E+0
1.600280E+1
-8.172886E+0
3.816374E+2
1.040376E+2
-1.250400E+0
-1.943475E+1
-7.255097E-1
1.511030E-1
2.813038E+0
1.000148E+1
7.034505E-1
1.053638E+2
9.423502E-2
6.627986E-3
9.927488E-1
2.355977E-2
-4.767868E-2
1.265519E-3
0.000000E+0
0.000000E+0
0.000000E+0
0.000000E+0
0.000000E+0
0.000000E+0
1.600840E+1
-8.060976E+0
3.816774E+2
1.041963E+2
-1.283307E+0
-1.932418E+1
-8.012975E-1
1.747090E-1
2.831183E+0
1.017223E+1
6.313603E-1
1.054849E+2
9.583376E-2
5.948122E-3
9.937856E-1
2.370926E-2
-4.892833E-2
1.463071E-3
0.000000E+0
0.000000E+0
0.000000E+0
0.000000E+0
0.000000E+0
0.000000E+0
1.600680E+1
-7.836358E+0
3.823568E+2
1.039741E+2
-1.255852E+0
-1.950135E+1
-5.713849E-1
1.063828E-1
2.521898E+0
9.910969E+0
7.872705E-1
1.053205E+2
9.320651E-2
7.403791E-3
9.904738E-1
2.108167E-2
-4.779646E-2
8.893013E-4
0.000000E+0
0.000000E+0
0.000000E+0
0.000000E+0
0.000000E+0
0.000000E+0
1.601079E+1
-7.620532E+0
3.829963E+2
1.039631E+2
-1.247397E+0
-1.940120E+1
-6.638769E-1
1.492643E-1
2.736559E+0
1.002580E+1
6.715912E-1
1.052815E+2
9.412896E-2
6.305353E-3
9.884543E-1
2.283793E-2
-4.739541E-2
1.245684E-3
0.000000E+0
0.000000E+0
0.000000E+0
0.000000E+0
0.000000E+0
0.000000E+0
1.600600E+1
-7.403907E+0
3.823568E+2
1.036726E+2
-1.247028E+0
-1.928353E+1
-7.254018E-1
1.786558E-1
2.806333E+0
1.006019E+1
5.757867E-1
1.049707E+2
9.460980E-2
5.414917E-3
9.871841E-1
2.345939E-2
-4.746063E-2
1.493464E-3
0.000000E+0
0.000000E+0
0.000000E+0
0.000000E+0
0.000000E+0
0.000000E+0
1.600200E+1
-7.291198E+0
3.819971E+2
1.045321E+2
-1.276428E+0
-1.958106E+1
-7.147292E-1
2.116900E-1
2.512530E+0
1.000403E+1
5.594279E-1
1.058796E+2
9.417027E-2
5.266027E-3
9.966700E-1
2.102314E-2
-4.862533E-2
1.771278E-3
0.000000E+0
0.000000E+0
0.000000E+0
0.000000E+0
0.000000E+0
0.000000E+0
1.600120E+1
-7.083366E+0
3.820371E+2
1.042944E+2
-1.266964E+0
-1.951454E+1
-4.771839E-1
1.289021E-1
2.605170E+0
9.973654E+0
7.584900E-1
1.056329E+2
9.387453E-2
7.139098E-3
9.942436E-1
2.179601E-2
-4.825975E-2
1.078452E-3
0.000000E+0
0.000000E+0
0.000000E+0
0.000000E+0
0.000000E+0
0.000000E+0
1.600520E+1
-6.863544E+0
3.825966E+2
1.044178E+2
-1.295464E+0
-1.933238E+1
-5.796369E-1
1.715494E-1
2.620675E+0
1.020368E+1
6.443731E-1
1.057006E+2
9.589912E-2
6.056130E-3
9.934259E-1
2.189367E-2
-4.927317E-2
1.433159E-3
0.000000E+0
0.000000E+0
0.000000E+0
0.000000E+0
0.000000E+0
0.000000E+0
1.601719E+1
-6.754032E+0
3.826366E+2
1.042700E+2
-1.260472E+0
-1.949900E+1
-6.903938E-1
2.300619E-1
2.532423E+0
1.004034E+1
4.938510E-1
1.056024E+2
9.435417E-2
4.640966E-3
9.923988E-1
2.115418E-2
-4.793725E-2
1.921785E-3
0.000000E+0
0.000000E+0
0.000000E+0
0.000000E+0
0.000000E+0
0.000000E+0
1.600520E+1
-6.532611E+0
3.821170E+2
1.036217E+2
-1.239285E+0
-1.919718E+1
-4.744702E-1
1.621357E-1
2.779575E+0
1.010631E+1
6.797250E-1
1.048981E+2
9.510323E-2
6.396403E-3
9.871211E-1
2.325030E-2
-4.719555E-2
1.356216E-3
0.000000E+0
0.000000E+0
0.000000E+0
0.000000E+0
0.000000E+0
0.000000E+0
1.600520E+1
-6.317585E+0
3.818373E+2
1.041859E+2
-1.270017E+0
-1.939267E+1
-4.400098E-1
1.792682E-1
2.397743E+0
1.007284E+1
6.724829E-1
1.054943E+2
9.485771E-2
6.332891E-3
9.934589E-1
2.007108E-2
-4.840136E-2
1.500623E-3
0.000000E+0
0.000000E+0
0.000000E+0
0.000000E+0
0.000000E+0
0.000000E+0
1.600200E+1
-6.099361E+0
3.826766E+2
1.040357E+2
-1.244560E+0
-1.944782E+1
-6.256759E-1
1.988087E-1
2.388960E+0
9.995303E+0
4.388391E-1
1.053657E+2
9.392108E-2
4.123561E-3
9.900711E-1
1.995370E-2
-4.732712E-2
1.660543E-3
0.000000E+0
0.000000E+0
0.000000E+0
0.000000E+0
0.000000E+0
0.000000E+0
1.600200E+1
-5.935494E+0
3.825167E+2
1.036581E+2
-1.238577E+0
-1.930089E+1
-3.116350E-1
1.506755E-1
2.419694E+0
1.000099E+1
7.264494E-1
1.049622E+2
9.401383E-2
6.828950E-3
9.866920E-1
2.021885E-2
-4.711932E-2
1.259038E-3
0.000000E+0
0.000000E+0
0.000000E+0
0.000000E+0
0.000000E+0
0.000000E+0
1.600520E+1
-5.756438E+0
3.820371E+2
1.044667E+2
-1.284249E+0
-1.947632E+1
-4.114911E-1
1.587760E-1
2.157977E+0
1.007311E+1
6.018752E-1
1.057873E+2
9.481060E-2
5.665000E-3
9.956965E-1
1.805459E-2
-4.891814E-2
1.328391E-3
0.000000E+0
0.000000E+0
0.000000E+0
0.000000E+0
0.000000E+0
0.000000E+0
1.600440E+1
-5.532619E+0
3.819172E+2
1.043723E+2
-1.273928E+0
-1.942321E+1
-5.536453E-1
2.363464E-1
2.122915E+0
1.011252E+1
4.232994E-1
1.056820E+2
9.521147E-2
3.985451E-3
9.950182E-1
1.776683E-2
-4.854023E-2
1.978000E-3
0.000000E+0
0.000000E+0
0.000000E+0
0.000000E+0
0.000000E+0
0.000000E+0
1.600600E+1
-5.324787E+0
3.823968E+2
1.041751E+2
-1.249076E+0
-1.945692E+1
-2.688503E-1
1.507973E-1
2.093055E+0
1.000410E+1
6.624025E-1
1.055016E+2
9.407256E-2
6.228833E-3
9.920730E-1
1.749496E-2
-4.753363E-2
1.260450E-3
0.000000E+0
0.000000E+0
0.000000E+0
0.000000E+0
0.000000E+0
0.000000E+0
1.600600E+1
-5.194492E+0
3.821170E+2
1.042828E+2
-1.263554E+0
-1.949735E+1
-2.799551E-1
1.642303E-1
2.330772E+0
9.997462E+0
6.277617E-1
1.056162E+2
9.407893E-2
5.907415E-3
9.938782E-1
1.949620E-2
-4.811978E-2
1.373736E-3
0.000000E+0
0.000000E+0
0.000000E+0
0.000000E+0
0.000000E+0
0.000000E+0
1.600360E+1
-4.973071E+0
3.820371E+2
1.041845E+2
-1.254561E+0
-1.947998E+1
-3.443292E-1
2.189372E-1
2.093540E+0
9.990627E+0
5.237050E-1
1.055174E+2
9.403428E-2
4.929243E-3
9.931558E-1
1.751549E-2
-4.778729E-2
1.831726E-3
0.000000E+0
0.000000E+0
0.000000E+0
0.000000E+0
0.000000E+0
0.000000E+0
1.600200E+1
-4.769236E+0
3.837957E+2
1.048537E+2
-1.269257E+0
-1.964304E+1
-2.670825E-2
1.260479E-1
1.856772E+0
9.990721E+0
8.067413E-1
1.062058E+2
9.360429E-2
7.558458E-3
9.950555E-1
1.546340E-2
-4.812557E-2
1.049741E-3
0.000000E+0
0.000000E+0
0.000000E+0
0.000000E+0
0.000000E+0
0.000000E+0
1.600360E+1
-4.650132E+0
3.825167E+2
1.036996E+2
-1.204341E+0
-1.947991E+1
-1.175733E-1
1.820381E-1
2.140650E+0
9.841854E+0
6.825629E-1
1.050512E+2
9.251785E-2
6.416398E-3
9.875285E-1
1.788717E-2
-4.581685E-2
1.521102E-3
0.000000E+0
0.000000E+0
0.000000E+0
0.000000E+0
0.000000E+0
0.000000E+0
1.600440E+1
-4.417520E+0
3.823568E+2
1.043771E+2
-1.257441E+0
-1.960166E+1
-4.731413E-2
1.602248E-1
1.768399E+0
9.910144E+0
7.181373E-1
1.057359E+2
9.319876E-2
6.753636E-3
9.943802E-1
1.478284E-2
-4.785693E-2
1.339391E-3
0.000000E+0
0.000000E+0
0.000000E+0
0.000000E+0
0.000000E+0
0.000000E+0
1.600440E+1
-4.199296E+0
3.829164E+2
1.039231E+2
-1.236614E+0
-1.944307E+1
-1.675121E-1
2.045229E-1
2.106278E+0
9.948811E+0
5.625092E-1
1.052558E+2
9.342567E-2
5.282319E-3
9.884186E-1
1.758159E-2
-4.699554E-2
1.707201E-3
0.000000E+0
0.000000E+0
0.000000E+0
0.000000E+0
0.000000E+0
0.000000E+0
1.600120E+1
-3.959490E+0
3.822769E+2
1.039252E+2
-1.279865E+0
-1.927729E+1
-1.982700E-2
1.641229E-1
1.827267E+0
1.009458E+1
6.788359E-1
1.052127E+2
9.495315E-2
6.385366E-3
9.896667E-1
1.527814E-2
-4.872058E-2
1.372264E-3
0.000000E+0
0.000000E+0
0.000000E+0
0.000000E+0
0.000000E+0
0.000000E+0
1.600120E+1
-3.874759E+0
3.829164E+2
1.037484E+2
-1.217575E+0
-1.940806E+1
-1.179449E-1
2.097017E-1
1.902075E+0
9.928155E+0
5.542246E-1
1.050787E+2
9.323170E-2
5.204522E-3
9.867563E-1
1.587706E-2
-4.627199E-2
1.750429E-3
0.000000E+0
0.000000E+0
0.000000E+0
0.000000E+0
0.000000E+0
0.000000E+0
1.600360E+1
-3.638150E+0
3.825567E+2
1.042944E+2
-1.267670E+0
-1.953658E+1
-3.081315E-2
1.838823E-1
1.681858E+0
9.956154E+0
6.021685E-1
1.056386E+2
9.358254E-2
5.660063E-3
9.929461E-1
1.405206E-2
-4.822105E-2
1.536352E-3
0.000000E+0
0.000000E+0
0.000000E+0
0.000000E+0
0.000000E+0
0.000000E+0
1.600520E+1
-3.425522E+0
3.824767E+2
1.042079E+2
-1.266696E+0
-1.947053E+1
1.419481E-1
1.486922E-1
1.732996E+0
9.990512E+0
7.402139E-1
1.055369E+2
9.392511E-2
6.959070E-3
9.921983E-1
1.448235E-2
-4.819408E-2
1.242595E-3
0.000000E+0
0.000000E+0
0.000000E+0
0.000000E+0
0.000000E+0
0.000000E+0
1.600360E+1
-3.206499E+0
3.824767E+2
1.041992E+2
-1.269174E+0
-1.952375E+1
1.306198E-1
1.565740E-1
1.440082E+0
9.937497E+0
6.875476E-1
1.055435E+2
9.342669E-2
6.463932E-3
9.922604E-1
1.203452E-2
-4.828837E-2
1.308462E-3
0.000000E+0
0.000000E+0
0.000000E+0
0.000000E+0
0.000000E+0
0.000000E+0
1.601159E+1
-3.098586E+0
3.827565E+2
1.041451E+2
-1.261664E+0
-1.944223E+1
-5.927175E-2
1.985542E-1
1.606180E+0
1.002707E+1
4.834402E-1
1.054677E+2
9.419994E-2
4.541707E-3
9.908222E-1
1.341276E-2
-4.796753E-2
1.658071E-3
0.000000E+0
0.000000E+0
0.000000E+0
0.000000E+0
0.000000E+0
0.000000E+0
1.599481E+1
-2.882760E+0
3.820771E+2
1.034025E+2
-1.238434E+0
-1.935914E+1
1.699811E-1
1.370924E-1
1.527661E+0
9.861855E+0
6.668016E-1
1.047339E+2
9.281254E-2
6.275447E-3
9.856786E-1
1.277976E-2
-4.716808E-2
1.146856E-3
0.000000E+0
0.000000E+0
0.000000E+0
0.000000E+0
0.000000E+0
0.000000E+0
1.599880E+1
-2.671731E+0
3.826766E+2
1.042463E+2
-1.260905E+0
-1.957688E+1
3.166792E-2
1.550861E-1
1.364494E+0
9.901219E+0
4.937361E-1
1.056043E+2
9.303702E-2
4.639402E-3
9.923132E-1
1.139689E-2
-4.794870E-2
1.295351E-3
0.000000E+0
0.000000E+0
0.000000E+0
0.000000E+0
0.000000E+0
0.000000E+0
1.600440E+1
-2.550229E+0
3.823568E+2
1.041541E+2
-1.278687E+0
-1.967838E+1
2.090661E-2
1.159534E-1
1.089282E+0
9.790160E+0
4.569743E-1
1.055427E+2
9.207038E-2
4.297559E-3
9.925637E-1
9.105795E-3
-4.866554E-2
9.693067E-4
0.000000E+0
0.000000E+0
0.000000E+0
0.000000E+0
0.000000E+0
0.000000E+0
1.600040E+1
-2.328808E+0
3.822769E+2
1.037757E+2
-1.281666E+0
-1.943989E+1
2.555656E-1
9.541791E-2
1.090670E+0
9.899794E+0
6.583793E-1
1.051139E+2
9.312089E-2
6.192943E-3
9.887376E-1
9.119303E-3
-4.878913E-2
7.978079E-4
0.000000E+0
0.000000E+0
0.000000E+0
0.000000E+0
0.000000E+0
0.000000E+0
1.600440E+1
-2.108186E+0
3.821170E+2
1.042428E+2
-1.291222E+0
-1.964716E+1
2.015061E-1
9.174185E-2
1.017311E+0
9.841184E+0
5.639104E-1
1.056194E+2
9.260832E-2
5.306555E-3
9.939082E-1
8.509493E-3
-4.917345E-2
7.673926E-4
0.000000E+0
0.000000E+0
0.000000E+0
0.000000E+0
0.000000E+0
0.000000E+0
1.600360E+1
-1.889163E+0
3.821970E+2
1.046183E+2
-1.319770E+0
-1.978206E+1
1.217118E-1
9.680282E-2
7.380182E-1
9.818286E+0
4.456250E-1
1.060176E+2
9.237351E-2
4.192580E-3
9.974471E-1
6.172006E-3
-5.025013E-2
8.095567E-4
0.000000E+0
0.000000E+0
0.000000E+0
0.000000E+0
0.000000E+0
0.000000E+0
1.600200E+1
-1.780451E+0
3.827165E+2
1.040027E+2
-1.313057E+0
-1.960361E+1
2.393599E-1
6.003380E-2
8.014157E-1
9.814323E+0
5.445512E-1
1.053769E+2
9.221087E-2
5.116353E-3
9.900732E-1
6.693096E-3
-4.992668E-2
5.013778E-4
0.000000E+0
0.000000E+0
0.000000E+0
0.000000E+0
0.000000E+0
0.000000E+0
1.600360E+1
-1.559829E+0
3.816374E+2
1.041967E+2
-1.320084E+0
-1.970072E+1
2.910267E-1
7.993590E-2
7.107042E-1
9.778056E+0
5.573996E-1
1.055900E+2
9.212990E-2
5.251879E-3
9.948801E-1
5.952295E-3
-5.033581E-2
6.694797E-4
0.000000E+0
0.000000E+0
0.000000E+0
0.000000E+0
0.000000E+0
0.000000E+0
1.600360E+1
-1.341605E+0
3.822769E+2
1.041377E+2
-1.326398E+0
-1.974031E+1
3.256514E-1
6.631935E-2
5.758363E-1
9.724985E+0
5.534970E-1
1.055442E+2
9.147658E-2
5.206384E-3
9.927849E-1
4.814680E-3
-5.049195E-2
5.545091E-4
0.000000E+0
0.000000E+0
0.000000E+0
0.000000E+0
0.000000E+0
0.000000E+0
1.599721E+1
-1.123382E+0
3.827565E+2
1.045228E+2
-1.319085E+0
-1.989436E+1
4.524004E-1
5.195365E-2
4.999400E-1
9.670809E+0
6.421244E-1
1.059579E+2
9.085299E-2
6.032476E-3
9.954276E-1
4.174859E-3
-5.015065E-2
4.338504E-4
0.000000E+0
0.000000E+0
0.000000E+0
0.000000E+0
0.000000E+0
0.000000E+0
1.600440E+1
-1.017867E+0
3.823968E+2
1.045024E+2
-1.322665E+0
-1.979094E+1
3.284238E-1
9.459218E-2
4.967101E-1
9.781245E+0
5.022590E-1
1.059085E+2
9.197692E-2
4.722941E-3
9.958996E-1
4.151789E-3
-5.033406E-2
7.906558E-4
0.000000E+0
0.000000E+0
0.000000E+0
0.000000E+0
0.000000E+0
0.000000E+0
1.600360E+1
-7.884521E-1
3.823568E+2
1.040483E+2
-1.309900E+0
-1.971350E+1
3.111736E-1
1.036337E-1
5.472420E-1
9.731193E+0
4.451233E-1
1.054508E+2
9.151583E-2
4.186109E-3
9.916996E-1
4.574642E-3
-4.985349E-2
8.663208E-4
0.000000E+0
0.000000E+0
0.000000E+0
0.000000E+0
0.000000E+0
0.000000E+0
1.600360E+1
-5.678303E-1
3.822769E+2
1.044728E+2
-1.350153E+0
-1.978571E+1
4.620025E-1
6.221522E-2
3.970781E-1
9.778963E+0
5.589429E-1
1.058788E+2
9.198431E-2
5.257610E-3
9.959325E-1
3.320048E-3
-5.139621E-2
5.201937E-4
0.000000E+0
0.000000E+0
0.000000E+0
0.000000E+0
0.000000E+0
0.000000E+0
1.600680E+1
-3.504059E-1
3.826366E+2
1.044834E+2
-1.309440E+0
-1.987551E+1
4.394015E-1
9.779494E-2
4.224023E-1
9.703670E+0
4.987556E-1
1.059132E+2
9.119027E-2
4.687057E-3
9.953196E-1
3.528469E-3
-4.979954E-2
8.169140E-4
0.000000E+0
0.000000E+0
0.000000E+0
0.000000E+0
0.000000E+0
0.000000E+0
1.600200E+1
-2.416938E-1
3.824368E+2
1.045795E+2
-1.297105E+0
-1.996474E+1
5.560889E-1
7.108551E-2
3.143036E-1
9.635959E+0
5.967420E-1
1.060310E+2
9.060127E-2
5.610815E-3
9.969474E-1
2.626856E-3
-4.935620E-2
5.941115E-4
0.000000E+0
0.000000E+0
0.000000E+0
0.000000E+0
0.000000E+0
0.000000E+0
1.600040E+1
-1.707520E-2
3.818373E+2
1.038138E+2
-1.278291E+0
-1.984949E+1
6.133583E-1
5.423250E-2
1.352254E-1
9.534966E+0
6.161999E-1
1.052634E+2
8.979246E-2
5.802863E-3
9.912842E-1
1.131948E-3
-4.871668E-2
4.539707E-4
0.000000E+0
0.000000E+0
0.000000E+0
0.000000E+0
0.000000E+0
0.000000E+0
1.600520E+1
2.043459E-1
3.819971E+2
1.046732E+2
-1.323325E+0
-1.996301E+1
7.274640E-1
4.700953E-2
5.938819E-2
9.674337E+0
6.929649E-1
1.061200E+2
9.106681E-2
6.523041E-3
9.989329E-1
4.969200E-4
-5.041184E-2
3.933438E-4
0.000000E+0
0.000000E+0
0.000000E+0
0.000000E+0
0.000000E+0
0.000000E+0
1.600200E+1
4.113787E-1
3.824767E+2
1.041407E+2
-1.288255E+0
-1.988672E+1
5.940863E-1
8.221632E-2
1.828586E-1
9.596435E+0
5.251989E-1
1.055877E+2
9.022023E-2
4.937621E-3
9.926752E-1
1.528117E-3
-4.901434E-2
6.870676E-4
0.000000E+0
0.000000E+0
0.000000E+0
0.000000E+0
0.000000E+0
0.000000E+0
1.600120E+1
5.256864E-1
3.823568E+2
1.040545E+2
-1.294908E+0
-1.991794E+1
6.959856E-1
5.947330E-2
-2.988137E-2
9.543153E+0
6.084544E-1
1.055135E+2
8.974743E-2
5.722136E-3
9.922891E-1
-2.497918E-4
-4.928293E-2
4.971640E-4
0.000000E+0
0.000000E+0
0.000000E+0
0.000000E+0
0.000000E+0
0.000000E+0
1.600680E+1
7.335185E-1
3.823169E+2
1.041053E+2
-1.293204E+0
-1.995340E+1
6.549792E-1
6.339121E-2
-7.964227E-2
9.534993E+0
5.329562E-1
1.055712E+2
8.968007E-2
5.012647E-3
9.929352E-1
-6.658350E-4
-4.922321E-2
5.299709E-4
0.000000E+0
0.000000E+0
0.000000E+0
0.000000E+0
0.000000E+0
0.000000E+0
1.600200E+1
9.661306E-1
3.826766E+2
1.041612E+2
-1.288043E+0
-1.993268E+1
7.387911E-1
7.350725E-2
-1.100038E-1
9.564990E+0
5.775945E-1
1.056201E+2
8.987764E-2
5.427379E-3
9.924611E-1
-9.188031E-4
-4.898065E-2
6.139666E-4
0.000000E+0
0.000000E+0
0.000000E+0
0.000000E+0
0.000000E+0
0.000000E+0
1.600760E+1
1.189150E+0
3.821970E+2
1.044312E+2
-1.300771E+0
-2.001835E+1
7.885710E-1
5.852602E-2
-1.590021E-1
9.570604E+0
5.900784E-1
1.059022E+2
9.004324E-2
5.551643E-3
9.963613E-1
-1.329726E-3
-4.952675E-2
4.894499E-4
0.000000E+0
0.000000E+0
0.000000E+0
0.000000E+0
0.000000E+0
0.000000E+0
1.600360E+1
1.291468E+0
3.821970E+2
1.043283E+2
-1.324920E+0
-1.995845E+1
7.628573E-1
4.943350E-2
-3.307081E-1
9.592883E+0
5.467874E-1
1.057875E+2
9.025285E-2
5.144347E-3
9.952818E-1
-2.765694E-3
-5.044624E-2
4.134097E-4
0.000000E+0
0.000000E+0
0.000000E+0
0.000000E+0
0.000000E+0
0.000000E+0
1.600840E+1
1.524080E+0
3.825167E+2
1.041285E+2
-1.302501E+0
-1.994065E+1
8.485373E-1
5.024197E-2
-2.851595E-1
9.568200E+0
5.942613E-1
1.055898E+2
8.994538E-2
5.586323E-3
9.925912E-1
-2.382780E-3
-4.955116E-2
4.198196E-4
0.000000E+0
0.000000E+0
0.000000E+0
0.000000E+0
0.000000E+0
0.000000E+0
1.600360E+1
1.740705E+0
3.824368E+2
1.041547E+2
-1.307941E+0
-1.992841E+1
9.316004E-1
4.225659E-2
-3.491721E-1
9.583040E+0
6.407983E-1
1.056124E+2
9.010371E-2
6.025051E-3
9.930112E-1
-2.918276E-3
-4.976854E-2
3.531679E-4
0.000000E+0
0.000000E+0
0.000000E+0
0.000000E+0
0.000000E+0
0.000000E+0
1.600280E+1
1.862207E+0
3.818772E+2
1.049850E+2
-1.341987E+0
-2.009473E+1
8.851338E-1
4.583175E-2
-4.206381E-1
9.650389E+0
5.718375E-1
1.064565E+2
9.086991E-2
5.384531E-3
1.002415E+0
-3.520719E-3
-5.113885E-2
3.836094E-4
0.000000E+0
0.000000E+0
0.000000E+0
0.000000E+0
0.000000E+0
0.000000E+0
1.600600E+1
2.086026E+0
3.825966E+2
1.045037E+2
-1.326354E+0
-2.000955E+1
8.624840E-1
8.472671E-2
-3.986856E-1
9.606846E+0
5.131351E-1
1.059698E+2
9.028980E-2
4.822692E-3
9.959552E-1
-3.330703E-3
-5.044806E-2
7.078246E-4
0.000000E+0
0.000000E+0
0.000000E+0
0.000000E+0
0.000000E+0
0.000000E+0
1.600360E+1
2.272276E+0
3.825966E+2
1.040603E+2
-1.313777E+0
-1.989647E+1
1.082448E+0
3.150147E-2
-5.987731E-1
9.599214E+0
7.024076E-1
1.055128E+2
9.021807E-2
6.601567E-3
9.916602E-1
-5.002276E-3
-4.996971E-2
2.631698E-4
0.000000E+0
0.000000E+0
0.000000E+0
0.000000E+0
0.000000E+0
0.000000E+0
1.600440E+1
2.509684E+0
3.817174E+2
1.046805E+2
-1.327611E+0
-2.016274E+1
1.005763E+0
4.591318E-2
-6.566515E-1
9.515293E+0
5.896711E-1
1.061822E+2
8.963534E-2
5.554781E-3
1.000251E+0
-5.498441E-3
-5.061220E-2
3.844519E-4
0.000000E+0
0.000000E+0
0.000000E+0
0.000000E+0
0.000000E+0
0.000000E+0
1.600200E+1
2.623192E+0
3.810379E+2
1.048249E+2
-1.354096E+0
-1.999743E+1
1.071492E+0
4.248837E-2
-5.939561E-1
9.713501E+0
6.275887E-1
1.062758E+2
9.166565E-2
5.922512E-3
1.002918E+0
-4.982332E-3
-5.171394E-2
3.564088E-4
0.000000E+0
0.000000E+0
0.000000E+0
0.000000E+0
0.000000E+0
0.000000E+0
1.600040E+1
2.835021E+0
3.823169E+2
1.045342E+2
-1.330475E+0
-1.993691E+1
1.143269E+0
5.033982E-2
-6.668520E-1
9.694424E+0
6.645935E-1
1.059800E+2
9.117958E-2
6.250743E-3
9.967806E-1
-5.575098E-3
-5.064183E-2
4.208571E-4
0.000000E+0
0.000000E+0
0.000000E+0
0.000000E+0
0.000000E+0
0.000000E+0
1.600680E+1
3.058841E+0
3.822769E+2
1.049127E+2
-1.338033E+0
-2.014995E+1
1.102218E+0
5.247560E-2
-7.299612E-1
9.606306E+0
5.904529E-1
1.064015E+2
9.036024E-2
5.554005E-3
1.000850E+0
-6.103349E-3
-5.093485E-2
4.387588E-4
0.000000E+0
0.000000E+0
0.000000E+0
0.000000E+0
0.000000E+0
0.000000E+0
1.600040E+1
3.278663E+0
3.822369E+2
1.040479E+2
-1.321871E+0
-1.983112E+1
1.082400E+0
7.355351E-2
-6.907351E-1
9.663486E+0
5.305920E-1
1.054834E+2
9.090760E-2
4.991453E-3
9.923167E-1
-5.775976E-3
-5.032489E-2
6.150597E-4
0.000000E+0
0.000000E+0
0.000000E+0
0.000000E+0
0.000000E+0
0.000000E+0
1.600840E+1
3.389773E+0
3.821170E+2
1.048267E+2
-1.382802E+0
-1.996642E+1
1.261316E+0
1.561276E-2
-8.593397E-1
9.774348E+0
6.845742E-1
1.062679E+2
9.197936E-2
6.442036E-3
1.000011E+0
-7.188114E-3
-5.266111E-2
1.305960E-4
0.000000E+0
0.000000E+0
0.000000E+0
0.000000E+0
0.000000E+0
0.000000E+0
1.600360E+1
3.609596E+0
3.819971E+2
1.047879E+2
-1.381764E+0
-1.991758E+1
1.158703E+0
6.789201E-2
-8.436304E-1
9.797751E+0
5.429365E-1
1.062180E+2
9.222854E-2
5.110789E-3
9.998553E-1
-7.058926E-3
-5.263807E-2
5.680742E-4
0.000000E+0
0.000000E+0
0.000000E+0
0.000000E+0
0.000000E+0
0.000000E+0
1.600440E+1
3.827820E+0
3.823169E+2
1.038432E+2
-1.306879E+0
-1.985370E+1
1.269397E+0
5.656296E-2
-9.209253E-1
9.610006E+0
6.292525E-1
1.052922E+2
9.038560E-2
5.918348E-3
9.903116E-1
-7.699233E-3
-4.974370E-2
4.728846E-4
0.000000E+0
0.000000E+0
0.000000E+0
0.000000E+0
0.000000E+0
0.000000E+0
1.600200E+1
4.064429E+0
3.823169E+2
1.043661E+2
-1.330180E+0
-2.000290E+1
1.469261E+0
-1.002553E-2
-1.151036E+0
9.622999E+0
7.891850E-1
1.058363E+2
9.050780E-2
7.422571E-3
9.954290E-1
-9.623028E-3
-5.063060E-2
-8.381663E-5
0.000000E+0
0.000000E+0
0.000000E+0
0.000000E+0
0.000000E+0
0.000000E+0
1.600520E+1
4.157154E+0
3.813576E+2
1.041980E+2
-1.333765E+0
-1.976347E+1
1.420386E+0
4.646042E-2
-1.093329E+0
9.809930E+0
7.111122E-1
1.056082E+2
9.249802E-2
6.705091E-3
9.957816E-1
-9.163572E-3
-5.089477E-2
3.894011E-4
0.000000E+0
0.000000E+0
0.000000E+0
0.000000E+0
0.000000E+0
0.000000E+0
1.600120E+1
4.380973E+0
3.819971E+2
1.043367E+2
-1.306202E+0
-2.012660E+1
1.369502E+0
3.780859E-2
-1.284479E+0
9.491503E+0
6.463540E-1
1.058424E+2
8.934575E-2
6.084283E-3
9.963190E-1
-1.074765E-2
-4.975957E-2
3.163566E-4
0.000000E+0
0.000000E+0
0.000000E+0
0.000000E+0
0.000000E+0
0.000000E+0
1.600200E+1
4.596799E+0
3.823169E+2
1.041772E+2
-1.301027E+0
-2.006745E+1
1.431152E+0
-1.017076E-2
-1.329948E+0
9.513119E+0
6.708975E-1
1.056726E+2
8.947434E-2
6.310034E-3
9.938887E-1
-1.111879E-2
-4.952095E-2
-8.503083E-5
0.000000E+0
0.000000E+0
0.000000E+0
0.000000E+0
0.000000E+0
0.000000E+0
1.600280E+1
4.813424E+0
3.827565E+2
1.042203E+2
-1.359342E+0
-1.978466E+1
1.469735E+0
4.915058E-2
-1.241417E+0
9.803014E+0
6.494416E-1
1.056359E+2
9.209500E-2
6.101217E-3
9.924031E-1
-1.036672E-2
-5.168118E-2
4.104427E-4
0.000000E+0
0.000000E+0
0.000000E+0
0.000000E+0
0.000000E+0
0.000000E+0
1.600360E+1
4.928531E+0
3.824368E+2
1.042384E+2
-1.318768E+0
-2.007915E+1
1.481104E+0
3.015844E-2
-1.351690E+0
9.529683E+0
6.648378E-1
1.057344E+2
8.960202E-2
6.251080E-3
9.941584E-1
-1.129702E-2
-5.018052E-2
2.520552E-4
0.000000E+0
0.000000E+0
0.000000E+0
0.000000E+0
0.000000E+0
0.000000E+0
1.600440E+1
5.151551E+0
3.826766E+2
1.041686E+2
-1.303442E+0
-2.005851E+1
1.522221E+0
3.991058E-2
-1.414749E+0
9.537928E+0
6.685068E-1
1.056614E+2
8.962335E-2
6.281639E-3
9.928495E-1
-1.181664E-2
-4.956625E-2
3.333517E-4
0.000000E+0
0.000000E+0
0.000000E+0
0.000000E+0
0.000000E+0
0.000000E+0
1.598761E+1
5.376969E+0
3.821970E+2
1.044182E+2
-1.300385E+0
-2.021093E+1
1.633948E+0
-1.407736E-2
-1.562081E+0
9.442718E+0
7.523994E-1
1.059461E+2
8.884005E-2
7.078809E-3
9.967742E-1
-1.306360E-2
-4.951205E-2
-1.177282E-4
0.000000E+0
0.000000E+0
0.000000E+0
0.000000E+0
0.000000E+0
0.000000E+0
1.601479E+1
5.471293E+0
3.819971E+2
1.039018E+2
-1.273995E+0
-2.007733E+1
1.639082E+0
1.498105E-2
-1.623696E+0
9.480466E+0
7.385124E-1
1.054084E+2
8.924186E-2
6.951791E-3
9.922344E-1
-1.358598E-2
-4.853266E-2
1.253512E-4
0.000000E+0
0.000000E+0
0.000000E+0
0.000000E+0
0.000000E+0
0.000000E+0
1.600680E+1
5.700708E+0
3.827565E+2
1.046128E+2
-1.343992E+0
-2.003029E+1
1.591646E+0
5.164117E-2
-1.518917E+0
9.704077E+0
6.308402E-1
1.060802E+2
9.116553E-2
5.926466E-3
9.965767E-1
-1.268405E-2
-5.109758E-2
4.312410E-4
0.000000E+0
0.000000E+0
0.000000E+0
0.000000E+0
0.000000E+0
0.000000E+0
1.600120E+1
5.920530E+0
3.821170E+2
1.047101E+2
-1.320014E+0
-2.018453E+1
1.785342E+0
-2.380084E-2
-1.697792E+0
9.595313E+0
7.998618E-1
1.062172E+2
9.029460E-2
7.526925E-3
9.995338E-1
-1.420151E-2
-5.026993E-2
-1.990868E-4
0.000000E+0
0.000000E+0
0.000000E+0
0.000000E+0
0.000000E+0
0.000000E+0
1.600600E+1
6.046029E+0
3.823169E+2
1.040289E+2
-1.305776E+0
-2.004286E+1
1.752489E+0
3.520538E-2
-1.656515E+0
9.551074E+0
7.506752E-1
1.055226E+2
8.983132E-2
7.060373E-3
9.924785E-1
-1.384900E-2
-4.970173E-2
2.943284E-4
0.000000E+0
0.000000E+0
0.000000E+0
0.000000E+0
0.000000E+0
0.000000E+0
1.600520E+1
6.279440E+0
3.818373E+2
1.042611E+2
-1.292545E+0
-2.020856E+1
1.734975E+0
2.945750E-2
-1.748989E+0
9.455990E+0
7.049306E-1
1.057916E+2
8.904873E-2
6.638456E-3
9.962585E-1
-1.464047E-2
-4.925990E-2
2.465835E-4
0.000000E+0
0.000000E+0
0.000000E+0
0.000000E+0
0.000000E+0
0.000000E+0
1.600600E+1
6.475282E+0
3.819572E+2
1.038703E+2
-1.266296E+0
-2.009679E+1
1.781473E+0
4.010010E-2
-1.714875E+0
9.464726E+0
7.186770E-1
1.053850E+2
8.910302E-2
6.765783E-3
9.921176E-1
-1.435041E-2
-4.824441E-2
3.355655E-4
0.000000E+0
0.000000E+0
0.000000E+0
0.000000E+0
0.000000E+0
0.000000E+0
1.599321E+1
6.696704E+0
3.823169E+2
1.047647E+2
-1.311630E+0
-2.025782E+1
1.828607E+0
4.442099E-2
-1.799575E+0
9.540575E+0
7.209651E-1
1.062912E+2
8.973257E-2
6.780938E-3
9.997077E-1
-1.504503E-2
-4.992457E-2
3.713738E-4
0.000000E+0
0.000000E+0
0.000000E+0
0.000000E+0
0.000000E+0
0.000000E+0
1.600040E+1
6.814209E+0
3.819572E+2
1.040564E+2
-1.274450E+0
-2.025217E+1
1.915529E+0
8.100834E-3
-1.914675E+0
9.377120E+0
8.086438E-1
1.056076E+2
8.827828E-2
7.612751E-3
9.942132E-1
-1.602237E-2
-4.855506E-2
6.778936E-5
0.000000E+0
0.000000E+0
0.000000E+0
0.000000E+0
0.000000E+0
0.000000E+0
1.600200E+1
7.029235E+0
3.825167E+2
1.037700E+2
-1.286253E+0
-2.009699E+1
1.925857E+0
4.181597E-2
-2.024774E+0
9.453959E+0
7.747444E-1
1.052892E+2
8.887146E-2
7.282945E-3
9.897661E-1
-1.691892E-2
-4.893303E-2
3.494123E-4
0.000000E+0
0.000000E+0
0.000000E+0
0.000000E+0
0.000000E+0
0.000000E+0
1.600200E+1
7.256252E+0
3.821170E+2
1.040840E+2
-1.273248E+0
-2.020581E+1
1.748851E+0
7.743150E-2
-1.878043E+0
9.416717E+0
5.639682E-1
1.056211E+2
8.861395E-2
5.307099E-3
9.939247E-1
-1.570926E-2
-4.848898E-2
6.476909E-4
0.000000E+0
0.000000E+0
0.000000E+0
0.000000E+0
0.000000E+0
0.000000E+0
1.600200E+1
7.475275E+0
3.823169E+2
1.035466E+2
-1.277363E+0
-2.010510E+1
2.010597E+0
-5.393799E-3
-2.094316E+0
9.401945E+0
7.941690E-1
1.050768E+2
8.842871E-2
7.469448E-3
9.882852E-1
-1.750916E-2
-4.862023E-2
-4.509390E-5
0.000000E+0
0.000000E+0
0.000000E+0
0.000000E+0
0.000000E+0
0.000000E+0
1.600520E+1
7.580790E+0
3.823568E+2
1.038729E+2
-1.303412E+0
-2.013921E+1
2.101699E+0
1.472926E-2
-2.102477E+0
9.477903E+0
8.588415E-1
1.053993E+2
8.913380E-2
8.076872E-3
9.912150E-1
-1.757554E-2
-4.960656E-2
1.231285E-4
0.000000E+0
0.000000E+0
0.000000E+0
0.000000E+0
0.000000E+0
0.000000E+0
1.600200E+1
7.804610E+0
3.821970E+2
1.037783E+2
-1.269943E+0
-2.021590E+1
1.913878E+0
6.606126E-2
-1.996081E+0
9.350974E+0
6.500814E-1
1.053300E+2
8.797690E-2
6.116170E-3
9.909778E-1
-1.669311E-2
-4.835297E-2
5.524667E-4
0.000000E+0
0.000000E+0
0.000000E+0
0.000000E+0
0.000000E+0
0.000000E+0
1.601000E+1
8.039620E+0
3.818772E+2
1.037971E+2
-1.290157E+0
-2.013202E+1
1.960408E+0
6.332013E-2
-2.062279E+0
9.459592E+0
6.437373E-1
1.053237E+2
8.907332E-2
6.061553E-3
9.917477E-1
-1.726117E-2
-4.916377E-2
5.299862E-4
0.000000E+0
0.000000E+0
0.000000E+0
0.000000E+0
0.000000E+0
0.000000E+0
1.600440E+1
8.233064E+0
3.821570E+2
1.038009E+2
-1.270844E+0
-2.024281E+1
1.966799E+0
3.390908E-2
-2.130762E+0
9.348092E+0
6.346926E-1
1.053588E+2
8.795898E-2
5.972012E-3
9.913523E-1
-1.782131E-2
-4.839235E-2
2.836094E-4
0.000000E+0
0.000000E+0
0.000000E+0
0.000000E+0
0.000000E+0
0.000000E+0
1.600360E+1
8.351369E+0
3.825567E+2
1.042507E+2
-1.271568E+0
-2.032885E+1
1.912422E+0
9.081696E-2
-2.021944E+0
9.380896E+0
5.558029E-1
1.058150E+2
8.817542E-2
5.224251E-3
9.946049E-1
-1.689351E-2
-4.836932E-2
7.587831E-4
0.000000E+0
0.000000E+0
0.000000E+0
0.000000E+0
0.000000E+0
0.000000E+0
1.600680E+1
8.571191E+0
3.829564E+2
1.037249E+2
-1.260055E+0
-2.022527E+1
2.011207E+0
8.153279E-2
-2.248930E+0
9.358595E+0
6.233815E-1
1.052805E+2
8.787400E-2
5.853338E-3
9.885479E-1
-1.877038E-2
-4.788136E-2
6.805022E-4
0.000000E+0
0.000000E+0
0.000000E+0
0.000000E+0
0.000000E+0
0.000000E+0
1.599721E+1
8.795011E+0
3.825567E+2
1.038545E+2
-1.292271E+0
-2.026628E+1
2.203568E+0
2.940122E-2
-2.406050E+0
9.369290E+0
7.801795E-1
1.054179E+2
8.806634E-2
7.333271E-3
9.908722E-1
-2.010275E-2
-4.915686E-2
2.456496E-4
0.000000E+0
0.000000E+0
0.000000E+0
0.000000E+0
0.000000E+0
0.000000E+0
1.602199E+1
9.007639E+0
3.824767E+2
1.033864E+2
-1.270685E+0
-2.017316E+1
2.250849E+0
4.153048E-2
-2.364337E+0
9.385347E+0
7.911788E-1
1.049383E+2
8.823570E-2
7.438213E-3
9.865706E-1
-1.975836E-2
-4.834584E-2
3.470631E-4
0.000000E+0
0.000000E+0
0.000000E+0
0.000000E+0
0.000000E+0
0.000000E+0
1.600680E+1
9.118749E+0
3.822769E+2
1.037624E+2
-1.279290E+0
-2.042260E+1
2.222664E+0
5.603557E-2
-2.473926E+0
9.220574E+0
7.711224E-1
1.053710E+2
8.673191E-2
7.253444E-3
9.911561E-1
-2.068498E-2
-4.869868E-2
4.685244E-4
0.000000E+0
0.000000E+0
0.000000E+0
0.000000E+0
0.000000E+0
0.000000E+0
1.600200E+1
9.344168E+0
3.817973E+2
1.038285E+2
-1.282123E+0
-2.017784E+1
2.286235E+0
6.347673E-2
-2.347937E+0
9.475294E+0
7.578390E-1
1.053678E+2
8.923986E-2
7.137451E-3
9.923715E-1
-1.965622E-2
-4.886782E-2
5.314081E-4
0.000000E+0
0.000000E+0
0.000000E+0
0.000000E+0
0.000000E+0
0.000000E+0
1.600520E+1
9.559194E+0
3.825966E+2
1.036864E+2
-1.266003E+0
-2.029016E+1
2.330484E+0
4.695094E-2
-2.420807E+0
9.346107E+0
7.893694E-1
1.052617E+2
8.783925E-2
7.418876E-3
9.893002E-1
-2.022393E-2
-4.815263E-2
3.922379E-4
0.000000E+0
0.000000E+0
0.000000E+0
0.000000E+0
0.000000E+0
0.000000E+0
1.600360E+1
9.779816E+0
3.823568E+2
1.034702E+2
-1.258638E+0
-2.020894E+1
2.322791E+0
6.772039E-2
-2.462931E+0
9.363081E+0
7.431557E-1
1.050317E+2
8.805396E-2
6.988919E-3
9.877581E-1
-2.058875E-2
-4.790250E-2
5.661051E-4
0.000000E+0
0.000000E+0
0.000000E+0
0.000000E+0
0.000000E+0
0.000000E+0
1.600360E+1
9.883732E+0
3.821970E+2
1.036894E+2
-1.311708E+0
-2.025632E+1
2.396088E+0
6.598024E-2
-2.697354E+0
9.391649E+0
7.958290E-1
1.052554E+2
8.835958E-2
7.487409E-3
9.902761E-1
-2.255782E-2
-4.994320E-2
5.517891E-4
0.000000E+0
0.000000E+0
0.000000E+0
0.000000E+0
0.000000E+0
0.000000E+0
1.600680E+1
1.000044E+1
3.837557E+2
1.032802E+2
-1.280446E+0
-2.015133E+1
2.472127E+0
3.859257E-2
-2.574637E+0
9.400502E+0
8.526310E-1
1.048327E+2
8.808364E-2
7.989236E-3
9.822923E-1
-2.144409E-2
-4.855486E-2
3.214366E-4
0.000000E+0
0.000000E+0
0.000000E+0
0.000000E+0
0.000000E+0
0.000000E+0
1.600440E+1
9.998840E+0
3.825167E+2
1.036561E+2
-1.280199E+0
-2.027635E+1
2.276708E+0
8.109826E-2
-2.586872E+0
9.345966E+0
6.640704E-1
1.052289E+2
8.785628E-2
6.242560E-3
9.891989E-1
-2.161579E-2
-4.870274E-2
6.776534E-4
0.000000E+0
0.000000E+0
0.000000E+0
0.000000E+0
0.000000E+0
0.000000E+0
1.601479E+1
1.000204E+1
3.823568E+2
1.033982E+2
-1.286605E+0
-2.019813E+1
2.442458E+0
4.496353E-2
-2.692609E+0
9.397543E+0
8.227677E-1
1.049577E+2
8.837806E-2
7.737620E-3
9.870625E-1
-2.250873E-2
-4.896690E-2
3.758703E-4
0.000000E+0
0.000000E+0
0.000000E+0
0.000000E+0
0.000000E+0
0.000000E+0
1.599721E+1
9.999639E+0
3.821570E+2
1.035532E+2
-1.280681E+0
-2.024746E+1
2.534364E+0
1.410151E-2
-2.560747E+0
9.377099E+0
9.200827E-1
1.051231E+2
8.823192E-2
8.657332E-3
9.891345E-1
-2.141762E-2
-4.876692E-2
1.179425E-4
0.000000E+0
0.000000E+0
0.000000E+0
0.000000E+0
0.000000E+0
0.000000E+0
1.600680E+1
9.942085E+0
3.821570E+2
1.032395E+2
-1.276019E+0
-2.023128E+1
2.398547E+0
4.286342E-2
-2.684069E+0
9.300175E+0
8.049345E-1
1.048156E+2
8.750812E-2
7.573868E-3
9.862408E-1
-2.244907E-2
-4.858940E-2
3.585019E-4
0.000000E+0
0.000000E+0
0.000000E+0
0.000000E+0
0.000000E+0
0.000000E+0
1.600680E+1
9.830975E+0
3.824767E+2
1.040422E+2
-1.293934E+0
-2.028835E+1
2.321502E+0
4.635169E-2
-2.463176E+0
9.449497E+0
7.186261E-1
1.056029E+2
8.883880E-2
6.756114E-3
9.928187E-1
-2.058434E-2
-4.923041E-2
3.873531E-4
0.000000E+0
0.000000E+0
0.000000E+0
0.000000E+0
0.000000E+0
0.000000E+0
1.600360E+1
9.607955E+0
3.824368E+2
1.037283E+2
-1.295320E+0
-2.015315E+1
2.280723E+0
5.286683E-2
-2.444996E+0
9.476818E+0
7.089329E-1
1.052644E+2
8.910497E-2
6.665681E-3
9.897398E-1
-2.043455E-2
-4.928830E-2
4.418452E-4
0.000000E+0
0.000000E+0
0.000000E+0
0.000000E+0
0.000000E+0
0.000000E+0
1.600520E+1
9.396126E+0
3.819572E+2
1.038810E+2
-1.316415E+0
-2.020347E+1
2.332754E+0
5.115210E-2
-2.426650E+0
9.479340E+0
7.958416E-1
1.054248E+2
8.924059E-2
7.492228E-3
9.924924E-1
-2.030668E-2
-5.015385E-2
4.280508E-4
0.000000E+0
0.000000E+0
0.000000E+0
0.000000E+0
0.000000E+0
0.000000E+0
1.600520E+1
9.162714E+0
3.828365E+2
1.040766E+2
-1.279815E+0
-2.032135E+1
2.253923E+0
5.767710E-2
-2.324314E+0
9.404830E+0
7.660847E-1
1.056453E+2
8.833578E-2
7.195526E-3
9.922838E-1
-1.940564E-2
-4.864745E-2
4.815447E-4
0.000000E+0
0.000000E+0
0.000000E+0
0.000000E+0
0.000000E+0
0.000000E+0
1.600920E+1
9.057199E+0
3.838756E+2
1.040549E+2
-1.299968E+0
-2.024079E+1
2.203590E+0
4.092523E-2
-2.340889E+0
9.473315E+0
7.212902E-1
1.056016E+2
8.873817E-2
6.756449E-3
9.891881E-1
-1.949112E-2
-4.927975E-2
3.407588E-4
0.000000E+0
0.000000E+0
0.000000E+0
0.000000E+0
0.000000E+0
0.000000E+0
1.600120E+1
8.836577E+0
3.829963E+2
1.040474E+2
-1.289386E+0
-2.016164E+1
1.990517E+0
9.783874E-2
-2.033574E+0
9.496316E+0
5.381112E-1
1.055738E+2
8.915785E-2
5.052152E-3
9.911987E-1
-1.697117E-2
-4.899081E-2
8.165123E-4
0.000000E+0
0.000000E+0
0.000000E+0
0.000000E+0
0.000000E+0
0.000000E+0
1.600440E+1
8.623949E+0
3.822769E+2
1.039023E+2
-1.285138E+0
-2.018925E+1
1.989201E+0
7.157789E-2
-2.117234E+0
9.434103E+0
5.811411E-1
1.054415E+2
8.874044E-2
5.466414E-3
9.918191E-1
-1.770261E-2
-4.892129E-2
5.984768E-4
0.000000E+0
0.000000E+0
0.000000E+0
0.000000E+0
0.000000E+0
0.000000E+0
1.600040E+1
8.401728E+0
3.819971E+2
1.036147E+2
-1.276327E+0
-2.019904E+1
2.171268E+0
4.777357E-3
-2.276570E+0
9.363367E+0
8.118722E-1
1.051684E+2
8.813958E-2
7.642344E-3
9.899747E-1
-1.904879E-2
-4.862147E-2
3.997368E-5
0.000000E+0
0.000000E+0
0.000000E+0
0.000000E+0
0.000000E+0
0.000000E+0
1.600520E+1
8.289019E+0
3.830363E+2
1.037668E+2
-1.299561E+0
-2.010714E+1
2.224652E+0
2.806072E-3
-2.248751E+0
9.507068E+0
8.630665E-1
1.052885E+2
8.924948E-2
8.102207E-3
9.884163E-1
-1.876497E-2
-4.937226E-2
2.341560E-5
0.000000E+0
0.000000E+0
0.000000E+0
0.000000E+0
0.000000E+0
0.000000E+0
1.601479E+1
8.067598E+0
3.821970E+2
1.037892E+2
-1.300658E+0
-2.004063E+1
1.999111E+0
5.924525E-2
-2.099712E+0
9.558881E+0
6.641787E-1
1.052901E+2
8.993295E-2
6.248801E-3
9.906022E-1
-1.755977E-2
-4.952244E-2
4.954647E-4
0.000000E+0
0.000000E+0
0.000000E+0
0.000000E+0
0.000000E+0
0.000000E+0
1.600520E+1
7.850972E+0
3.823568E+2
1.038342E+2
-1.266152E+0
-2.017999E+1
1.824677E+0
8.394628E-2
-1.997052E+0
9.394618E+0
5.465234E-1
1.053734E+2
8.835056E-2
5.139713E-3
9.909714E-1
-1.669425E-2
-4.818848E-2
7.017446E-4
0.000000E+0
0.000000E+0
0.000000E+0
0.000000E+0
0.000000E+0
0.000000E+0
1.600120E+1
7.735865E+0
3.821170E+2
1.041178E+2
-1.285154E+0
-2.008296E+1
1.955416E+0
2.866681E-2
-1.931243E+0
9.573702E+0
6.728573E-1
1.056199E+2
9.009123E-2
6.331777E-3
9.939129E-1
-1.615426E-2
-4.894238E-2
2.397891E-4
0.000000E+0
0.000000E+0
0.000000E+0
0.000000E+0
0.000000E+0
0.000000E+0
1.602199E+1
7.528033E+0
3.820371E+2
1.034781E+2
-1.271936E+0
-2.006623E+1
1.802971E+0
7.600624E-2
-2.085509E+0
9.430088E+0
5.724578E-1
1.049970E+2
8.875835E-2
5.388116E-3
9.882576E-1
-1.744829E-2
-4.844913E-2
6.359020E-4
0.000000E+0
0.000000E+0
0.000000E+0
0.000000E+0
0.000000E+0
0.000000E+0
1.600120E+1
7.295421E+0
3.828365E+2
1.040775E+2
-1.283270E+0
-2.007331E+1
1.724149E+0
9.202257E-2
-1.852220E+0
9.537044E+0
5.172717E-1
1.055785E+2
8.957762E-2
4.858525E-3
9.916560E-1
-1.546414E-2
-4.877879E-2
7.682942E-4
0.000000E+0
0.000000E+0
0.000000E+0
0.000000E+0
0.000000E+0
0.000000E+0
1.600520E+1
7.084391E+0
3.820771E+2
1.041836E+2
-1.302954E+0
-2.020692E+1
1.893123E+0
1.279119E-2
-2.077178E+0
9.464817E+0
7.314005E-1
1.057167E+2
8.907591E-2
6.883405E-3
9.949277E-1
-1.737678E-2
-4.962544E-2
1.070056E-4
0.000000E+0
0.000000E+0
0.000000E+0
0.000000E+0
0.000000E+0
0.000000E+0
1.600040E+1
6.970882E+0
3.821570E+2
1.039435E+2
-1.274886E+0
-2.014630E+1
1.872835E+0
3.888839E-2
-1.886465E+0
9.444246E+0
7.320467E-1
1.054699E+2
8.886371E-2
6.888045E-3
9.923978E-1
-1.577805E-2
-4.854625E-2
3.252555E-4
0.000000E+0
0.000000E+0
0.000000E+0
0.000000E+0
0.000000E+0
0.000000E+0
1.600120E+1
6.748662E+0
3.827565E+2
1.033764E+2
-1.280858E+0
-1.991579E+1
1.821999E+0
3.328527E-2
-1.840240E+0
9.501637E+0
7.103433E-1
1.048612E+2
8.926369E-2
6.673362E-3
9.851244E-1
-1.536733E-2
-4.869728E-2
2.779559E-4
0.000000E+0
0.000000E+0
0.000000E+0
0.000000E+0
0.000000E+0
0.000000E+0
1.600680E+1
6.516849E+0
3.822369E+2
1.040924E+2
-1.286498E+0
-2.018980E+1
1.726813E+0
3.840477E-2
-1.787110E+0
9.432514E+0
6.605337E-1
1.056240E+2
8.873477E-2
6.213858E-3
9.936397E-1
-1.494394E-2
-4.897819E-2
3.211434E-4
0.000000E+0
0.000000E+0
0.000000E+0
0.000000E+0
0.000000E+0
0.000000E+0
1.600200E+1
6.301023E+0
3.824368E+2
1.042781E+2
-1.314593E+0
-2.004617E+1
1.772764E+0
1.118649E-2
-1.776269E+0
9.614347E+0
7.219306E-1
1.057637E+2
9.039807E-2
6.787890E-3
9.944342E-1
-1.484553E-2
-5.002163E-2
9.349335E-5
0.000000E+0
0.000000E+0
0.000000E+0
0.000000E+0
0.000000E+0
0.000000E+0
1.600120E+1
6.197906E+0
3.828764E+2
1.041848E+2
-1.296384E+0
-2.007827E+1
1.834298E+0
-7.229450E-3
-1.777028E+0
9.561962E+0
8.066751E-1
1.056830E+2
8.980229E-2
7.575984E-3
9.925345E-1
-1.483481E-2
-4.927212E-2
-6.035220E-5
0.000000E+0
0.000000E+0
0.000000E+0
0.000000E+0
0.000000E+0
0.000000E+0
1.600840E+1
5.964495E+0
3.819971E+2
1.040782E+2
-1.324987E+0
-1.997081E+1
1.545280E+0
8.099701E-2
-1.578156E+0
9.615239E+0
5.491121E-1
1.055497E+2
9.051051E-2
5.168921E-3
9.935640E-1
-1.320494E-2
-5.047516E-2
6.777279E-4
0.000000E+0
0.000000E+0
0.000000E+0
0.000000E+0
0.000000E+0
0.000000E+0
1.600200E+1
5.759061E+0
3.821170E+2
1.041749E+2
-1.333224E+0
-1.982762E+1
1.623257E+0
3.828377E-2
-1.491362E+0
9.772778E+0
6.458638E-1
1.056042E+2
9.196459E-2
6.077760E-3
9.937654E-1
-1.247479E-2
-5.077302E-2
3.202321E-4
0.000000E+0
0.000000E+0
0.000000E+0
0.000000E+0
0.000000E+0
0.000000E+0
1.600840E+1
5.637559E+0
3.820371E+2
1.042342E+2
-1.292988E+0
-2.004189E+1
1.606778E+0
2.726320E-3
-1.572999E+0
9.592814E+0
6.676551E-1
1.057192E+2
9.028997E-2
6.284137E-3
9.950558E-1
-1.316041E-2
-4.925102E-2
2.280960E-5
0.000000E+0
0.000000E+0
0.000000E+0
0.000000E+0
0.000000E+0
0.000000E+0
1.600440E+1
5.424131E+0
3.821970E+2
1.040898E+2
-1.312751E+0
-1.995219E+1
1.443074E+0
6.363886E-2
-1.468021E+0
9.613645E+0
5.367220E-1
1.055563E+2
9.044819E-2
5.049649E-3
9.931072E-1
-1.227698E-2
-4.998288E-2
5.322083E-4
0.000000E+0
0.000000E+0
0.000000E+0
0.000000E+0
0.000000E+0
0.000000E+0
1.600360E+1
5.199512E+0
3.821170E+2
1.046227E+2
-1.325717E+0
-2.004452E+1
1.364579E+0
6.900260E-2
-1.285870E+0
9.660824E+0
4.910961E-1
1.060942E+2
9.091107E-2
4.621353E-3
9.983766E-1
-1.075591E-2
-5.048712E-2
5.771857E-4
0.000000E+0
0.000000E+0
0.000000E+0
0.000000E+0
0.000000E+0
0.000000E+0
1.600440E+1
4.975693E+0
3.821970E+2
1.044874E+2
-1.351613E+0
-1.990708E+1
1.412930E+0
4.547029E-2
-1.366990E+0
9.758943E+0
5.686491E-1
1.059261E+2
9.181519E-2
5.350028E-3
9.965861E-1
-1.143206E-2
-5.146256E-2
3.802656E-4
0.000000E+0
0.000000E+0
0.000000E+0
0.000000E+0
0.000000E+0
0.000000E+0
1.600200E+1
4.857388E+0
3.825966E+2
1.039010E+2
-1.295319E+0
-1.982543E+1
1.459784E+0
1.796694E-2
-1.256158E+0
9.674439E+0
6.429011E-1
1.053404E+2
9.092507E-2
6.042296E-3
9.900398E-1
-1.049421E-2
-4.926763E-2
1.500996E-4
0.000000E+0
0.000000E+0
0.000000E+0
0.000000E+0
0.000000E+0
0.000000E+0
1.600200E+1
4.642362E+0
3.822769E+2
1.043660E+2
-1.317834E+0
-1.999879E+1
1.298496E+0
5.581978E-2
-1.222969E+0
9.620576E+0
5.215575E-1
1.058352E+2
9.049447E-2
4.905950E-3
9.955221E-1
-1.022548E-2
-5.016592E-2
4.667201E-4
0.000000E+0
0.000000E+0
0.000000E+0
0.000000E+0
0.000000E+0
0.000000E+0
1.600520E+1
4.421740E+0
3.825167E+2
1.043846E+2
-1.318235E+0
-1.993522E+1
1.267778E+0
4.859691E-2
-1.094385E+0
9.688057E+0
5.224092E-1
1.058350E+2
9.107208E-2
4.910881E-3
9.948961E-1
-9.144631E-3
-5.014975E-2
4.060736E-4
0.000000E+0
0.000000E+0
0.000000E+0
0.000000E+0
0.000000E+0
0.000000E+0
1.600680E+1
4.194723E+0
3.822769E+2
1.046285E+2
-1.337040E+0
-1.991040E+1
1.338053E+0
3.921176E-2
-9.754820E-1
9.784848E+0
6.239991E-1
1.060622E+2
9.203967E-2
5.869552E-3
9.976580E-1
-8.156197E-3
-5.089706E-2
3.278572E-4
0.000000E+0
0.000000E+0
0.000000E+0
0.000000E+0
0.000000E+0
0.000000E+0
1.600680E+1
4.086810E+0
3.822369E+2
1.043522E+2
-1.337184E+0
-1.986881E+1
1.332783E+0
5.694640E-3
-1.136790E+0
9.747155E+0
6.397509E-1
1.057852E+2
9.169470E-2
6.018348E-3
9.951560E-1
-9.505916E-3
-5.090785E-2
4.761898E-5
0.000000E+0
0.000000E+0
0.000000E+0
0.000000E+0
0.000000E+0
0.000000E+0
1.600920E+1
3.867787E+0
3.822369E+2
1.039435E+2
-1.288033E+0
-1.993019E+1
1.160325E+0
7.058056E-2
-1.016041E+0
9.566117E+0
5.162241E-1
1.054089E+2
8.999161E-2
4.856290E-3
9.916163E-1
-8.496210E-3
-4.903663E-2
5.901996E-4
0.000000E+0
0.000000E+0
0.000000E+0
0.000000E+0
0.000000E+0
0.000000E+0
1.600520E+1
3.643968E+0
3.822369E+2
1.048165E+2
-1.343186E+0
-1.993821E+1
1.222833E+0
2.987380E-2
-8.970888E-1
9.793186E+0
6.016298E-1
1.062509E+2
9.212773E-2
5.659730E-3
9.995376E-1
-7.501520E-3
-5.113637E-2
2.498068E-4
0.000000E+0
0.000000E+0
0.000000E+0
0.000000E+0
0.000000E+0
0.000000E+0
1.601799E+1
3.429741E+0
3.821970E+2
1.046999E+2
-1.370899E+0
-1.977914E+1
1.149992E+0
4.090284E-2
-8.357781E-1
9.930680E+0
5.568910E-1
1.060927E+2
9.343095E-2
5.239405E-3
9.981537E-1
-6.989567E-3
-5.219686E-2
3.420682E-4
0.000000E+0
0.000000E+0
0.000000E+0
0.000000E+0
0.000000E+0
0.000000E+0
1.600520E+1
3.313835E+0
3.823568E+2
1.051510E+2
-1.338420E+0
-2.007344E+1
1.013739E+0
7.544447E-2
-6.877685E-1
9.739792E+0
4.514843E-1
1.066098E+2
9.159670E-2
4.245929E-3
1.002599E+0
-5.749365E-3
-5.093894E-2
6.306742E-4
0.000000E+0
0.000000E+0
0.000000E+0
0.000000E+0
0.000000E+0
0.000000E+0
1.600360E+1
3.096410E+0
3.821570E+2
1.046484E+2
-1.330974E+0
-1.992487E+1
1.183605E+0
2.358585E-2
-6.867062E-1
9.748421E+0
6.579928E-1
1.060859E+2
9.172579E-2
6.191250E-3
9.981937E-1
-5.743487E-3
-5.068203E-2
1.972678E-4
0.000000E+0
0.000000E+0
0.000000E+0
0.000000E+0
0.000000E+0
0.000000E+0
1.600840E+1
2.878186E+0
3.818772E+2
1.046996E+2
-1.325890E+0
-1.997390E+1
1.125468E+0
5.359026E-2
-7.036253E-1
9.718839E+0
6.382638E-1
1.061478E+2
9.151445E-2
6.010014E-3
9.995083E-1
-5.889307E-3
-5.052543E-2
4.485477E-4
0.000000E+0
0.000000E+0
0.000000E+0
0.000000E+0
0.000000E+0
0.000000E+0
1.600680E+1
2.762280E+0
3.824767E+2
1.051724E+2
-1.353969E+0
-2.004413E+1
8.672325E-1
8.651084E-2
-5.533819E-1
9.764915E+0
3.971011E-1
1.066219E+2
9.180418E-2
3.733318E-3
1.002399E+0
-4.624518E-3
-5.151455E-2
7.229562E-4
0.000000E+0
0.000000E+0
0.000000E+0
0.000000E+0
0.000000E+0
0.000000E+0
1.600280E+1
2.540859E+0
3.825167E+2
1.047885E+2
-1.355737E+0
-1.976776E+1
1.027078E+0
3.062028E-2
-5.109771E-1
9.922634E+0
5.877671E-1
1.061774E+2
9.327721E-2
5.525275E-3
9.981152E-1
-4.269701E-3
-5.157645E-2
2.558617E-4
0.000000E+0
0.000000E+0
0.000000E+0
0.000000E+0
0.000000E+0
0.000000E+0
1.600520E+1
2.324234E+0
3.826766E+2
1.046228E+2
-1.354802E+0
-1.974952E+1
9.391007E-1
6.337560E-2
-4.925794E-1
9.893081E+0
5.383355E-1
1.060127E+2
9.296055E-2
5.058482E-3
9.961506E-1
-4.114251E-3
-5.151935E-2
5.293424E-4
0.000000E+0
0.000000E+0
0.000000E+0
0.000000E+0
0.000000E+0
0.000000E+0
1.600600E+1
2.105211E+0
3.823968E+2
1.038699E+2
-1.316772E+0
-1.966727E+1
9.442576E-1
5.673139E-2
-5.750820E-1
9.764174E+0
5.859702E-1
1.052662E+2
9.181640E-2
5.510110E-3
9.898596E-1
-4.806866E-3
-5.010981E-2
4.741935E-4
0.000000E+0
0.000000E+0
0.000000E+0
0.000000E+0
0.000000E+0
0.000000E+0
1.600360E+1
1.995699E+0
3.824368E+2
1.043371E+2
-1.318013E+0
-1.979286E+1
8.873728E-1
5.933792E-2
-4.027472E-1
9.764729E+0
5.476534E-1
1.057503E+2
9.181202E-2
5.149264E-3
9.943081E-1
-3.366040E-3
-5.015178E-2
4.959286E-4
0.000000E+0
0.000000E+0
0.000000E+0
0.000000E+0
0.000000E+0
0.000000E+0
1.600600E+1
1.769482E+0
3.822769E+2
1.041271E+2
-1.290371E+0
-1.977802E+1
8.633197E-1
4.033720E-2
-3.186111E-1
9.722534E+0
5.633723E-1
1.055439E+2
9.145352E-2
5.299275E-3
9.927824E-1
-2.663970E-3
-4.912050E-2
3.372673E-4
0.000000E+0
0.000000E+0
0.000000E+0
0.000000E+0
0.000000E+0
0.000000E+0
1.600520E+1
1.548860E+0
3.821570E+2
1.043528E+2
-1.316115E+0
-1.977327E+1
8.032937E-1
8.344281E-2
-2.165652E-1
9.783980E+0
5.390354E-1
1.057597E+2
9.206038E-2
5.071945E-3
9.951245E-1
-1.811313E-3
-5.011623E-2
6.979007E-4
0.000000E+0
0.000000E+0
0.000000E+0
0.000000E+0
0.000000E+0
0.000000E+0
1.600440E+1
1.434552E+0
3.822369E+2
1.043086E+2
-1.303815E+0
-1.974940E+1
7.119375E-1
9.261578E-2
-1.280502E-1
9.789867E+0
4.669941E-1
1.057107E+2
9.209651E-2
4.393167E-3
9.944558E-1
-1.070765E-3
-4.963748E-2
7.744597E-4
0.000000E+0
0.000000E+0
0.000000E+0
0.000000E+0
0.000000E+0
0.000000E+0
1.599960E+1
1.216329E+0
3.823169E+2
1.044603E+2
-1.332798E+0
-1.972698E+1
8.337982E-1
5.565544E-2
-2.002158E-1
9.845118E+0
6.249534E-1
1.058512E+2
9.259690E-2
5.877913E-3
9.955691E-1
-1.673869E-3
-5.073027E-2
4.652974E-4
0.000000E+0
0.000000E+0
0.000000E+0
0.000000E+0
0.000000E+0
0.000000E+0
1.600200E+1
9.877132E-1
3.824368E+2
1.042324E+2
-1.318578E+0
-1.974397E+1
8.582385E-1
4.529049E-2
-2.399594E-1
9.768262E+0
6.899558E-1
1.056365E+2
9.184524E-2
6.487250E-3
9.932378E-1
-2.005509E-3
-5.017327E-2
3.785244E-4
0.000000E+0
0.000000E+0
0.000000E+0
0.000000E+0
0.000000E+0
0.000000E+0
1.600520E+1
7.678907E-1
3.822369E+2
1.044696E+2
-1.319713E+0
-1.974176E+1
7.283160E-1
5.409221E-2
-8.214796E-2
9.837212E+0
5.965330E-1
1.058633E+2
9.254190E-2
5.611783E-3
9.958911E-1
-6.869271E-4
-5.024273E-2
4.523229E-4
0.000000E+0
0.000000E+0
0.000000E+0
0.000000E+0
0.000000E+0
0.000000E+0
1.600120E+1
6.615766E-1
3.825966E+2
1.044346E+2
-1.321959E+0
-1.975263E+1
6.481110E-1
7.715981E-2
7.206378E-2
9.807678E+0
5.349030E-1
1.058333E+2
9.217731E-2
5.027278E-3
9.946730E-1
6.020359E-4
-5.028092E-2
6.446092E-4
0.000000E+0
0.000000E+0
0.000000E+0
0.000000E+0
0.000000E+0
0.000000E+0
1.599321E+1
4.433529E-1
3.819172E+2
1.045199E+2
-1.320608E+0
-1.975350E+1
6.576298E-1
7.250231E-2
3.745027E-2
9.813549E+0
5.817110E-1
1.059170E+2
9.239658E-2
5.476929E-3
9.972299E-1
3.134240E-4
-5.031889E-2
6.067770E-4
0.000000E+0
0.000000E+0
0.000000E+0
0.000000E+0
0.000000E+0
0.000000E+0
1.600280E+1
2.235304E-1
3.826366E+2
1.047979E+2
-1.335155E+0
-1.983852E+1
6.975961E-1
3.332059E-2
4.982752E-2
9.824045E+0
6.592743E-1
1.062060E+2
9.232150E-2
6.195532E-3
9.980709E-1
4.162260E-4
-5.077753E-2
2.783381E-4
0.000000E+0
0.000000E+0
0.000000E+0
0.000000E+0
0.000000E+0
0.000000E+0
1.600360E+1
8.504133E-3
3.823568E+2
1.043371E+2
-1.314043E+0
-1.970195E+1
5.491819E-1
1.068746E-1
1.737324E-1
9.827200E+0
5.477233E-1
1.057252E+2
9.241872E-2
5.150998E-3
9.942802E-1
1.452307E-3
-5.001118E-2
8.934125E-4
0.000000E+0
0.000000E+0
0.000000E+0
0.000000E+0
0.000000E+0
0.000000E+0
1.599960E+1
1.090220E-2
3.823568E+2
1.046745E+2
-1.327913E+0
-1.974463E+1
5.276407E-1
9.319338E-2
2.370655E-1
9.871813E+0
5.257623E-1
1.060620E+2
9.283828E-2
4.944469E-3
9.974474E-1
1.981737E-3
-5.053905E-2
7.790453E-4
0.000000E+0
0.000000E+0
0.000000E+0
0.000000E+0
0.000000E+0
0.000000E+0
1.600200E+1
-8.282307E-3
3.821170E+2
1.044044E+2
-1.311412E+0
-1.974421E+1
6.079153E-1
4.653856E-2
1.489192E-1
9.802026E+0
6.093322E-1
1.058019E+2
9.223982E-2
5.733988E-3
9.956256E-1
1.245664E-3
-4.994236E-2
3.892809E-4
0.000000E+0
0.000000E+0
0.000000E+0
0.000000E+0
0.000000E+0
0.000000E+0
1.599561E+1
-7.482953E-3
3.825167E+2
1.043616E+2
-1.313701E+0
-1.973832E+1
5.094830E-1
6.488636E-2
2.108328E-1
9.784086E+0
5.107608E-1
1.057601E+2
9.197480E-2
4.801381E-3
9.941929E-1
1.761710E-3
-4.997725E-2
5.421875E-4
0.000000E+0
0.000000E+0
0.000000E+0
0.000000E+0
0.000000E+0
0.000000E+0
1.600360E+1
-5.884244E-3
3.820371E+2
1.044475E+2
-1.311479E+0
-1.980813E+1
5.698486E-1
7.199112E-2
1.331579E-1
9.755418E+0
5.708505E-1
1.058606E+2
9.182043E-2
5.372988E-3
9.963863E-1
1.114058E-3
-4.995536E-2
6.023097E-4
0.000000E+0
0.000000E+0
0.000000E+0
0.000000E+0
0.000000E+0
0.000000E+0
1.600040E+1
-1.707520E-2
3.824767E+2
1.044537E+2
-1.314814E+0
-1.973920E+1
5.632738E-1
6.691619E-2
2.280142E-1
9.817377E+0
5.661996E-1
1.058481E+2
9.229740E-2
5.323087E-3
9.951237E-1
1.905476E-3
-5.002482E-2
5.592071E-4
0.000000E+0
0.000000E+0
0.000000E+0
0.000000E+0
0.000000E+0
0.000000E+0
1.600440E+1
-5.084890E-3
3.823968E+2
1.039894E+2
-1.304736E+0
-1.968786E+1
6.142272E-1
6.032496E-2
2.029393E-1
9.746205E+0
6.150922E-1
1.053869E+2
9.164743E-2
5.783956E-3
9.909953E-1
1.696283E-3
-4.965177E-2
5.042307E-4
0.000000E+0
0.000000E+0
0.000000E+0
0.000000E+0
0.000000E+0
0.000000E+0
1.599721E+1
-5.884244E-3
3.820371E+2
1.046361E+2
-1.322915E+0
-1.978880E+1
6.366578E-1
6.381569E-2
1.897374E-1
9.814158E+0
6.376657E-1
1.060377E+2
9.237331E-2
6.001869E-3
9.980531E-1
1.587428E-3
-5.039096E-2
5.339104E-4
0.000000E+0
0.000000E+0
0.000000E+0
0.000000E+0
0.000000E+0
0.000000E+0
1.600040E+1
-9.081662E-3
3.823968E+2
1.040146E+2
-1.288619E+0
-1.967500E+1
5.145454E-1
8.234576E-2
2.199269E-1
9.758156E+0
5.160921E-1
1.054084E+2
9.175982E-2
4.853019E-3
9.911967E-1
1.838275E-3
-4.903841E-2
6.882932E-4
0.000000E+0
0.000000E+0
0.000000E+0
0.000000E+0
0.000000E+0
0.000000E+0
