1.1250E+0
278.1000E-3
247.1000E-3
0.0000E+0
4.626127E-3
-3.728049E-3
-2.300112E-3
7.199001E-6
6.436686E-6
7.641295E-7
8.414192E-2
1.094285E-1
4.311567E-3
2.887852E-4
4.356470E-5
-1.840266E-4
2.705502E-6
-2.876956E-5
1.744794E-2
7.658724E-6
-9.805268E-6
-8.760726E-6
1.250396E-5
-1.557723E-5
-5.303421E-5
4.491175E-3
-2.888617E-3
-6.148593E-4
-2.264736E-4
-6.968116E-4
1.183862E-3
-8.089314E-2
-7.690420E-2
-2.365476E-2
2.433436E-3
1.175940E-4
-7.178383E-4
1.836263E-3
9.663129E-4
1.569866E-1
0.000000E+0
0.000000E+0
0.000000E+0
0.000000E+0
0.000000E+0
0.000000E+0
0.000000E+0
0.000000E+0
0.000000E+0
0.000000E+0
0.000000E+0
0.000000E+0
0.000000E+0
0.000000E+0
0.000000E+0
0.000000E+0
0.000000E+0
0.000000E+0
0.000000E+0
0.000000E+0
0.000000E+0
0.000000E+0
0.000000E+0
0.000000E+0
0.000000E+0
0.000000E+0
0.000000E+0
0.000000E+0
0.000000E+0
0.000000E+0
0.000000E+0
0.000000E+0
0.000000E+0
0.000000E+0
0.000000E+0
0.000000E+0
1.996475E-9
5.199782E-9
-2.760318E-8
-4.689220E-10
-2.168040E-9
1.728660E-8
-3.444448E-7
-4.882751E-7
1.991860E-6
6.290669E-9
7.535733E-8
5.414719E-8
1.518504E-8
4.998959E-9
-8.950119E-8
-1.420492E-9
-1.665415E-9
-6.020329E-10
5.611280E-10
5.103021E-10
9.296878E-11
8.134883E-10
1.659342E-9
1.036299E-8
-1.802350E-8
-3.470306E-8
4.167491E-8
-1.723105E-7
3.606327E-8
3.361609E-8
-9.823723E-9
-8.811314E-9
-6.558466E-9
-1.173868E-6
-6.114814E-8
-4.568717E-8
1.132231E-6
8.480593E-6
7.354271E-6
-1.159453E-6
-3.015075E-6
1.390251E-5
-9.440176E-7
-1.140618E-7
8.378622E-7
1.161869E-8
1.597467E-8
6.115424E-8
6.466430E-9
1.879555E-8
-1.014322E-7
3.403590E-8
1.032431E-8
-9.166322E-9
5.219478E-7
1.148111E-6
5.731776E-8
-2.340801E-6
8.503058E-8
3.472826E-7
3.222097E-7
6.565984E-7
1.247992E-6
-4.787779E-6
4.048515E-7
-6.836310E-7
-4.851516E-8
-1.912664E-8
2.237352E-8
-1.310082E-7
-1.484735E-7
4.901895E-8
-1.361787E-9
-4.959133E-10
1.237971E-8
1.412774E-8
5.781397E-9
1.128518E-9
-1.845951E-8
9.870145E-10
9.844779E-8
6.284037E-7
-8.663461E-8
-3.711044E-8
-3.190391E-8
-5.467617E-8
1.293990E-7
1.019263E-7
-3.386586E-8
-1.046363E-7
-8.030354E-10
9.323295E-10
-3.452093E-8
-6.526840E-9
-8.102485E-9
1.284675E-8
1.541952E-7
-1.827735E-8
-1.439811E-6
-3.260879E-8
-1.387286E-8
8.889300E-9
1.240757E-6
1.267126E-7
-1.570103E-6
1.957590E-8
1.017922E-8
-2.145422E-9
-3.333938E-6
2.652773E-6
-9.193278E-6
-4.516831E-6
-6.541215E-6
9.978115E-6
-7.882262E-6
8.092246E-7
9.772185E-5
8.550824E-7
1.238339E-6
-1.790160E-7
1.805022E-6
1.268885E-6
1.186548E-4
-1.839610E-6
-2.523961E-6
1.969527E-6
-1.224851E-12
2.320262E-12
-1.136356E-12
2.998113E-13
4.190377E-13
3.782296E-14
-2.662576E-7
-3.577878E-7
-4.646212E-8
-2.772687E-8
2.144904E-8
2.830996E-8
1.250213E-13
-2.575326E-11
1.412401E-10
-5.133223E-12
-5.286080E-12
2.347856E-11
-2.432095E-14
-5.137532E-13
-8.615382E-14
8.642451E-13
-7.791694E-13
3.742005E-13
2.055748E-8
2.741269E-8
5.655560E-8
-3.364883E-8
-1.407908E-8
-2.257426E-8
-5.690371E-9
5.489983E-9
-8.342181E-8
-1.164467E-9
-1.336433E-8
1.320839E-7
0.000000E+0
0.000000E+0
0.000000E+0
0.000000E+0
0.000000E+0
0.000000E+0
195
4.924304E-1
-6.264837E-1
-2.007633E+0
6.590717E-1
2.589697E-2
-2.081925E+0
-1.601056E+1
4.922474E-1
-6.268193E-1
-2.007190E+0
6.589344E-1
2.603432E-2
-2.082658E+0
-1.587786E+1
4.927659E-1
-6.251717E-1
-2.003573E+0
6.591938E-1
2.591223E-2
-2.082078E+0
-1.569401E+1
4.929183E-1
-6.247446E-1
-2.001498E+0
6.593921E-1
2.600380E-2
-2.081925E+0
-1.550936E+1
4.932233E-1
-6.241192E-1
-1.999774E+0
6.588429E-1
2.608011E-2
-2.082169E+0
-1.534150E+1
4.939552E-1
-6.226242E-1
-1.995089E+0
6.593768E-1
2.626324E-2
-2.081315E+0
-1.510249E+1
4.937113E-1
-6.228835E-1
-1.994295E+0
6.589497E-1
2.597328E-2
-2.082291E+0
-1.491624E+1
4.942602E-1
-6.219072E-1
-1.991717E+0
6.592243E-1
2.635481E-2
-2.081193E+0
-1.477315E+1
4.946109E-1
-6.210987E-1
-1.988863E+0
6.591022E-1
2.604959E-2
-2.081925E+0
-1.453015E+1
4.947634E-1
-6.203970E-1
-1.986605E+0
6.592395E-1
2.620220E-2
-2.081895E+0
-1.436388E+1
4.953581E-1
-6.193444E-1
-1.982683E+0
6.589802E-1
2.617168E-2
-2.081986E+0
-1.411129E+1
4.955106E-1
-6.192833E-1
-1.981401E+0
6.593005E-1
2.637007E-2
-2.081773E+0
-1.395142E+1
4.954191E-1
-6.184291E-1
-1.979448E+0
6.592395E-1
2.638533E-2
-2.081651E+0
-1.378435E+1
4.959680E-1
-6.173765E-1
-1.975724E+0
6.590717E-1
2.626324E-2
-2.082017E+0
-1.353096E+1
4.962425E-1
-6.169951E-1
-1.974183E+0
6.593005E-1
2.626324E-2
-2.082352E+0
-1.336789E+1
4.963797E-1
-6.160951E-1
-1.971390E+0
6.593463E-1
2.640059E-2
-2.081742E+0
-1.320882E+1
4.966694E-1
-6.156069E-1
-1.968766E+0
6.592395E-1
2.633955E-2
-2.082078E+0
-1.296661E+1
4.971726E-1
-6.146001E-1
-1.966263E+0
6.592548E-1
2.641586E-2
-2.082108E+0
-1.280434E+1
4.973251E-1
-6.139136E-1
-1.963150E+0
6.594226E-1
2.644638E-2
-2.082383E+0
-1.255734E+1
4.977521E-1
-6.135170E-1
-1.961288E+0
6.593005E-1
2.655321E-2
-2.081956E+0
-1.239108E+1
4.980113E-1
-6.125864E-1
-1.958618E+0
6.593311E-1
2.653795E-2
-2.082444E+0
-1.222801E+1
4.983163E-1
-6.121593E-1
-1.955642E+0
6.593921E-1
2.650742E-2
-2.082078E+0
-1.198021E+1
4.987432E-1
-6.112898E-1
-1.953231E+0
6.595294E-1
2.675160E-2
-2.082078E+0
-1.181554E+1
4.989262E-1
-6.109236E-1
-1.951354E+0
6.595294E-1
2.659899E-2
-2.082536E+0
-1.165247E+1
4.992464E-1
-6.100236E-1
-1.948272E+0
6.594836E-1
2.646164E-2
-2.082169E+0
-1.141107E+1
4.996886E-1
-6.094287E-1
-1.945739E+0
6.595599E-1
2.659899E-2
-2.082475E+0
-1.124560E+1
4.997801E-1
-6.092914E-1
-1.944320E+0
6.594073E-1
2.649216E-2
-2.082261E+0
-1.108813E+1
5.002223E-1
-6.077659E-1
-1.940260E+0
6.596819E-1
2.669056E-2
-2.082383E+0
-1.083633E+1
5.006798E-1
-6.075981E-1
-1.938658E+0
6.597735E-1
2.698052E-2
-2.082078E+0
-1.067327E+1
5.005578E-1
-6.074455E-1
-1.937346E+0
6.596057E-1
2.670582E-2
-2.082169E+0
-1.048062E+1
5.011677E-1
-6.061489E-1
-1.932875E+0
6.596667E-1
2.679739E-2
-2.082444E+0
-1.026480E+1
5.011525E-1
-6.059963E-1
-1.932005E+0
6.595294E-1
2.662951E-2
-2.082871E+0
-1.010173E+1
5.016557E-1
-6.054166E-1
-1.929807E+0
6.598192E-1
2.669056E-2
-2.082505E+0
-9.935462E+0
5.020064E-1
-6.039674E-1
-1.925886E+0
6.595294E-1
2.655321E-2
-2.083146E+0
-9.692458E+0
5.019911E-1
-6.040132E-1
-1.924405E+0
6.593005E-1
2.649216E-2
-2.082627E+0
-9.528591E+0
5.026316E-1
-6.029148E-1
-1.920041E+0
6.594684E-1
2.672108E-2
-2.082475E+0
-9.285587E+0
5.028755E-1
-6.025182E-1
-1.918851E+0
6.597277E-1
2.681265E-2
-2.082536E+0
-9.112926E+0
5.031653E-1
-6.020453E-1
-1.916760E+0
6.596819E-1
2.666004E-2
-2.082932E+0
-8.949858E+0
5.036685E-1
-6.011758E-1
-1.913022E+0
6.595904E-1
2.659899E-2
-2.082780E+0
-8.676479E+0
5.039887E-1
-6.008554E-1
-1.911358E+0
6.596362E-1
2.658373E-2
-2.082505E+0
-8.546984E+0
5.043546E-1
-5.999706E-1
-1.909161E+0
6.596362E-1
2.653795E-2
-2.082597E+0
-8.379119E+0
5.047053E-1
-5.994062E-1
-1.905789E+0
6.596972E-1
2.675160E-2
-2.082505E+0
-8.136116E+0
5.049493E-1
-5.988112E-1
-1.903622E+0
6.598040E-1
2.696526E-2
-2.082749E+0
-7.972248E+0
5.051933E-1
-5.980332E-1
-1.901501E+0
6.599108E-1
2.704157E-2
-2.082688E+0
-7.807581E+0
5.056812E-1
-5.975298E-1
-1.898220E+0
6.597735E-1
2.691948E-2
-2.082566E+0
-7.544593E+0
5.060777E-1
-5.970112E-1
-1.896114E+0
6.597887E-1
2.672108E-2
-2.082993E+0
-7.395114E+0
5.061692E-1
-5.965840E-1
-1.894008E+0
6.598040E-1
2.693474E-2
-2.082810E+0
-7.230447E+0
5.067181E-1
-5.958213E-1
-1.890605E+0
6.599260E-1
2.704157E-2
-2.082780E+0
-6.987444E+0
5.067486E-1
-5.954552E-1
-1.889064E+0
6.597887E-1
2.695000E-2
-2.082505E+0
-6.825175E+0
5.072213E-1
-5.953941E-1
-1.887736E+0
6.599718E-1
2.679739E-2
-2.082749E+0
-6.646919E+0
5.077245E-1
-5.938992E-1
-1.883173E+0
6.600176E-1
2.696526E-2
-2.082139E+0
-6.413507E+0
5.076940E-1
-5.938381E-1
-1.882014E+0
6.597887E-1
2.691948E-2
-2.082810E+0
-6.248840E+0
5.083954E-1
-5.932890E-1
-1.879999E+0
6.600481E-1
2.681265E-2
-2.082291E+0
-6.084973E+0
5.086394E-1
-5.922821E-1
-1.876169E+0
6.599870E-1
2.710261E-2
-2.082230E+0
-5.839571E+0
5.087157E-1
-5.921753E-1
-1.874750E+0
6.600328E-1
2.710261E-2
-2.082322E+0
-5.678901E+0
5.094018E-1
-5.909092E-1
-1.870447E+0
6.598345E-1
2.727049E-2
-2.082261E+0
-5.426305E+0
5.098440E-1
-5.907719E-1
-1.868982E+0
6.601243E-1
2.693474E-2
-2.082078E+0
-5.263237E+0
5.098593E-1
-5.902380E-1
-1.866968E+0
6.600633E-1
2.707209E-2
-2.082566E+0
-5.094573E+0
5.103320E-1
-5.895973E-1
-1.863366E+0
6.602464E-1
2.687369E-2
-2.082475E+0
-4.848372E+0
5.105150E-1
-5.891701E-1
-1.861443E+0
6.599565E-1
2.705683E-2
-2.082413E+0
-4.691699E+0
5.107742E-1
-5.886515E-1
-1.859292E+0
6.600328E-1
2.696526E-2
-2.081986E+0
-4.527032E+0
5.111554E-1
-5.881328E-1
-1.856194E+0
6.601396E-1
2.711787E-2
-2.082841E+0
-4.279232E+0
5.115061E-1
-5.874006E-1
-1.854500E+0
6.602616E-1
2.734679E-2
-2.082383E+0
-4.118562E+0
5.121160E-1
-5.869734E-1
-1.851662E+0
6.600176E-1
2.713314E-2
-2.082505E+0
-3.960290E+0
5.124668E-1
-5.866988E-1
-1.848961E+0
6.601854E-1
2.711787E-2
-2.082841E+0
-3.711690E+0
5.126040E-1
-5.857835E-1
-1.846245E+0
6.599718E-1
2.719418E-2
-2.082261E+0
-3.547023E+0
5.127870E-1
-5.857988E-1
-1.844490E+0
6.601091E-1
2.716366E-2
-2.082291E+0
-3.383955E+0
5.133512E-1
-5.848682E-1
-1.840919E+0
6.602769E-1
2.719418E-2
-2.082444E+0
-3.130560E+0
5.138544E-1
-5.843953E-1
-1.838737E+0
6.602769E-1
2.749941E-2
-2.082291E+0
-2.977883E+0
5.138391E-1
-5.840750E-1
-1.837684E+0
6.602006E-1
2.720944E-2
-2.082536E+0
-2.812417E+0
5.145558E-1
-5.829919E-1
-1.833365E+0
6.601396E-1
2.736205E-2
-2.082536E+0
-2.567815E+0
5.148913E-1
-5.826563E-1
-1.831611E+0
6.603074E-1
2.739258E-2
-2.082261E+0
-2.405546E+0
5.147235E-1
-5.825190E-1
-1.830359E+0
6.604447E-1
2.731627E-2
-2.082475E+0
-2.239280E+0
5.154859E-1
-5.813749E-1
-1.825903E+0
6.604142E-1
2.746888E-2
-2.081956E+0
-1.998674E+0
5.155622E-1
-5.813291E-1
-1.824835E+0
6.604600E-1
2.728575E-2
-2.082444E+0
-1.834007E+0
5.160349E-1
-5.809325E-1
-1.822699E+0
6.603227E-1
2.713314E-2
-2.082505E+0
-1.676535E+0
5.164771E-1
-5.803070E-1
-1.820501E+0
6.603379E-1
2.736205E-2
-2.082108E+0
-1.511868E+0
5.170718E-1
-5.799104E-1
-1.817648E+0
6.604600E-1
2.736205E-2
-2.082475E+0
-1.260870E+0
5.174225E-1
-5.794222E-1
-1.815176E+0
6.605820E-1
2.757571E-2
-2.082047E+0
-1.097802E+0
5.179562E-1
-5.789341E-1
-1.811803E+0
6.604600E-1
2.725523E-2
-2.082566E+0
-8.563972E-1
5.181544E-1
-5.785985E-1
-1.810003E+0
6.605362E-1
2.739258E-2
-2.082261E+0
-6.901315E-1
5.186728E-1
-5.778815E-1
-1.807820E+0
6.604142E-1
2.751467E-2
-2.081925E+0
-5.254645E-1
5.189626E-1
-5.774696E-1
-1.804494E+0
6.605820E-1
2.757571E-2
-2.082322E+0
-2.784641E-1
5.193895E-1
-5.768289E-1
-1.802113E+0
6.606583E-1
2.762150E-2
-2.081895E+0
-1.161951E-1
5.197097E-1
-5.764933E-1
-1.800313E+0
6.607193E-1
2.745362E-2
-2.082413E+0
4.687314E-2
5.201062E-1
-5.760509E-1
-1.797001E+0
6.605515E-1
2.759097E-2
-2.082627E+0
2.898768E-1
5.206246E-1
-5.754407E-1
-1.794300E+0
6.607193E-1
2.768254E-2
-2.082200E+0
4.441522E-1
5.209601E-1
-5.752424E-1
-1.793095E+0
6.608566E-1
2.777411E-2
-2.082108E+0
6.128160E-1
5.211736E-1
-5.745864E-1
-1.789478E+0
6.607498E-1
2.751467E-2
-2.082139E+0
8.590171E-1
5.215700E-1
-5.741440E-1
-1.787403E+0
6.606888E-1
2.781989E-2
-2.082505E+0
1.018089E+0
5.220275E-1
-5.739610E-1
-1.785953E+0
6.606888E-1
2.756045E-2
-2.081986E+0
1.185953E+0
5.222715E-1
-5.731982E-1
-1.782047E+0
6.607041E-1
2.778937E-2
-2.081986E+0
1.435352E+0
5.226527E-1
-5.731677E-1
-1.780658E+0
6.607651E-1
2.769780E-2
-2.082230E+0
1.600019E+0
5.228814E-1
-5.728474E-1
-1.778949E+0
6.607651E-1
2.794198E-2
-2.082352E+0
1.765485E+0
5.236438E-1
-5.718710E-1
-1.774310E+0
6.610092E-1
2.780463E-2
-2.081437E+0
2.013285E+0
5.237201E-1
-5.717490E-1
-1.773501E+0
6.608261E-1
2.751467E-2
-2.082383E+0
2.178751E+0
5.240403E-1
-5.711693E-1
-1.771243E+0
6.609634E-1
2.756045E-2
-2.082322E+0
2.338622E+0
5.244062E-1
-5.708795E-1
-1.768069E+0
6.607193E-1
2.759097E-2
-2.082536E+0
2.593616E+0
5.247722E-1
-5.705134E-1
-1.766161E+0
6.608108E-1
2.766728E-2
-2.082444E+0
2.743895E+0
5.251992E-1
-5.699794E-1
-1.763872E+0
6.608566E-1
2.759097E-2
-2.082139E+0
2.902966E+0
5.254889E-1
-5.699337E-1
-1.760988E+0
6.607803E-1
2.765202E-2
-2.082383E+0
3.152365E+0
5.259921E-1
-5.692167E-1
-1.758547E+0
6.606735E-1
2.757571E-2
-2.082108E+0
3.309838E+0
5.263275E-1
-5.688963E-1
-1.755388E+0
6.607193E-1
2.752993E-2
-2.082413E+0
3.544848E+0
5.266782E-1
-5.684845E-1
-1.753633E+0
6.607803E-1
2.769780E-2
-2.082230E+0
3.715910E+0
5.271052E-1
-5.678285E-1
-1.751283E+0
6.609939E-1
2.792672E-2
-2.081346E+0
3.880577E+0
5.273034E-1
-5.676454E-1
-1.749742E+0
6.608719E-1
2.781989E-2
-2.081590E+0
4.046043E+0
5.279134E-1
-5.672183E-1
-1.746049E+0
6.608108E-1
2.781989E-2
-2.081834E+0
4.286649E+0
5.282641E-1
-5.668979E-1
-1.744248E+0
6.608414E-1
2.798777E-2
-2.081742E+0
4.448918E+0
5.284776E-1
-5.668979E-1
-1.743119E+0
6.611007E-1
2.768254E-2
-2.081773E+0
4.616783E+0
5.291027E-1
-5.659674E-1
-1.738877E+0
6.609787E-1
2.772832E-2
-2.081803E+0
4.862184E+0
5.294992E-1
-5.659674E-1
-1.737305E+0
6.610549E-1
2.789620E-2
-2.082139E+0
5.023654E+0
5.298194E-1
-5.652962E-1
-1.733459E+0
6.609787E-1
2.791146E-2
-2.082078E+0
5.269855E+0
5.301091E-1
-5.650521E-1
-1.731720E+0
6.610854E-1
2.775885E-2
-2.081834E+0
5.432924E+0
5.302159E-1
-5.649606E-1
-1.730163E+0
6.613448E-1
2.774359E-2
-2.082108E+0
5.591995E+0
5.306123E-1
-5.644572E-1
-1.728363E+0
6.609939E-1
2.785041E-2
-2.081223E+0
5.766255E+0
5.314205E-1
-5.641978E-1
-1.724746E+0
6.610397E-1
2.781989E-2
-2.081895E+0
6.002064E+0
5.315272E-1
-5.637859E-1
-1.723129E+0
6.609939E-1
2.791146E-2
-2.081681E+0
6.163534E+0
5.318474E-1
-5.633588E-1
-1.721129E+0
6.611007E-1
2.789620E-2
-2.081468E+0
6.325803E+0
5.323049E-1
-5.630384E-1
-1.717406E+0
6.610397E-1
2.781989E-2
-2.082047E+0
6.567208E+0
5.327623E-1
-5.627334E-1
-1.715438E+0
6.610549E-1
2.791146E-2
-2.081925E+0
6.727879E+0
5.330368E-1
-5.623215E-1
-1.713759E+0
6.611465E-1
2.788094E-2
-2.081712E+0
6.893345E+0
5.337535E-1
-5.618333E-1
-1.710158E+0
6.613448E-1
2.778937E-2
-2.081498E+0
7.136349E+0
5.340585E-1
-5.614824E-1
-1.708433E+0
6.612533E-1
2.774359E-2
-2.081346E+0
7.301016E+0
5.342262E-1
-5.613909E-1
-1.706694E+0
6.611770E-1
2.789620E-2
-2.081834E+0
7.461686E+0
5.348819E-1
-5.608875E-1
-1.703138E+0
6.610854E-1
2.786568E-2
-2.081468E+0
7.707088E+0
5.350953E-1
-5.605824E-1
-1.701353E+0
6.610854E-1
2.798777E-2
-2.081498E+0
7.861364E+0
5.355071E-1
-5.604451E-1
-1.699781E+0
6.611312E-1
2.780463E-2
-2.081956E+0
8.029228E+0
5.360255E-1
-5.596519E-1
-1.696332E+0
6.609481E-1
2.803355E-2
-2.081681E+0
8.276229E+0
5.363915E-1
-5.597434E-1
-1.694150E+0
6.612685E-1
2.812512E-2
-2.081986E+0
8.436900E+0
5.368794E-1
-5.595603E-1
-1.692655E+0
6.612838E-1
2.823195E-2
-2.081895E+0
8.604764E+0
5.372759E-1
-5.587671E-1
-1.688931E+0
6.611007E-1
2.824721E-2
-2.081773E+0
8.833380E+0
5.376418E-1
-5.587976E-1
-1.687298E+0
6.614363E-1
2.804881E-2
-2.081895E+0
9.011636E+0
5.378096E-1
-5.583552E-1
-1.685437E+0
6.612838E-1
2.788094E-2
-2.081712E+0
9.174704E+0
5.384042E-1
-5.581569E-1
-1.681988E+0
6.611770E-1
2.792672E-2
-2.082261E+0
9.417708E+0
5.389074E-1
-5.578823E-1
-1.680416E+0
6.614363E-1
2.812512E-2
-2.082200E+0
9.582376E+0
5.391972E-1
-5.573331E-1
-1.678356E+0
6.614211E-1
2.785041E-2
-2.081986E+0
9.743046E+0
5.396699E-1
-5.572111E-1
-1.675121E+0
6.614821E-1
2.786568E-2
-2.082078E+0
9.991645E+0
5.399748E-1
-5.568297E-1
-1.673275E+0
6.612227E-1
2.803355E-2
-2.082139E+0
1.015631E+1
5.403560E-1
-5.570280E-1
-1.671718E+0
6.614058E-1
2.789620E-2
-2.082108E+0
1.032018E+1
5.410117E-1
-5.563720E-1
-1.668102E+0
6.617414E-1
2.786568E-2
-2.082200E+0
1.056958E+1
5.412862E-1
-5.559449E-1
-1.666011E+0
6.616499E-1
2.801829E-2
-2.081895E+0
1.072625E+1
5.416979E-1
-5.560364E-1
-1.664668E+0
6.616499E-1
2.797250E-2
-2.081773E+0
1.089092E+1
5.423841E-1
-5.554110E-1
-1.661143E+0
6.615736E-1
2.786568E-2
-2.081498E+0
1.113872E+1
5.423688E-1
-5.552584E-1
-1.659373E+0
6.620008E-1
2.801829E-2
-2.081590E+0
1.130339E+1
5.432227E-1
-5.550601E-1
-1.655909E+0
6.618787E-1
2.820142E-2
-2.081468E+0
1.155279E+1
5.434057E-1
-5.546177E-1
-1.654215E+0
6.616041E-1
2.809459E-2
-2.081315E+0
1.171905E+1
5.437869E-1
-5.548008E-1
-1.652476E+0
6.618177E-1
2.821668E-2
-2.081590E+0
1.187733E+1
5.442444E-1
-5.538702E-1
-1.648828E+0
6.618635E-1
2.826247E-2
-2.081407E+0
1.212193E+1
5.445798E-1
-5.539008E-1
-1.647165E+0
6.617719E-1
2.830825E-2
-2.081346E+0
1.228020E+1
5.446408E-1
-5.539770E-1
-1.645822E+0
6.615736E-1
2.817090E-2
-2.082078E+0
1.244247E+1
5.454032E-1
-5.533058E-1
-1.642023E+0
6.619092E-1
2.806407E-2
-2.081956E+0
1.268467E+1
5.458607E-1
-5.534126E-1
-1.640390E+0
6.620771E-1
2.820142E-2
-2.081468E+0
1.284455E+1
5.459979E-1
-5.533516E-1
-1.638620E+0
6.620618E-1
2.801829E-2
-2.081681E+0
1.300841E+1
5.463944E-1
-5.528329E-1
-1.636773E+0
6.618330E-1
2.803355E-2
-2.081559E+0
1.317148E+1
5.472940E-1
-5.527871E-1
-1.633538E+0
6.619550E-1
2.821668E-2
-2.081742E+0
1.341369E+1
5.473093E-1
-5.522837E-1
-1.631615E+0
6.618940E-1
2.839982E-2
-2.081346E+0
1.357596E+1
5.478887E-1
-5.524058E-1
-1.629906E+0
6.619855E-1
2.820142E-2
-2.081895E+0
1.373823E+1
5.482699E-1
-5.519939E-1
-1.626732E+0
6.618482E-1
2.830825E-2
-2.081681E+0
1.399002E+1
5.484834E-1
-5.518108E-1
-1.624825E+0
6.617262E-1
2.830825E-2
-2.081376E+0
1.415229E+1
5.489104E-1
-5.517651E-1
-1.623253E+0
6.620771E-1
2.827773E-2
-2.081681E+0
1.430976E+1
5.495203E-1
-5.513532E-1
-1.619652E+0
6.618940E-1
2.821668E-2
-2.081376E+0
1.456556E+1
5.498405E-1
-5.511396E-1
-1.618019E+0
6.621076E-1
2.830825E-2
-2.081590E+0
1.472303E+1
5.500693E-1
-5.511091E-1
-1.616539E+0
6.619703E-1
2.826247E-2
-2.081529E+0
1.488130E+1
5.508927E-1
-5.506209E-1
-1.613136E+0
6.618482E-1
2.807933E-2
-2.081834E+0
1.512511E+1
5.512434E-1
-5.506057E-1
-1.611244E+0
6.619855E-1
2.817090E-2
-2.081956E+0
1.529377E+1
5.514873E-1
-5.506209E-1
-1.609428E+0
6.621991E-1
2.847613E-2
-2.082017E+0
1.545844E+1
5.521278E-1
-5.501480E-1
-1.606147E+0
6.620008E-1
2.826247E-2
-2.081620E+0
1.569985E+1
5.523108E-1
-5.501023E-1
-1.604606E+0
6.620008E-1
2.809459E-2
-2.081834E+0
1.586132E+1
5.525090E-1
-5.498429E-1
-1.602866E+0
6.620160E-1
2.821668E-2
-2.081620E+0
1.602199E+1
5.529817E-1
-5.500565E-1
-1.599478E+0
6.619703E-1
2.812512E-2
-2.081834E+0
1.626179E+1
5.534544E-1
-5.494616E-1
-1.597662E+0
6.621228E-1
2.803355E-2
-2.081803E+0
1.644325E+1
5.538356E-1
-5.491717E-1
-1.595877E+0
6.619245E-1
2.812512E-2
-2.080918E+0
1.659113E+1
5.543998E-1
-5.493395E-1
-1.592703E+0
6.620008E-1
2.801829E-2
-2.082047E+0
1.683253E+1
5.549487E-1
-5.488971E-1
-1.591131E+0
6.624279E-1
2.820142E-2
-2.081254E+0
1.699640E+1
5.552842E-1
-5.489276E-1
-1.589544E+0
6.620008E-1
2.814038E-2
-2.081590E+0
1.715867E+1
5.559856E-1
-5.488819E-1
-1.586080E+0
6.622754E-1
2.823195E-2
-2.081437E+0
1.739848E+1
5.560924E-1
-5.486683E-1
-1.584417E+0
6.623517E-1
2.798777E-2
-2.081101E+0
1.757194E+1
5.564431E-1
-5.486378E-1
-1.582723E+0
6.623669E-1
2.814038E-2
-2.081254E+0
1.773181E+1
5.573122E-1
-5.481344E-1
-1.579427E+0
6.623364E-1
2.807933E-2
-2.081498E+0
1.797801E+1
5.575105E-1
-5.483785E-1
-1.577901E+0
6.622449E-1
2.817090E-2
-2.081315E+0
1.813548E+1
5.577544E-1
-5.479056E-1
-1.576085E+0
6.624279E-1
2.815564E-2
-2.081315E+0
1.829855E+1
5.583034E-1
-5.476767E-1
-1.572987E+0
6.622144E-1
2.814038E-2
-2.081254E+0
1.854236E+1
5.586998E-1
-5.479513E-1
-1.571324E+0
6.622449E-1
2.804881E-2
-2.081193E+0
1.871022E+1
5.589591E-1
-5.477683E-1
-1.569569E+0
6.623974E-1
2.827773E-2
-2.081315E+0
1.886130E+1
5.597062E-1
-5.476615E-1
-1.566181E+0
6.622296E-1
2.838456E-2
-2.081529E+0
1.911310E+1
5.599959E-1
-5.476462E-1
-1.564701E+0
6.624127E-1
2.830825E-2
-2.081590E+0
1.927697E+1
5.603924E-1
-5.475089E-1
-1.562977E+0
6.623669E-1
2.832351E-2
-2.081498E+0
1.944403E+1
5.610633E-1
-5.474174E-1
-1.559864E+0
6.624127E-1
2.824721E-2
-2.081803E+0
1.969183E+1
5.614445E-1
-5.472649E-1
-1.558124E+0
6.623669E-1
2.804881E-2
-2.081437E+0
1.984691E+1
5.618105E-1
-5.471733E-1
-1.556522E+0
6.621228E-1
2.832351E-2
-2.081284E+0
2.002037E+1
5.624509E-1
-5.469293E-1
-1.553424E+0
6.624127E-1
2.801829E-2
-2.081559E+0
2.026018E+1
5.625729E-1
-5.468072E-1
-1.551715E+0
6.623822E-1
2.839982E-2
-2.081681E+0
2.042804E+1
5.628016E-1
-5.468072E-1
-1.550158E+0
6.625042E-1
2.824721E-2
-2.081712E+0
2.058551E+1
5.634268E-1
-5.469140E-1
-1.547076E+0
6.623364E-1
2.836930E-2
-2.081590E+0
2.082772E+1
5.638538E-1
-5.467614E-1
-1.545626E+0
6.623822E-1
2.826247E-2
-2.081590E+0
2.100518E+1
236
2.000495E+0
-5.884244E-3
3.827165E+2
7.857780E-1
3.610934E-1
1.660059E+0
1.919746E-1
4.189911E-2
1.138563E-1
1.686458E+0
1.921478E-1
7.273495E-1
1.584518E-2
1.805332E-3
6.833842E-3
9.508814E-4
1.372994E-2
3.499243E-4
0.000000E+0
0.000000E+0
0.000000E+0
0.000000E+0
0.000000E+0
0.000000E+0
1.999696E+0
-5.884244E-3
3.828764E+2
8.654548E-1
3.600998E-1
1.655933E+0
1.169512E-1
4.766894E-2
1.107571E-1
1.685112E+0
1.171243E-1
8.071453E-1
1.582592E-2
1.099987E-3
7.580400E-3
9.246115E-4
1.368644E-2
3.979453E-4
0.000000E+0
0.000000E+0
0.000000E+0
0.000000E+0
0.000000E+0
0.000000E+0
1.995699E+0
-4.285536E-3
3.820771E+2
7.725383E-1
3.594876E-1
1.765327E+0
1.339224E-1
2.949714E-2
1.179030E-1
1.791149E+0
1.340563E-1
7.105931E-1
1.685698E-2
1.261640E-3
6.687581E-3
9.863257E-4
1.369176E-2
2.467604E-4
0.000000E+0
0.000000E+0
0.000000E+0
0.000000E+0
0.000000E+0
0.000000E+0
1.994100E+0
-3.486181E-3
3.845950E+2
7.739667E-1
3.583159E-1
1.719897E+0
1.903352E-1
2.748969E-2
1.264024E-1
1.745775E+0
1.904415E-1
7.136514E-1
1.632238E-2
1.780561E-3
6.672391E-3
1.050505E-3
1.355778E-2
2.284613E-4
0.000000E+0
0.000000E+0
0.000000E+0
0.000000E+0
0.000000E+0
0.000000E+0
1.998896E+0
-5.884244E-3
3.831562E+2
7.774751E-1
3.643406E-1
1.712826E+0
1.225543E-1
3.935798E-2
1.128603E-1
1.738889E+0
1.227329E-1
7.172582E-1
1.631906E-2
1.151819E-3
6.731296E-3
9.414812E-4
1.383751E-2
3.283246E-4
0.000000E+0
0.000000E+0
0.000000E+0
0.000000E+0
0.000000E+0
0.000000E+0
1.999696E+0
-1.697519E-1
3.826766E+2
7.970470E-1
3.641016E-1
1.721565E+0
8.607249E-2
3.486525E-2
1.199885E-1
1.748066E+0
9.125193E-2
7.364890E-1
1.642574E-2
8.574507E-4
6.920435E-3
1.002200E-3
1.384576E-2
2.912107E-4
0.000000E+0
0.000000E+0
0.000000E+0
0.000000E+0
0.000000E+0
0.000000E+0
1.997298E+0
-2.768653E-1
3.826766E+2
9.054172E-1
3.645646E-1
1.726940E+0
4.838301E-2
2.185561E-2
1.379467E-1
1.757192E+0
5.687477E-2
8.446792E-1
1.651149E-2
5.344250E-4
7.937046E-3
1.152195E-3
1.386337E-2
1.825482E-4
0.000000E+0
0.000000E+0
0.000000E+0
0.000000E+0
0.000000E+0
0.000000E+0
1.998896E+0
-5.182703E-1
3.817973E+2
8.296146E-1
3.650533E-1
1.784851E+0
4.947040E-3
3.070792E-2
1.437509E-1
1.812583E+0
2.134345E-2
7.668538E-1
1.707120E-2
2.010161E-4
7.222353E-3
1.203439E-3
1.391393E-2
2.570775E-4
0.000000E+0
0.000000E+0
0.000000E+0
0.000000E+0
0.000000E+0
0.000000E+0
1.996498E+0
-7.269018E-1
3.832361E+2
8.905058E-1
3.647024E-1
1.733038E+0
3.952093E-3
3.389662E-2
1.559379E-1
1.762818E+0
2.631818E-2
8.295889E-1
1.654017E-2
2.469383E-4
7.783868E-3
1.300564E-3
1.384836E-2
2.827069E-4
0.000000E+0
0.000000E+0
0.000000E+0
0.000000E+0
0.000000E+0
0.000000E+0
1.994900E+0
-8.500024E-1
3.824767E+2
8.378343E-1
3.635866E-1
1.719636E+0
3.553907E-2
2.019388E-2
1.402296E-1
1.747040E+0
6.146282E-2
7.774651E-1
1.642468E-2
5.778385E-4
7.309285E-3
1.171875E-3
1.383341E-2
1.687568E-4
0.000000E+0
0.000000E+0
0.000000E+0
0.000000E+0
0.000000E+0
0.000000E+0
1.997298E+0
-1.050640E+0
3.826766E+2
8.765020E-1
3.632948E-1
1.755099E+0
-1.792150E-2
2.222646E-2
1.424113E-1
1.784609E+0
1.480377E-2
8.148002E-1
1.676912E-2
1.391039E-4
7.656288E-3
1.189485E-3
1.381509E-2
1.856457E-4
0.000000E+0
0.000000E+0
0.000000E+0
0.000000E+0
0.000000E+0
0.000000E+0
1.998097E+0
-1.279256E+0
3.829164E+2
8.696125E-1
3.624495E-1
1.669618E+0
5.092154E-2
2.133646E-2
1.526231E-1
1.697363E+0
8.883792E-2
8.108704E-1
1.593932E-2
8.342447E-4
7.614590E-3
1.273981E-3
1.377431E-2
1.781004E-4
0.000000E+0
0.000000E+0
0.000000E+0
0.000000E+0
0.000000E+0
0.000000E+0
2.000495E+0
-1.503075E+0
3.826366E+2
9.901637E-1
3.649318E-1
1.699826E+0
-4.957888E-2
2.613047E-2
1.841897E-1
1.734059E+0
-4.094897E-3
9.302225E-1
1.629582E-2
-3.848181E-5
8.741769E-3
1.538599E-3
1.387879E-2
2.182766E-4
0.000000E+0
0.000000E+0
0.000000E+0
0.000000E+0
0.000000E+0
0.000000E+0
2.001295E+0
-1.616583E+0
3.827165E+2
8.032414E-1
3.655125E-1
1.742464E+0
-5.626036E-2
2.734750E-2
1.981401E-1
1.770335E+0
-6.320028E-3
7.419010E-1
1.663326E-2
-5.938008E-5
6.970561E-3
1.654785E-3
1.389797E-2
2.283952E-4
0.000000E+0
0.000000E+0
0.000000E+0
0.000000E+0
0.000000E+0
0.000000E+0
1.996498E+0
-1.838004E+0
3.829963E+2
8.936500E-1
3.651145E-1
1.744768E+0
-1.576475E-1
2.649392E-2
2.023893E-1
1.778985E+0
-1.006406E-1
8.323225E-1
1.670232E-2
-9.448823E-4
7.814408E-3
1.689038E-3
1.387269E-2
2.211048E-4
0.000000E+0
0.000000E+0
0.000000E+0
0.000000E+0
0.000000E+0
0.000000E+0
1.996498E+0
-2.060225E+0
3.821970E+2
9.435359E-1
3.650886E-1
1.737207E+0
-7.421782E-2
1.787950E-2
2.084063E-1
1.770549E+0
-1.057351E-2
8.824416E-1
1.665788E-2
-9.947891E-5
8.302287E-3
1.742891E-3
1.390072E-2
1.495252E-4
0.000000E+0
0.000000E+0
0.000000E+0
0.000000E+0
0.000000E+0
0.000000E+0
1.997298E+0
-2.172934E+0
3.826366E+2
8.859799E-1
3.691347E-1
1.761606E+0
-1.983660E-1
2.551909E-2
2.080961E-1
1.797647E+0
-1.303005E-1
8.240455E-1
1.689340E-2
-1.224499E-3
7.743971E-3
1.738296E-3
1.403863E-2
2.131695E-4
0.000000E+0
0.000000E+0
0.000000E+0
0.000000E+0
0.000000E+0
0.000000E+0
1.998097E+0
-2.391957E+0
3.823568E+2
9.032979E-1
3.663133E-1
1.781070E+0
-1.861228E-1
2.435714E-2
2.452615E-1
1.817671E+0
-1.103578E-1
8.406493E-1
1.709407E-2
-1.037846E-3
7.905785E-3
2.050251E-3
1.394152E-2
2.036122E-4
0.000000E+0
0.000000E+0
0.000000E+0
0.000000E+0
0.000000E+0
0.000000E+0
1.998896E+0
-2.610980E+0
3.827565E+2
9.352596E-1
3.692112E-1
1.754215E+0
-2.813491E-1
2.714642E-2
2.159466E-1
1.796733E+0
-1.997073E-1
8.735030E-1
1.687951E-2
-1.876162E-3
8.206176E-3
1.803309E-3
1.403714E-2
2.266921E-4
0.000000E+0
0.000000E+0
0.000000E+0
0.000000E+0
0.000000E+0
0.000000E+0
1.998097E+0
-2.832401E+0
3.831562E+2
8.518854E-1
3.678719E-1
1.716056E+0
-2.913342E-1
1.935744E-2
2.149425E-1
1.756979E+0
-2.047640E-1
7.915350E-1
1.648883E-2
-1.921661E-3
7.428366E-3
1.793053E-3
1.397163E-2
1.614799E-4
0.000000E+0
0.000000E+0
0.000000E+0
0.000000E+0
0.000000E+0
0.000000E+0
1.998896E+0
-2.944310E+0
3.820371E+2
1.030549E+0
3.695550E-1
1.769171E+0
-2.423468E-1
9.696569E-3
2.225942E-1
1.814107E+0
-1.493619E-1
9.682127E-1
1.707483E-2
-1.405831E-3
9.113061E-3
1.862322E-3
1.407667E-2
8.112581E-5
0.000000E+0
0.000000E+0
0.000000E+0
0.000000E+0
0.000000E+0
0.000000E+0
1.998896E+0
-3.158537E+0
3.846350E+2
9.272327E-1
3.681477E-1
1.735349E+0
-3.619086E-1
1.521744E-2
2.113016E-1
1.783892E+0
-2.640191E-1
8.661391E-1
1.667703E-2
-2.468229E-3
8.097256E-3
1.755902E-3
1.392835E-2
1.264559E-4
0.000000E+0
0.000000E+0
0.000000E+0
0.000000E+0
0.000000E+0
0.000000E+0
2.000495E+0
-3.386353E+0
3.822369E+2
1.011257E+0
3.715846E-1
1.727999E+0
-3.237268E-1
9.708475E-3
2.488661E-1
1.778292E+0
-2.190680E-1
9.503197E-1
1.672898E-2
-2.060845E-3
8.939970E-3
2.081036E-3
1.414658E-2
8.118296E-5
0.000000E+0
0.000000E+0
0.000000E+0
0.000000E+0
0.000000E+0
0.000000E+0
2.000495E+0
-3.600580E+0
3.829963E+2
9.483950E-1
3.751003E-1
1.788287E+0
-3.776993E-1
2.025742E-2
2.467640E-1
1.840430E+0
-2.626375E-1
8.853912E-1
1.727921E-2
-2.465819E-3
8.312653E-3
2.059366E-3
1.425211E-2
1.690581E-4
0.000000E+0
0.000000E+0
0.000000E+0
0.000000E+0
0.000000E+0
0.000000E+0
1.994900E+0
-3.714088E+0
3.824767E+2
1.026904E+0
3.736667E-1
1.786411E+0
-3.840476E-1
2.517097E-2
2.664595E-1
1.842129E+0
-2.652759E-1
9.640959E-1
1.731865E-2
-2.493974E-3
9.063881E-3
2.226756E-3
1.421692E-2
2.103494E-4
0.000000E+0
0.000000E+0
0.000000E+0
0.000000E+0
0.000000E+0
0.000000E+0
1.998097E+0
-3.936309E+0
3.827165E+2
9.262461E-1
3.706585E-1
1.725674E+0
-4.553240E-1
3.652077E-3
2.568261E-1
1.784031E+0
-3.336418E-1
8.655150E-1
1.676194E-2
-3.134745E-3
8.131982E-3
2.144907E-3
1.409363E-2
3.050066E-5
0.000000E+0
0.000000E+0
0.000000E+0
0.000000E+0
0.000000E+0
0.000000E+0
1.996498E+0
-4.156131E+0
3.825567E+2
8.739412E-1
3.766451E-1
1.775902E+0
-4.387830E-1
8.304283E-3
2.636698E-1
1.832324E+0
-3.067929E-1
8.115411E-1
1.722287E-2
-2.883689E-3
7.628053E-3
2.202982E-3
1.432725E-2
6.938296E-5
0.000000E+0
0.000000E+0
0.000000E+0
0.000000E+0
0.000000E+0
0.000000E+0
1.998097E+0
-4.375154E+0
3.827565E+2
9.750430E-1
3.731938E-1
1.725757E+0
-4.485675E-1
8.982246E-3
2.582416E-1
1.787798E+0
-3.130947E-1
9.142794E-1
1.679558E-2
-2.941387E-3
8.589253E-3
2.156503E-3
1.418855E-2
7.500822E-5
0.000000E+0
0.000000E+0
0.000000E+0
0.000000E+0
0.000000E+0
0.000000E+0
1.999696E+0
-4.496656E+0
3.825167E+2
1.079181E+0
3.756736E-1
1.747255E+0
-4.775643E-1
7.248901E-3
2.846494E-1
1.815799E+0
-3.362390E-1
1.017555E+0
1.706933E-2
-3.160797E-3
9.565473E-3
2.378517E-3
1.429179E-2
6.057149E-5
0.000000E+0
0.000000E+0
0.000000E+0
0.000000E+0
0.000000E+0
0.000000E+0
2.000495E+0
-4.708485E+0
3.821570E+2
1.025531E+0
3.787988E-1
1.781744E+0
-5.531147E-1
1.731699E-3
2.833178E-1
1.855731E+0
-4.021421E-1
9.627083E-1
1.746112E-2
-3.783875E-3
9.058408E-3
2.369619E-3
1.442424E-2
1.448362E-5
0.000000E+0
0.000000E+0
0.000000E+0
0.000000E+0
0.000000E+0
0.000000E+0
1.994900E+0
-4.933903E+0
3.830763E+2
1.013476E+0
3.774958E-1
1.808332E+0
-5.878238E-1
8.165049E-3
3.074149E-1
1.886245E+0
-4.271774E-1
9.499128E-1
1.770565E-2
-4.009794E-3
8.916564E-3
2.564993E-3
1.434013E-2
6.812712E-5
0.000000E+0
0.000000E+0
0.000000E+0
0.000000E+0
0.000000E+0
0.000000E+0
1.998097E+0
-5.138538E+0
3.829164E+2
1.038609E+0
3.788830E-1
1.772280E+0
-5.613820E-1
3.178621E-4
3.017843E-1
1.850431E+0
-3.972461E-1
9.761847E-1
1.737673E-2
-3.730394E-3
9.166996E-3
2.519064E-3
1.439884E-2
2.653269E-6
0.000000E+0
0.000000E+0
0.000000E+0
0.000000E+0
0.000000E+0
0.000000E+0
2.002893E+0
-5.260839E+0
3.840755E+2
9.961780E-1
3.739537E-1
1.765879E+0
-5.791700E-1
5.839205E-3
2.966013E-1
1.845140E+0
-4.117234E-1
9.338520E-1
1.727475E-2
-3.854677E-3
8.743001E-3
2.468329E-3
1.416862E-2
4.859411E-5
0.000000E+0
0.000000E+0
0.000000E+0
0.000000E+0
0.000000E+0
0.000000E+0
1.997298E+0
-5.475865E+0
3.827565E+2
1.103070E+0
3.820275E-1
1.798928E+0
-6.490899E-1
1.310745E-2
2.973724E-1
1.889840E+0
-4.708981E-1
1.039703E+0
1.775421E-2
-4.423880E-3
9.767555E-3
2.483274E-3
1.452440E-2
1.094567E-4
0.000000E+0
0.000000E+0
0.000000E+0
0.000000E+0
0.000000E+0
0.000000E+0
1.994100E+0
-5.684496E+0
3.825167E+2
1.073669E+0
3.806324E-1
1.852494E+0
-6.964357E-1
4.769824E-3
3.407081E-1
1.948427E+0
-5.059311E-1
1.008558E+0
1.831609E-2
-4.755979E-3
9.480898E-3
2.846941E-3
1.448044E-2
3.985644E-5
0.000000E+0
0.000000E+0
0.000000E+0
0.000000E+0
0.000000E+0
0.000000E+0
1.999696E+0
-5.793209E+0
3.831962E+2
1.055772E+0
3.761197E-1
1.800750E+0
-6.515429E-1
-4.620363E-3
3.480687E-1
1.892880E+0
-4.628426E-1
9.922937E-1
1.776237E-2
-4.343213E-3
9.311467E-3
2.903290E-3
1.428339E-2
-3.853909E-5
0.000000E+0
0.000000E+0
0.000000E+0
0.000000E+0
0.000000E+0
0.000000E+0
1.998896E+0
-6.030617E+0
3.828365E+2
1.047022E+0
3.816210E-1
1.784909E+0
-7.063238E-1
5.228886E-3
3.511166E-1
1.884475E+0
-5.111699E-1
9.841264E-1
1.770012E-2
-4.801214E-3
9.243504E-3
2.931464E-3
1.450592E-2
4.365584E-5
0.000000E+0
0.000000E+0
0.000000E+0
0.000000E+0
0.000000E+0
0.000000E+0
1.994900E+0
-6.248041E+0
3.832761E+2
1.075796E+0
3.831870E-1
1.817453E+0
-7.576413E-1
9.892430E-3
3.596873E-1
1.925246E+0
-5.513865E-1
1.011878E+0
1.806232E-2
-5.173011E-3
9.493260E-3
2.999576E-3
1.454874E-2
8.249692E-5
0.000000E+0
0.000000E+0
0.000000E+0
0.000000E+0
0.000000E+0
0.000000E+0
1.998896E+0
-6.472660E+0
3.836358E+2
1.124185E+0
3.825314E-1
1.782040E+0
-7.502834E-1
-2.087611E-2
3.536069E-1
1.893144E+0
-5.403151E-1
1.061343E+0
1.774449E-2
-5.064388E-3
9.947996E-3
2.946104E-3
1.451023E-2
-1.739310E-4
0.000000E+0
0.000000E+0
0.000000E+0
0.000000E+0
0.000000E+0
0.000000E+0
1.996498E+0
-6.586168E+0
3.824368E+2
1.111681E+0
3.812121E-1
1.795738E+0
-7.547530E-1
-1.881660E-2
3.751411E-1
1.907846E+0
-5.394886E-1
1.048446E+0
1.793836E-2
-5.072495E-3
9.857920E-3
3.135317E-3
1.450552E-2
-1.572635E-4
0.000000E+0
0.000000E+0
0.000000E+0
0.000000E+0
0.000000E+0
0.000000E+0
2.008489E+0
-6.800395E+0
3.825167E+2
1.071155E+0
3.826458E-1
1.777111E+0
-8.724934E-1
8.715150E-3
3.575721E-1
1.904115E+0
-6.516099E-1
1.008213E+0
1.789953E-2
-6.125426E-3
9.477655E-3
2.987856E-3
1.455703E-2
7.282340E-5
0.000000E+0
0.000000E+0
0.000000E+0
0.000000E+0
0.000000E+0
0.000000E+0
1.998097E+0
-7.014622E+0
3.829164E+2
1.104499E+0
3.846006E-1
1.798651E+0
-8.989339E-1
-6.719113E-3
3.701552E-1
1.932105E+0
-6.679800E-1
1.041115E+0
1.814369E-2
-6.272758E-3
9.776736E-3
3.089771E-3
1.461613E-2
-5.608601E-5
0.000000E+0
0.000000E+0
0.000000E+0
0.000000E+0
0.000000E+0
0.000000E+0
2.001295E+0
-7.136124E+0
3.828764E+2
1.109589E+0
3.843185E-1
1.789693E+0
-8.665681E-1
-1.034966E-2
4.147445E-1
1.920847E+0
-6.328490E-1
1.046412E+0
1.803986E-2
-5.943476E-3
9.827501E-3
3.462330E-3
1.460693E-2
-8.640006E-5
0.000000E+0
0.000000E+0
0.000000E+0
0.000000E+0
0.000000E+0
0.000000E+0
1.999696E+0
-7.359143E+0
3.825966E+2
1.101392E+0
3.835224E-1
1.759491E+0
-9.056244E-1
-1.152118E-2
4.099796E-1
1.898050E+0
-6.680086E-1
1.039325E+0
1.783880E-2
-6.278269E-3
9.768084E-3
3.425055E-3
1.458733E-2
-9.625036E-5
0.000000E+0
0.000000E+0
0.000000E+0
0.000000E+0
0.000000E+0
0.000000E+0
1.997298E+0
-7.581364E+0
3.823568E+2
1.025034E+0
3.846272E-1
1.802700E+0
-9.454956E-1
-1.099260E-2
4.251284E-1
1.946012E+0
-6.948243E-1
9.615828E-1
1.830104E-2
-6.534392E-3
9.043090E-3
3.553839E-3
1.463853E-2
-9.189206E-5
0.000000E+0
0.000000E+0
0.000000E+0
0.000000E+0
0.000000E+0
0.000000E+0
1.993301E+0
-7.692474E+0
3.823568E+2
1.193280E+0
3.859956E-1
1.825795E+0
-9.811849E-1
6.626278E-3
4.510634E-1
1.980739E+0
-7.225535E-1
1.129052E+0
1.862762E-2
-6.795168E-3
1.061803E-2
3.770642E-3
1.469061E-2
5.539203E-5
0.000000E+0
0.000000E+0
0.000000E+0
0.000000E+0
0.000000E+0
0.000000E+0
1.994100E+0
-7.918691E+0
3.823568E+2
1.152299E+0
3.900616E-1
1.836576E+0
-9.806098E-1
-7.995734E-3
4.434037E-1
1.992772E+0
-7.128677E-1
1.087694E+0
1.874078E-2
-6.704079E-3
1.022909E-2
3.706610E-3
1.484536E-2
-6.683993E-5
0.000000E+0
0.000000E+0
0.000000E+0
0.000000E+0
0.000000E+0
0.000000E+0
1.997298E+0
-8.140912E+0
3.823568E+2
1.006551E+0
3.911126E-1
1.830320E+0
-9.937489E-1
-6.800457E-3
4.541539E-1
1.986224E+0
-7.197363E-1
9.421484E-1
1.867921E-2
-6.768673E-3
8.860321E-3
3.796476E-3
1.488536E-2
-5.684807E-5
0.000000E+0
0.000000E+0
0.000000E+0
0.000000E+0
0.000000E+0
0.000000E+0
1.998896E+0
-8.362333E+0
3.822769E+2
1.217990E+0
3.889127E-1
1.848763E+0
-1.154832E+0
7.124775E-4
4.884305E-1
2.037977E+0
-8.676687E-1
1.152763E+0
1.916991E-2
-8.161592E-3
1.084329E-2
4.083864E-3
1.480472E-2
5.957164E-6
0.000000E+0
0.000000E+0
0.000000E+0
0.000000E+0
0.000000E+0
0.000000E+0
2.000495E+0
-8.471844E+0
3.825567E+2
1.248106E+0
3.907915E-1
1.858049E+0
-1.162757E+0
-1.086253E-2
4.768978E-1
2.051050E+0
-8.700830E-1
1.182484E+0
1.927877E-2
-8.178317E-3
1.111472E-2
3.984520E-3
1.486537E-2
-9.075731E-5
0.000000E+0
0.000000E+0
0.000000E+0
0.000000E+0
0.000000E+0
0.000000E+0
1.997298E+0
-8.695663E+0
3.824368E+2
1.137480E+0
3.912788E-1
1.827981E+0
-1.067140E+0
-1.643204E-2
4.922486E-1
2.006396E+0
-7.726825E-1
1.073080E+0
1.886496E-2
-7.265081E-3
1.008954E-2
4.114066E-3
1.488857E-2
-1.373340E-4
0.000000E+0
0.000000E+0
0.000000E+0
0.000000E+0
0.000000E+0
0.000000E+0
1.999696E+0
-8.925078E+0
3.823968E+2
1.063244E+0
3.904195E-1
1.841873E+0
-1.145574E+0
-2.540341E-2
4.782910E-1
2.032843E+0
-8.403680E-1
9.983261E-1
1.911563E-2
-7.902314E-3
9.387656E-3
3.997831E-3
1.485743E-2
-2.123363E-4
0.000000E+0
0.000000E+0
0.000000E+0
0.000000E+0
0.000000E+0
0.000000E+0
1.998097E+0
-9.035389E+0
3.832761E+2
1.202473E+0
3.908192E-1
1.822839E+0
-1.181190E+0
-1.316529E-2
4.901375E-1
2.026031E+0
-8.738559E-1
1.138186E+0
1.900787E-2
-8.198362E-3
1.067826E-2
4.087452E-3
1.483852E-2
-1.097906E-4
0.000000E+0
0.000000E+0
0.000000E+0
0.000000E+0
0.000000E+0
0.000000E+0
1.999696E+0
-9.262406E+0
3.823169E+2
1.175979E+0
3.942403E-1
1.830952E+0
-1.228338E+0
-2.317427E-3
5.014728E-1
2.044188E+0
-9.111935E-1
1.111373E+0
1.922633E-2
-8.570105E-3
1.045287E-2
4.192474E-3
1.500596E-2
-1.937444E-5
0.000000E+0
0.000000E+0
0.000000E+0
0.000000E+0
0.000000E+0
0.000000E+0
2.000495E+0
-9.479830E+0
3.826366E+2
1.147390E+0
3.913703E-1
1.827096E+0
-1.230335E+0
-2.752996E-2
5.269812E-1
2.043189E+0
-9.061967E-1
1.082910E+0
1.920088E-2
-8.515986E-3
1.017665E-2
4.402051E-3
1.488427E-2
-2.299670E-4
0.000000E+0
0.000000E+0
0.000000E+0
0.000000E+0
0.000000E+0
0.000000E+0
2.005291E+0
-9.697254E+0
3.827165E+2
1.108473E+0
3.921723E-1
1.819616E+0
-1.243141E+0
-2.117776E-2
4.933805E-1
2.040149E+0
-9.125329E-1
1.044123E+0
1.916830E-2
-8.573740E-3
9.810099E-3
4.120512E-3
1.491166E-2
-1.768680E-4
0.000000E+0
0.000000E+0
0.000000E+0
0.000000E+0
0.000000E+0
0.000000E+0
1.995699E+0
-9.809164E+0
3.823568E+2
1.148868E+0
3.922292E-1
1.847459E+0
-1.282697E+0
-1.473379E-2
5.319358E-1
2.077300E+0
-9.425735E-1
1.083834E+0
1.953572E-2
-8.864319E-3
1.019279E-2
4.446690E-3
1.492785E-2
-1.231663E-4
0.000000E+0
0.000000E+0
0.000000E+0
0.000000E+0
0.000000E+0
0.000000E+0
1.999696E+0
-1.001540E+1
3.825966E+2
1.210824E+0
3.919368E-1
1.849345E+0
-1.304455E+0
-1.763223E-2
5.379241E-1
2.088522E+0
-9.557992E-1
1.145555E+0
1.962895E-2
-8.983064E-3
1.076648E-2
4.493930E-3
1.490737E-2
-1.473033E-4
0.000000E+0
0.000000E+0
0.000000E+0
0.000000E+0
0.000000E+0
0.000000E+0
1.999696E+0
-1.001140E+1
3.829564E+2
1.424539E+0
3.898946E-1
1.869508E+0
-1.229920E+0
-1.728083E-2
5.345651E-1
2.102686E+0
-8.777452E-1
1.358436E+0
1.974350E-2
-8.241727E-3
1.275525E-2
4.461674E-3
1.481577E-2
-1.442321E-4
0.000000E+0
0.000000E+0
0.000000E+0
0.000000E+0
0.000000E+0
0.000000E+0
1.999696E+0
-1.001060E+1
3.825567E+2
1.092960E+0
3.921013E-1
1.836109E+0
-1.344591E+0
-2.024196E-2
5.126954E-1
2.078342E+0
-9.985141E-1
1.028225E+0
1.953531E-2
-9.385500E-3
9.664765E-3
4.283612E-3
1.491519E-2
-1.691232E-4
0.000000E+0
0.000000E+0
0.000000E+0
0.000000E+0
0.000000E+0
0.000000E+0
1.998097E+0
-1.001060E+1
3.829564E+2
1.125051E+0
3.886094E-1
1.871976E+0
-1.283540E+0
-2.403771E-2
5.479609E-1
2.104102E+0
-9.319718E-1
1.059098E+0
1.975680E-2
-8.750896E-3
9.944564E-3
4.573480E-3
1.476693E-2
-2.006274E-4
0.000000E+0
0.000000E+0
0.000000E+0
0.000000E+0
0.000000E+0
0.000000E+0
1.995699E+0
-1.001300E+1
3.823568E+2
1.307634E+0
3.915569E-1
1.847678E+0
-1.336709E+0
-2.730673E-2
5.226275E-1
2.095691E+0
-9.873669E-1
1.242496E+0
1.970867E-2
-9.285573E-3
1.168491E-2
4.368877E-3
1.490226E-2
-2.282692E-4
0.000000E+0
0.000000E+0
0.000000E+0
0.000000E+0
0.000000E+0
0.000000E+0
2.011686E+0
-9.952248E+0
3.827165E+2
1.111843E+0
3.938453E-1
1.829622E+0
-1.308689E+0
-1.931330E-2
5.262983E-1
2.065599E+0
-9.662366E-1
1.046932E+0
1.940742E-2
-9.078315E-3
9.836488E-3
4.395428E-3
1.497527E-2
-1.612968E-4
0.000000E+0
0.000000E+0
0.000000E+0
0.000000E+0
0.000000E+0
0.000000E+0
1.994900E+0
-9.841138E+0
3.827565E+2
1.173608E+0
3.935911E-1
1.875453E+0
-1.325182E+0
-2.725798E-2
5.139637E-1
2.113485E+0
-9.783480E-1
1.107612E+0
1.985526E-2
-9.191148E-3
1.040552E-2
4.291967E-3
1.496404E-2
-2.276237E-4
0.000000E+0
0.000000E+0
0.000000E+0
0.000000E+0
0.000000E+0
0.000000E+0
1.992502E+0
-9.626911E+0
3.821970E+2
1.184459E+0
3.928599E-1
1.827804E+0
-1.291627E+0
-1.597536E-2
5.160438E-1
2.057578E+0
-9.610687E-1
1.120192E+0
1.935833E-2
-9.042036E-3
1.053912E-2
4.315646E-3
1.495811E-2
-1.336010E-4
0.000000E+0
0.000000E+0
0.000000E+0
0.000000E+0
0.000000E+0
0.000000E+0
2.002094E+0
-9.403891E+0
3.827165E+2
1.198243E+0
3.914267E-1
1.806905E+0
-1.178401E+0
-2.306353E-2
5.027456E-1
2.015375E+0
-8.606691E-1
1.134385E+0
1.893554E-2
-8.086452E-3
1.065816E-2
4.198726E-3
1.488331E-2
-1.926172E-4
0.000000E+0
0.000000E+0
0.000000E+0
0.000000E+0
0.000000E+0
0.000000E+0
1.998896E+0
-9.178473E+0
3.825966E+2
1.205072E+0
3.897945E-1
1.860882E+0
-1.169613E+0
-7.822796E-3
5.065210E-1
2.063998E+0
-8.512834E-1
1.139431E+0
1.939846E-2
-8.000774E-3
1.070892E-2
4.231582E-3
1.482589E-2
-6.535327E-5
0.000000E+0
0.000000E+0
0.000000E+0
0.000000E+0
0.000000E+0
0.000000E+0
1.998097E+0
-9.068962E+0
3.825966E+2
1.185579E+0
3.928479E-1
1.838316E+0
-1.242361E+0
-2.008694E-2
4.832221E-1
2.050877E+0
-9.307300E-1
1.120762E+0
1.927514E-2
-8.747452E-3
1.053347E-2
4.036938E-3
1.494203E-2
-1.678105E-4
0.000000E+0
0.000000E+0
0.000000E+0
0.000000E+0
0.000000E+0
0.000000E+0
2.005291E+0
-8.853936E+0
3.821970E+2
1.111140E+0
3.903797E-1
1.891623E+0
-1.177569E+0
-1.468834E-2
4.938435E-1
2.087602E+0
-8.665799E-1
1.044268E+0
1.964081E-2
-8.153055E-3
9.824804E-3
4.129986E-3
1.486368E-2
-1.228378E-4
0.000000E+0
0.000000E+0
0.000000E+0
0.000000E+0
0.000000E+0
0.000000E+0
2.006890E+0
-8.622922E+0
3.826766E+2
1.123413E+0
3.914898E-1
1.849523E+0
-1.113526E+0
-7.869393E-3
4.873083E-1
2.033344E+0
-8.179101E-1
1.057954E+0
1.910636E-2
-7.685510E-3
9.941091E-3
4.070225E-3
1.488726E-2
-6.572882E-5
0.000000E+0
0.000000E+0
0.000000E+0
0.000000E+0
0.000000E+0
0.000000E+0
2.009288E+0
-8.513411E+0
3.826366E+2
1.190654E+0
3.925630E-1
1.843280E+0
-1.155378E+0
-1.459940E-2
4.458400E-1
2.034178E+0
-8.637540E-1
1.125293E+0
1.911620E-2
-8.117131E-3
1.057495E-2
3.724251E-3
1.492963E-2
-1.219537E-4
0.000000E+0
0.000000E+0
0.000000E+0
0.000000E+0
0.000000E+0
0.000000E+0
2.004492E+0
-8.291990E+0
3.843153E+2
1.175861E+0
3.876828E-1
1.846373E+0
-1.105121E+0
-5.738580E-3
4.606981E-1
2.026031E+0
-8.215192E-1
1.110559E+0
1.895647E-2
-7.686509E-3
1.039090E-2
3.831557E-3
1.467963E-2
-4.772691E-5
0.000000E+0
0.000000E+0
0.000000E+0
0.000000E+0
0.000000E+0
0.000000E+0
2.014084E+0
-8.076164E+0
3.823169E+2
1.118757E+0
3.896359E-1
1.865130E+0
-1.089535E+0
-4.761938E-3
4.348869E-1
2.037488E+0
-8.113363E-1
1.052515E+0
1.916332E-2
-7.630913E-3
9.899286E-3
3.635794E-3
1.483070E-2
-3.981134E-5
0.000000E+0
0.000000E+0
0.000000E+0
0.000000E+0
0.000000E+0
0.000000E+0
1.995699E+0
-7.848348E+0
3.828365E+2
9.804650E-1
3.896861E-1
1.858939E+0
-1.004494E+0
-1.710535E-2
4.240260E-1
2.011399E+0
-7.367353E-1
9.151337E-1
1.889226E-2
-6.919858E-3
8.595483E-3
3.540183E-3
1.481248E-2
-1.428121E-4
0.000000E+0
0.000000E+0
0.000000E+0
0.000000E+0
0.000000E+0
0.000000E+0
1.999696E+0
-7.746031E+0
3.825567E+2
1.037923E+0
3.874011E-1
1.810552E+0
-9.931662E-1
-3.310638E-3
4.209973E-1
1.962687E+0
-7.353406E-1
9.741135E-1
1.844821E-2
-6.911810E-3
9.156148E-3
3.517467E-3
1.473640E-2
-2.766065E-5
0.000000E+0
0.000000E+0
0.000000E+0
0.000000E+0
0.000000E+0
0.000000E+0
1.996498E+0
-7.530205E+0
3.826766E+2
1.103200E+0
3.865306E-1
1.834622E+0
-9.258294E-1
-6.236291E-3
4.187534E-1
1.977127E+0
-6.725291E-1
1.038615E+0
1.857812E-2
-6.319434E-3
9.759368E-3
3.497623E-3
1.469868E-2
-5.208839E-5
0.000000E+0
0.000000E+0
0.000000E+0
0.000000E+0
0.000000E+0
0.000000E+0
1.991702E+0
-7.300790E+0
3.826766E+2
9.618253E-1
3.873607E-1
1.824244E+0
-9.398101E-1
-9.801585E-4
4.145590E-1
1.960947E+0
-6.962611E-1
8.978431E-1
1.842608E-2
-6.542433E-3
8.436602E-3
3.462589E-3
1.473024E-2
-8.186738E-6
0.000000E+0
0.000000E+0
0.000000E+0
0.000000E+0
0.000000E+0
0.000000E+0
1.998097E+0
-7.189680E+0
3.826366E+2
1.184933E+0
3.845562E-1
1.821303E+0
-8.919759E-1
-5.814924E-4
4.177513E-1
1.958509E+0
-6.519860E-1
1.120710E+0
1.840509E-2
-6.127041E-3
1.053188E-2
3.489617E-3
1.462512E-2
-4.857401E-6
0.000000E+0
0.000000E+0
0.000000E+0
0.000000E+0
0.000000E+0
0.000000E+0
1.996498E+0
-6.989042E+0
3.829564E+2
1.073903E+0
3.872841E-1
1.845296E+0
-8.741740E-1
4.177388E-4
3.931431E-1
1.973977E+0
-6.387276E-1
1.008964E+0
1.853496E-2
-5.997433E-3
9.473826E-3
3.281315E-3
1.471657E-2
3.486600E-6
0.000000E+0
0.000000E+0
0.000000E+0
0.000000E+0
0.000000E+0
0.000000E+0
1.994100E+0
-6.743641E+0
3.827565E+2
1.065529E+0
3.862610E-1
1.815715E+0
-7.711735E-1
-4.148641E-3
3.550095E-1
1.929438E+0
-5.483992E-1
1.001703E+0
1.812622E-2
-5.151969E-3
9.410557E-3
2.964585E-3
1.468536E-2
-3.464414E-5
0.000000E+0
0.000000E+0
0.000000E+0
0.000000E+0
0.000000E+0
0.000000E+0
1.998896E+0
-6.508631E+0
3.829963E+2
1.138507E+0
3.823274E-1
1.822751E+0
-8.292536E-1
2.702896E-3
3.648328E-1
1.943354E+0
-6.129192E-1
1.074237E+0
1.824553E-2
-5.754501E-3
1.008566E-2
3.044709E-3
1.452670E-2
2.255700E-5
0.000000E+0
0.000000E+0
0.000000E+0
0.000000E+0
0.000000E+0
0.000000E+0
1.998097E+0
-6.414307E+0
3.833960E+2
9.843545E-1
3.854899E-1
1.843516E+0
-7.764389E-1
4.311779E-4
3.433483E-1
1.951709E+0
-5.619172E-1
9.194794E-1
1.830487E-2
-5.270160E-3
8.623696E-3
2.862423E-3
1.463160E-2
3.594640E-6
0.000000E+0
0.000000E+0
0.000000E+0
0.000000E+0
0.000000E+0
0.000000E+0
1.987706E+0
-6.198481E+0
3.821570E+2
1.034585E+0
3.863620E-1
1.855809E+0
-7.571278E-1
6.624484E-3
3.498511E-1
1.961274E+0
-5.485702E-1
9.695940E-1
1.845421E-2
-5.161660E-3
9.123198E-3
2.926091E-3
1.471224E-2
5.540599E-5
0.000000E+0
0.000000E+0
0.000000E+0
0.000000E+0
0.000000E+0
0.000000E+0
1.999696E+0
-5.976261E+0
3.826366E+2
1.036089E+0
3.801918E-1
1.843272E+0
-7.264962E-1
1.449121E-2
3.331826E-1
1.943735E+0
-5.269856E-1
9.711382E-1
1.826625E-2
-4.952349E-3
9.126274E-3
2.783187E-3
1.445914E-2
1.210500E-4
0.000000E+0
0.000000E+0
0.000000E+0
0.000000E+0
0.000000E+0
0.000000E+0
1.995699E+0
-5.754840E+0
3.825167E+2
1.018521E+0
3.821875E-1
1.866921E+0
-6.677823E-1
2.511446E-3
3.274252E-1
1.958636E+0
-4.737736E-1
9.528883E-1
1.841205E-2
-4.453684E-3
8.957578E-3
2.735950E-3
1.453959E-2
2.098553E-5
0.000000E+0
0.000000E+0
0.000000E+0
0.000000E+0
0.000000E+0
0.000000E+0
1.999696E+0
-5.644529E+0
3.825567E+2
1.046933E+0
3.785609E-1
1.804530E+0
-6.438056E-1
6.586270E-3
3.315269E-1
1.894364E+0
-4.597119E-1
9.833277E-1
1.780601E-2
-4.321047E-3
9.242756E-3
2.769935E-3
1.440013E-2
5.502882E-5
0.000000E+0
0.000000E+0
0.000000E+0
0.000000E+0
0.000000E+0
0.000000E+0
1.997298E+0
-5.428703E+0
3.826766E+2
1.073361E+0
3.804524E-1
1.821001E+0
-6.253701E-1
1.167571E-2
3.015256E-1
1.908138E+0
-4.468511E-1
1.009242E+0
1.792986E-2
-4.198846E-3
9.483368E-3
2.518482E-3
1.446754E-2
9.752091E-5
0.000000E+0
0.000000E+0
0.000000E+0
0.000000E+0
0.000000E+0
0.000000E+0
1.995699E+0
-5.205683E+0
3.829564E+2
9.906048E-1
3.816619E-1
1.792568E+0
-6.323929E-1
1.591431E-3
2.998204E-1
1.875825E+0
-4.641111E-1
9.275787E-1
1.761335E-2
-4.357844E-3
8.709646E-3
2.502410E-3
1.450293E-2
1.328266E-5
0.000000E+0
0.000000E+0
0.000000E+0
0.000000E+0
0.000000E+0
0.000000E+0
2.003693E+0
-5.095372E+0
3.837157E+2
9.567247E-1
3.746795E-1
1.774885E+0
-5.708500E-1
6.973496E-3
3.014540E-1
1.850808E+0
-4.080853E-1
8.940828E-1
1.734406E-2
-3.824198E-3
8.378517E-3
2.511065E-3
1.420943E-2
5.808813E-5
0.000000E+0
0.000000E+0
0.000000E+0
0.000000E+0
0.000000E+0
0.000000E+0
1.998097E+0
-4.866757E+0
3.827565E+2
9.958245E-1
3.761485E-1
1.786733E+0
-5.865670E-1
1.902647E-2
3.087882E-1
1.863568E+0
-4.300144E-1
9.329222E-1
1.750740E-2
-4.039796E-3
8.764393E-3
2.578604E-3
1.430089E-2
1.588847E-4
0.000000E+0
0.000000E+0
0.000000E+0
0.000000E+0
0.000000E+0
0.000000E+0
1.994100E+0
-4.648533E+0
3.829164E+2
9.678556E-1
3.816248E-1
1.811440E+0
-5.321921E-1
1.491210E-2
2.847722E-1
1.881086E+0
-3.809961E-1
9.042376E-1
1.766460E-2
-3.577796E-3
8.491367E-3
2.377060E-3
1.450303E-2
1.244748E-4
0.000000E+0
0.000000E+0
0.000000E+0
0.000000E+0
0.000000E+0
0.000000E+0
1.999696E+0
-4.431908E+0
3.830363E+2
9.506609E-1
3.775177E-1
1.840085E+0
-4.658901E-1
1.565597E-2
2.772359E-1
1.902540E+0
-3.198289E-1
8.858736E-1
1.786047E-2
-3.002457E-3
8.316314E-3
2.313428E-3
1.434246E-2
1.306431E-4
0.000000E+0
0.000000E+0
0.000000E+0
0.000000E+0
0.000000E+0
0.000000E+0
1.998896E+0
-4.322397E+0
3.823568E+2
9.576866E-1
3.763209E-1
1.816539E+0
-4.461821E-1
3.603916E-3
2.626800E-1
1.877207E+0
-3.055688E-1
8.937425E-1
1.765397E-2
-2.873685E-3
8.405094E-3
2.195860E-3
1.432240E-2
3.012675E-5
0.000000E+0
0.000000E+0
0.000000E+0
0.000000E+0
0.000000E+0
0.000000E+0
2.000495E+0
-4.099377E+0
3.823968E+2
9.128627E-1
3.791332E-1
1.813873E+0
-4.400920E-1
1.184086E-2
2.433148E-1
1.871376E+0
-3.070994E-1
8.489874E-1
1.759729E-2
-2.887777E-3
7.983365E-3
2.033765E-3
1.442792E-2
9.897273E-5
0.000000E+0
0.000000E+0
0.000000E+0
0.000000E+0
0.000000E+0
0.000000E+0
1.995699E+0
-3.879555E+0
3.824368E+2
9.131362E-1
3.756295E-1
1.819501E+0
-4.213469E-1
1.770865E-3
2.382832E-1
1.874465E+0
-2.951984E-1
8.492192E-1
1.762450E-2
-2.775578E-3
7.984710E-3
1.991500E-3
1.429310E-2
1.480036E-5
0.000000E+0
0.000000E+0
0.000000E+0
0.000000E+0
0.000000E+0
0.000000E+0
1.993301E+0
-3.658134E+0
3.824767E+2
1.045597E+0
3.727828E-1
1.808489E+0
-3.666850E-1
1.297153E-2
2.328493E-1
1.863402E+0
-2.483000E-1
9.820600E-1
1.751865E-2
-2.334376E-3
9.232770E-3
1.945882E-3
1.418329E-2
1.084009E-4
0.000000E+0
0.000000E+0
0.000000E+0
0.000000E+0
0.000000E+0
0.000000E+0
2.001295E+0
-3.543826E+0
3.826366E+2
9.725844E-1
3.731666E-1
1.764821E+0
-4.139745E-1
7.004275E-3
2.232182E-1
1.819861E+0
-3.020629E-1
9.103599E-1
1.710215E-2
-2.838637E-3
8.555110E-3
1.864617E-3
1.419196E-2
5.850907E-5
0.000000E+0
0.000000E+0
0.000000E+0
0.000000E+0
0.000000E+0
0.000000E+0
1.997298E+0
-3.322405E+0
3.827565E+2
9.301495E-1
3.757232E-1
1.804918E+0
-3.759662E-1
1.983675E-2
2.329870E-1
1.854942E+0
-2.689161E-1
8.666787E-1
1.742637E-2
-2.526348E-3
8.142065E-3
1.945609E-3
1.428472E-2
1.656511E-4
0.000000E+0
0.000000E+0
0.000000E+0
0.000000E+0
0.000000E+0
0.000000E+0
1.998896E+0
-3.099385E+0
3.829564E+2
8.639874E-1
3.723011E-1
1.846223E+0
-3.457894E-1
1.913662E-2
2.366564E-1
1.891188E+0
-2.438932E-1
7.990650E-1
1.775761E-2
-2.290074E-3
7.502946E-3
1.975220E-3
1.414723E-2
1.597211E-4
0.000000E+0
0.000000E+0
0.000000E+0
0.000000E+0
0.000000E+0
0.000000E+0
1.995699E+0
-2.985877E+0
3.827965E+2
1.005310E+0
3.693295E-1
1.763902E+0
-3.227463E-1
2.485854E-2
2.081279E-1
1.812213E+0
-2.286589E-1
9.432730E-1
1.702316E-2
-2.147925E-3
8.860709E-3
1.737836E-3
1.404017E-2
2.075650E-4
0.000000E+0
0.000000E+0
0.000000E+0
0.000000E+0
0.000000E+0
0.000000E+0
1.998097E+0
-2.772449E+0
3.829164E+2
9.343099E-1
3.726348E-1
1.766597E+0
-2.393997E-1
1.553064E-2
2.067997E-1
1.807573E+0
-1.521464E-1
8.721471E-1
1.697427E-2
-1.428752E-3
8.190017E-3
1.726205E-3
1.416138E-2
1.296379E-4
0.000000E+0
0.000000E+0
0.000000E+0
0.000000E+0
0.000000E+0
0.000000E+0
1.990104E+0
-2.547831E+0
3.822769E+2
9.424731E-1
3.735285E-1
1.787116E+0
-2.504630E-1
2.170519E-2
2.020498E-1
1.828103E+0
-1.693651E-1
8.798437E-1
1.719577E-2
-1.593106E-3
8.276115E-3
1.689378E-3
1.421910E-2
1.814814E-4
0.000000E+0
0.000000E+0
0.000000E+0
0.000000E+0
0.000000E+0
0.000000E+0
1.995699E+0
-2.327209E+0
3.830763E+2
9.603881E-1
3.723437E-1
1.801700E+0
-2.165937E-1
3.163473E-2
1.961642E-1
1.841335E+0
-1.419410E-1
8.970623E-1
1.728409E-2
-1.332360E-3
8.420471E-3
1.636745E-3
1.414442E-2
2.639522E-4
0.000000E+0
0.000000E+0
0.000000E+0
0.000000E+0
0.000000E+0
0.000000E+0
1.993301E+0
-2.220096E+0
3.822769E+2
9.611830E-1
3.682366E-1
1.770822E+0
-1.806161E-1
2.078554E-2
1.531241E-1
1.808826E+0
-1.106283E-1
8.990075E-1
1.701444E-2
-1.040608E-3
8.456376E-3
1.280301E-3
1.401765E-2
1.737920E-4
0.000000E+0
0.000000E+0
0.000000E+0
0.000000E+0
0.000000E+0
0.000000E+0
1.994100E+0
-2.001872E+0
3.819572E+2
9.028127E-1
3.671691E-1
1.789796E+0
-2.079248E-1
1.882044E-2
1.676697E-1
1.826280E+0
-1.442169E-1
8.399872E-1
1.719300E-2
-1.357690E-3
7.907824E-3
1.403093E-3
1.398871E-2
1.574931E-4
0.000000E+0
0.000000E+0
0.000000E+0
0.000000E+0
0.000000E+0
0.000000E+0
1.996498E+0
-1.770858E+0
3.824767E+2
9.283236E-1
3.682914E-1
1.798878E+0
-1.877409E-1
2.918085E-2
1.836396E-1
1.835055E+0
-1.310960E-1
8.650900E-1
1.725214E-2
-1.232490E-3
8.133085E-3
1.534645E-3
1.401241E-2
2.438593E-4
0.000000E+0
0.000000E+0
0.000000E+0
0.000000E+0
0.000000E+0
0.000000E+0
1.995699E+0
-1.565424E+0
3.825966E+2
9.158826E-1
3.659108E-1
1.795713E+0
-1.469398E-1
2.193328E-2
1.718365E-1
1.829851E+0
-9.698739E-2
8.527923E-1
1.719783E-2
-9.115345E-4
8.014956E-3
1.435558E-3
1.391747E-2
1.832352E-4
0.000000E+0
0.000000E+0
0.000000E+0
0.000000E+0
0.000000E+0
0.000000E+0
2.004492E+0
-1.450317E+0
3.826366E+2
9.004946E-1
3.664404E-1
1.778097E+0
-9.568141E-2
3.618357E-2
1.541584E-1
1.810348E+0
-4.987727E-2
8.377496E-1
1.701275E-2
-4.687218E-4
7.872755E-3
1.287737E-3
1.393616E-2
3.022535E-4
0.000000E+0
0.000000E+0
0.000000E+0
0.000000E+0
0.000000E+0
0.000000E+0
1.987706E+0
-1.222501E+0
3.825966E+2
8.572064E-1
3.632179E-1
1.792918E+0
-3.957880E-2
3.671830E-2
1.499936E-1
1.822001E+0
-7.064649E-4
7.945032E-1
1.712405E-2
-6.639700E-6
7.467126E-3
1.253078E-3
1.381505E-2
3.067523E-4
0.000000E+0
0.000000E+0
0.000000E+0
0.000000E+0
0.000000E+0
0.000000E+0
1.998896E+0
-1.006676E+0
3.822769E+2
8.417206E-1
3.649915E-1
1.815087E+0
-4.555388E-3
2.286122E-2
1.534141E-1
1.843137E+0
2.783080E-2
7.778978E-1
1.733718E-2
2.617862E-4
7.317176E-3
1.282725E-3
1.389412E-2
1.911471E-4
0.000000E+0
0.000000E+0
0.000000E+0
0.000000E+0
0.000000E+0
0.000000E+0
1.992502E+0
-7.732644E-1
3.835159E+2
8.520569E-1
3.675944E-1
1.834178E+0
-3.265089E-2
3.114122E-2
1.401346E-1
1.862964E+0
-7.509751E-3
7.877698E-1
1.746708E-2
-7.041111E-5
7.386096E-3
1.167908E-3
1.394800E-2
2.595367E-4
0.000000E+0
0.000000E+0
0.000000E+0
0.000000E+0
0.000000E+0
0.000000E+0
2.021278E+0
-6.789405E-1
3.825167E+2
8.788530E-1
3.655801E-1
1.785155E+0
-4.112735E-2
2.703315E-2
1.315010E-1
1.815402E+0
-1.961717E-2
8.153426E-1
1.706559E-2
-1.844103E-4
7.664587E-3
1.098816E-3
1.390780E-2
2.258878E-4
0.000000E+0
0.000000E+0
0.000000E+0
0.000000E+0
0.000000E+0
0.000000E+0
1.994900E+0
-4.551214E-1
3.830763E+2
8.994756E-1
3.596168E-1
1.777898E+0
2.805808E-2
2.622188E-2
1.232297E-1
1.807852E+0
4.241970E-2
8.370408E-1
1.696980E-2
3.981817E-4
7.857066E-3
1.028197E-3
1.366095E-2
2.187888E-4
0.000000E+0
0.000000E+0
0.000000E+0
0.000000E+0
0.000000E+0
0.000000E+0
1.997298E+0
-2.145157E-1
3.821970E+2
8.405001E-1
3.632788E-1
1.811344E+0
1.032613E-1
3.090445E-2
1.366216E-1
1.839138E+0
1.101478E-1
7.768598E-1
1.730318E-2
1.036305E-3
7.308941E-3
1.142559E-3
1.383181E-2
2.584522E-4
0.000000E+0
0.000000E+0
0.000000E+0
0.000000E+0
0.000000E+0
0.000000E+0
1.998896E+0
-1.273861E-1
3.823968E+2
8.408145E-1
3.668955E-1
1.856091E+0
5.236814E-2
3.246350E-2
1.098102E-1
1.884168E+0
5.655736E-2
7.755619E-1
1.771758E-2
5.318313E-4
7.292917E-3
9.178571E-4
1.396222E-2
2.713486E-4
0.000000E+0
0.000000E+0
0.000000E+0
0.000000E+0
0.000000E+0
0.000000E+0
1.998097E+0
8.923892E-2
3.837157E+2
8.304188E-1
3.635051E-1
1.806250E+0
1.087552E-1
3.594558E-2
1.286404E-1
1.834273E+0
1.058985E-1
7.669366E-1
1.718911E-2
9.923824E-4
7.187020E-3
1.071554E-3
1.378565E-2
2.994211E-4
0.000000E+0
0.000000E+0
0.000000E+0
0.000000E+0
0.000000E+0
0.000000E+0
2.003693E+0
3.194530E-1
3.825567E+2
8.054351E-1
3.596101E-1
1.795701E+0
1.143475E-1
2.590939E-2
1.099075E-1
1.823373E+0
1.041830E-1
7.421579E-1
1.713874E-2
9.792646E-4
6.975888E-3
9.182865E-4
1.367925E-2
2.164751E-4
0.000000E+0
0.000000E+0
0.000000E+0
0.000000E+0
0.000000E+0
0.000000E+0
1.996498E+0
5.280844E-1
3.825966E+2
8.170891E-1
3.628905E-1
1.761472E+0
1.548633E-1
3.891825E-2
7.916137E-2
1.790221E+0
1.383693E-1
7.552262E-1
1.682536E-2
1.300462E-3
7.097982E-3
6.613306E-4
1.380260E-2
3.251312E-4
0.000000E+0
0.000000E+0
0.000000E+0
0.000000E+0
0.000000E+0
0.000000E+0
1.994100E+0
6.407934E-1
3.831162E+2
7.417629E-1
3.621016E-1
1.797392E+0
1.623251E-1
4.069445E-2
8.321348E-2
1.823816E+0
1.419370E-1
6.787706E-1
1.711786E-2
1.332183E-3
6.370764E-3
6.942400E-4
1.375391E-2
3.395089E-4
0.000000E+0
0.000000E+0
0.000000E+0
0.000000E+0
0.000000E+0
0.000000E+0
1.995699E+0
8.590171E-1
3.831962E+2
6.873743E-1
3.583257E-1
1.769457E+0
2.545460E-1
3.184287E-2
8.335909E-2
1.795936E+0
2.276467E-1
6.253369E-1
1.685267E-2
2.136187E-3
5.868025E-3
6.953097E-4
1.360765E-2
2.656058E-4
0.000000E+0
0.000000E+0
0.000000E+0
0.000000E+0
0.000000E+0
0.000000E+0
1.996498E+0
1.080438E+0
3.831162E+2
7.666112E-1
3.594170E-1
1.765391E+0
2.257407E-1
4.331517E-2
5.813918E-2
1.794965E+0
1.919288E-1
7.046424E-1
1.684707E-2
1.801394E-3
6.613590E-3
4.850481E-4
1.365194E-2
3.613732E-4
0.000000E+0
0.000000E+0
0.000000E+0
0.000000E+0
0.000000E+0
0.000000E+0
1.995699E+0
1.290668E+0
3.825167E+2
6.023629E-1
3.601358E-1
1.760751E+0
2.452501E-1
4.611154E-2
7.051889E-2
1.785732E+0
2.050794E-1
5.406803E-1
1.678668E-2
1.927839E-3
5.082638E-3
5.892527E-4
1.370068E-2
3.853059E-4
0.000000E+0
0.000000E+0
0.000000E+0
0.000000E+0
0.000000E+0
0.000000E+0
1.996498E+0
1.409772E+0
3.827965E+2
7.489872E-1
3.626065E-1
1.781263E+0
2.926212E-1
4.455676E-2
5.664974E-2
1.812928E+0
2.480934E-1
6.864762E-1
1.702988E-2
2.330484E-3
6.448468E-3
4.730167E-4
1.378459E-2
3.720421E-4
0.000000E+0
0.000000E+0
0.000000E+0
0.000000E+0
0.000000E+0
0.000000E+0
1.994100E+0
1.635990E+0
3.825966E+2
6.822411E-1
3.582098E-1
1.733462E+0
3.065302E-1
4.939914E-2
5.709633E-2
1.764187E+0
2.562680E-1
6.215094E-1
1.658069E-2
2.408531E-3
5.841247E-3
4.769947E-4
1.362456E-2
4.126907E-4
0.000000E+0
0.000000E+0
0.000000E+0
0.000000E+0
0.000000E+0
0.000000E+0
1.996498E+0
1.858210E+0
3.823968E+2
6.012948E-1
3.588539E-1
1.773140E+0
2.998357E-1
4.557858E-2
3.564993E-2
1.801792E+0
2.415374E-1
5.391564E-1
1.694296E-2
2.271272E-3
5.069901E-3
2.979826E-4
1.365620E-2
3.809720E-4
0.000000E+0
0.000000E+0
0.000000E+0
0.000000E+0
0.000000E+0
0.000000E+0
2.018081E+0
2.074036E+0
3.827565E+2
6.390774E-1
3.560802E-1
1.754542E+0
3.981345E-1
3.361277E-2
4.352085E-2
1.789204E+0
3.336002E-1
5.768950E-1
1.680878E-2
3.134027E-3
5.419675E-3
3.634304E-4
1.353790E-2
2.806908E-4
0.000000E+0
0.000000E+0
0.000000E+0
0.000000E+0
0.000000E+0
0.000000E+0
1.997298E+0
2.183547E+0
3.825966E+2
6.707271E-1
3.580197E-1
1.815683E+0
4.471223E-1
4.333208E-2
1.371013E-2
1.853658E+0
3.767699E-1
6.070388E-1
1.742157E-2
3.541067E-3
5.705245E-3
1.145373E-4
1.361733E-2
3.620053E-4
0.000000E+0
0.000000E+0
0.000000E+0
0.000000E+0
0.000000E+0
0.000000E+0
1.998097E+0
2.398574E+0
3.830763E+2
5.748760E-1
3.577498E-1
1.808843E+0
4.018063E-1
6.090587E-2
2.880517E-2
1.843001E+0
3.249600E-1
5.114588E-1
1.729973E-2
3.050308E-3
4.800920E-3
2.403431E-4
1.359003E-2
5.081833E-4
0.000000E+0
0.000000E+0
0.000000E+0
0.000000E+0
0.000000E+0
0.000000E+0
1.997298E+0
2.619196E+0
3.821970E+2
6.627459E-1
3.610983E-1
1.812299E+0
4.856490E-1
4.573490E-2
3.463286E-2
1.854573E+0
4.013186E-1
5.991803E-1
1.744841E-2
3.775731E-3
5.637276E-3
2.896327E-4
1.374879E-2
3.824785E-4
0.000000E+0
0.000000E+0
0.000000E+0
0.000000E+0
0.000000E+0
0.000000E+0
1.997298E+0
2.827827E+0
3.826766E+2
6.602853E-1
3.591923E-1
1.792351E+0
5.325819E-1
4.263542E-2
2.423747E-2
1.838340E+0
4.424264E-1
5.974165E-1
1.727401E-2
4.157269E-3
5.613637E-3
2.024426E-4
1.365908E-2
3.561108E-4
0.000000E+0
0.000000E+0
0.000000E+0
0.000000E+0
0.000000E+0
0.000000E+0
1.999696E+0
2.950128E+0
3.825567E+2
5.456887E-1
3.537217E-1
1.772296E+0
5.296791E-1
4.965935E-2
9.291261E-3
1.815146E+0
4.368385E-1
4.835135E-1
1.706141E-2
4.106049E-3
4.544770E-3
7.762925E-5
1.345526E-2
4.149080E-4
0.000000E+0
0.000000E+0
0.000000E+0
0.000000E+0
0.000000E+0
0.000000E+0
1.998896E+0
3.175546E+0
3.824368E+2
5.494736E-1
3.550925E-1
1.738142E+0
5.326205E-1
6.325093E-2
-5.534972E-3
1.783058E+0
4.345145E-1
4.885124E-1
1.676505E-2
4.085485E-3
4.593195E-3
-4.625964E-5
1.351164E-2
5.286324E-4
0.000000E+0
0.000000E+0
0.000000E+0
0.000000E+0
0.000000E+0
0.000000E+0
1.997298E+0
3.401764E+0
3.822369E+2
4.920741E-1
3.527725E-1
1.761401E+0
5.750064E-1
6.306125E-2
9.799804E-3
1.808468E+0
4.685227E-1
4.303861E-1
1.701285E-2
4.407548E-3
4.048784E-3
8.194665E-5
1.343038E-2
5.273226E-4
0.000000E+0
0.000000E+0
0.000000E+0
0.000000E+0
0.000000E+0
0.000000E+0
1.997298E+0
3.508877E+0
3.840755E+2
4.654376E-1
3.555538E-1
1.773338E+0
5.909692E-1
4.964721E-2
1.622152E-3
1.821299E+0
4.804005E-1
4.033498E-1
1.705154E-2
4.497653E-3
3.776281E-3
1.349962E-5
1.347147E-2
4.131662E-4
0.000000E+0
0.000000E+0
0.000000E+0
0.000000E+0
0.000000E+0
0.000000E+0
1.997298E+0
3.726302E+0
3.824368E+2
4.653034E-1
3.513313E-1
1.775274E+0
5.998134E-1
6.562856E-2
4.260358E-3
1.825610E+0
4.821857E-1
4.031482E-1
1.716514E-2
4.533709E-3
3.790566E-3
3.560680E-5
1.336853E-2
5.485039E-4
0.000000E+0
0.000000E+0
0.000000E+0
0.000000E+0
0.000000E+0
0.000000E+0
1.998097E+0
3.953318E+0
3.824368E+2
4.195908E-1
3.561174E-1
1.803991E+0
6.732476E-1
5.410586E-2
-1.255597E-2
1.859616E+0
5.463388E-1
3.564372E-1
1.748488E-2
5.136904E-3
3.351370E-3
-1.049390E-4
1.355064E-2
4.522006E-4
0.000000E+0
0.000000E+0
0.000000E+0
0.000000E+0
0.000000E+0
0.000000E+0
1.994900E+0
4.177138E+0
3.822769E+2
4.087197E-1
3.524197E-1
1.793948E+0
7.372655E-1
5.921382E-2
-1.612890E-2
1.855990E+0
6.036783E-1
3.460237E-1
1.745809E-2
5.678407E-3
3.254818E-3
-1.348569E-4
1.341555E-2
4.950984E-4
0.000000E+0
0.000000E+0
0.000000E+0
0.000000E+0
0.000000E+0
0.000000E+0
2.001295E+0
4.289047E+0
3.819172E+2
4.213015E-1
3.565525E-1
1.803854E+0
6.707617E-1
6.310817E-2
-2.779973E-2
1.862542E+0
5.329583E-1
3.580502E-1
1.753621E-2
5.017912E-3
3.371116E-3
-2.326579E-4
1.358565E-2
5.281568E-4
0.000000E+0
0.000000E+0
0.000000E+0
0.000000E+0
0.000000E+0
0.000000E+0
1.998097E+0
4.499277E+0
3.827565E+2
3.527420E-1
3.530509E-1
1.794035E+0
6.845684E-1
5.678150E-2
-4.747982E-2
1.853381E+0
5.408438E-1
2.899761E-1
1.741170E-2
5.080989E-3
2.724198E-3
-3.964907E-4
1.342274E-2
4.741664E-4
0.000000E+0
0.000000E+0
0.000000E+0
0.000000E+0
0.000000E+0
0.000000E+0
1.994900E+0
4.719100E+0
3.832761E+2
3.814086E-1
3.552665E-1
1.837271E+0
7.721242E-1
5.739675E-2
-2.500446E-2
1.906688E+0
6.173524E-1
3.172210E-1
1.788821E-2
5.791891E-3
2.976112E-3
-2.085222E-4
1.348866E-2
4.786544E-4
0.000000E+0
0.000000E+0
0.000000E+0
0.000000E+0
0.000000E+0
0.000000E+0
1.996498E+0
4.942120E+0
3.823169E+2
2.786761E-1
3.545675E-1
1.791571E+0
7.794707E-1
6.413587E-2
-6.267045E-2
1.860651E+0
6.214875E-1
2.160914E-1
1.750009E-2
5.845315E-3
2.032418E-3
-5.239452E-4
1.349590E-2
5.361965E-4
0.000000E+0
0.000000E+0
0.000000E+0
0.000000E+0
0.000000E+0
0.000000E+0
1.998896E+0
5.052431E+0
3.823568E+2
2.844189E-1
3.557451E-1
1.799361E+0
7.829745E-1
5.686017E-2
-6.128399E-2
1.870115E+0
6.206901E-1
2.214837E-1
1.758728E-2
5.837205E-3
2.082917E-3
-5.123003E-4
1.353930E-2
4.753197E-4
0.000000E+0
0.000000E+0
0.000000E+0
0.000000E+0
0.000000E+0
0.000000E+0
1.995699E+0
5.268257E+0
3.825966E+2
2.687484E-1
3.558004E-1
1.777305E+0
8.054896E-1
6.227399E-2
-8.459747E-2
1.852003E+0
6.381364E-1
2.066916E-1
1.740602E-2
5.997516E-3
1.942588E-3
-7.067449E-4
1.353292E-2
5.202499E-4
0.000000E+0
0.000000E+0
0.000000E+0
0.000000E+0
0.000000E+0
0.000000E+0
1.996498E+0
5.496872E+0
3.831162E+2
3.224526E-1
3.572044E-1
1.808374E+0
8.756959E-1
6.260205E-2
-8.584582E-2
1.894032E+0
6.974713E-1
2.592560E-1
1.777689E-2
6.546283E-3
2.433309E-3
-7.162013E-4
1.356790E-2
5.222814E-4
0.000000E+0
0.000000E+0
0.000000E+0
0.000000E+0
0.000000E+0
0.000000E+0
1.995699E+0
5.712698E+0
3.830763E+2
1.564211E-1
3.557526E-1
1.798557E+0
8.944205E-1
6.018066E-2
-9.466641E-2
1.882990E+0
7.105160E-1
9.369238E-2
1.767509E-2
6.669413E-3
8.794640E-4
-7.898728E-4
1.351416E-2
5.021323E-4
0.000000E+0
0.000000E+0
0.000000E+0
0.000000E+0
0.000000E+0
0.000000E+0
1.999696E+0
5.819811E+0
3.820371E+2
1.685412E-1
3.546834E-1
1.789152E+0
9.235407E-1
6.464752E-2
-1.221547E-1
1.878344E+0
7.368741E-1
1.060075E-1
1.767945E-2
6.935643E-3
9.977696E-4
-1.022000E-3
1.351019E-2
5.408699E-4
0.000000E+0
0.000000E+0
0.000000E+0
0.000000E+0
0.000000E+0
0.000000E+0
1.995699E+0
6.041233E+0
3.821170E+2
1.626904E-1
3.572538E-1
1.815448E+0
9.319991E-1
5.934849E-2
-1.261262E-1
1.907992E+0
7.352776E-1
9.936964E-2
1.795474E-2
6.919169E-3
9.350963E-4
-1.055007E-3
1.360525E-2
4.964320E-4
0.000000E+0
0.000000E+0
0.000000E+0
0.000000E+0
0.000000E+0
0.000000E+0
2.000495E+0
6.269848E+0
3.828764E+2
1.456154E-1
3.561777E-1
1.853795E+0
9.730168E-1
5.568635E-2
-8.912132E-2
1.952901E+0
7.643097E-1
8.081413E-2
1.834090E-2
7.178105E-3
7.589754E-4
-7.439941E-4
1.353737E-2
4.648754E-4
0.000000E+0
0.000000E+0
0.000000E+0
0.000000E+0
0.000000E+0
0.000000E+0
2.000495E+0
6.371366E+0
3.828764E+2
2.070750E-1
3.609917E-1
1.829492E+0
1.009737E+0
6.426367E-2
-1.020633E-1
1.936321E+0
7.997992E-1
1.430847E-1
1.818518E-2
7.511408E-3
1.343797E-3
-8.520351E-4
1.372034E-2
5.364799E-4
0.000000E+0
0.000000E+0
0.000000E+0
0.000000E+0
0.000000E+0
0.000000E+0
1.994100E+0
6.591988E+0
3.819971E+2
8.350477E-2
3.523803E-1
1.792668E+0
9.054977E-1
8.336648E-2
-1.116849E-1
1.886574E+0
6.935071E-1
2.107546E-2
1.775877E-2
6.528146E-3
1.983883E-4
-9.345031E-4
1.342387E-2
6.975541E-4
0.000000E+0
0.000000E+0
0.000000E+0
0.000000E+0
0.000000E+0
0.000000E+0
1.995699E+0
6.815008E+0
3.823568E+2
4.531474E-2
3.589050E-1
1.807366E+0
1.028328E+0
6.604298E-2
-1.408640E-1
1.917100E+0
8.065358E-1
-1.765334E-2
1.802914E-2
7.584969E-3
-1.660187E-4
-1.177545E-3
1.365957E-2
5.520829E-4
0.000000E+0
0.000000E+0
0.000000E+0
0.000000E+0
0.000000E+0
0.000000E+0
1.996498E+0
7.034031E+0
3.820771E+2
1.229214E-1
3.566753E-1
1.810073E+0
1.109222E+0
5.002054E-2
-1.315277E-1
1.935443E+0
8.788243E-1
5.978666E-2
1.821497E-2
8.270849E-3
5.626681E-4
-1.100305E-3
1.358465E-2
4.184503E-4
0.000000E+0
0.000000E+0
0.000000E+0
0.000000E+0
0.000000E+0
0.000000E+0
2.000495E+0
7.147540E+0
3.823968E+2
6.441997E-3
3.579009E-1
1.839344E+0
1.090093E+0
7.503836E-2
-1.384023E-1
1.959796E+0
8.528733E-1
-5.776999E-2
1.842874E-2
8.019906E-3
-5.432341E-4
-1.156846E-3
1.361993E-2
6.272137E-4
0.000000E+0
0.000000E+0
0.000000E+0
0.000000E+0
0.000000E+0
0.000000E+0
1.998896E+0
7.368162E+0
3.829564E+2
-5.239365E-2
3.596564E-1
1.798962E+0
1.117857E+0
8.754236E-2
-1.348122E-1
1.924568E+0
8.782945E-1
-1.151100E-1
1.807104E-2
8.246884E-3
-1.080844E-3
-1.125191E-3
1.366673E-2
7.306603E-4
0.000000E+0
0.000000E+0
0.000000E+0
0.000000E+0
0.000000E+0
0.000000E+0
1.994100E+0
7.573596E+0
3.832361E+2
-3.865977E-2
3.600750E-1
1.798565E+0
1.186074E+0
6.995276E-2
-1.625498E-1
1.936786E+0
9.389975E-1
-1.012203E-1
1.817248E-2
8.810428E-3
-9.497301E-4
-1.355709E-3
1.367265E-2
5.834248E-4
0.000000E+0
0.000000E+0
0.000000E+0
0.000000E+0
0.000000E+0
0.000000E+0
1.995699E+0
7.700694E+0
3.825567E+2
-8.036407E-2
3.588937E-1
1.811784E+0
1.236924E+0
6.614256E-2
-1.998883E-1
1.957328E+0
9.835150E-1
-1.434098E-1
1.839784E-2
9.244517E-3
-1.347975E-3
-1.670083E-3
1.365200E-2
5.526265E-4
0.000000E+0
0.000000E+0
0.000000E+0
0.000000E+0
0.000000E+0
0.000000E+0
1.997298E+0
7.936503E+0
3.832761E+2
-6.981053E-2
3.613225E-1
1.850787E+0
1.260562E+0
7.185306E-2
-1.812800E-1
2.003589E+0
9.934303E-1
-1.342724E-1
1.879732E-2
9.320188E-3
-1.259720E-3
-1.511766E-3
1.371859E-2
5.992113E-4
0.000000E+0
0.000000E+0
0.000000E+0
0.000000E+0
0.000000E+0
0.000000E+0
2.000495E+0
8.139539E+0
3.833960E+2
-5.075160E-2
3.581627E-1
1.822391E+0
1.240224E+0
8.256132E-2
-1.928450E-1
1.976775E+0
9.701164E-1
-1.143369E-1
1.853996E-2
9.098615E-3
-1.072353E-3
-1.607708E-3
1.359437E-2
6.882965E-4
0.000000E+0
0.000000E+0
0.000000E+0
0.000000E+0
0.000000E+0
0.000000E+0
1.988505E+0
8.368155E+0
3.824767E+2
-1.467110E-1
3.640540E-1
1.822550E+0
1.345730E+0
7.287910E-2
-1.807770E-1
1.992872E+0
1.067062E+0
-2.098633E-1
1.873585E-2
1.003191E-2
-1.973016E-3
-1.510722E-3
1.385119E-2
6.090381E-4
0.000000E+0
0.000000E+0
0.000000E+0
0.000000E+0
0.000000E+0
0.000000E+0
1.998097E+0
8.579185E+0
3.821570E+2
-1.754878E-1
3.614614E-1
1.847221E+0
1.373412E+0
6.823932E-2
-1.924784E-1
2.024271E+0
1.083564E+0
-2.397869E-1
1.904697E-2
1.019557E-2
-2.256226E-3
-1.609855E-3
1.376405E-2
5.707413E-4
0.000000E+0
0.000000E+0
0.000000E+0
0.000000E+0
0.000000E+0
0.000000E+0
2.005291E+0
8.682302E+0
3.828365E+2
-1.641347E-1
3.659077E-1
1.829955E+0
1.310377E+0
8.513789E-2
-2.309548E-1
2.000008E+0
1.020155E+0
-2.280676E-1
1.878527E-2
9.581907E-3
-2.142147E-3
-1.928236E-3
1.390864E-2
7.108142E-4
0.000000E+0
0.000000E+0
0.000000E+0
0.000000E+0
0.000000E+0
0.000000E+0
1.998097E+0
8.911717E+0
3.822769E+2
-2.468083E-1
3.607366E-1
1.821307E+0
1.372526E+0
9.047602E-2
-2.241045E-1
2.002347E+0
1.075318E+0
-3.101605E-1
1.883477E-2
1.011482E-2
-2.917477E-3
-1.873782E-3
1.373215E-2
7.564878E-4
0.000000E+0
0.000000E+0
0.000000E+0
0.000000E+0
0.000000E+0
0.000000E+0
1.999696E+0
9.125944E+0
3.825567E+2
-2.790140E-1
3.626934E-1
1.855462E+0
1.387734E+0
7.660109E-2
-2.086812E-1
2.041349E+0
1.077606E+0
-3.435889E-1
1.918759E-2
1.012892E-2
-3.229552E-3
-1.743548E-3
1.379654E-2
6.400083E-4
0.000000E+0
0.000000E+0
0.000000E+0
0.000000E+0
0.000000E+0
0.000000E+0
1.997298E+0
9.247446E+0
3.828365E+2
-2.612999E-1
3.634936E-1
1.808364E+0
1.466456E+0
7.096735E-2
-2.163642E-1
2.010446E+0
1.158436E+0
-3.241669E-1
1.888331E-2
1.088072E-2
-3.044769E-3
-1.806419E-3
1.381687E-2
5.925047E-4
0.000000E+0
0.000000E+0
0.000000E+0
0.000000E+0
0.000000E+0
0.000000E+0
1.997298E+0
9.459275E+0
3.822769E+2
-2.989147E-1
3.643958E-1
1.869961E+0
1.458705E+0
8.146744E-2
-2.258772E-1
2.072871E+0
1.133448E+0
-3.639056E-1
1.949814E-2
1.066160E-2
-3.423022E-3
-1.888603E-3
1.387144E-2
6.811653E-4
0.000000E+0
0.000000E+0
0.000000E+0
0.000000E+0
0.000000E+0
0.000000E+0
1.998896E+0
9.684693E+0
3.825167E+2
-3.868000E-1
3.623791E-1
1.842700E+0
1.531500E+0
8.919149E-2
-2.285469E-1
2.059673E+0
1.202142E+0
-4.508385E-1
1.936185E-2
1.130067E-2
-4.238084E-3
-1.909727E-3
1.378602E-2
7.452801E-4
0.000000E+0
0.000000E+0
0.000000E+0
0.000000E+0
0.000000E+0
0.000000E+0
1.997298E+0
9.903716E+0
3.838356E+2
-2.753060E-1
3.609526E-1
1.856398E+0
1.539382E+0
8.822917E-2
-2.505897E-1
2.082934E+0
1.198999E+0
-3.398387E-1
1.951324E-2
1.123240E-2
-3.183659E-3
-2.086721E-3
1.368457E-2
7.347056E-4
0.000000E+0
0.000000E+0
0.000000E+0
0.000000E+0
0.000000E+0
0.000000E+0
1.998896E+0
1.000124E+1
3.827565E+2
-4.155104E-1
3.624865E-1
1.826622E+0
1.501452E+0
8.197878E-2
-2.583218E-1
2.044253E+0
1.164118E+0
-4.789706E-1
1.920486E-2
1.093638E-2
-4.499717E-3
-2.157173E-3
1.378147E-2
6.845818E-4
0.000000E+0
0.000000E+0
0.000000E+0
0.000000E+0
0.000000E+0
0.000000E+0
1.998097E+0
1.000204E+1
3.830363E+2
-3.687875E-1
3.637604E-1
1.807251E+0
1.545093E+0
8.828376E-2
-2.884719E-1
2.034396E+0
1.210145E+0
-4.315754E-1
1.909829E-2
1.136047E-2
-4.051499E-3
-2.407189E-3
1.381980E-2
7.366945E-4
0.000000E+0
0.000000E+0
0.000000E+0
0.000000E+0
0.000000E+0
0.000000E+0
1.996498E+0
1.000124E+1
3.826766E+2
-2.920956E-1
3.612651E-1
1.848261E+0
1.508810E+0
9.085283E-2
-2.594274E-1
2.071082E+0
1.166857E+0
-3.563088E-1
1.946097E-2
1.096440E-2
-3.348063E-3
-2.166858E-3
1.373790E-2
7.588450E-4
0.000000E+0
0.000000E+0
0.000000E+0
0.000000E+0
0.000000E+0
0.000000E+0
1.995699E+0
9.996442E+0
3.821570E+2
-4.805375E-1
3.610345E-1
1.853468E+0
1.557318E+0
7.035286E-2
-2.745515E-1
2.078073E+0
1.215037E+0
-5.447921E-1
1.955320E-2
1.143265E-2
-5.126111E-3
-2.296299E-3
1.374780E-2
5.884187E-4
0.000000E+0
0.000000E+0
0.000000E+0
0.000000E+0
0.000000E+0
0.000000E+0
1.994900E+0
9.997241E+0
3.820771E+2
-4.052319E-1
3.620392E-1
1.830453E+0
1.474032E+0
9.024546E-2
-2.390126E-1
2.043568E+0
1.136524E+0
-4.687054E-1
1.923256E-2
1.069613E-2
-4.411111E-3
-1.999477E-3
1.378894E-2
7.549547E-4
0.000000E+0
0.000000E+0
0.000000E+0
0.000000E+0
0.000000E+0
0.000000E+0
2.002094E+0
9.836571E+0
3.827165E+2
-3.013022E-1
3.620540E-1
1.785604E+0
1.452160E+0
8.259100E-2
-2.454849E-1
1.995993E+0
1.127746E+0
-3.635002E-1
1.875344E-2
1.059578E-2
-3.415281E-3
-2.050190E-3
1.376646E-2
6.897663E-4
0.000000E+0
0.000000E+0
0.000000E+0
0.000000E+0
0.000000E+0
0.000000E+0
2.000495E+0
9.618347E+0
3.825966E+2
-3.688676E-1
3.624620E-1
1.841836E+0
1.475864E+0
8.251546E-2
-2.301991E-1
2.048736E+0
1.149714E+0
-4.329378E-1
1.925502E-2
1.080557E-2
-4.068960E-3
-1.923131E-3
1.378630E-2
6.893514E-4
0.000000E+0
0.000000E+0
0.000000E+0
0.000000E+0
0.000000E+0
0.000000E+0
1.995699E+0
9.511233E+0
3.827565E+2
-2.593681E-1
3.641064E-1
1.820130E+0
1.444096E+0
7.955466E-2
-2.322167E-1
2.023735E+0
1.125159E+0
-3.225958E-1
1.901210E-2
1.057037E-2
-3.030646E-3
-1.939177E-3
1.384305E-2
6.643386E-4
0.000000E+0
0.000000E+0
0.000000E+0
0.000000E+0
0.000000E+0
0.000000E+0
1.999696E+0
9.289812E+0
3.825167E+2
-3.385932E-1
3.611065E-1
1.784496E+0
1.438615E+0
7.986138E-2
-2.212118E-1
1.980592E+0
1.133761E+0
-4.006555E-1
1.861845E-2
1.065786E-2
-3.766342E-3
-1.848436E-3
1.373761E-2
6.673181E-4
0.000000E+0
0.000000E+0
0.000000E+0
0.000000E+0
0.000000E+0
0.000000E+0
1.994900E+0
9.068390E+0
3.825567E+2
-2.485247E-1
3.625102E-1
1.828211E+0
1.339707E+0
9.772408E-2
-2.216990E-1
2.006879E+0
1.036349E+0
-3.120151E-1
1.886359E-2
9.741132E-3
-2.932776E-3
-1.852313E-3
1.378957E-2
8.164926E-4
0.000000E+0
0.000000E+0
0.000000E+0
0.000000E+0
0.000000E+0
0.000000E+0
1.994900E+0
8.850966E+0
3.828365E+2
-3.232803E-1
3.616831E-1
1.844062E+0
1.368663E+0
8.274554E-2
-2.207356E-1
2.020468E+0
1.070532E+0
-3.872771E-1
1.897744E-2
1.005507E-2
-3.637539E-3
-1.842916E-3
1.374805E-2
6.908406E-4
0.000000E+0
0.000000E+0
0.000000E+0
0.000000E+0
0.000000E+0
0.000000E+0
1.997298E+0
8.743852E+0
3.821970E+2
-2.488779E-1
3.626023E-1
1.818060E+0
1.391357E+0
6.765114E-2
-1.854805E-1
1.998775E+0
1.100297E+0
-3.120904E-1
1.880510E-2
1.035193E-2
-2.936244E-3
-1.551163E-3
1.380605E-2
5.657628E-4
0.000000E+0
0.000000E+0
0.000000E+0
0.000000E+0
0.000000E+0
0.000000E+0
1.996498E+0
8.526427E+0
3.824368E+2
-1.489299E-1
3.638016E-1
1.810575E+0
1.241399E+0
9.111784E-2
-1.896950E-1
1.968403E+0
9.601653E-1
-2.119171E-1
1.850774E-2
9.027872E-3
-1.992532E-3
-1.585414E-3
1.384303E-2
7.615357E-4
0.000000E+0
0.000000E+0
0.000000E+0
0.000000E+0
0.000000E+0
0.000000E+0
2.001295E+0
8.300210E+0
3.830363E+2
-1.448456E-1
3.622079E-1
1.837003E+0
1.276553E+0
8.603794E-2
-1.863567E-1
1.995930E+0
9.988835E-1
-2.089093E-1
1.873719E-2
9.377217E-3
-1.961177E-3
-1.555076E-3
1.376082E-2
7.179539E-4
0.000000E+0
0.000000E+0
0.000000E+0
0.000000E+0
0.000000E+0
0.000000E+0
1.998097E+0
8.098772E+0
3.829963E+2
-6.487400E-2
3.611187E-1
1.854164E+0
1.281794E+0
6.039892E-2
-1.909146E-1
2.012896E+0
1.008273E+0
-1.294824E-1
1.889843E-2
9.466353E-3
-1.215669E-3
-1.593276E-3
1.372087E-2
5.040587E-4
0.000000E+0
0.000000E+0
0.000000E+0
0.000000E+0
0.000000E+0
0.000000E+0
1.997298E+0
7.970876E+0
3.819172E+2
-1.069538E-1
3.564182E-1
1.829890E+0
1.194828E+0
7.342924E-2
-1.731416E-1
1.973104E+0
9.302051E-1
-1.706648E-1
1.857718E-2
8.758072E-3
-1.606844E-3
-1.449035E-3
1.358054E-2
6.145345E-4
0.000000E+0
0.000000E+0
0.000000E+0
0.000000E+0
0.000000E+0
0.000000E+0
2.000495E+0
7.762244E+0
3.820371E+2
-7.284731E-2
3.571822E-1
1.840758E+0
1.207700E+0
7.279215E-2
-1.684040E-1
1.983375E+0
9.485110E-1
-1.370603E-1
1.866802E-2
8.927623E-3
-1.290046E-3
-1.408943E-3
1.360538E-2
6.090115E-4
0.000000E+0
0.000000E+0
0.000000E+0
0.000000E+0
0.000000E+0
0.000000E+0
1.998097E+0
7.531230E+0
3.831162E+2
-5.030021E-3
3.569680E-1
1.826694E+0
1.180507E+0
8.222817E-2
-1.493474E-1
1.964386E+0
9.310732E-1
-6.871704E-2
1.843722E-2
8.738810E-3
-6.449602E-4
-1.245987E-3
1.355892E-2
6.860197E-4
0.000000E+0
0.000000E+0
0.000000E+0
0.000000E+0
0.000000E+0
0.000000E+0
1.996498E+0
7.420919E+0
3.824368E+2
-5.169759E-2
3.597289E-1
1.805687E+0
1.150480E+0
7.678533E-2
-1.661817E-1
1.936283E+0
9.079999E-1
-1.145735E-1
1.820573E-2
8.537391E-3
-1.077267E-3
-1.388897E-3
1.368806E-2
6.417488E-4
0.000000E+0
0.000000E+0
0.000000E+0
0.000000E+0
0.000000E+0
0.000000E+0
1.992502E+0
7.208291E+0
3.822369E+2
8.056800E-2
3.532626E-1
1.790869E+0
1.129266E+0
6.354424E-2
-1.642983E-1
1.920117E+0
8.954130E-1
1.825310E-2
1.806317E-2
8.423445E-3
1.717129E-4
-1.373874E-3
1.344904E-2
5.313614E-4
0.000000E+0
0.000000E+0
0.000000E+0
0.000000E+0
0.000000E+0
0.000000E+0
1.998097E+0
6.978876E+0
3.831562E+2
1.034060E-1
3.567159E-1
1.808493E+0
1.114440E+0
5.929521E-2
-1.350018E-1
1.932989E+0
8.861406E-1
4.028769E-2
1.814064E-2
8.316217E-3
3.780902E-4
-1.126186E-3
1.354793E-2
4.946412E-4
0.000000E+0
0.000000E+0
0.000000E+0
0.000000E+0
0.000000E+0
0.000000E+0
1.995699E+0
6.761451E+0
3.822769E+2
1.028440E-1
3.540195E-1
1.843772E+0
1.057114E+0
6.457378E-2
-1.258199E-1
1.957854E+0
8.323934E-1
3.857327E-2
1.841626E-2
7.829780E-3
3.628335E-4
-1.052005E-3
1.347645E-2
5.399141E-4
0.000000E+0
0.000000E+0
0.000000E+0
0.000000E+0
0.000000E+0
0.000000E+0
1.998097E+0
6.647943E+0
3.829963E+2
1.645807E-1
3.573421E-1
1.831225E+0
1.001670E+0
7.248126E-2
-1.350035E-1
1.939468E+0
7.824021E-1
1.006326E-1
1.820904E-2
7.345720E-3
9.448070E-4
-1.126670E-3
1.357737E-2
6.048917E-4
0.000000E+0
0.000000E+0
0.000000E+0
0.000000E+0
0.000000E+0
0.000000E+0
1.994100E+0
6.423324E+0
3.824767E+2
9.216040E-2
3.542685E-1
1.855290E+0
1.042458E+0
6.590870E-2
-1.126149E-1
1.962337E+0
8.281228E-1
2.754683E-2
1.844877E-2
7.785540E-3
2.589796E-4
-9.411035E-4
1.347888E-2
5.507877E-4
0.000000E+0
0.000000E+0
0.000000E+0
0.000000E+0
0.000000E+0
0.000000E+0
1.995699E+0
6.207499E+0
3.819971E+2
1.374000E-1
3.574419E-1
1.866021E+0
1.010602E+0
6.649934E-2
-1.282320E-1
1.967987E+0
8.025097E-1
7.233348E-2
1.852513E-2
7.554212E-3
6.808921E-4
-1.072958E-3
1.361669E-2
5.564213E-4
0.000000E+0
0.000000E+0
0.000000E+0
0.000000E+0
0.000000E+0
0.000000E+0
1.998097E+0
5.990873E+0
3.823968E+2
2.854137E-1
3.617804E-1
1.849284E+0
9.822536E-1
5.994842E-2
-1.183138E-1
1.950481E+0
7.829579E-1
2.207625E-1
1.834115E-2
7.362463E-3
2.075917E-3
-9.889344E-4
1.376756E-2
5.010834E-4
0.000000E+0
0.000000E+0
0.000000E+0
0.000000E+0
0.000000E+0
0.000000E+0
1.991702E+0
5.870970E+0
3.823169E+2
2.229377E-1
3.581481E-1
1.878012E+0
9.773060E-1
7.287479E-2
-1.041794E-1
1.974707E+0
7.794042E-1
1.575331E-1
1.857284E-2
7.330579E-3
1.481656E-3
-8.709737E-4
1.363219E-2
6.092568E-4
0.000000E+0
0.000000E+0
0.000000E+0
0.000000E+0
0.000000E+0
0.000000E+0
1.994900E+0
5.656743E+0
3.831162E+2
1.524769E-1
3.582070E-1
1.881097E+0
8.968962E-1
6.446069E-2
-9.611828E-2
1.964490E+0
7.067009E-1
8.690245E-2
1.843819E-2
6.632910E-3
8.156437E-4
-8.019031E-4
1.360598E-2
5.377877E-4
0.000000E+0
0.000000E+0
0.000000E+0
0.000000E+0
0.000000E+0
0.000000E+0
1.994100E+0
5.441717E+0
3.827165E+2
2.543537E-1
3.558649E-1
1.806443E+0
8.914765E-1
5.451765E-2
-5.254931E-2
1.890565E+0
7.154125E-1
1.913416E-1
1.776288E-2
6.721687E-3
1.797758E-3
-4.388704E-4
1.353113E-2
4.553091E-4
0.000000E+0
0.000000E+0
0.000000E+0
0.000000E+0
0.000000E+0
0.000000E+0
1.998896E+0
5.220295E+0
3.828365E+2
3.405197E-1
3.563829E-1
1.827812E+0
8.104995E-1
7.374909E-2
-5.804148E-2
1.904695E+0
6.398542E-1
2.765580E-1
1.789003E-2
6.009893E-3
2.597598E-3
-4.845869E-4
1.354658E-2
6.157294E-4
0.000000E+0
0.000000E+0
0.000000E+0
0.000000E+0
0.000000E+0
0.000000E+0
1.999696E+0
5.116379E+0
3.828365E+2
3.173419E-1
3.577969E-1
1.841509E+0
7.465686E-1
7.651189E-2
-4.564429E-2
1.910663E+0
5.784825E-1
2.528907E-1
1.794609E-2
5.433453E-3
2.375301E-3
-3.810831E-4
1.360033E-2
6.387960E-4
0.000000E+0
0.000000E+0
0.000000E+0
0.000000E+0
0.000000E+0
0.000000E+0
1.987706E+0
4.891761E+0
3.823568E+2
4.492195E-1
3.586463E-1
1.851019E+0
7.546987E-1
5.181368E-2
-3.604427E-2
1.923048E+0
5.928729E-1
3.847465E-1
1.808507E-2
5.575601E-3
3.618302E-3
-3.013102E-4
1.364972E-2
4.331338E-4
0.000000E+0
0.000000E+0
0.000000E+0
0.000000E+0
0.000000E+0
0.000000E+0
1.997298E+0
4.680731E+0
3.822769E+2
3.810566E-1
3.550274E-1
1.798502E+0
7.890305E-1
5.569846E-2
-4.332949E-2
1.869039E+0
6.386406E-1
3.181430E-1
1.758083E-2
6.007274E-3
2.992563E-3
-3.622864E-4
1.351481E-2
4.657058E-4
0.000000E+0
0.000000E+0
0.000000E+0
0.000000E+0
0.000000E+0
0.000000E+0
1.995699E+0
4.567223E+0
3.821170E+2
5.152322E-1
3.559485E-1
1.843836E+0
7.056416E-1
6.108778E-2
-7.059391E-2
1.910941E+0
5.552390E-1
4.507091E-1
1.798249E-2
5.224955E-3
4.241299E-3
-5.904965E-4
1.355555E-2
5.109806E-4
0.000000E+0
0.000000E+0
0.000000E+0
0.000000E+0
0.000000E+0
0.000000E+0
1.993301E+0
4.341805E+0
3.826766E+2
4.807245E-1
3.553828E-1
1.837050E+0
7.561281E-1
5.833780E-2
-4.588022E-2
1.904586E+0
6.137002E-1
4.165362E-1
1.789648E-2
5.766648E-3
3.913992E-3
-3.832129E-4
1.351421E-2
4.872644E-4
0.000000E+0
0.000000E+0
0.000000E+0
0.000000E+0
0.000000E+0
0.000000E+0
1.997298E+0
4.126778E+0
3.825567E+2
6.252199E-1
3.588384E-1
1.826364E+0
7.654266E-1
5.001222E-2
-3.223456E-2
1.897339E+0
6.305220E-1
5.611869E-1
1.783397E-2
5.926571E-3
5.274858E-3
-2.693224E-4
1.364990E-2
4.178562E-4
0.000000E+0
0.000000E+0
0.000000E+0
0.000000E+0
0.000000E+0
0.000000E+0
1.994900E+0
3.898962E+0
3.821570E+2
4.643027E-1
3.564731E-1
1.826634E+0
6.895513E-1
4.808931E-2
-1.818408E-2
1.884314E+0
5.627256E-1
4.004353E-1
1.773007E-2
5.294853E-3
3.767814E-3
-1.520884E-4
1.357410E-2
4.022103E-4
0.000000E+0
0.000000E+0
0.000000E+0
0.000000E+0
0.000000E+0
0.000000E+0
1.994900E+0
3.785454E+0
3.824767E+2
5.025752E-1
3.582702E-1
1.823288E+0
6.063222E-1
5.761267E-2
-4.544349E-2
1.875693E+0
4.835428E-1
4.388010E-1
1.763420E-2
4.545995E-3
4.125358E-3
-3.797635E-4
1.363113E-2
4.814592E-4
0.000000E+0
0.000000E+0
0.000000E+0
0.000000E+0
0.000000E+0
0.000000E+0
2.000495E+0
3.577622E+0
3.820771E+2
6.170209E-1
3.535317E-1
1.817070E+0
6.851790E-1
4.784681E-2
-3.159574E-2
1.876676E+0
5.691823E-1
5.532144E-1
1.766190E-2
5.356726E-3
5.206447E-3
-2.643164E-4
1.346492E-2
4.002658E-4
0.000000E+0
0.000000E+0
0.000000E+0
0.000000E+0
0.000000E+0
0.000000E+0
1.997298E+0
3.357799E+0
3.823968E+2
5.004592E-1
3.587981E-1
1.820303E+0
6.438801E-1
3.852773E-2
-1.422624E-2
1.871199E+0
5.352007E-1
4.367133E-1
1.759563E-2
5.032704E-3
4.106588E-3
-1.189111E-4
1.365407E-2
3.220369E-4
0.000000E+0
0.000000E+0
0.000000E+0
0.000000E+0
0.000000E+0
0.000000E+0
2.002893E+0
3.133180E+0
3.829164E+2
5.218579E-1
3.577869E-1
1.805418E+0
5.525981E-1
4.207572E-2
-2.325948E-3
1.850033E+0
4.521566E-1
4.584397E-1
1.737299E-2
4.246039E-3
4.305041E-3
-1.941523E-5
1.359711E-2
3.512158E-4
0.000000E+0
0.000000E+0
0.000000E+0
0.000000E+0
0.000000E+0
0.000000E+0
1.994900E+0
3.022070E+0
3.823568E+2
5.106663E-1
3.622937E-1
1.848498E+0
4.786568E-1
6.280915E-2
-1.227234E-3
1.887796E+0
3.796590E-1
4.460096E-1
1.775355E-2
3.570457E-3
4.194444E-3
-1.025900E-5
1.378854E-2
5.250499E-4
0.000000E+0
0.000000E+0
0.000000E+0
0.000000E+0
0.000000E+0
0.000000E+0
1.984508E+0
2.801448E+0
3.829564E+2
5.333242E-1
3.579840E-1
1.846857E+0
4.860774E-1
4.266491E-2
2.242765E-2
1.885747E+0
3.943828E-1
4.690490E-1
1.770652E-2
3.703119E-3
4.404209E-3
1.871893E-4
1.360319E-2
3.560968E-4
0.000000E+0
0.000000E+0
0.000000E+0
0.000000E+0
0.000000E+0
0.000000E+0
1.995699E+0
2.585623E+0
3.828764E+2
6.426581E-1
3.581236E-1
1.840531E+0
4.588502E-1
4.960218E-2
3.962031E-2
1.880599E+0
3.743932E-1
5.781728E-1
1.766187E-2
3.516158E-3
5.429978E-3
3.307545E-4
1.361133E-2
4.140841E-4
0.000000E+0
0.000000E+0
0.000000E+0
0.000000E+0
0.000000E+0
0.000000E+0
1.999696E+0
2.374593E+0
3.818772E+2
5.983727E-1
3.566532E-1
1.827459E+0
4.250375E-1
5.872471E-2
5.048883E-2
1.863251E+0
3.481371E-1
5.342406E-1
1.754472E-2
3.278125E-3
5.030511E-3
4.225889E-4
1.359091E-2
4.915227E-4
0.000000E+0
0.000000E+0
0.000000E+0
0.000000E+0
0.000000E+0
0.000000E+0
1.994900E+0
2.248295E+0
3.827565E+2
6.689396E-1
3.616257E-1
1.799598E+0
4.270028E-1
4.153700E-2
4.470917E-2
1.837142E+0
3.552050E-1
6.058893E-1
1.725914E-2
3.336994E-3
5.692063E-3
3.733538E-4
1.374874E-2
3.468638E-4
0.000000E+0
0.000000E+0
0.000000E+0
0.000000E+0
0.000000E+0
0.000000E+0
1.994900E+0
2.030871E+0
3.821970E+2
6.979938E-1
3.621254E-1
1.858566E+0
4.599420E-1
4.840796E-2
4.121608E-2
1.896854E+0
3.929682E-1
6.328731E-1
1.784620E-2
3.697168E-3
5.954268E-3
3.446878E-4
1.378790E-2
4.048331E-4
0.000000E+0
0.000000E+0
0.000000E+0
0.000000E+0
0.000000E+0
0.000000E+0
1.997298E+0
1.817443E+0
3.826366E+2
6.686720E-1
3.613106E-1
1.805547E+0
3.842938E-1
5.149583E-2
4.696280E-2
1.839024E+0
3.261331E-1
6.053381E-1
1.728223E-2
3.064837E-3
5.688667E-3
3.922961E-4
1.374107E-2
4.301620E-4
0.000000E+0
0.000000E+0
0.000000E+0
0.000000E+0
0.000000E+0
0.000000E+0
1.995699E+0
1.597621E+0
3.820371E+2
5.932772E-1
3.612478E-1
1.812870E+0
3.876416E-1
4.228173E-2
4.990099E-2
1.842526E+0
3.364025E-1
5.297851E-1
1.734232E-2
3.166304E-3
4.986470E-3
4.174938E-4
1.376024E-2
3.537478E-4
0.000000E+0
0.000000E+0
0.000000E+0
0.000000E+0
0.000000E+0
0.000000E+0
1.998896E+0
1.481714E+0
3.826766E+2
7.189694E-1
3.612374E-1
1.803990E+0
4.160802E-1
4.233372E-2
4.566246E-2
1.838118E+0
3.686736E-1
6.556083E-1
1.727192E-2
3.464249E-3
6.160438E-3
3.813941E-4
1.373685E-2
3.535909E-4
0.000000E+0
0.000000E+0
0.000000E+0
0.000000E+0
0.000000E+0
0.000000E+0
1.995699E+0
1.260293E+0
3.823968E+2
6.307283E-1
3.610984E-1
1.889526E+0
3.490163E-1
3.468560E-2
3.986309E-2
1.917559E+0
3.069148E-1
5.645440E-1
1.803157E-2
2.886042E-3
5.308631E-3
3.331986E-4
1.374161E-2
2.899222E-4
0.000000E+0
0.000000E+0
0.000000E+0
0.000000E+0
0.000000E+0
0.000000E+0
1.996498E+0
1.038073E+0
3.816374E+2
8.704321E-1
3.649141E-1
1.822480E+0
3.224814E-1
4.098375E-2
6.497310E-2
1.857236E+0
2.888816E-1
8.064114E-1
1.749908E-2
2.721874E-3
7.598095E-3
5.441631E-4
1.391445E-2
3.432474E-4
0.000000E+0
0.000000E+0
0.000000E+0
0.000000E+0
0.000000E+0
0.000000E+0
1.996498E+0
8.158520E-1
3.820371E+2
8.099938E-1
3.637191E-1
1.829888E+0
2.351497E-1
2.995800E-2
9.425876E-2
1.860156E+0
2.086844E-1
7.457517E-1
1.750826E-2
1.964190E-3
7.019202E-3
7.886107E-4
1.385437E-2
2.506420E-4
0.000000E+0
0.000000E+0
0.000000E+0
0.000000E+0
0.000000E+0
0.000000E+0
1.998896E+0
7.079392E-1
3.827965E+2
8.621713E-1
3.617890E-1
1.823352E+0
2.210938E-1
2.994137E-2
8.422838E-2
1.854906E+0
1.981906E-1
7.980476E-1
1.742420E-2
1.861719E-3
7.496523E-3
7.032941E-4
1.375351E-2
2.500059E-4
0.000000E+0
0.000000E+0
0.000000E+0
0.000000E+0
0.000000E+0
0.000000E+0
1.997298E+0
4.881167E-1
3.825966E+2
7.711419E-1
3.619892E-1
1.865576E+0
2.172700E-1
3.628082E-2
1.013476E-1
1.893101E+0
2.011497E-1
7.056537E-1
1.779228E-2
1.890502E-3
6.632075E-3
8.466788E-4
1.376831E-2
3.030975E-4
0.000000E+0
0.000000E+0
0.000000E+0
0.000000E+0
0.000000E+0
0.000000E+0
2.000495E+0
2.642975E-1
3.829963E+2
7.538430E-1
3.621650E-1
1.805754E+0
2.395667E-1
4.567141E-2
1.119072E-1
1.832055E+0
2.311182E-1
6.903480E-1
1.720057E-2
2.169894E-3
6.481455E-3
9.339205E-4
1.376062E-2
3.811503E-4
0.000000E+0
0.000000E+0
0.000000E+0
0.000000E+0
0.000000E+0
0.000000E+0
2.000495E+0
1.539866E-1
3.823568E+2
8.134477E-1
3.625506E-1
1.799932E+0
2.285317E-1
2.851359E-2
1.040223E-1
1.827839E+0
2.236200E-1
7.501196E-1
1.718969E-2
2.103008E-3
7.054410E-3
8.695688E-4
1.379832E-2
2.383579E-4
0.000000E+0
0.000000E+0
0.000000E+0
0.000000E+0
0.000000E+0
0.000000E+0
1.991702E+0
-7.482953E-3
3.822369E+2
8.431336E-1
3.647355E-1
1.812224E+0
1.866601E-1
3.172283E-2
1.022213E-1
1.840408E+0
1.869005E-1
7.796408E-1
1.731333E-2
1.758234E-3
7.334338E-3
8.547815E-4
1.388582E-2
2.652686E-4
0.000000E+0
0.000000E+0
0.000000E+0
0.000000E+0
0.000000E+0
0.000000E+0
1.997298E+0
-1.068037E-2
3.823169E+2
8.822398E-1
3.617918E-1
1.813193E+0
1.198135E-1
2.905325E-2
1.035587E-1
1.842817E+0
1.201570E-1
8.185098E-1
1.733236E-2
1.130120E-3
7.698381E-3
8.657845E-4
1.377087E-2
2.428946E-4
0.000000E+0
0.000000E+0
0.000000E+0
0.000000E+0
0.000000E+0
0.000000E+0
2.000495E+0
-7.482953E-3
3.824368E+2
9.032176E-1
3.628192E-1
1.781582E+0
1.450366E-1
3.040919E-2
9.970261E-2
1.812007E+0
1.452732E-1
8.404754E-1
1.703724E-2
1.365919E-3
7.902497E-3
8.332847E-4
1.380565E-2
2.541510E-4
0.000000E+0
0.000000E+0
0.000000E+0
0.000000E+0
0.000000E+0
0.000000E+0
1.997298E+0
-3.486181E-3
3.827165E+2
9.932773E-1
3.646416E-1
1.809706E+0
1.819989E-1
3.539521E-2
1.135026E-1
1.843213E+0
1.821111E-1
9.296013E-1
1.731798E-2
1.711032E-3
8.734107E-3
9.479278E-4
1.386485E-2
2.956063E-4
0.000000E+0
0.000000E+0
0.000000E+0
0.000000E+0
0.000000E+0
0.000000E+0
1.997298E+0
-5.084890E-3
3.826766E+2
9.124009E-1
3.611521E-1
1.804167E+0
1.668842E-1
3.280058E-2
1.303474E-1
1.834856E+0
1.670471E-1
8.489671E-1
1.724126E-2
1.569661E-3
7.977338E-3
1.088722E-3
1.373360E-2
2.739656E-4
0.000000E+0
0.000000E+0
0.000000E+0
0.000000E+0
0.000000E+0
0.000000E+0
1.990903E+0
-2.686827E-3
3.820771E+2
8.958208E-1
3.633463E-1
1.852243E+0
1.813806E-1
3.041508E-2
1.070748E-1
1.882238E+0
1.814689E-1
8.309316E-1
1.771425E-2
1.707852E-3
7.820118E-3
8.957418E-4
1.383872E-2
2.544395E-4
0.000000E+0
0.000000E+0
0.000000E+0
0.000000E+0
0.000000E+0
0.000000E+0
1.998097E+0
-3.486181E-3
3.815175E+2
8.096680E-1
3.652351E-1
1.805936E+0
1.450284E-1
4.314046E-2
1.152956E-1
1.833059E+0
1.451399E-1
7.462094E-1
1.727671E-2
1.367954E-3
7.033075E-3
9.659280E-4
1.393106E-2
3.614238E-4
0.000000E+0
0.000000E+0
0.000000E+0
0.000000E+0
0.000000E+0
0.000000E+0
1.980511E+0
-5.084890E-3
3.826366E+2
8.408310E-1
3.632153E-1
1.809810E+0
1.374718E-1
2.851463E-2
1.041386E-1
1.837775E+0
1.376349E-1
7.777825E-1
1.727050E-2
1.293425E-3
7.309213E-3
8.699051E-4
1.381351E-2
2.381923E-4
0.000000E+0
0.000000E+0
0.000000E+0
0.000000E+0
0.000000E+0
0.000000E+0
1.998097E+0
-5.084890E-3
3.827565E+2
7.884898E-1
3.666270E-1
1.785476E+0
1.541116E-1
2.569131E-2
1.132786E-1
1.811869E+0
1.542724E-1
7.257574E-1
1.702171E-2
1.449321E-3
6.818171E-3
9.459580E-4
1.393889E-2
2.145409E-4
0.000000E+0
0.000000E+0
0.000000E+0
0.000000E+0
0.000000E+0
0.000000E+0
1.998896E+0
-5.084890E-3
3.819572E+2
8.424040E-1
3.643474E-1
1.831983E+0
1.507384E-1
3.873905E-2
1.138568E-1
1.860238E+0
1.509035E-1
7.779914E-1
1.751269E-2
1.420639E-3
7.324182E-3
9.527757E-4
1.388121E-2
3.241760E-4
0.000000E+0
0.000000E+0
0.000000E+0
0.000000E+0
0.000000E+0
0.000000E+0
1.996498E+0
-1.887473E-3
3.818373E+2
8.546950E-1
3.644707E-1
1.821072E+0
1.235369E-1
4.689754E-2
1.266990E-1
1.849739E+0
1.235978E-1
7.907329E-1
1.741932E-2
1.163942E-3
7.446471E-3
1.060575E-3
1.389027E-2
3.925711E-4
0.000000E+0
0.000000E+0
0.000000E+0
0.000000E+0
0.000000E+0
0.000000E+0
2.000495E+0
-9.081662E-3
3.826766E+2
8.720077E-1
3.607754E-1
1.804712E+0
2.050688E-1
3.151168E-2
1.284784E-1
1.834020E+0
2.053595E-1
8.084771E-1
1.723341E-2
1.929665E-3
7.596873E-3
1.073111E-3
1.371928E-2
2.632001E-4
0.000000E+0
0.000000E+0
0.000000E+0
0.000000E+0
0.000000E+0
0.000000E+0
