1.1250E+0
278.1000E-3
247.1000E-3
0.0000E+0
4.626127E-3
-3.728049E-3
-2.300112E-3
7.199001E-6
6.436686E-6
7.641295E-7
8.414192E-2
1.094285E-1
4.311567E-3
2.887852E-4
4.356470E-5
-1.840266E-4
2.705502E-6
-2.876956E-5
1.744794E-2
7.658724E-6
-9.805268E-6
-8.760726E-6
1.250396E-5
-1.557723E-5
-5.303421E-5
4.491175E-3
-2.888617E-3
-6.148593E-4
-2.264736E-4
-6.968116E-4
1.183862E-3
-8.089314E-2
-7.690420E-2
-2.365476E-2
2.433436E-3
1.175940E-4
-7.178383E-4
1.836263E-3
9.663129E-4
1.569866E-1
0.000000E+0
0.000000E+0
0.000000E+0
0.000000E+0
0.000000E+0
0.000000E+0
0.000000E+0
0.000000E+0
0.000000E+0
0.000000E+0
0.000000E+0
0.000000E+0
0.000000E+0
0.000000E+0
0.000000E+0
0.000000E+0
0.000000E+0
0.000000E+0
0.000000E+0
0.000000E+0
0.000000E+0
0.000000E+0
0.000000E+0
0.000000E+0
0.000000E+0
0.000000E+0
0.000000E+0
0.000000E+0
0.000000E+0
0.000000E+0
0.000000E+0
0.000000E+0
0.000000E+0
0.000000E+0
0.000000E+0
0.000000E+0
1.996475E-9
5.199782E-9
-2.760318E-8
-4.689220E-10
-2.168040E-9
1.728660E-8
-3.444448E-7
-4.882751E-7
1.991860E-6
6.290669E-9
7.535733E-8
5.414719E-8
1.518504E-8
4.998959E-9
-8.950119E-8
-1.420492E-9
-1.665415E-9
-6.020329E-10
5.611280E-10
5.103021E-10
9.296878E-11
8.134883E-10
1.659342E-9
1.036299E-8
-1.802350E-8
-3.470306E-8
4.167491E-8
-1.723105E-7
3.606327E-8
3.361609E-8
-9.823723E-9
-8.811314E-9
-6.558466E-9
-1.173868E-6
-6.114814E-8
-4.568717E-8
1.132231E-6
8.480593E-6
7.354271E-6
-1.159453E-6
-3.015075E-6
1.390251E-5
-9.440176E-7
-1.140618E-7
8.378622E-7
1.161869E-8
1.597467E-8
6.115424E-8
6.466430E-9
1.879555E-8
-1.014322E-7
3.403590E-8
1.032431E-8
-9.166322E-9
5.219478E-7
1.148111E-6
5.731776E-8
-2.340801E-6
8.503058E-8
3.472826E-7
3.222097E-7
6.565984E-7
1.247992E-6
-4.787779E-6
4.048515E-7
-6.836310E-7
-4.851516E-8
-1.912664E-8
2.237352E-8
-1.310082E-7
-1.484735E-7
4.901895E-8
-1.361787E-9
-4.959133E-10
1.237971E-8
1.412774E-8
5.781397E-9
1.128518E-9
-1.845951E-8
9.870145E-10
9.844779E-8
6.284037E-7
-8.663461E-8
-3.711044E-8
-3.190391E-8
-5.467617E-8
1.293990E-7
1.019263E-7
-3.386586E-8
-1.046363E-7
-8.030354E-10
9.323295E-10
-3.452093E-8
-6.526840E-9
-8.102485E-9
1.284675E-8
1.541952E-7
-1.827735E-8
-1.439811E-6
-3.260879E-8
-1.387286E-8
8.889300E-9
1.240757E-6
1.267126E-7
-1.570103E-6
1.957590E-8
1.017922E-8
-2.145422E-9
-3.333938E-6
2.652773E-6
-9.193278E-6
-4.516831E-6
-6.541215E-6
9.978115E-6
-7.882262E-6
8.092246E-7
9.772185E-5
8.550824E-7
1.238339E-6
-1.790160E-7
1.805022E-6
1.268885E-6
1.186548E-4
-1.839610E-6
-2.523961E-6
1.969527E-6
-1.224851E-12
2.320262E-12
-1.136356E-12
2.998113E-13
4.190377E-13
3.782296E-14
-2.662576E-7
-3.577878E-7
-4.646212E-8
-2.772687E-8
2.144904E-8
2.830996E-8
1.250213E-13
-2.575326E-11
1.412401E-10
-5.133223E-12
-5.286080E-12
2.347856E-11
-2.432095E-14
-5.137532E-13
-8.615382E-14
8.642451E-13
-7.791694E-13
3.742005E-13
2.055748E-8
2.741269E-8
5.655560E-8
-3.364883E-8
-1.407908E-8
-2.257426E-8
-5.690371E-9
5.489983E-9
-8.342181E-8
-1.164467E-9
-1.336433E-8
1.320839E-7
0.000000E+0
0.000000E+0
0.000000E+0
0.000000E+0
0.000000E+0
0.000000E+0
195
4.924304E-1
-6.264837E-1
-2.007633E+0
6.590717E-1
2.589697E-2
-2.081925E+0
-1.601056E+1
4.922474E-1
-6.268193E-1
-2.007190E+0
6.589344E-1
2.603432E-2
-2.082658E+0
-1.587786E+1
4.927659E-1
-6.251717E-1
-2.003573E+0
6.591938E-1
2.591223E-2
-2.082078E+0
-1.569401E+1
4.929183E-1
-6.247446E-1
-2.001498E+0
6.593921E-1
2.600380E-2
-2.081925E+0
-1.550936E+1
4.932233E-1
-6.241192E-1
-1.999774E+0
6.588429E-1
2.608011E-2
-2.082169E+0
-1.534150E+1
4.939552E-1
-6.226242E-1
-1.995089E+0
6.593768E-1
2.626324E-2
-2.081315E+0
-1.510249E+1
4.937113E-1
-6.228835E-1
-1.994295E+0
6.589497E-1
2.597328E-2
-2.082291E+0
-1.491624E+1
4.942602E-1
-6.219072E-1
-1.991717E+0
6.592243E-1
2.635481E-2
-2.081193E+0
-1.477315E+1
4.946109E-1
-6.210987E-1
-1.988863E+0
6.591022E-1
2.604959E-2
-2.081925E+0
-1.453015E+1
4.947634E-1
-6.203970E-1
-1.986605E+0
6.592395E-1
2.620220E-2
-2.081895E+0
-1.436388E+1
4.953581E-1
-6.193444E-1
-1.982683E+0
6.589802E-1
2.617168E-2
-2.081986E+0
-1.411129E+1
4.955106E-1
-6.192833E-1
-1.981401E+0
6.593005E-1
2.637007E-2
-2.081773E+0
-1.395142E+1
4.954191E-1
-6.184291E-1
-1.979448E+0
6.592395E-1
2.638533E-2
-2.081651E+0
-1.378435E+1
4.959680E-1
-6.173765E-1
-1.975724E+0
6.590717E-1
2.626324E-2
-2.082017E+0
-1.353096E+1
4.962425E-1
-6.169951E-1
-1.974183E+0
6.593005E-1
2.626324E-2
-2.082352E+0
-1.336789E+1
4.963797E-1
-6.160951E-1
-1.971390E+0
6.593463E-1
2.640059E-2
-2.081742E+0
-1.320882E+1
4.966694E-1
-6.156069E-1
-1.968766E+0
6.592395E-1
2.633955E-2
-2.082078E+0
-1.296661E+1
4.971726E-1
-6.146001E-1
-1.966263E+0
6.592548E-1
2.641586E-2
-2.082108E+0
-1.280434E+1
4.973251E-1
-6.139136E-1
-1.963150E+0
6.594226E-1
2.644638E-2
-2.082383E+0
-1.255734E+1
4.977521E-1
-6.135170E-1
-1.961288E+0
6.593005E-1
2.655321E-2
-2.081956E+0
-1.239108E+1
4.980113E-1
-6.125864E-1
-1.958618E+0
6.593311E-1
2.653795E-2
-2.082444E+0
-1.222801E+1
4.983163E-1
-6.121593E-1
-1.955642E+0
6.593921E-1
2.650742E-2
-2.082078E+0
-1.198021E+1
4.987432E-1
-6.112898E-1
-1.953231E+0
6.595294E-1
2.675160E-2
-2.082078E+0
-1.181554E+1
4.989262E-1
-6.109236E-1
-1.951354E+0
6.595294E-1
2.659899E-2
-2.082536E+0
-1.165247E+1
4.992464E-1
-6.100236E-1
-1.948272E+0
6.594836E-1
2.646164E-2
-2.082169E+0
-1.141107E+1
4.996886E-1
-6.094287E-1
-1.945739E+0
6.595599E-1
2.659899E-2
-2.082475E+0
-1.124560E+1
4.997801E-1
-6.092914E-1
-1.944320E+0
6.594073E-1
2.649216E-2
-2.082261E+0
-1.108813E+1
5.002223E-1
-6.077659E-1
-1.940260E+0
6.596819E-1
2.669056E-2
-2.082383E+0
-1.083633E+1
5.006798E-1
-6.075981E-1
-1.938658E+0
6.597735E-1
2.698052E-2
-2.082078E+0
-1.067327E+1
5.005578E-1
-6.074455E-1
-1.937346E+0
6.596057E-1
2.670582E-2
-2.082169E+0
-1.048062E+1
5.011677E-1
-6.061489E-1
-1.932875E+0
6.596667E-1
2.679739E-2
-2.082444E+0
-1.026480E+1
5.011525E-1
-6.059963E-1
-1.932005E+0
6.595294E-1
2.662951E-2
-2.082871E+0
-1.010173E+1
5.016557E-1
-6.054166E-1
-1.929807E+0
6.598192E-1
2.669056E-2
-2.082505E+0
-9.935462E+0
5.020064E-1
-6.039674E-1
-1.925886E+0
6.595294E-1
2.655321E-2
-2.083146E+0
-9.692458E+0
5.019911E-1
-6.040132E-1
-1.924405E+0
6.593005E-1
2.649216E-2
-2.082627E+0
-9.528591E+0
5.026316E-1
-6.029148E-1
-1.920041E+0
6.594684E-1
2.672108E-2
-2.082475E+0
-9.285587E+0
5.028755E-1
-6.025182E-1
-1.918851E+0
6.597277E-1
2.681265E-2
-2.082536E+0
-9.112926E+0
5.031653E-1
-6.020453E-1
-1.916760E+0
6.596819E-1
2.666004E-2
-2.082932E+0
-8.949858E+0
5.036685E-1
-6.011758E-1
-1.913022E+0
6.595904E-1
2.659899E-2
-2.082780E+0
-8.676479E+0
5.039887E-1
-6.008554E-1
-1.911358E+0
6.596362E-1
2.658373E-2
-2.082505E+0
-8.546984E+0
5.043546E-1
-5.999706E-1
-1.909161E+0
6.596362E-1
2.653795E-2
-2.082597E+0
-8.379119E+0
5.047053E-1
-5.994062E-1
-1.905789E+0
6.596972E-1
2.675160E-2
-2.082505E+0
-8.136116E+0
5.049493E-1
-5.988112E-1
-1.903622E+0
6.598040E-1
2.696526E-2
-2.082749E+0
-7.972248E+0
5.051933E-1
-5.980332E-1
-1.901501E+0
6.599108E-1
2.704157E-2
-2.082688E+0
-7.807581E+0
5.056812E-1
-5.975298E-1
-1.898220E+0
6.597735E-1
2.691948E-2
-2.082566E+0
-7.544593E+0
5.060777E-1
-5.970112E-1
-1.896114E+0
6.597887E-1
2.672108E-2
-2.082993E+0
-7.395114E+0
5.061692E-1
-5.965840E-1
-1.894008E+0
6.598040E-1
2.693474E-2
-2.082810E+0
-7.230447E+0
5.067181E-1
-5.958213E-1
-1.890605E+0
6.599260E-1
2.704157E-2
-2.082780E+0
-6.987444E+0
5.067486E-1
-5.954552E-1
-1.889064E+0
6.597887E-1
2.695000E-2
-2.082505E+0
-6.825175E+0
5.072213E-1
-5.953941E-1
-1.887736E+0
6.599718E-1
2.679739E-2
-2.082749E+0
-6.646919E+0
5.077245E-1
-5.938992E-1
-1.883173E+0
6.600176E-1
2.696526E-2
-2.082139E+0
-6.413507E+0
5.076940E-1
-5.938381E-1
-1.882014E+0
6.597887E-1
2.691948E-2
-2.082810E+0
-6.248840E+0
5.083954E-1
-5.932890E-1
-1.879999E+0
6.600481E-1
2.681265E-2
-2.082291E+0
-6.084973E+0
5.086394E-1
-5.922821E-1
-1.876169E+0
6.599870E-1
2.710261E-2
-2.082230E+0
-5.839571E+0
5.087157E-1
-5.921753E-1
-1.874750E+0
6.600328E-1
2.710261E-2
-2.082322E+0
-5.678901E+0
5.094018E-1
-5.909092E-1
-1.870447E+0
6.598345E-1
2.727049E-2
-2.082261E+0
-5.426305E+0
5.098440E-1
-5.907719E-1
-1.868982E+0
6.601243E-1
2.693474E-2
-2.082078E+0
-5.263237E+0
5.098593E-1
-5.902380E-1
-1.866968E+0
6.600633E-1
2.707209E-2
-2.082566E+0
-5.094573E+0
5.103320E-1
-5.895973E-1
-1.863366E+0
6.602464E-1
2.687369E-2
-2.082475E+0
-4.848372E+0
5.105150E-1
-5.891701E-1
-1.861443E+0
6.599565E-1
2.705683E-2
-2.082413E+0
-4.691699E+0
5.107742E-1
-5.886515E-1
-1.859292E+0
6.600328E-1
2.696526E-2
-2.081986E+0
-4.527032E+0
5.111554E-1
-5.881328E-1
-1.856194E+0
6.601396E-1
2.711787E-2
-2.082841E+0
-4.279232E+0
5.115061E-1
-5.874006E-1
-1.854500E+0
6.602616E-1
2.734679E-2
-2.082383E+0
-4.118562E+0
5.121160E-1
-5.869734E-1
-1.851662E+0
6.600176E-1
2.713314E-2
-2.082505E+0
-3.960290E+0
5.124668E-1
-5.866988E-1
-1.848961E+0
6.601854E-1
2.711787E-2
-2.082841E+0
-3.711690E+0
5.126040E-1
-5.857835E-1
-1.846245E+0
6.599718E-1
2.719418E-2
-2.082261E+0
-3.547023E+0
5.127870E-1
-5.857988E-1
-1.844490E+0
6.601091E-1
2.716366E-2
-2.082291E+0
-3.383955E+0
5.133512E-1
-5.848682E-1
-1.840919E+0
6.602769E-1
2.719418E-2
-2.082444E+0
-3.130560E+0
5.138544E-1
-5.843953E-1
-1.838737E+0
6.602769E-1
2.749941E-2
-2.082291E+0
-2.977883E+0
5.138391E-1
-5.840750E-1
-1.837684E+0
6.602006E-1
2.720944E-2
-2.082536E+0
-2.812417E+0
5.145558E-1
-5.829919E-1
-1.833365E+0
6.601396E-1
2.736205E-2
-2.082536E+0
-2.567815E+0
5.148913E-1
-5.826563E-1
-1.831611E+0
6.603074E-1
2.739258E-2
-2.082261E+0
-2.405546E+0
5.147235E-1
-5.825190E-1
-1.830359E+0
6.604447E-1
2.731627E-2
-2.082475E+0
-2.239280E+0
5.154859E-1
-5.813749E-1
-1.825903E+0
6.604142E-1
2.746888E-2
-2.081956E+0
-1.998674E+0
5.155622E-1
-5.813291E-1
-1.824835E+0
6.604600E-1
2.728575E-2
-2.082444E+0
-1.834007E+0
5.160349E-1
-5.809325E-1
-1.822699E+0
6.603227E-1
2.713314E-2
-2.082505E+0
-1.676535E+0
5.164771E-1
-5.803070E-1
-1.820501E+0
6.603379E-1
2.736205E-2
-2.082108E+0
-1.511868E+0
5.170718E-1
-5.799104E-1
-1.817648E+0
6.604600E-1
2.736205E-2
-2.082475E+0
-1.260870E+0
5.174225E-1
-5.794222E-1
-1.815176E+0
6.605820E-1
2.757571E-2
-2.082047E+0
-1.097802E+0
5.179562E-1
-5.789341E-1
-1.811803E+0
6.604600E-1
2.725523E-2
-2.082566E+0
-8.563972E-1
5.181544E-1
-5.785985E-1
-1.810003E+0
6.605362E-1
2.739258E-2
-2.082261E+0
-6.901315E-1
5.186728E-1
-5.778815E-1
-1.807820E+0
6.604142E-1
2.751467E-2
-2.081925E+0
-5.254645E-1
5.189626E-1
-5.774696E-1
-1.804494E+0
6.605820E-1
2.757571E-2
-2.082322E+0
-2.784641E-1
5.193895E-1
-5.768289E-1
-1.802113E+0
6.606583E-1
2.762150E-2
-2.081895E+0
-1.161951E-1
5.197097E-1
-5.764933E-1
-1.800313E+0
6.607193E-1
2.745362E-2
-2.082413E+0
4.687314E-2
5.201062E-1
-5.760509E-1
-1.797001E+0
6.605515E-1
2.759097E-2
-2.082627E+0
2.898768E-1
5.206246E-1
-5.754407E-1
-1.794300E+0
6.607193E-1
2.768254E-2
-2.082200E+0
4.441522E-1
5.209601E-1
-5.752424E-1
-1.793095E+0
6.608566E-1
2.777411E-2
-2.082108E+0
6.128160E-1
5.211736E-1
-5.745864E-1
-1.789478E+0
6.607498E-1
2.751467E-2
-2.082139E+0
8.590171E-1
5.215700E-1
-5.741440E-1
-1.787403E+0
6.606888E-1
2.781989E-2
-2.082505E+0
1.018089E+0
5.220275E-1
-5.739610E-1
-1.785953E+0
6.606888E-1
2.756045E-2
-2.081986E+0
1.185953E+0
5.222715E-1
-5.731982E-1
-1.782047E+0
6.607041E-1
2.778937E-2
-2.081986E+0
1.435352E+0
5.226527E-1
-5.731677E-1
-1.780658E+0
6.607651E-1
2.769780E-2
-2.082230E+0
1.600019E+0
5.228814E-1
-5.728474E-1
-1.778949E+0
6.607651E-1
2.794198E-2
-2.082352E+0
1.765485E+0
5.236438E-1
-5.718710E-1
-1.774310E+0
6.610092E-1
2.780463E-2
-2.081437E+0
2.013285E+0
5.237201E-1
-5.717490E-1
-1.773501E+0
6.608261E-1
2.751467E-2
-2.082383E+0
2.178751E+0
5.240403E-1
-5.711693E-1
-1.771243E+0
6.609634E-1
2.756045E-2
-2.082322E+0
2.338622E+0
5.244062E-1
-5.708795E-1
-1.768069E+0
6.607193E-1
2.759097E-2
-2.082536E+0
2.593616E+0
5.247722E-1
-5.705134E-1
-1.766161E+0
6.608108E-1
2.766728E-2
-2.082444E+0
2.743895E+0
5.251992E-1
-5.699794E-1
-1.763872E+0
6.608566E-1
2.759097E-2
-2.082139E+0
2.902966E+0
5.254889E-1
-5.699337E-1
-1.760988E+0
6.607803E-1
2.765202E-2
-2.082383E+0
3.152365E+0
5.259921E-1
-5.692167E-1
-1.758547E+0
6.606735E-1
2.757571E-2
-2.082108E+0
3.309838E+0
5.263275E-1
-5.688963E-1
-1.755388E+0
6.607193E-1
2.752993E-2
-2.082413E+0
3.544848E+0
5.266782E-1
-5.684845E-1
-1.753633E+0
6.607803E-1
2.769780E-2
-2.082230E+0
3.715910E+0
5.271052E-1
-5.678285E-1
-1.751283E+0
6.609939E-1
2.792672E-2
-2.081346E+0
3.880577E+0
5.273034E-1
-5.676454E-1
-1.749742E+0
6.608719E-1
2.781989E-2
-2.081590E+0
4.046043E+0
5.279134E-1
-5.672183E-1
-1.746049E+0
6.608108E-1
2.781989E-2
-2.081834E+0
4.286649E+0
5.282641E-1
-5.668979E-1
-1.744248E+0
6.608414E-1
2.798777E-2
-2.081742E+0
4.448918E+0
5.284776E-1
-5.668979E-1
-1.743119E+0
6.611007E-1
2.768254E-2
-2.081773E+0
4.616783E+0
5.291027E-1
-5.659674E-1
-1.738877E+0
6.609787E-1
2.772832E-2
-2.081803E+0
4.862184E+0
5.294992E-1
-5.659674E-1
-1.737305E+0
6.610549E-1
2.789620E-2
-2.082139E+0
5.023654E+0
5.298194E-1
-5.652962E-1
-1.733459E+0
6.609787E-1
2.791146E-2
-2.082078E+0
5.269855E+0
5.301091E-1
-5.650521E-1
-1.731720E+0
6.610854E-1
2.775885E-2
-2.081834E+0
5.432924E+0
5.302159E-1
-5.649606E-1
-1.730163E+0
6.613448E-1
2.774359E-2
-2.082108E+0
5.591995E+0
5.306123E-1
-5.644572E-1
-1.728363E+0
6.609939E-1
2.785041E-2
-2.081223E+0
5.766255E+0
5.314205E-1
-5.641978E-1
-1.724746E+0
6.610397E-1
2.781989E-2
-2.081895E+0
6.002064E+0
5.315272E-1
-5.637859E-1
-1.723129E+0
6.609939E-1
2.791146E-2
-2.081681E+0
6.163534E+0
5.318474E-1
-5.633588E-1
-1.721129E+0
6.611007E-1
2.789620E-2
-2.081468E+0
6.325803E+0
5.323049E-1
-5.630384E-1
-1.717406E+0
6.610397E-1
2.781989E-2
-2.082047E+0
6.567208E+0
5.327623E-1
-5.627334E-1
-1.715438E+0
6.610549E-1
2.791146E-2
-2.081925E+0
6.727879E+0
5.330368E-1
-5.623215E-1
-1.713759E+0
6.611465E-1
2.788094E-2
-2.081712E+0
6.893345E+0
5.337535E-1
-5.618333E-1
-1.710158E+0
6.613448E-1
2.778937E-2
-2.081498E+0
7.136349E+0
5.340585E-1
-5.614824E-1
-1.708433E+0
6.612533E-1
2.774359E-2
-2.081346E+0
7.301016E+0
5.342262E-1
-5.613909E-1
-1.706694E+0
6.611770E-1
2.789620E-2
-2.081834E+0
7.461686E+0
5.348819E-1
-5.608875E-1
-1.703138E+0
6.610854E-1
2.786568E-2
-2.081468E+0
7.707088E+0
5.350953E-1
-5.605824E-1
-1.701353E+0
6.610854E-1
2.798777E-2
-2.081498E+0
7.861364E+0
5.355071E-1
-5.604451E-1
-1.699781E+0
6.611312E-1
2.780463E-2
-2.081956E+0
8.029228E+0
5.360255E-1
-5.596519E-1
-1.696332E+0
6.609481E-1
2.803355E-2
-2.081681E+0
8.276229E+0
5.363915E-1
-5.597434E-1
-1.694150E+0
6.612685E-1
2.812512E-2
-2.081986E+0
8.436900E+0
5.368794E-1
-5.595603E-1
-1.692655E+0
6.612838E-1
2.823195E-2
-2.081895E+0
8.604764E+0
5.372759E-1
-5.587671E-1
-1.688931E+0
6.611007E-1
2.824721E-2
-2.081773E+0
8.833380E+0
5.376418E-1
-5.587976E-1
-1.687298E+0
6.614363E-1
2.804881E-2
-2.081895E+0
9.011636E+0
5.378096E-1
-5.583552E-1
-1.685437E+0
6.612838E-1
2.788094E-2
-2.081712E+0
9.174704E+0
5.384042E-1
-5.581569E-1
-1.681988E+0
6.611770E-1
2.792672E-2
-2.082261E+0
9.417708E+0
5.389074E-1
-5.578823E-1
-1.680416E+0
6.614363E-1
2.812512E-2
-2.082200E+0
9.582376E+0
5.391972E-1
-5.573331E-1
-1.678356E+0
6.614211E-1
2.785041E-2
-2.081986E+0
9.743046E+0
5.396699E-1
-5.572111E-1
-1.675121E+0
6.614821E-1
2.786568E-2
-2.082078E+0
9.991645E+0
5.399748E-1
-5.568297E-1
-1.673275E+0
6.612227E-1
2.803355E-2
-2.082139E+0
1.015631E+1
5.403560E-1
-5.570280E-1
-1.671718E+0
6.614058E-1
2.789620E-2
-2.082108E+0
1.032018E+1
5.410117E-1
-5.563720E-1
-1.668102E+0
6.617414E-1
2.786568E-2
-2.082200E+0
1.056958E+1
5.412862E-1
-5.559449E-1
-1.666011E+0
6.616499E-1
2.801829E-2
-2.081895E+0
1.072625E+1
5.416979E-1
-5.560364E-1
-1.664668E+0
6.616499E-1
2.797250E-2
-2.081773E+0
1.089092E+1
5.423841E-1
-5.554110E-1
-1.661143E+0
6.615736E-1
2.786568E-2
-2.081498E+0
1.113872E+1
5.423688E-1
-5.552584E-1
-1.659373E+0
6.620008E-1
2.801829E-2
-2.081590E+0
1.130339E+1
5.432227E-1
-5.550601E-1
-1.655909E+0
6.618787E-1
2.820142E-2
-2.081468E+0
1.155279E+1
5.434057E-1
-5.546177E-1
-1.654215E+0
6.616041E-1
2.809459E-2
-2.081315E+0
1.171905E+1
5.437869E-1
-5.548008E-1
-1.652476E+0
6.618177E-1
2.821668E-2
-2.081590E+0
1.187733E+1
5.442444E-1
-5.538702E-1
-1.648828E+0
6.618635E-1
2.826247E-2
-2.081407E+0
1.212193E+1
5.445798E-1
-5.539008E-1
-1.647165E+0
6.617719E-1
2.830825E-2
-2.081346E+0
1.228020E+1
5.446408E-1
-5.539770E-1
-1.645822E+0
6.615736E-1
2.817090E-2
-2.082078E+0
1.244247E+1
5.454032E-1
-5.533058E-1
-1.642023E+0
6.619092E-1
2.806407E-2
-2.081956E+0
1.268467E+1
5.458607E-1
-5.534126E-1
-1.640390E+0
6.620771E-1
2.820142E-2
-2.081468E+0
1.284455E+1
5.459979E-1
-5.533516E-1
-1.638620E+0
6.620618E-1
2.801829E-2
-2.081681E+0
1.300841E+1
5.463944E-1
-5.528329E-1
-1.636773E+0
6.618330E-1
2.803355E-2
-2.081559E+0
1.317148E+1
5.472940E-1
-5.527871E-1
-1.633538E+0
6.619550E-1
2.821668E-2
-2.081742E+0
1.341369E+1
5.473093E-1
-5.522837E-1
-1.631615E+0
6.618940E-1
2.839982E-2
-2.081346E+0
1.357596E+1
5.478887E-1
-5.524058E-1
-1.629906E+0
6.619855E-1
2.820142E-2
-2.081895E+0
1.373823E+1
5.482699E-1
-5.519939E-1
-1.626732E+0
6.618482E-1
2.830825E-2
-2.081681E+0
1.399002E+1
5.484834E-1
-5.518108E-1
-1.624825E+0
6.617262E-1
2.830825E-2
-2.081376E+0
1.415229E+1
5.489104E-1
-5.517651E-1
-1.623253E+0
6.620771E-1
2.827773E-2
-2.081681E+0
1.430976E+1
5.495203E-1
-5.513532E-1
-1.619652E+0
6.618940E-1
2.821668E-2
-2.081376E+0
1.456556E+1
5.498405E-1
-5.511396E-1
-1.618019E+0
6.621076E-1
2.830825E-2
-2.081590E+0
1.472303E+1
5.500693E-1
-5.511091E-1
-1.616539E+0
6.619703E-1
2.826247E-2
-2.081529E+0
1.488130E+1
5.508927E-1
-5.506209E-1
-1.613136E+0
6.618482E-1
2.807933E-2
-2.081834E+0
1.512511E+1
5.512434E-1
-5.506057E-1
-1.611244E+0
6.619855E-1
2.817090E-2
-2.081956E+0
1.529377E+1
5.514873E-1
-5.506209E-1
-1.609428E+0
6.621991E-1
2.847613E-2
-2.082017E+0
1.545844E+1
5.521278E-1
-5.501480E-1
-1.606147E+0
6.620008E-1
2.826247E-2
-2.081620E+0
1.569985E+1
5.523108E-1
-5.501023E-1
-1.604606E+0
6.620008E-1
2.809459E-2
-2.081834E+0
1.586132E+1
5.525090E-1
-5.498429E-1
-1.602866E+0
6.620160E-1
2.821668E-2
-2.081620E+0
1.602199E+1
5.529817E-1
-5.500565E-1
-1.599478E+0
6.619703E-1
2.812512E-2
-2.081834E+0
1.626179E+1
5.534544E-1
-5.494616E-1
-1.597662E+0
6.621228E-1
2.803355E-2
-2.081803E+0
1.644325E+1
5.538356E-1
-5.491717E-1
-1.595877E+0
6.619245E-1
2.812512E-2
-2.080918E+0
1.659113E+1
5.543998E-1
-5.493395E-1
-1.592703E+0
6.620008E-1
2.801829E-2
-2.082047E+0
1.683253E+1
5.549487E-1
-5.488971E-1
-1.591131E+0
6.624279E-1
2.820142E-2
-2.081254E+0
1.699640E+1
5.552842E-1
-5.489276E-1
-1.589544E+0
6.620008E-1
2.814038E-2
-2.081590E+0
1.715867E+1
5.559856E-1
-5.488819E-1
-1.586080E+0
6.622754E-1
2.823195E-2
-2.081437E+0
1.739848E+1
5.560924E-1
-5.486683E-1
-1.584417E+0
6.623517E-1
2.798777E-2
-2.081101E+0
1.757194E+1
5.564431E-1
-5.486378E-1
-1.582723E+0
6.623669E-1
2.814038E-2
-2.081254E+0
1.773181E+1
5.573122E-1
-5.481344E-1
-1.579427E+0
6.623364E-1
2.807933E-2
-2.081498E+0
1.797801E+1
5.575105E-1
-5.483785E-1
-1.577901E+0
6.622449E-1
2.817090E-2
-2.081315E+0
1.813548E+1
5.577544E-1
-5.479056E-1
-1.576085E+0
6.624279E-1
2.815564E-2
-2.081315E+0
1.829855E+1
5.583034E-1
-5.476767E-1
-1.572987E+0
6.622144E-1
2.814038E-2
-2.081254E+0
1.854236E+1
5.586998E-1
-5.479513E-1
-1.571324E+0
6.622449E-1
2.804881E-2
-2.081193E+0
1.871022E+1
5.589591E-1
-5.477683E-1
-1.569569E+0
6.623974E-1
2.827773E-2
-2.081315E+0
1.886130E+1
5.597062E-1
-5.476615E-1
-1.566181E+0
6.622296E-1
2.838456E-2
-2.081529E+0
1.911310E+1
5.599959E-1
-5.476462E-1
-1.564701E+0
6.624127E-1
2.830825E-2
-2.081590E+0
1.927697E+1
5.603924E-1
-5.475089E-1
-1.562977E+0
6.623669E-1
2.832351E-2
-2.081498E+0
1.944403E+1
5.610633E-1
-5.474174E-1
-1.559864E+0
6.624127E-1
2.824721E-2
-2.081803E+0
1.969183E+1
5.614445E-1
-5.472649E-1
-1.558124E+0
6.623669E-1
2.804881E-2
-2.081437E+0
1.984691E+1
5.618105E-1
-5.471733E-1
-1.556522E+0
6.621228E-1
2.832351E-2
-2.081284E+0
2.002037E+1
5.624509E-1
-5.469293E-1
-1.553424E+0
6.624127E-1
2.801829E-2
-2.081559E+0
2.026018E+1
5.625729E-1
-5.468072E-1
-1.551715E+0
6.623822E-1
2.839982E-2
-2.081681E+0
2.042804E+1
5.628016E-1
-5.468072E-1
-1.550158E+0
6.625042E-1
2.824721E-2
-2.081712E+0
2.058551E+1
5.634268E-1
-5.469140E-1
-1.547076E+0
6.623364E-1
2.836930E-2
-2.081590E+0
2.082772E+1
5.638538E-1
-5.467614E-1
-1.545626E+0
6.623822E-1
2.826247E-2
-2.081590E+0
2.100518E+1
243
-4.005853E+0
-2.686827E-3
9.789162E+2
-1.145272E+2
6.302377E-1
7.851103E+0
-8.442765E-1
-1.485817E-1
5.527457E-1
1.583265E+1
-8.435340E-1
-1.136990E+2
5.815767E-2
-3.098533E-3
-4.176476E-1
1.804789E-3
9.368825E-3
-4.851391E-4
0.000000E+0
0.000000E+0
0.000000E+0
0.000000E+0
0.000000E+0
0.000000E+0
-4.005053E+0
-1.707520E-2
9.797555E+2
-1.149643E+2
6.220170E-1
7.732654E+0
-5.326669E-1
-2.551467E-1
1.013609E-1
1.574354E+1
-5.279751E-1
-1.141434E+2
5.778083E-2
-1.937736E-3
-4.189210E-1
3.306732E-4
9.238698E-3
-8.323744E-4
0.000000E+0
0.000000E+0
0.000000E+0
0.000000E+0
0.000000E+0
0.000000E+0
-4.000257E+0
-5.084890E-3
9.803950E+2
-1.143777E+2
5.920344E-1
7.685479E+0
-6.357852E-1
-2.239394E-1
3.833582E-1
1.564591E+1
-6.343966E-1
-1.135629E+2
5.738505E-2
-2.326799E-3
-4.165187E-1
1.249828E-3
8.787638E-3
-7.300893E-4
0.000000E+0
0.000000E+0
0.000000E+0
0.000000E+0
0.000000E+0
0.000000E+0
-4.006652E+0
-5.084890E-3
9.784366E+2
-1.146441E+2
5.936433E-1
7.561777E+0
-4.020809E-1
-2.719945E-1
1.138360E-1
1.555378E+1
-4.007005E-1
-1.138355E+2
5.716131E-2
-1.472605E-3
-4.183542E-1
3.718721E-4
8.829156E-3
-8.885339E-4
0.000000E+0
0.000000E+0
0.000000E+0
0.000000E+0
0.000000E+0
0.000000E+0
-4.009050E+0
-5.884244E-3
9.784366E+2
-1.143306E+2
5.888954E-1
7.649897E+0
-7.511459E-1
-2.027316E-1
4.461131E-1
1.562457E+1
-7.495413E-1
-1.135160E+2
5.742149E-2
-2.754621E-3
-4.171801E-1
1.457333E-3
8.758540E-3
-6.622701E-4
0.000000E+0
0.000000E+0
0.000000E+0
0.000000E+0
0.000000E+0
0.000000E+0
-4.005853E+0
-5.084890E-3
9.819538E+2
-1.141935E+2
5.805080E-1
7.671276E+0
-5.546035E-1
-2.364803E-1
4.083584E-1
1.562995E+1
-5.532164E-1
-1.133786E+2
5.723552E-2
-2.025830E-3
-4.151824E-1
1.329220E-3
8.602871E-3
-7.697514E-4
0.000000E+0
0.000000E+0
0.000000E+0
0.000000E+0
0.000000E+0
0.000000E+0
-4.009849E+0
-5.884244E-3
9.808746E+2
-1.143008E+2
5.830758E-1
7.837755E+0
-8.035965E-1
-1.761124E-1
3.994088E-1
1.581147E+1
-8.019727E-1
-1.134729E+2
5.796393E-2
-2.939985E-3
-4.159851E-1
1.301519E-3
8.650431E-3
-5.738823E-4
0.000000E+0
0.000000E+0
0.000000E+0
0.000000E+0
0.000000E+0
0.000000E+0
-3.997859E+0
-7.482953E-3
9.803551E+2
-1.135138E+2
5.787604E-1
7.636554E+0
-9.190155E-1
-1.378870E-1
6.317463E-1
1.553218E+1
-9.169870E-1
-1.127052E+2
5.697025E-2
-3.363402E-3
-4.133896E-1
2.059709E-3
8.590959E-3
-4.495587E-4
0.000000E+0
0.000000E+0
0.000000E+0
0.000000E+0
0.000000E+0
0.000000E+0
-3.846781E+0
5.105901E-4
9.794758E+2
-1.107268E+2
5.617527E-1
7.396213E+0
-5.647485E-1
-2.571364E-1
3.969569E-1
1.480804E+1
-5.648805E-1
-1.099811E+2
5.436295E-2
-2.073776E-3
-4.037600E-1
1.295377E-3
8.345988E-3
-8.391052E-4
0.000000E+0
0.000000E+0
0.000000E+0
0.000000E+0
0.000000E+0
0.000000E+0
-3.678917E+0
-2.686827E-3
9.793559E+2
-1.078045E+2
5.547262E-1
7.103865E+0
-3.280610E-1
-2.152298E-1
3.281721E-1
1.400653E+1
-3.274041E-1
-1.071265E+2
5.142673E-2
-1.202106E-3
-3.933285E-1
1.071045E-3
8.242603E-3
-7.024384E-4
0.000000E+0
0.000000E+0
0.000000E+0
0.000000E+0
0.000000E+0
0.000000E+0
-3.586991E+0
-9.081662E-3
9.806748E+2
-1.054349E+2
5.589126E-1
6.660624E+0
-4.773980E-1
-2.703535E-1
3.227488E-1
1.324407E+1
-4.752988E-1
-1.048116E+2
4.856188E-2
-1.742772E-3
-3.843116E-1
1.051928E-3
8.293639E-3
-8.811575E-4
0.000000E+0
0.000000E+0
0.000000E+0
0.000000E+0
0.000000E+0
0.000000E+0
-3.419127E+0
1.309944E-3
9.799154E+2
-1.029381E+2
5.712919E-1
6.355257E+0
-4.694358E-1
-2.094525E-1
3.183484E-1
1.248312E+1
-4.697212E-1
-1.023759E+2
4.580719E-2
-1.723656E-3
-3.756713E-1
1.038390E-3
8.483904E-3
-6.831931E-4
0.000000E+0
0.000000E+0
0.000000E+0
0.000000E+0
0.000000E+0
0.000000E+0
-3.252861E+0
-8.282307E-3
9.816740E+2
-1.005779E+2
5.839683E-1
6.127461E+0
-4.822022E-1
-1.859833E-1
3.524567E-1
1.182471E+1
-4.804930E-1
-1.000681E+2
4.331340E-2
-1.760025E-3
-3.665451E-1
1.147585E-3
8.656618E-3
-6.055542E-4
0.000000E+0
0.000000E+0
0.000000E+0
0.000000E+0
0.000000E+0
0.000000E+0
-3.091392E+0
-1.467714E-2
9.807148E+2
-9.774179E+1
6.040943E-1
5.967923E+0
-2.963744E-1
-1.617609E-1
4.104531E-1
1.123041E+1
-2.934976E-1
-9.727771E+1
4.117674E-2
-1.076120E-3
-3.566725E-1
1.337726E-3
8.963720E-3
-5.272023E-4
0.000000E+0
0.000000E+0
0.000000E+0
0.000000E+0
0.000000E+0
0.000000E+0
-3.011456E+0
1.309944E-3
9.805549E+2
-9.519712E+1
6.314529E-1
5.691887E+0
-4.288376E-1
-1.053786E-1
3.273348E-1
1.068526E+1
-4.290819E-1
-9.476663E+1
3.918430E-2
-1.573502E-3
-3.475222E-1
1.067006E-3
9.371202E-3
-3.435001E-4
0.000000E+0
0.000000E+0
0.000000E+0
0.000000E+0
0.000000E+0
0.000000E+0
-2.845190E+0
-1.627585E-2
9.795157E+2
-9.260805E+1
6.706982E-1
5.440980E+0
-4.926909E-1
-3.386210E-2
4.003003E-1
1.003125E+1
-4.898414E-1
-9.222381E+1
3.682498E-2
-1.798221E-3
-3.385561E-1
1.306234E-3
9.964190E-3
-1.104966E-4
0.000000E+0
0.000000E+0
0.000000E+0
0.000000E+0
0.000000E+0
0.000000E+0
-2.690116E+0
2.109299E-3
9.784766E+2
-9.041554E+1
7.108138E-1
5.024778E+0
-3.586687E-1
-6.197439E-2
3.237668E-1
9.262802E+0
-3.590097E-1
-9.008007E+1
3.404011E-2
-1.319334E-3
-3.310376E-1
1.057617E-3
1.057138E-2
-2.024456E-4
0.000000E+0
0.000000E+0
0.000000E+0
0.000000E+0
0.000000E+0
0.000000E+0
-2.520653E+0
-4.285536E-3
9.799554E+2
-8.785351E+1
7.319432E-1
4.867147E+0
-4.068222E-1
-8.637391E-2
3.436248E-1
8.726221E+0
-4.061695E-1
-8.755445E+1
3.201982E-2
-1.490390E-3
-3.212706E-1
1.120791E-3
1.086919E-2
-2.817233E-4
0.000000E+0
0.000000E+0
0.000000E+0
0.000000E+0
0.000000E+0
0.000000E+0
-2.435122E+0
-5.084890E-3
9.808347E+2
-8.494878E+1
7.560286E-1
4.931979E+0
-3.383900E-1
-7.450914E-2
3.760153E-1
8.536868E+0
-3.376324E-1
-8.466252E+1
3.129693E-2
-1.237791E-3
-3.103805E-1
1.225339E-3
1.121679E-2
-2.428064E-4
0.000000E+0
0.000000E+0
0.000000E+0
0.000000E+0
0.000000E+0
0.000000E+0
-2.276850E+0
-5.084890E-3
9.796756E+2
-8.193608E+1
7.863921E-1
4.875191E+0
-4.777031E-1
-6.939033E-2
4.428162E-1
8.126546E+0
-4.769819E-1
-8.167772E+1
2.982790E-2
-1.750728E-3
-2.997922E-1
1.444733E-3
1.168108E-2
-2.263931E-4
0.000000E+0
0.000000E+0
0.000000E+0
0.000000E+0
0.000000E+0
0.000000E+0
-2.111383E+0
-4.285536E-3
9.814742E+2
-7.946096E+1
8.008407E-1
4.764618E+0
-2.784029E-1
-2.166686E-2
3.808885E-1
7.688925E+0
-2.778278E-1
-7.923147E+1
2.816993E-2
-1.017878E-3
-2.902805E-1
1.240411E-3
1.187390E-2
-7.056082E-5
0.000000E+0
0.000000E+0
0.000000E+0
0.000000E+0
0.000000E+0
0.000000E+0
-1.945917E+0
-5.884244E-3
9.813143E+2
-7.659465E+1
8.087246E-1
4.655091E+0
-2.536784E-1
-2.206783E-2
3.149971E-1
7.253291E+0
-2.529335E-1
-7.639241E+1
2.657822E-2
-9.268239E-4
-2.799246E-1
1.025994E-3
1.199275E-2
-7.187832E-5
0.000000E+0
0.000000E+0
0.000000E+0
0.000000E+0
0.000000E+0
0.000000E+0
-1.863584E+0
-2.686827E-3
9.807947E+2
-7.368493E+1
8.300848E-1
4.924213E+0
-3.297297E-1
5.540553E-3
3.141800E-1
7.317853E+0
-3.293866E-1
-7.348582E+1
2.682901E-2
-1.207610E-3
-2.694166E-1
1.023875E-3
1.231603E-2
1.805600E-5
0.000000E+0
0.000000E+0
0.000000E+0
0.000000E+0
0.000000E+0
0.000000E+0
-1.698917E+0
-5.884244E-3
9.790761E+2
-7.060207E+1
8.392313E-1
5.016702E+0
-2.112563E-1
2.765693E-2
3.442686E-1
7.107682E+0
-2.105264E-1
-7.042230E+1
2.610421E-2
-7.731950E-4
-2.586383E-1
1.123899E-3
1.247359E-2
9.028884E-5
0.000000E+0
0.000000E+0
0.000000E+0
0.000000E+0
0.000000E+0
0.000000E+0
-1.536648E+0
-5.084890E-3
9.806748E+2
-6.790335E+1
8.433897E-1
4.924879E+0
-3.048019E-1
3.277876E-2
3.531950E-1
6.744055E+0
-3.042034E-1
-6.774686E+1
2.472835E-2
-1.115419E-3
-2.484066E-1
1.151161E-3
1.251496E-2
1.068351E-4
0.000000E+0
0.000000E+0
0.000000E+0
0.000000E+0
0.000000E+0
0.000000E+0
-1.371981E+0
-2.686827E-3
9.813143E+2
-6.536657E+1
8.568560E-1
5.123308E+0
-2.297983E-1
3.294653E-2
3.588633E-1
6.686941E+0
-2.294847E-1
-6.522516E+1
2.450295E-2
-8.409005E-4
-2.390045E-1
1.168873E-3
1.270650E-2
1.073119E-4
0.000000E+0
0.000000E+0
0.000000E+0
0.000000E+0
0.000000E+0
0.000000E+0
-1.287249E+0
-5.084890E-3
9.808347E+2
-6.241074E+1
8.629354E-1
5.233348E+0
-1.953426E-1
2.917255E-2
3.441812E-1
6.634093E+0
-1.947538E-1
-6.227743E+1
2.432118E-2
-7.139852E-4
-2.283147E-1
1.121600E-3
1.280291E-2
9.506597E-5
0.000000E+0
0.000000E+0
0.000000E+0
0.000000E+0
0.000000E+0
0.000000E+0
-1.132174E+0
-9.081662E-3
9.806748E+2
-5.958492E+1
8.665058E-1
5.142242E+0
-1.881593E-1
2.413187E-2
2.650790E-1
6.318600E+0
-1.871578E-1
-5.947169E+1
2.316834E-2
-6.862494E-4
-2.180641E-1
8.639661E-4
1.285798E-2
7.865247E-5
0.000000E+0
0.000000E+0
0.000000E+0
0.000000E+0
0.000000E+0
0.000000E+0
-9.587145E-1
-4.285536E-3
9.790361E+2
-5.634818E+1
8.765768E-1
5.266603E+0
-1.329739E-1
2.073689E-2
3.527119E-1
6.208691E+0
-1.325095E-1
-5.625217E+1
2.280344E-2
-4.866842E-4
-2.066044E-1
1.151510E-3
1.302919E-2
6.770042E-5
0.000000E+0
0.000000E+0
0.000000E+0
0.000000E+0
0.000000E+0
0.000000E+0
-7.948469E-1
-5.084890E-3
9.806748E+2
-5.367646E+1
8.817930E-1
5.241442E+0
-1.165824E-1
3.505647E-4
3.046255E-1
5.985562E+0
-1.160512E-1
-5.359858E+1
2.194719E-2
-4.255235E-4
-1.965293E-1
9.928595E-4
1.308482E-2
1.142588E-6
0.000000E+0
0.000000E+0
0.000000E+0
0.000000E+0
0.000000E+0
0.000000E+0
-7.149115E-1
-1.887473E-3
9.825933E+2
-5.069740E+1
8.836623E-1
5.292116E+0
-7.222175E-2
9.111831E-3
3.760352E-1
5.924270E+0
-7.202659E-2
-5.062743E+1
2.168004E-2
-2.635834E-4
-1.852725E-1
1.223211E-3
1.308696E-2
2.964001E-5
0.000000E+0
0.000000E+0
0.000000E+0
0.000000E+0
0.000000E+0
0.000000E+0
-5.502445E-1
-5.084890E-3
9.793958E+2
-4.760727E+1
8.884275E-1
5.376479E+0
-1.232378E-1
3.137235E-2
3.431896E-1
5.833436E+0
-1.227201E-1
-4.755344E+1
2.141732E-2
-4.505641E-4
-1.745914E-1
1.120011E-3
1.320049E-2
1.023848E-4
0.000000E+0
0.000000E+0
0.000000E+0
0.000000E+0
0.000000E+0
0.000000E+0
-3.855775E-1
-1.068037E-2
9.789562E+2
-4.470151E+1
8.925900E-1
5.317245E+0
-5.624888E-2
2.402624E-2
4.022385E-1
5.617955E+0
-5.520165E-2
-4.466472E+1
2.063546E-2
-2.027626E-4
-1.640591E-1
1.313309E-3
1.326829E-2
7.844569E-5
0.000000E+0
0.000000E+0
0.000000E+0
0.000000E+0
0.000000E+0
0.000000E+0
-2.225093E-1
-3.486181E-3
9.818738E+2
-4.169679E+1
8.965702E-1
5.416771E+0
-6.231180E-2
1.923470E-2
4.542276E-1
5.578663E+0
-6.197236E-2
-4.167544E+1
2.043024E-2
-2.269558E-4
-1.526242E-1
1.478646E-3
1.328786E-2
6.261469E-5
0.000000E+0
0.000000E+0
0.000000E+0
0.000000E+0
0.000000E+0
0.000000E+0
-1.377777E-1
-7.482953E-3
9.798754E+2
-3.867614E+1
8.962886E-1
5.387350E+0
-1.268337E-1
3.591598E-2
4.225124E-1
5.480355E+0
-1.261179E-1
-3.866307E+1
2.011115E-2
-4.628124E-4
-1.418811E-1
1.378209E-3
1.331077E-2
1.171557E-4
0.000000E+0
0.000000E+0
0.000000E+0
0.000000E+0
0.000000E+0
0.000000E+0
2.369186E-2
-2.686827E-3
9.805149E+2
-3.584727E+1
9.028480E-1
5.544453E+0
-4.545701E-2
3.705986E-2
4.337537E-1
5.529632E+0
-4.519771E-2
-3.584956E+1
2.027874E-2
-1.657529E-4
-1.314706E-1
1.413955E-3
1.339944E-2
1.208081E-4
0.000000E+0
0.000000E+0
0.000000E+0
0.000000E+0
0.000000E+0
0.000000E+0
1.875595E-1
-2.986487E-2
9.802751E+2
-3.283861E+1
8.985274E-1
5.246265E+0
-6.211485E-2
3.995877E-2
4.000666E-1
5.138771E+0
-5.943632E-2
-3.285560E+1
1.884995E-2
-2.180233E-4
-1.205204E-1
1.304460E-3
1.333858E-2
1.302899E-4
0.000000E+0
0.000000E+0
0.000000E+0
0.000000E+0
0.000000E+0
0.000000E+0
2.730904E-1
-5.084890E-3
9.789562E+2
-2.955587E+1
9.009221E-1
5.329653E+0
2.840758E-2
1.594419E-2
3.617899E-1
5.188717E+0
2.886807E-2
-2.958094E+1
1.905881E-2
1.060360E-4
-1.086545E-1
1.181244E-3
1.339215E-2
5.205780E-5
0.000000E+0
0.000000E+0
0.000000E+0
0.000000E+0
0.000000E+0
0.000000E+0
4.497477E-1
-2.686827E-3
9.805949E+2
-2.667190E+1
9.041118E-1
5.263834E+0
7.511966E-2
2.490761E-2
4.657101E-1
5.054307E+0
7.535668E-2
-2.671240E+1
1.853408E-2
2.763320E-4
-9.795402E-2
1.518003E-3
1.341710E-2
8.118746E-5
0.000000E+0
0.000000E+0
0.000000E+0
0.000000E+0
0.000000E+0
0.000000E+0
6.104179E-1
-1.887473E-3
9.827931E+2
-2.374714E+1
9.003024E-1
5.168313E+0
7.813777E-2
3.120609E-2
4.111886E-1
4.915024E+0
7.829968E-2
-2.380085E+1
1.798302E-2
2.864817E-4
-8.708219E-2
1.337289E-3
1.333069E-2
1.014901E-4
0.000000E+0
0.000000E+0
0.000000E+0
0.000000E+0
0.000000E+0
0.000000E+0
7.614959E-1
-1.227908E-2
9.791560E+2
-2.077606E+1
8.994232E-1
5.011962E+0
-2.049511E-2
3.168754E-2
3.624636E-1
4.735406E+0
-1.948027E-2
-2.084083E+1
1.739019E-2
-7.153887E-5
-7.653537E-2
1.183202E-3
1.336714E-2
1.034387E-4
0.000000E+0
0.000000E+0
0.000000E+0
0.000000E+0
0.000000E+0
0.000000E+0
8.406320E-1
-6.683599E-3
9.801153E+2
-1.798089E+1
9.048324E-1
5.035079E+0
9.157196E-2
4.951448E-2
4.100597E-1
4.770724E+0
9.212847E-2
-1.805283E+1
1.750274E-2
3.379992E-4
-6.623187E-2
1.337262E-3
1.343437E-2
1.614736E-4
0.000000E+0
0.000000E+0
0.000000E+0
0.000000E+0
0.000000E+0
0.000000E+0
1.021286E+0
-1.547650E-2
9.818738E+2
-1.492084E+1
9.034919E-1
4.939338E+0
1.398846E-1
4.343961E-2
4.682303E-1
4.672568E+0
1.411467E-1
-1.500651E+1
1.711193E-2
5.169090E-4
-5.495701E-2
1.524229E-3
1.339044E-2
1.414089E-4
0.000000E+0
0.000000E+0
0.000000E+0
0.000000E+0
0.000000E+0
0.000000E+0
1.168367E+0
-5.084890E-3
9.798754E+2
-1.181895E+1
9.050926E-1
4.898958E+0
7.341454E-2
2.982013E-2
4.735807E-1
4.656940E+0
7.382783E-2
-1.191639E+1
1.708948E-2
2.709245E-4
-4.372932E-2
1.544791E-3
1.344152E-2
9.727139E-5
0.000000E+0
0.000000E+0
0.000000E+0
0.000000E+0
0.000000E+0
0.000000E+0
1.335432E+0
-1.068037E-2
9.804350E+2
-9.054412E+0
9.013107E-1
4.689817E+0
1.255387E-1
5.470170E-2
5.031012E-1
4.477502E+0
1.263734E-1
-9.161252E+0
1.642162E-2
4.634852E-4
-3.359967E-2
1.640148E-3
1.337772E-2
1.783317E-4
0.000000E+0
0.000000E+0
0.000000E+0
0.000000E+0
0.000000E+0
0.000000E+0
1.413769E+0
-1.467714E-2
9.786764E+2
-6.161601E+0
9.012125E-1
4.580813E+0
1.383907E-1
5.908831E-2
4.675343E-1
4.427361E+0
1.395249E-1
-6.272745E+0
1.626690E-2
5.126388E-4
-2.304717E-2
1.526936E-3
1.340030E-2
1.929785E-4
0.000000E+0
0.000000E+0
0.000000E+0
0.000000E+0
0.000000E+0
0.000000E+0
1.586430E+0
-1.387779E-2
9.809146E+2
-3.045355E+0
9.088166E-1
4.596827E+0
1.890662E-1
4.454635E-2
4.695597E-1
4.510709E+0
1.901588E-1
-3.171450E+0
1.653532E-2
6.970826E-4
-1.162588E-2
1.530052E-3
1.348253E-2
1.451535E-4
0.000000E+0
0.000000E+0
0.000000E+0
0.000000E+0
0.000000E+0
0.000000E+0
1.739906E+0
-2.686827E-3
9.811944E+2
-2.159777E-1
9.042314E-1
4.390480E+0
1.992717E-1
4.576167E-2
4.542913E-1
4.381888E+0
1.994772E-1
-3.491837E-1
1.605851E-2
7.310334E-4
-1.279670E-3
1.479878E-3
1.341068E-2
1.490711E-4
0.000000E+0
0.000000E+0
0.000000E+0
0.000000E+0
0.000000E+0
0.000000E+0
1.894181E+0
-1.887473E-3
9.809146E+2
2.648522E+0
9.026122E-1
4.190170E+0
1.588785E-1
5.121444E-2
4.235288E-1
4.275418E+0
1.590194E-1
2.508575E+0
1.567279E-2
5.829319E-4
9.195913E-3
1.380061E-3
1.339048E-2
1.668813E-4
0.000000E+0
0.000000E+0
0.000000E+0
0.000000E+0
0.000000E+0
0.000000E+0
1.982909E+0
-9.881016E-3
9.802352E+2
5.267008E+0
9.037437E-1
3.924627E+0
1.763147E-1
2.504992E-2
4.213034E-1
4.104492E+0
1.770226E-1
5.128057E+0
1.505664E-2
6.493777E-4
1.881142E-2
1.373761E-3
1.341656E-2
8.168128E-5
0.000000E+0
0.000000E+0
0.000000E+0
0.000000E+0
0.000000E+0
0.000000E+0
2.146777E+0
5.105901E-4
9.806348E+2
7.997683E+0
9.140980E-1
3.832765E+0
2.230546E-1
6.093658E-2
4.493954E-1
4.129666E+0
2.230178E-1
7.848496E+0
1.514282E-2
8.177699E-4
2.877916E-2
1.464764E-3
1.356475E-2
1.986174E-4
0.000000E+0
0.000000E+0
0.000000E+0
0.000000E+0
0.000000E+0
0.000000E+0
2.302651E+0
-4.285536E-3
9.808347E+2
1.033834E+1
9.203779E-1
3.561098E+0
1.575661E-1
3.538193E-2
4.563177E-1
3.973584E+0
1.578634E-1
1.018691E+1
1.456752E-2
5.787414E-4
3.734614E-2
1.487024E-3
1.365515E-2
1.153008E-4
0.000000E+0
0.000000E+0
0.000000E+0
0.000000E+0
0.000000E+0
0.000000E+0
2.470516E+0
-4.285536E-3
9.804750E+2
1.293789E+1
9.462501E-1
3.354126E+0
2.342483E-1
8.228146E-2
4.863614E-1
3.908683E+0
2.345406E-1
1.278128E+1
1.433484E-2
8.601626E-4
4.687454E-2
1.585510E-3
1.404416E-2
2.682329E-4
0.000000E+0
0.000000E+0
0.000000E+0
0.000000E+0
0.000000E+0
0.000000E+0
2.568037E+0
-5.084890E-3
9.806348E+2
1.550772E+1
9.737758E-1
3.025431E+0
2.910696E-1
5.548686E-2
3.985865E-1
3.717200E+0
2.913995E-1
1.535659E+1
1.363037E-2
1.068515E-3
5.631011E-2
1.299157E-3
1.445034E-2
1.808545E-4
0.000000E+0
0.000000E+0
0.000000E+0
0.000000E+0
0.000000E+0
0.000000E+0
2.723911E+0
-2.686827E-3
9.801153E+2
1.836433E+1
1.006311E+0
2.838949E+0
2.256958E-1
7.706994E-2
4.829257E-1
3.708464E+0
2.258697E-1
1.820866E+1
1.360555E-2
8.286666E-4
6.680361E-2
1.574888E-3
1.494106E-2
2.513358E-4
0.000000E+0
0.000000E+0
0.000000E+0
0.000000E+0
0.000000E+0
0.000000E+0
2.878186E+0
-7.482953E-3
9.800353E+2
2.094424E+1
1.017036E+0
2.586256E+0
2.447320E-1
5.426533E-2
5.039373E-1
3.634629E+0
2.452067E-1
2.078796E+1
1.333575E-2
8.996831E-4
7.627271E-2
1.643544E-3
1.510152E-2
1.769812E-4
0.000000E+0
0.000000E+0
0.000000E+0
0.000000E+0
0.000000E+0
0.000000E+0
3.050847E+0
-4.285536E-3
9.791161E+2
2.484895E+1
9.681775E-1
2.355087E+0
2.628526E-1
5.069417E-2
5.568824E-1
3.674245E+0
2.631274E-1
2.468839E+1
1.349376E-2
9.663422E-4
9.066875E-2
1.817924E-3
1.438955E-2
1.654895E-4
0.000000E+0
0.000000E+0
0.000000E+0
0.000000E+0
0.000000E+0
0.000000E+0
3.138776E+0
-8.282307E-3
9.808347E+2
2.851599E+1
9.016479E-1
2.022455E+0
3.091317E-1
4.148844E-2
5.106539E-1
3.580757E+0
3.096493E-1
2.836247E+1
1.312738E-2
1.135202E-3
1.039794E-1
1.664092E-3
1.337727E-2
1.352003E-4
0.000000E+0
0.000000E+0
0.000000E+0
0.000000E+0
0.000000E+0
0.000000E+0
3.300246E+0
-7.482953E-3
9.797156E+2
3.255213E+1
8.204027E-1
1.720569E+0
3.398835E-1
-2.813020E-3
4.201891E-1
3.591642E+0
3.403526E-1
3.239909E+1
1.318233E-2
1.249189E-3
1.189137E-1
1.370854E-3
1.218578E-2
-9.177394E-6
0.000000E+0
0.000000E+0
0.000000E+0
0.000000E+0
0.000000E+0
0.000000E+0
3.467311E+0
-5.084890E-3
9.797555E+2
3.663795E+1
7.398156E-1
1.391981E+0
3.691428E-1
1.992078E-2
3.173253E-1
3.605229E+0
3.694627E-1
3.648670E+1
1.323165E-2
1.355976E-3
1.339109E-1
1.035222E-3
1.098834E-2
6.498828E-5
0.000000E+0
0.000000E+0
0.000000E+0
0.000000E+0
0.000000E+0
0.000000E+0
3.623185E+0
-8.282307E-3
9.796356E+2
4.053659E+1
6.668449E-1
1.022881E+0
4.204018E-1
3.971220E-2
2.309041E-1
3.582460E+0
4.209197E-1
4.039093E+1
1.314970E-2
1.545018E-3
1.482580E-1
7.533790E-4
9.905731E-3
1.295704E-4
0.000000E+0
0.000000E+0
0.000000E+0
0.000000E+0
0.000000E+0
0.000000E+0
3.702321E+0
-3.486181E-3
9.800753E+2
4.432580E+1
5.986117E-1
7.363059E-1
3.720464E-1
2.132496E-2
1.860890E-1
3.596984E+0
3.722653E-1
4.418574E+1
1.319709E-2
1.365816E-3
1.621145E-1
6.068870E-4
8.888163E-3
6.954649E-5
0.000000E+0
0.000000E+0
0.000000E+0
0.000000E+0
0.000000E+0
0.000000E+0
3.875781E+0
-3.486181E-3
9.796756E+2
4.754595E+1
5.563028E-1
4.516573E-1
4.092936E-1
3.318521E-2
1.919318E-1
3.664400E+0
4.095166E-1
4.740668E+1
1.344992E-2
1.503101E-3
1.740028E-1
6.261973E-4
8.263332E-3
1.082702E-4
0.000000E+0
0.000000E+0
0.000000E+0
0.000000E+0
0.000000E+0
0.000000E+0
4.032454E+0
-4.285536E-3
9.798754E+2
5.147040E+1
4.897912E-1
1.144237E-1
3.492717E-1
2.971938E-2
2.226307E-1
3.733591E+0
3.495510E-1
5.133493E+1
1.370108E-2
1.282740E-3
1.883827E-1
7.262073E-4
7.273884E-3
9.694277E-5
0.000000E+0
0.000000E+0
0.000000E+0
0.000000E+0
0.000000E+0
0.000000E+0
4.197921E+0
5.105901E-4
9.801952E+2
5.459529E+1
4.433565E-1
-2.637398E-1
3.865119E-1
9.118102E-3
1.936917E-1
3.733456E+0
3.864786E-1
5.446812E+1
1.369612E-2
1.417790E-3
1.998153E-1
6.316040E-4
6.582135E-3
2.973297E-5
0.000000E+0
0.000000E+0
0.000000E+0
0.000000E+0
0.000000E+0
0.000000E+0
4.265067E+0
-9.881016E-3
9.794758E+2
5.810516E+1
4.130086E-1
-5.916487E-1
3.843565E-1
3.189233E-2
2.723146E-1
3.731246E+0
3.850000E-1
5.798824E+1
1.369806E-2
1.413403E-3
2.128851E-1
8.886358E-4
6.136089E-3
1.040732E-4
0.000000E+0
0.000000E+0
0.000000E+0
0.000000E+0
0.000000E+0
0.000000E+0
4.435329E+0
-1.068037E-2
9.789962E+2
6.118730E+1
3.918136E-1
-9.922587E-1
4.933334E-1
2.338077E-2
2.702384E-1
3.742467E+0
4.940310E-1
6.108079E+1
1.374599E-2
1.814564E-3
2.243483E-1
8.822924E-4
5.824046E-3
7.633512E-5
0.000000E+0
0.000000E+0
0.000000E+0
0.000000E+0
0.000000E+0
0.000000E+0
4.602394E+0
-5.084890E-3
9.802751E+2
6.422776E+1
3.742796E-1
-1.316443E+0
5.313903E-1
1.684719E-2
2.214932E-1
3.841427E+0
5.317312E-1
6.412629E+1
1.409106E-2
1.950488E-3
2.352270E-1
7.222024E-4
5.556157E-3
5.493208E-5
0.000000E+0
0.000000E+0
0.000000E+0
0.000000E+0
0.000000E+0
0.000000E+0
4.774255E+0
4.507362E-3
9.811944E+2
6.757536E+1
3.474684E-1
-1.749204E+0
5.161214E-1
2.207553E-2
2.417284E-1
3.881208E+0
5.158161E-1
6.748648E+1
1.422365E-2
1.890335E-3
2.473209E-1
7.874431E-4
5.153313E-3
7.191221E-5
0.000000E+0
0.000000E+0
0.000000E+0
0.000000E+0
0.000000E+0
0.000000E+0
4.843799E+0
-6.683599E-3
9.793958E+2
7.039922E+1
3.380393E-1
-2.087254E+0
5.103735E-1
1.213967E-2
2.297514E-1
3.864621E+0
5.108243E-1
7.032404E+1
1.418887E-2
1.875479E-3
2.581931E-1
7.498016E-4
5.022677E-3
3.961824E-5
0.000000E+0
0.000000E+0
0.000000E+0
0.000000E+0
0.000000E+0
0.000000E+0
5.010864E+0
-5.884244E-3
9.791560E+2
7.370477E+1
3.122227E-1
-2.394688E+0
5.829561E-1
2.946170E-2
2.543959E-1
4.052121E+0
5.833722E-1
7.363225E+1
1.488091E-2
2.142362E-3
2.704053E-1
8.304333E-4
4.640222E-3
9.617283E-5
0.000000E+0
0.000000E+0
0.000000E+0
0.000000E+0
0.000000E+0
0.000000E+0
5.189920E+0
-4.285536E-3
9.802352E+2
7.680279E+1
2.802196E-1
-2.903611E+0
5.972008E-1
1.490257E-2
2.116576E-1
4.055626E+0
5.975041E-1
7.675057E+1
1.487739E-2
2.191844E-3
2.815467E-1
6.901603E-4
4.160011E-3
4.859341E-5
0.000000E+0
0.000000E+0
0.000000E+0
0.000000E+0
0.000000E+0
0.000000E+0
5.261862E+0
6.106070E-3
9.816340E+2
7.969339E+1
2.612869E-1
-3.293807E+0
5.795905E-1
1.567633E-2
2.346801E-1
4.028639E+0
5.791611E-1
7.965963E+1
1.475733E-2
2.121528E-3
2.918016E-1
7.641402E-4
3.873417E-3
5.104359E-5
0.000000E+0
0.000000E+0
0.000000E+0
0.000000E+0
0.000000E+0
0.000000E+0
5.416937E+0
-9.081662E-3
9.790761E+2
8.298060E+1
2.375524E-1
-3.719672E+0
5.401866E-1
3.416335E-2
2.614829E-1
4.130438E+0
5.408413E-1
8.296116E+1
1.516976E-2
1.986335E-3
3.046894E-1
8.536372E-4
3.530768E-3
1.115297E-4
0.000000E+0
0.000000E+0
0.000000E+0
0.000000E+0
0.000000E+0
0.000000E+0
5.587199E+0
-1.707520E-2
9.797955E+2
8.606220E+1
2.165768E-1
-4.152713E+0
5.457147E-1
1.895230E-2
2.709884E-1
4.245916E+0
5.469801E-1
8.605765E+1
1.558242E-2
2.007405E-3
3.158297E-1
8.840193E-4
3.216643E-3
6.182627E-5
0.000000E+0
0.000000E+0
0.000000E+0
0.000000E+0
0.000000E+0
0.000000E+0
5.739876E+0
-9.081662E-3
9.800753E+2
8.904345E+1
1.917742E-1
-4.614914E+0
5.913946E-1
1.739804E-2
2.445628E-1
4.313566E+0
5.920784E-1
8.905855E+1
1.582618E-2
2.172295E-3
3.267497E-1
7.975857E-4
2.847456E-3
5.673976E-5
0.000000E+0
0.000000E+0
0.000000E+0
0.000000E+0
0.000000E+0
0.000000E+0
5.832601E+0
-1.088119E-3
9.793958E+2
9.228075E+1
1.577858E-1
-4.888559E+0
6.073331E-1
2.720851E-2
3.046847E-1
4.514525E+0
6.074189E-1
9.229980E+1
1.657497E-2
2.230124E-3
3.388766E-1
9.943492E-4
2.344423E-3
8.879593E-5
0.000000E+0
0.000000E+0
0.000000E+0
0.000000E+0
0.000000E+0
0.000000E+0
5.998867E+0
-6.683599E-3
9.781169E+2
9.545853E+1
1.250809E-1
-5.486128E+0
6.308091E-1
2.874892E-2
2.299825E-1
4.520096E+0
6.313364E-1
9.550914E+1
1.661713E-2
2.320968E-3
3.511181E-1
7.515372E-4
1.860915E-3
9.394578E-5
0.000000E+0
0.000000E+0
0.000000E+0
0.000000E+0
0.000000E+0
0.000000E+0
6.156340E+0
-1.088119E-3
9.792360E+2
9.889424E+1
9.445894E-2
-5.965107E+0
7.210729E-1
1.196675E-2
2.159519E-1
4.674873E+0
7.211616E-1
9.896362E+1
1.716649E-2
2.648160E-3
3.634019E-1
7.048817E-4
1.403725E-3
3.906027E-5
0.000000E+0
0.000000E+0
0.000000E+0
0.000000E+0
0.000000E+0
0.000000E+0
6.325803E+0
-7.482953E-3
9.800753E+2
1.019492E+2
5.816173E-2
-6.413403E+0
7.289929E-1
1.579611E-2
2.743252E-1
4.858514E+0
7.296274E-1
1.020352E+2
1.782556E-2
2.676953E-3
3.743600E-1
8.946492E-4
8.635831E-4
5.151543E-5
0.000000E+0
0.000000E+0
0.000000E+0
0.000000E+0
0.000000E+0
0.000000E+0
6.413732E+0
-5.884244E-3
9.793958E+2
1.048526E+2
2.688660E-2
-6.992839E+0
7.417010E-1
2.707783E-2
2.833573E-1
4.763636E+0
7.421903E-1
1.049775E+2
1.748958E-2
2.724934E-3
3.854225E-1
9.247462E-4
3.994882E-4
8.836944E-5
0.000000E+0
0.000000E+0
0.000000E+0
0.000000E+0
0.000000E+0
0.000000E+0
6.561613E+0
-1.787456E-2
9.803950E+2
1.081228E+2
6.508804E-4
-7.507165E+0
6.844121E-1
1.261670E-2
2.937960E-1
4.897161E+0
6.859399E-1
1.082724E+2
1.796149E-2
2.515846E-3
3.971145E-1
9.578363E-4
9.661095E-6
4.113307E-5
0.000000E+0
0.000000E+0
0.000000E+0
0.000000E+0
0.000000E+0
0.000000E+0
6.723082E+0
5.306716E-3
9.794758E+2
1.111058E+2
-3.610244E-2
-8.065562E+0
7.283790E-1
3.651657E-2
3.166265E-1
4.997211E+0
7.279162E-1
1.112860E+2
1.834565E-2
2.672309E-3
4.085505E-1
1.033237E-3
-5.363757E-4
1.191634E-4
0.000000E+0
0.000000E+0
0.000000E+0
0.000000E+0
0.000000E+0
0.000000E+0
6.885351E+0
-5.884244E-3
9.789162E+2
1.143459E+2
-6.833080E-2
-8.519433E+0
6.907224E-1
2.869387E-2
2.635345E-1
5.250072E+0
6.912615E-1
1.145426E+2
1.928496E-2
2.539194E-3
4.207465E-1
8.604753E-4
-1.015774E-3
9.368933E-5
0.000000E+0
0.000000E+0
0.000000E+0
0.000000E+0
0.000000E+0
0.000000E+0
6.969284E+0
-5.884244E-3
9.794758E+2
1.170842E+2
-1.046688E-1
-9.042250E+0
7.190862E-1
1.505765E-2
2.979314E-1
5.231163E+0
7.196234E-1
1.173163E+2
1.920452E-2
2.641865E-3
4.306889E-1
9.722301E-4
-1.555070E-3
4.913717E-5
0.000000E+0
0.000000E+0
0.000000E+0
0.000000E+0
0.000000E+0
0.000000E+0
7.133951E+0
2.109299E-3
9.795957E+2
1.203873E+2
-1.427195E-1
-9.601870E+0
7.191174E-1
2.279515E-2
2.896847E-1
5.423330E+0
7.189178E-1
1.206478E+2
1.990757E-2
2.638951E-3
4.428653E-1
9.452032E-4
-2.120132E-3
7.437759E-5
0.000000E+0
0.000000E+0
0.000000E+0
0.000000E+0
0.000000E+0
0.000000E+0
7.297019E+0
-6.683599E-3
9.795957E+2
1.234250E+2
-1.691224E-1
-1.020637E+1
7.590574E-1
1.481431E-2
2.580211E-1
5.552772E+0
7.597052E-1
1.237217E+2
2.038271E-2
2.788671E-3
4.541486E-1
8.418891E-4
-2.512352E-3
4.833714E-5
0.000000E+0
0.000000E+0
0.000000E+0
0.000000E+0
0.000000E+0
0.000000E+0
7.467282E+0
2.209316E-2
9.789962E+2
1.267631E+2
-2.065509E-1
-1.087571E+1
7.827075E-1
1.379471E-2
2.279926E-1
5.690958E+0
7.805131E-1
1.271015E+2
2.090275E-2
2.866806E-3
4.668405E-1
7.443655E-4
-3.070240E-3
4.503788E-5
0.000000E+0
0.000000E+0
0.000000E+0
0.000000E+0
0.000000E+0
0.000000E+0
7.544020E+0
-7.482953E-3
9.801153E+2
1.299882E+2
-2.502109E-1
-1.137419E+1
8.076176E-1
1.702372E-2
2.739641E-1
5.790026E+0
8.083738E-1
1.303563E+2
2.124234E-2
2.965747E-3
4.782488E-1
8.934351E-4
-3.714970E-3
5.551673E-5
0.000000E+0
0.000000E+0
0.000000E+0
0.000000E+0
0.000000E+0
0.000000E+0
7.706289E+0
-2.686827E-3
9.803551E+2
1.328236E+2
-2.672975E-1
-1.195715E+1
7.900466E-1
2.229272E-2
3.059055E-1
5.961774E+0
7.903262E-1
1.332274E+2
2.186710E-2
2.898825E-3
4.886626E-1
9.973565E-4
-3.967690E-3
7.268189E-5
0.000000E+0
0.000000E+0
0.000000E+0
0.000000E+0
0.000000E+0
0.000000E+0
7.874154E+0
1.489897E-2
9.783567E+2
1.357668E+2
-3.355322E-1
-1.248562E+1
8.196823E-1
2.689251E-2
3.118270E-1
6.232048E+0
8.180618E-1
1.361972E+2
2.290512E-2
3.006685E-3
5.005759E-1
1.018739E-3
-4.990721E-3
8.785785E-5
0.000000E+0
0.000000E+0
0.000000E+0
0.000000E+0
0.000000E+0
0.000000E+0
8.038021E+0
-4.285536E-3
9.791161E+2
1.390065E+2
-3.735592E-1
-1.325826E+1
8.932681E-1
-6.599491E-3
2.298310E-1
6.309241E+0
8.937400E-1
1.394948E+2
2.317085E-2
3.282283E-3
5.122981E-1
7.502757E-4
-5.552027E-3
-2.154382E-5
0.000000E+0
0.000000E+0
0.000000E+0
0.000000E+0
0.000000E+0
0.000000E+0
8.126750E+0
5.105901E-4
9.792360E+2
1.422599E+2
-4.013990E-1
-1.376911E+1
9.854899E-1
1.165891E-2
2.665866E-1
6.479521E+0
9.854321E-1
1.427777E+2
2.379330E-2
3.618582E-3
5.242907E-1
8.701565E-4
-5.965065E-3
3.805547E-5
0.000000E+0
0.000000E+0
0.000000E+0
0.000000E+0
0.000000E+0
0.000000E+0
8.286621E+0
-5.084890E-3
9.793159E+2
1.454487E+2
-4.472966E-1
-1.448670E+1
9.355821E-1
1.315615E-2
2.874746E-1
6.627282E+0
9.361702E-1
1.460181E+2
2.433390E-2
3.437408E-3
5.361457E-1
9.382600E-4
-6.646592E-3
4.293905E-5
0.000000E+0
0.000000E+0
0.000000E+0
0.000000E+0
0.000000E+0
0.000000E+0
8.443294E+0
-4.285536E-3
9.786764E+2
1.484978E+2
-4.723119E-1
-1.512642E+1
8.816451E-1
-1.534657E-3
2.808775E-1
6.841469E+0
8.821568E-1
1.491094E+2
2.513676E-2
3.241199E-3
5.478540E-1
9.173273E-4
-7.022893E-3
-5.012087E-6
0.000000E+0
0.000000E+0
0.000000E+0
0.000000E+0
0.000000E+0
0.000000E+0
8.610360E+0
-5.884244E-3
9.782767E+2
1.515758E+2
-5.530673E-1
-1.570782E+1
9.028207E-1
2.173365E-2
3.299484E-1
7.162164E+0
9.035563E-1
1.522191E+2
2.632580E-2
3.321181E-3
5.595082E-1
1.078030E-3
-8.227020E-3
7.100966E-5
0.000000E+0
0.000000E+0
0.000000E+0
0.000000E+0
0.000000E+0
0.000000E+0
8.691094E+0
-7.482953E-3
9.784766E+2
1.548339E+2
-5.791771E-1
-1.640592E+1
9.253982E-1
2.028307E-2
3.190818E-1
7.178856E+0
9.263358E-1
1.555351E+2
2.638176E-2
3.404215E-3
5.715798E-1
1.042313E-3
-8.613649E-3
6.625669E-5
0.000000E+0
0.000000E+0
0.000000E+0
0.000000E+0
0.000000E+0
0.000000E+0
8.853364E+0
-6.683599E-3
9.789562E+2
1.577626E+2
-6.399581E-1
-1.713752E+1
9.809821E-1
1.209313E-2
2.751114E-1
7.347188E+0
9.818391E-1
1.585205E+2
2.698714E-2
3.606418E-3
5.822657E-1
8.982389E-4
-9.512936E-3
3.948408E-5
0.000000E+0
0.000000E+0
0.000000E+0
0.000000E+0
0.000000E+0
0.000000E+0
9.017231E+0
-1.307843E-2
9.800353E+2
1.609397E+2
-6.894181E-1
-1.790377E+1
9.369155E-1
1.443238E-2
3.548470E-1
7.541608E+0
9.386370E-1
1.617568E+2
2.767077E-2
3.443935E-3
5.934987E-1
1.157300E-3
-1.023687E-2
4.706983E-5
0.000000E+0
0.000000E+0
0.000000E+0
0.000000E+0
0.000000E+0
0.000000E+0
9.183497E+0
-5.084890E-3
9.793159E+2
1.641883E+2
-7.415881E-1
-1.866699E+1
9.592614E-1
4.977856E-3
2.945768E-1
7.776134E+0
9.599516E-1
1.650630E+2
2.855223E-2
3.524727E-3
6.060744E-1
9.614400E-4
-1.101961E-2
1.624673E-5
0.000000E+0
0.000000E+0
0.000000E+0
0.000000E+0
0.000000E+0
0.000000E+0
9.265032E+0
-4.285536E-3
9.786764E+2
1.675725E+2
-7.706037E-1
-1.932671E+1
9.450165E-1
1.143454E-2
2.708344E-1
7.904777E+0
9.456077E-1
1.684980E+2
2.904354E-2
3.474329E-3
6.190913E-1
8.845273E-4
-1.145825E-2
3.734444E-5
0.000000E+0
0.000000E+0
0.000000E+0
0.000000E+0
0.000000E+0
0.000000E+0
9.424103E+0
-5.084890E-3
9.790361E+2
1.702316E+2
-8.193491E-1
-1.997682E+1
9.301807E-1
2.197591E-2
4.052009E-1
8.166610E+0
9.309055E-1
1.712051E+2
2.999453E-2
3.419053E-3
6.288065E-1
1.322873E-3
-1.217858E-2
7.174551E-5
0.000000E+0
0.000000E+0
0.000000E+0
0.000000E+0
0.000000E+0
0.000000E+0
9.591168E+0
-5.884244E-3
9.788363E+2
1.736602E+2
-9.094240E-1
-2.074340E+1
1.007988E+0
-5.655977E-3
3.007021E-1
8.481160E+0
1.008859E+0
1.746890E+2
3.115618E-2
3.706121E-3
6.417331E-1
9.819126E-4
-1.352019E-2
-1.846903E-5
0.000000E+0
0.000000E+0
0.000000E+0
0.000000E+0
0.000000E+0
0.000000E+0
9.751839E+0
-6.683599E-3
9.783167E+2
1.767112E+2
-9.373693E-1
-2.152390E+1
9.364972E-1
7.653750E-3
2.914741E-1
8.718538E+0
9.375142E-1
1.778036E+2
3.204522E-2
3.445858E-3
6.535217E-1
9.522852E-4
-1.394304E-2
2.500583E-5
0.000000E+0
0.000000E+0
0.000000E+0
0.000000E+0
0.000000E+0
0.000000E+0
9.848561E+0
-7.482953E-3
9.788363E+2
1.796172E+2
-1.006572E+0
-2.224362E+1
9.815477E-1
1.943403E-2
3.459176E-1
8.806613E+0
9.826979E-1
1.807749E+2
3.235176E-2
3.610015E-3
6.640903E-1
1.129559E-3
-1.496446E-2
6.345987E-5
0.000000E+0
0.000000E+0
0.000000E+0
0.000000E+0
0.000000E+0
0.000000E+0
9.989247E+0
-7.482953E-3
9.792360E+2
1.829937E+2
-1.038998E+0
-2.304155E+1
9.699682E-1
1.106019E-2
3.754321E-1
9.050322E+0
9.711502E-1
1.842164E+2
3.323347E-2
3.566137E-3
6.764566E-1
1.225436E-3
-1.544022E-2
3.610121E-5
0.000000E+0
0.000000E+0
0.000000E+0
0.000000E+0
0.000000E+0
0.000000E+0
1.015791E+1
-9.881016E-3
9.789162E+2
1.857599E+2
-1.090870E+0
-2.385387E+1
1.082624E+0
2.192852E-2
3.963703E-1
9.280775E+0
1.084225E+0
1.870551E+2
3.409084E-2
3.982657E-3
6.871048E-1
1.294202E-3
-1.621637E-2
7.159955E-5
0.000000E+0
0.000000E+0
0.000000E+0
0.000000E+0
0.000000E+0
0.000000E+0
1.032178E+1
-2.686827E-3
9.789162E+2
1.890074E+2
-1.158269E+0
-2.460346E+1
1.037403E+0
7.023778E-4
3.435703E-1
9.660282E+0
1.037856E+0
1.903571E+2
3.548488E-2
3.812332E-3
6.992339E-1
1.121803E-3
-1.721830E-2
2.293358E-6
0.000000E+0
0.000000E+0
0.000000E+0
0.000000E+0
0.000000E+0
0.000000E+0
1.041770E+1
-2.686827E-3
9.789562E+2
1.921701E+2
-1.202626E+0
-2.548004E+1
1.109736E+0
9.770671E-3
3.786455E-1
9.688708E+0
1.110191E+0
1.936097E+2
3.558784E-2
4.077870E-3
7.111526E-1
1.236278E-3
-1.787695E-2
3.190124E-5
0.000000E+0
0.000000E+0
0.000000E+0
0.000000E+0
0.000000E+0
0.000000E+0
1.056638E+1
-1.547650E-2
9.799953E+2
1.953815E+2
-1.271554E+0
-2.630930E+1
1.053682E+0
1.294276E-2
3.140774E-1
9.964534E+0
1.056374E+0
1.968929E+2
3.656217E-2
3.876078E-3
7.224453E-1
1.024376E-3
-1.888153E-2
4.221330E-5
0.000000E+0
0.000000E+0
0.000000E+0
0.000000E+0
0.000000E+0
0.000000E+0
1.072545E+1
-2.686827E-3
9.790361E+2
1.979149E+2
-1.342897E+0
-2.695372E+1
1.004279E+0
2.231020E-2
3.462252E-1
1.034969E+1
1.004764E+0
1.994735E+2
3.801260E-2
3.690323E-3
7.326315E-1
1.130333E-3
-1.996045E-2
7.283688E-5
0.000000E+0
0.000000E+0
0.000000E+0
0.000000E+0
0.000000E+0
0.000000E+0
1.088133E+1
-5.084890E-3
9.779170E+2
2.011053E+2
-1.419274E+0
-2.776374E+1
1.002416E+0
6.149359E-3
3.509193E-1
1.069910E+1
1.003365E+0
2.027306E+2
3.934088E-2
3.689402E-3
7.454463E-1
1.146969E-3
-2.111984E-2
2.009899E-5
0.000000E+0
0.000000E+0
0.000000E+0
0.000000E+0
0.000000E+0
0.000000E+0
1.106358E+1
2.908653E-3
9.789962E+2
2.044291E+2
-1.498215E+0
-2.866245E+1
1.046011E+0
-1.066355E-3
2.796301E-1
1.109987E+1
1.045447E+0
2.061300E+2
4.076955E-2
3.839902E-3
7.571106E-1
9.129551E-4
-2.226996E-2
-3.481508E-6
0.000000E+0
0.000000E+0
0.000000E+0
0.000000E+0
0.000000E+0
0.000000E+0
1.112913E+1
-4.285536E-3
9.799154E+2
2.076885E+2
-1.539488E+0
-2.950574E+1
1.108973E+0
-5.369652E-4
2.736120E-1
1.113725E+1
1.109806E+0
2.094781E+2
4.086848E-2
4.072466E-3
7.686861E-1
8.924687E-4
-2.286199E-2
-1.751475E-6
0.000000E+0
0.000000E+0
0.000000E+0
0.000000E+0
0.000000E+0
0.000000E+0
1.129459E+1
-5.884244E-3
9.785165E+2
2.108593E+2
-1.650077E+0
-3.027706E+1
1.059756E+0
-1.737564E-3
3.171252E-1
1.160677E+1
1.060948E+0
2.127055E+2
4.265227E-2
3.898748E-3
7.816450E-1
1.035879E-3
-2.453931E-2
-5.675695E-6
0.000000E+0
0.000000E+0
0.000000E+0
0.000000E+0
0.000000E+0
0.000000E+0
1.146006E+1
-1.887473E-3
9.785965E+2
2.136715E+2
-1.759392E+0
-3.103529E+1
1.128820E+0
4.569532E-3
2.305199E-1
1.203669E+1
1.129216E+0
2.155778E+2
4.422852E-2
4.149278E-3
7.921355E-1
7.529244E-4
-2.616286E-2
1.492501E-5
0.000000E+0
0.000000E+0
0.000000E+0
0.000000E+0
0.000000E+0
0.000000E+0
1.161674E+1
-3.486181E-3
9.797555E+2
2.173048E+2
-1.836799E+0
-3.205999E+1
1.081642E+0
3.099218E-2
3.194045E-1
1.235402E+1
1.082394E+0
2.193094E+2
4.534084E-2
3.972524E-3
8.048937E-1
1.042005E-3
-2.728162E-2
1.011069E-4
0.000000E+0
0.000000E+0
0.000000E+0
0.000000E+0
0.000000E+0
0.000000E+0
1.168868E+1
-3.486181E-3
9.783567E+2
2.199442E+2
-1.868898E+0
-3.280162E+1
1.167341E+0
5.901414E-3
3.373150E-1
1.243785E+1
1.168098E+0
2.220286E+2
4.571378E-2
4.293200E-3
8.160387E-1
1.102009E-3
-2.779807E-2
1.927992E-5
0.000000E+0
0.000000E+0
0.000000E+0
0.000000E+0
0.000000E+0
0.000000E+0
1.187013E+1
-4.285536E-3
9.783966E+2
2.231467E+2
-1.912436E+0
-3.379379E+1
1.218215E+0
4.349012E-3
3.058439E-1
1.282870E+1
1.219174E+0
2.253262E+2
4.714837E-2
4.480741E-3
8.281246E-1
9.991515E-4
-2.844450E-2
1.420764E-5
0.000000E+0
0.000000E+0
0.000000E+0
0.000000E+0
0.000000E+0
0.000000E+0
1.200762E+1
-2.686827E-3
9.789562E+2
2.250112E+2
-2.005281E+0
-3.435440E+1
1.196208E+0
3.272288E-3
2.757272E-1
1.320896E+1
1.196827E+0
2.272351E+2
4.851815E-2
4.396096E-3
8.346632E-1
9.002494E-4
-2.980837E-2
1.068402E-5
0.000000E+0
0.000000E+0
0.000000E+0
0.000000E+0
0.000000E+0
0.000000E+0
1.201002E+1
-5.884244E-3
9.797555E+2
2.252038E+2
-1.982406E+0
-3.439178E+1
1.195906E+0
1.449391E-2
2.953020E-1
1.322191E+1
1.197264E+0
2.274307E+2
4.852611E-2
4.394112E-3
8.346999E-1
9.633745E-4
-2.944430E-2
4.728402E-5
0.000000E+0
0.000000E+0
0.000000E+0
0.000000E+0
0.000000E+0
0.000000E+0
1.201322E+1
-7.482953E-3
9.786764E+2
2.245339E+2
-1.977835E+0
-3.431790E+1
1.202440E+0
1.713494E-2
3.350474E-1
1.316739E+1
1.204159E+0
2.267593E+2
4.837929E-2
4.424293E-3
8.331535E-1
1.094243E-3
-2.940880E-2
5.596159E-5
0.000000E+0
0.000000E+0
0.000000E+0
0.000000E+0
0.000000E+0
0.000000E+0
1.201162E+1
-4.285536E-3
9.786764E+2
2.249446E+2
-1.998598E+0
-3.436377E+1
1.203909E+0
1.001269E-2
3.115604E-1
1.320174E+1
1.204896E+0
2.271710E+2
4.850552E-2
4.427001E-3
8.346661E-1
1.017536E-3
-2.971752E-2
3.270078E-5
0.000000E+0
0.000000E+0
0.000000E+0
0.000000E+0
0.000000E+0
0.000000E+0
1.202601E+1
-7.482953E-3
9.783966E+2
2.252309E+2
-1.981556E+0
-3.456671E+1
1.151525E+0
3.310677E-2
3.163078E-1
1.311989E+1
1.153238E+0
2.274899E+2
4.821856E-2
4.238412E-3
8.360769E-1
1.033336E-3
-2.947254E-2
1.081554E-4
0.000000E+0
0.000000E+0
0.000000E+0
0.000000E+0
0.000000E+0
0.000000E+0
1.199403E+1
-5.084890E-3
9.785965E+2
2.246025E+2
-2.038892E+0
-3.406444E+1
1.195583E+0
4.024690E-2
3.536928E-1
1.335371E+1
1.196768E+0
2.267782E+2
4.906789E-2
4.397493E-3
8.332910E-1
1.155232E-3
-3.031914E-2
1.314545E-4
0.000000E+0
0.000000E+0
0.000000E+0
0.000000E+0
0.000000E+0
0.000000E+0
1.186294E+1
-7.482953E-3
9.793958E+2
2.214470E+2
-1.934721E+0
-3.320888E+1
1.245992E+0
3.484771E-2
2.459475E-1
1.302335E+1
1.247693E+0
2.235442E+2
4.781492E-2
4.580876E-3
8.207372E-1
8.026582E-4
-2.874659E-2
1.137267E-4
0.000000E+0
0.000000E+0
0.000000E+0
0.000000E+0
0.000000E+0
0.000000E+0
1.168228E+1
-1.307843E-2
9.789162E+2
2.181840E+2
-1.823122E+0
-3.239668E+1
1.117374E+0
1.998446E-2
3.525797E-1
1.245303E+1
1.120217E+0
2.202243E+2
4.574340E-2
4.114864E-3
8.089444E-1
1.151220E-3
-2.710170E-2
6.525194E-5
0.000000E+0
0.000000E+0
0.000000E+0
0.000000E+0
0.000000E+0
0.000000E+0
1.150962E+1
-5.884244E-3
9.785565E+2
2.149010E+2
-1.733382E+0
-3.145331E+1
1.134775E+0
2.610092E-2
3.396380E-1
1.205881E+1
1.136013E+0
2.168556E+2
4.431160E-2
4.174424E-3
7.968632E-1
1.109371E-3
-2.577713E-2
8.525431E-5
0.000000E+0
0.000000E+0
0.000000E+0
0.000000E+0
0.000000E+0
0.000000E+0
1.141770E+1
5.105901E-4
9.782767E+2
2.111443E+2
-1.699257E+0
-3.041137E+1
1.145159E+0
1.894915E-2
3.261703E-1
1.198862E+1
1.145052E+0
2.129860E+2
4.406629E-2
4.208840E-3
7.828676E-1
1.065686E-3
-2.527689E-2
6.191196E-5
0.000000E+0
0.000000E+0
0.000000E+0
0.000000E+0
0.000000E+0
0.000000E+0
1.124184E+1
-4.285536E-3
9.789162E+2
2.082791E+2
-1.544684E+0
-2.969073E+1
1.024023E+0
9.244897E-3
3.680738E-1
1.148301E+1
1.024882E+0
2.100711E+2
4.218026E-2
3.764674E-3
7.716491E-1
1.201810E-3
-2.296257E-2
3.018583E-5
0.000000E+0
0.000000E+0
0.000000E+0
0.000000E+0
0.000000E+0
0.000000E+0
1.108676E+1
-8.282307E-3
9.791161E+2
2.052570E+2
-1.499811E+0
-2.881729E+1
1.127160E+0
-1.006138E-2
2.892148E-1
1.119030E+1
1.128778E+0
2.069677E+2
4.109667E-2
4.145466E-3
7.600943E-1
9.441322E-4
-2.229095E-2
-3.284505E-5
0.000000E+0
0.000000E+0
0.000000E+0
0.000000E+0
0.000000E+0
0.000000E+0
1.092929E+1
-6.683599E-3
9.789562E+2
2.022553E+2
-1.443022E+0
-2.786998E+1
1.106140E+0
-5.099033E-3
3.670426E-1
1.098247E+1
1.107421E+0
2.038708E+2
4.033998E-2
4.067697E-3
7.488431E-1
1.198394E-3
-2.145043E-2
-1.664834E-5
0.000000E+0
0.000000E+0
0.000000E+0
0.000000E+0
0.000000E+0
0.000000E+0
1.084456E+1
-2.686827E-3
9.783567E+2
1.991408E+2
-1.395786E+0
-2.718364E+1
1.030499E+0
1.072484E-2
3.737335E-1
1.076916E+1
1.031004E+0
2.006989E+2
3.958070E-2
3.789326E-3
7.376438E-1
1.220988E-3
-2.076098E-2
3.503807E-5
0.000000E+0
0.000000E+0
0.000000E+0
0.000000E+0
0.000000E+0
0.000000E+0
1.068309E+1
-3.486181E-3
9.788762E+2
1.963056E+2
-1.327060E+0
-2.636938E+1
9.559078E-1
2.078463E-2
3.702672E-1
1.047807E+1
9.565453E-1
1.977914E+2
3.849040E-2
3.513798E-3
7.265720E-1
1.209021E-3
-1.972827E-2
6.786736E-5
0.000000E+0
0.000000E+0
0.000000E+0
0.000000E+0
0.000000E+0
0.000000E+0
1.051762E+1
-7.482953E-3
9.784366E+2
1.932202E+2
-1.235749E+0
-2.569365E+1
1.066821E+0
7.890563E-4
2.944046E-1
1.000791E+1
1.068128E+0
1.946640E+2
3.677985E-2
3.925451E-3
7.154048E-1
9.617416E-4
-1.837909E-2
2.577637E-6
0.000000E+0
0.000000E+0
0.000000E+0
0.000000E+0
0.000000E+0
0.000000E+0
1.035215E+1
-8.282307E-3
9.795157E+2
1.901916E+2
-1.206538E+0
-2.481386E+1
1.016206E+0
1.380305E-2
3.018142E-1
9.766917E+0
1.017618E+0
1.915546E+2
3.585462E-2
3.735703E-3
7.032022E-1
9.848606E-4
-1.792487E-2
4.504122E-5
0.000000E+0
0.000000E+0
0.000000E+0
0.000000E+0
0.000000E+0
0.000000E+0
1.027861E+1
-5.884244E-3
9.783167E+2
1.867182E+2
-1.122015E+0
-2.404496E+1
1.049309E+0
3.937488E-3
2.859532E-1
9.657865E+0
1.050301E+0
1.880121E+2
3.549774E-2
3.860408E-3
6.910436E-1
9.342475E-4
-1.668959E-2
1.286430E-5
0.000000E+0
0.000000E+0
0.000000E+0
0.000000E+0
0.000000E+0
0.000000E+0
1.010595E+1
-9.081662E-3
9.795557E+2
1.839966E+2
-1.088379E+0
-2.326612E+1
1.061679E+0
8.642056E-4
2.614323E-1
9.380394E+0
1.063165E+0
1.852244E+2
3.443428E-2
3.902750E-3
6.799360E-1
8.530542E-4
-1.616878E-2
2.819905E-6
0.000000E+0
0.000000E+0
0.000000E+0
0.000000E+0
0.000000E+0
0.000000E+0
9.944483E+0
1.409961E-2
9.786364E+2
1.807141E+2
-1.013417E+0
-2.245689E+1
9.812943E-1
7.094001E-3
3.047019E-1
9.088969E+0
9.790577E-1
1.818771E+2
3.339583E-2
3.597377E-3
6.682758E-1
9.951770E-4
-1.506930E-2
2.316948E-5
0.000000E+0
0.000000E+0
0.000000E+0
0.000000E+0
0.000000E+0
0.000000E+0
9.858153E+0
-5.884244E-3
9.779170E+2
1.774373E+2
-9.411344E-1
-2.170424E+1
9.655398E-1
-3.242959E-3
2.936054E-1
8.995100E+0
9.664636E-1
1.785334E+2
3.307524E-2
3.553714E-3
6.564724E-1
9.596404E-4
-1.400477E-2
-1.059952E-5
0.000000E+0
0.000000E+0
0.000000E+0
0.000000E+0
0.000000E+0
0.000000E+0
9.689489E+0
-9.081662E-3
9.793159E+2
1.745039E+2
-9.000792E-1
-2.096608E+1
9.761346E-1
3.045487E-2
3.572081E-1
8.703355E+0
9.775141E-1
1.755432E+2
3.195677E-2
3.589213E-3
6.445554E-1
1.165856E-3
-1.337470E-2
9.939863E-5
0.000000E+0
0.000000E+0
0.000000E+0
0.000000E+0
0.000000E+0
0.000000E+0
9.532816E+0
-5.884244E-3
9.787164E+2
1.711456E+2
-8.307586E-1
-2.022535E+1
1.007905E+0
2.069373E-2
3.396350E-1
8.397690E+0
1.008768E+0
1.721318E+2
3.085333E-2
3.706238E-3
6.324167E-1
1.109180E-3
-1.235220E-2
6.758160E-5
0.000000E+0
0.000000E+0
0.000000E+0
0.000000E+0
0.000000E+0
0.000000E+0
9.364951E+0
-3.486181E-3
9.781968E+2
1.683699E+2
-7.990773E-1
-1.954243E+1
9.891483E-1
1.941340E-2
3.219199E-1
8.115523E+0
9.896421E-1
1.693058E+2
2.983248E-2
3.637902E-3
6.223642E-1
1.051884E-3
-1.188745E-2
6.343396E-5
0.000000E+0
0.000000E+0
0.000000E+0
0.000000E+0
0.000000E+0
0.000000E+0
9.206679E+0
6.905424E-3
9.775973E+2
1.650996E+2
-7.443627E-1
-1.874342E+1
8.529623E-1
4.223298E-2
3.997439E-1
7.913470E+0
8.520085E-1
1.659716E+2
2.910757E-2
3.133884E-3
6.104821E-1
1.306978E-3
-1.108028E-2
1.380824E-4
0.000000E+0
0.000000E+0
0.000000E+0
0.000000E+0
0.000000E+0
0.000000E+0
9.121148E+0
-3.486181E-3
9.782767E+2
1.623103E+2
-7.099037E-1
-1.809718E+1
8.977370E-1
1.077835E-2
2.481022E-1
7.861439E+0
8.982153E-1
1.631268E+2
2.889611E-2
3.301549E-3
5.996013E-1
8.106164E-4
-1.056000E-2
3.521577E-5
0.000000E+0
0.000000E+0
0.000000E+0
0.000000E+0
0.000000E+0
0.000000E+0
8.957280E+0
-1.887473E-3
9.788363E+2
1.593174E+2
-6.373857E-1
-1.742011E+1
8.539792E-1
2.598173E-2
3.384364E-1
7.597712E+0
8.542295E-1
1.600868E+2
2.791077E-2
3.138077E-3
5.880909E-1
1.105130E-3
-9.475857E-3
8.484074E-5
0.000000E+0
0.000000E+0
0.000000E+0
0.000000E+0
0.000000E+0
0.000000E+0
8.787816E+0
-6.683599E-3
9.785565E+2
1.561995E+2
-6.259977E-1
-1.666145E+1
1.023625E+0
2.523792E-3
2.538748E-1
7.397500E+0
1.024487E+0
1.569113E+2
2.718304E-2
3.764608E-3
5.765902E-1
8.292400E-4
-9.309215E-3
8.243548E-6
0.000000E+0
0.000000E+0
0.000000E+0
0.000000E+0
0.000000E+0
0.000000E+0
8.714276E+0
-7.482953E-3
9.792360E+2
1.530694E+2
-5.743550E-1
-1.610872E+1
9.367053E-1
1.161144E-2
2.384202E-1
7.268217E+0
9.376546E-1
1.537430E+2
2.668945E-2
3.443139E-3
5.645560E-1
7.782196E-4
-8.535310E-3
3.790053E-5
0.000000E+0
0.000000E+0
0.000000E+0
0.000000E+0
0.000000E+0
0.000000E+0
8.543214E+0
-1.147972E-2
9.785165E+2
1.500027E+2
-5.233148E-1
-1.536085E+1
9.193654E-1
1.554190E-2
2.939372E-1
7.093103E+0
9.207866E-1
1.506202E+2
2.606556E-2
3.383684E-3
5.534955E-1
9.601362E-4
-7.782536E-3
5.076710E-5
0.000000E+0
0.000000E+0
0.000000E+0
0.000000E+0
0.000000E+0
0.000000E+0
8.385741E+0
5.306716E-3
9.786764E+2
1.468401E+2
-4.793060E-1
-1.478590E+1
9.463274E-1
-1.037694E-2
2.987836E-1
6.786968E+0
9.456988E-1
1.474265E+2
2.493651E-2
3.474663E-3
5.416709E-1
9.758075E-4
-7.126889E-3
-3.389039E-5
0.000000E+0
0.000000E+0
0.000000E+0
0.000000E+0
0.000000E+0
0.000000E+0
8.217876E+0
5.105901E-4
9.787963E+2
1.437073E+2
-4.529564E-1
-1.407849E+1
8.800780E-1
9.382510E-3
2.368041E-1
6.607281E+0
8.800191E-1
1.442440E+2
2.427333E-2
3.232948E-3
5.299130E-1
7.732916E-4
-6.734267E-3
3.063890E-5
0.000000E+0
0.000000E+0
0.000000E+0
0.000000E+0
0.000000E+0
0.000000E+0
8.141938E+0
-1.147972E-2
9.793159E+2
1.404124E+2
-3.887596E-1
-1.342195E+1
8.356542E-1
1.867575E-2
2.560673E-1
6.599200E+0
8.369764E-1
1.408980E+2
2.423079E-2
3.073190E-3
5.173460E-1
8.357526E-4
-5.776764E-3
6.095393E-5
0.000000E+0
0.000000E+0
0.000000E+0
0.000000E+0
0.000000E+0
0.000000E+0
7.976471E+0
-3.486181E-3
9.789562E+2
1.373829E+2
-3.536153E-1
-1.277930E+1
8.435589E-1
2.410040E-2
3.199062E-1
6.408420E+0
8.439488E-1
1.378270E+2
2.353893E-2
3.099930E-3
5.062560E-1
1.044494E-3
-5.256469E-3
7.868782E-5
0.000000E+0
0.000000E+0
0.000000E+0
0.000000E+0
0.000000E+0
0.000000E+0
7.811005E+0
-7.482953E-3
9.777971E+2
1.340431E+2
-3.223648E-1
-1.219438E+1
8.669869E-1
1.097551E-2
2.785901E-1
6.135894E+0
8.677883E-1
1.344567E+2
2.256463E-2
3.191274E-3
4.944618E-1
9.106751E-4
-4.797613E-3
3.587753E-5
0.000000E+0
0.000000E+0
0.000000E+0
0.000000E+0
0.000000E+0
0.000000E+0
7.647936E+0
-5.884244E-3
9.784366E+2
1.309877E+2
-2.610415E-1
-1.157107E+1
8.176381E-1
1.134353E-2
2.889614E-1
5.964355E+0
8.182506E-1
1.313625E+2
2.191946E-2
3.007133E-3
4.827670E-1
9.439599E-4
-3.882425E-3
3.705630E-5
0.000000E+0
0.000000E+0
0.000000E+0
0.000000E+0
0.000000E+0
0.000000E+0
7.486466E+0
-4.285536E-3
9.788363E+2
1.279889E+2
-2.340951E-1
-1.083008E+1
6.782455E-1
2.347878E-2
2.989118E-1
5.938113E+0
6.786897E-1
1.283089E+2
2.181411E-2
2.493218E-3
4.713524E-1
9.760666E-4
-3.480234E-3
7.666763E-5
0.000000E+0
0.000000E+0
0.000000E+0
0.000000E+0
0.000000E+0
0.000000E+0
7.408130E+0
-9.081662E-3
9.795957E+2
1.249813E+2
-1.865509E-1
-1.037548E+1
7.306619E-1
4.284450E-2
3.155497E-1
5.825634E+0
7.315853E-1
1.252759E+2
2.138432E-2
2.685450E-3
4.598535E-1
1.029597E-3
-2.771257E-3
1.397960E-4
0.000000E+0
0.000000E+0
0.000000E+0
0.000000E+0
0.000000E+0
0.000000E+0
7.245861E+0
-3.486181E-3
9.776372E+2
1.216513E+2
-1.545813E-1
-9.794169E+0
6.955250E-1
3.233879E-2
3.106603E-1
5.627559E+0
6.958674E-1
1.219152E+2
2.069862E-2
2.559456E-3
4.484138E-1
1.015674E-3
-2.300942E-3
1.057286E-4
0.000000E+0
0.000000E+0
0.000000E+0
0.000000E+0
0.000000E+0
0.000000E+0
7.097181E+0
1.309944E-3
9.785565E+2
1.186661E+2
-1.112624E-1
-9.264393E+0
6.792383E-1
2.633197E-2
2.677220E-1
5.468121E+0
6.791133E-1
1.189016E+2
2.009330E-2
2.495487E-3
4.369187E-1
8.744695E-4
-1.654584E-3
8.600899E-5
0.000000E+0
0.000000E+0
0.000000E+0
0.000000E+0
0.000000E+0
0.000000E+0
6.920523E+0
-4.285536E-3
9.785165E+2
1.154035E+2
-7.498921E-2
-8.656350E+0
7.394430E-1
3.469523E-3
2.137350E-1
5.311914E+0
7.398403E-1
1.156057E+2
1.952009E-2
2.718747E-3
4.248252E-1
6.981584E-4
-1.115210E-3
1.133308E-5
0.000000E+0
0.000000E+0
0.000000E+0
0.000000E+0
0.000000E+0
0.000000E+0
6.839788E+0
-5.084890E-3
9.774774E+2
1.123744E+2
-4.622764E-2
-8.201042E+0
6.716287E-1
3.340477E-2
3.228497E-1
5.240323E+0
6.720937E-1
1.125513E+2
1.927749E-2
2.472419E-3
4.140405E-1
1.055699E-3
-6.882104E-4
1.092316E-4
0.000000E+0
0.000000E+0
0.000000E+0
0.000000E+0
0.000000E+0
0.000000E+0
6.671924E+0
2.109299E-3
9.770777E+2
1.093877E+2
-1.672164E-2
-7.724647E+0
6.471639E-1
5.985884E-4
2.697146E-1
5.036793E+0
6.469784E-1
1.095444E+2
1.853634E-2
2.381002E-3
4.031437E-1
8.823114E-4
-2.490440E-4
1.958149E-6
0.000000E+0
0.000000E+0
0.000000E+0
0.000000E+0
0.000000E+0
0.000000E+0
6.516849E+0
-1.147972E-2
9.789562E+2
1.063099E+2
1.440601E-2
-7.098353E+0
5.945003E-1
9.477899E-3
3.010170E-1
5.013075E+0
5.955047E-1
1.064286E+2
1.841365E-2
2.187363E-3
3.909256E-1
9.828206E-4
2.141444E-4
3.094534E-5
0.000000E+0
0.000000E+0
0.000000E+0
0.000000E+0
0.000000E+0
0.000000E+0
6.434515E+0
-1.547650E-2
9.779570E+2
1.031245E+2
4.748450E-2
-6.693738E+0
6.922505E-1
2.376329E-2
2.633266E-1
4.905151E+0
6.935755E-1
1.032250E+2
1.803564E-2
2.550193E-3
3.795458E-1
8.606400E-4
7.065752E-4
7.766644E-5
0.000000E+0
0.000000E+0
0.000000E+0
0.000000E+0
0.000000E+0
0.000000E+0
6.267450E+0
2.908653E-3
9.765581E+2
9.983187E+1
6.590077E-2
-6.118133E+0
6.059381E-1
1.450015E-2
2.492457E-1
4.817073E+0
6.056936E-1
9.990311E+1
1.773716E-2
2.230252E-3
3.678577E-1
8.157856E-4
9.820162E-4
4.745925E-5
0.000000E+0
0.000000E+0
0.000000E+0
0.000000E+0
0.000000E+0
0.000000E+0
6.109178E+0
-3.486181E-3
9.776372E+2
9.688754E+1
9.989179E-2
-5.586956E+0
6.551279E-1
3.086297E-2
2.737329E-1
4.755829E+0
6.554173E-1
9.693189E+1
1.749232E-2
2.410678E-3
3.565233E-1
8.949437E-4
1.486888E-3
1.009035E-4
0.000000E+0
0.000000E+0
0.000000E+0
0.000000E+0
0.000000E+0
0.000000E+0
5.945310E+0
-2.686827E-3
9.783567E+2
9.342453E+1
1.483419E-1
-5.173805E+0
5.861321E-1
1.290858E-2
2.561745E-1
4.530827E+0
5.863446E-1
9.345791E+1
1.665249E-2
2.155037E-3
3.434930E-1
8.369225E-4
2.206443E-3
4.217235E-5
0.000000E+0
0.000000E+0
0.000000E+0
0.000000E+0
0.000000E+0
0.000000E+0
5.862177E+0
-2.686827E-3
9.771576E+2
9.053340E+1
1.703237E-1
-4.761163E+0
6.530598E-1
1.737203E-3
2.017928E-1
4.510414E+0
6.532713E-1
9.054623E+1
1.659781E-2
2.403964E-3
3.331998E-1
6.600663E-4
2.536511E-3
5.682408E-6
0.000000E+0
0.000000E+0
0.000000E+0
0.000000E+0
0.000000E+0
0.000000E+0
5.694313E+0
-6.683599E-3
9.781169E+2
8.757286E+1
1.938499E-1
-4.258872E+0
5.390779E-1
1.634526E-2
2.572698E-1
4.451146E+0
5.395971E-1
8.756329E+1
1.636365E-2
1.983709E-3
3.219069E-1
8.407068E-4
2.884039E-3
5.341307E-5
0.000000E+0
0.000000E+0
0.000000E+0
0.000000E+0
0.000000E+0
0.000000E+0
5.526448E+0
-2.686827E-3
9.787563E+2
8.454076E+1
2.340851E-1
-3.745260E+0
5.364033E-1
1.678482E-2
2.419304E-1
4.413841E+0
5.366103E-1
8.450849E+1
1.621590E-2
1.971439E-3
3.104737E-1
7.900641E-4
3.480370E-3
5.481364E-5
0.000000E+0
0.000000E+0
0.000000E+0
0.000000E+0
0.000000E+0
0.000000E+0
5.372173E+0
-1.147972E-2
9.782767E+2
8.129714E+1
2.558596E-1
-3.413007E+0
4.623198E-1
2.053622E-2
2.342429E-1
4.213319E+0
4.631640E-1
8.125959E+1
1.548680E-2
1.702441E-3
2.986840E-1
7.653344E-4
3.805978E-3
6.709735E-5
0.000000E+0
0.000000E+0
0.000000E+0
0.000000E+0
0.000000E+0
0.000000E+0
5.279448E+0
-5.884244E-3
9.771576E+2
7.789746E+1
2.807335E-1
-3.012669E+0
5.200045E-1
1.633480E-2
2.493728E-1
4.167668E+0
5.204325E-1
7.784421E+1
1.533655E-2
1.915132E-3
2.864578E-1
8.157008E-4
4.180766E-3
5.343128E-5
0.000000E+0
0.000000E+0
0.000000E+0
0.000000E+0
0.000000E+0
0.000000E+0
5.123573E+0
-5.084890E-3
9.774774E+2
7.525384E+1
3.037013E-1
-2.539664E+0
4.742404E-1
2.795089E-2
2.701602E-1
4.190917E+0
4.746123E-1
7.517996E+1
1.541705E-2
1.745948E-3
2.765632E-1
8.834076E-4
4.521330E-3
9.139773E-5
0.000000E+0
0.000000E+0
0.000000E+0
0.000000E+0
0.000000E+0
0.000000E+0
4.972495E+0
-8.282307E-3
9.784366E+2
7.181684E+1
3.264443E-1
-2.124686E+0
4.722512E-1
2.134459E-2
2.428626E-1
4.108147E+0
4.728450E-1
7.173072E+1
1.509775E-2
1.737741E-3
2.636158E-1
7.933675E-4
4.855150E-3
6.972712E-5
0.000000E+0
0.000000E+0
0.000000E+0
0.000000E+0
0.000000E+0
0.000000E+0
4.795039E+0
-7.482953E-3
9.777971E+2
6.880669E+1
3.424138E-1
-1.803182E+0
3.967158E-1
2.864547E-2
2.231440E-1
3.954736E+0
3.972323E-1
6.871661E+1
1.454346E-2
1.460813E-3
2.527039E-1
7.294289E-4
5.095992E-3
9.363832E-5
0.000000E+0
0.000000E+0
0.000000E+0
0.000000E+0
0.000000E+0
0.000000E+0
4.714304E+0
-5.884244E-3
9.778771E+2
6.550003E+1
3.656009E-1
-1.454873E+0
3.822168E-1
3.510705E-2
2.495170E-1
3.933281E+0
3.826208E-1
6.539801E+1
1.446338E-2
1.406965E-3
2.404802E-1
8.155722E-4
5.440631E-3
1.147510E-4
0.000000E+0
0.000000E+0
0.000000E+0
0.000000E+0
0.000000E+0
0.000000E+0
4.556032E+0
-5.884244E-3
9.765181E+2
6.261563E+1
3.799038E-1
-1.083068E+0
4.959182E-1
-1.925577E-2
1.516397E-1
3.894112E+0
4.963181E-1
6.250380E+1
1.433927E-2
1.827590E-3
2.301575E-1
4.963399E-4
5.661345E-3
-6.302707E-5
0.000000E+0
0.000000E+0
0.000000E+0
0.000000E+0
0.000000E+0
0.000000E+0
4.397759E+0
-4.285536E-3
9.782767E+2
5.949237E+1
3.957033E-1
-7.247928E-1
4.384694E-1
1.180151E-2
2.442431E-1
3.839185E+0
4.387566E-1
5.937279E+1
1.411160E-2
1.612727E-3
2.182352E-1
7.980078E-4
5.886189E-3
3.855870E-5
0.000000E+0
0.000000E+0
0.000000E+0
0.000000E+0
0.000000E+0
0.000000E+0
4.225898E+0
-1.387779E-2
9.781968E+2
5.627359E+1
4.348477E-1
-3.123049E-1
3.885464E-1
2.492357E-2
2.439703E-1
3.835194E+0
3.894754E-1
5.614361E+1
1.409808E-2
1.431703E-3
2.063826E-1
7.971814E-4
6.469000E-3
8.143863E-5
0.000000E+0
0.000000E+0
0.000000E+0
0.000000E+0
0.000000E+0
0.000000E+0
4.145163E+0
-5.884244E-3
9.770777E+2
5.320810E+1
4.652512E-1
1.156112E-3
3.637534E-1
1.509171E-2
2.090618E-1
3.847192E+0
3.641486E-1
5.306883E+1
1.415839E-2
1.340135E-3
1.953032E-1
6.838993E-4
6.929226E-3
4.936916E-5
0.000000E+0
0.000000E+0
0.000000E+0
0.000000E+0
0.000000E+0
0.000000E+0
3.981296E+0
-8.282307E-3
9.776372E+2
4.976564E+1
5.111729E-1
2.919108E-1
4.464206E-1
-6.735742E-3
1.792569E-1
3.746411E+0
4.469622E-1
4.962528E+1
1.377960E-2
1.643963E-3
1.825258E-1
5.860634E-4
7.608804E-3
-2.202187E-5
0.000000E+0
0.000000E+0
0.000000E+0
0.000000E+0
0.000000E+0
0.000000E+0
3.819826E+0
-3.486181E-3
9.774774E+2
4.594874E+1
5.619165E-1
6.330408E-1
3.570427E-1
3.600291E-3
2.023051E-1
3.692680E+0
3.572674E-1
4.580450E+1
1.358420E-2
1.314273E-3
1.685002E-1
6.615254E-4
8.365489E-3
1.177273E-5
0.000000E+0
0.000000E+0
0.000000E+0
0.000000E+0
0.000000E+0
0.000000E+0
3.656758E+0
-2.686827E-3
9.782368E+2
4.247656E+1
6.305602E-1
9.394298E-1
3.576447E-1
4.471420E-2
1.783685E-1
3.646619E+0
3.578157E-1
4.233016E+1
1.340434E-2
1.315269E-3
1.555983E-1
5.828017E-4
9.380130E-3
1.460992E-4
0.000000E+0
0.000000E+0
0.000000E+0
0.000000E+0
0.000000E+0
0.000000E+0
3.571227E+0
-4.285536E-3
9.776772E+2
3.844351E+1
7.013520E-1
1.214758E+0
2.324215E-1
3.001391E-2
2.684852E-1
3.607002E+0
2.326913E-1
3.829319E+1
1.326630E-2
8.558224E-4
1.408397E-1
8.777509E-4
1.043919E-2
9.812363E-5
0.000000E+0
0.000000E+0
0.000000E+0
0.000000E+0
0.000000E+0
0.000000E+0
3.453722E+0
-1.467714E-2
9.778771E+2
3.440115E+1
7.700434E-1
1.556456E+0
3.988819E-1
1.081655E-2
3.221410E-1
3.625932E+0
3.998108E-1
3.424490E+1
1.333320E-2
1.470176E-3
1.259246E-1
1.052951E-3
1.145928E-2
3.535501E-5
0.000000E+0
0.000000E+0
0.000000E+0
0.000000E+0
0.000000E+0
0.000000E+0
3.243491E+0
-5.884244E-3
9.772376E+2
3.098306E+1
8.344048E-1
1.808493E+0
4.034351E-1
1.585763E-2
3.272044E-1
3.558557E+0
4.038006E-1
3.083110E+1
1.309401E-2
1.485819E-3
1.134457E-1
1.070201E-3
1.242519E-2
5.186621E-5
0.000000E+0
0.000000E+0
0.000000E+0
0.000000E+0
0.000000E+0
0.000000E+0
3.083621E+0
-9.081662E-3
9.763982E+2
2.634156E+1
9.318082E-1
2.135132E+0
2.404272E-1
4.022376E-2
4.091345E-1
3.549003E+0
2.409898E-1
2.618856E+1
1.307009E-2
8.875047E-4
9.644588E-2
1.339324E-3
1.388756E-2
1.316746E-4
0.000000E+0
0.000000E+0
0.000000E+0
0.000000E+0
0.000000E+0
0.000000E+0
3.010080E+0
-5.084890E-3
9.773575E+2
2.308744E+1
9.837828E-1
2.347382E+0
2.504885E-1
3.505171E-2
4.857131E-1
3.556481E+0
2.508041E-1
2.293232E+1
1.308477E-2
9.227419E-4
8.437107E-2
1.588447E-3
1.464779E-2
1.146310E-4
0.000000E+0
0.000000E+0
0.000000E+0
0.000000E+0
0.000000E+0
0.000000E+0
2.834222E+0
-5.884244E-3
9.772376E+2
1.933563E+1
1.008436E+0
2.712210E+0
2.068544E-1
7.952287E-2
4.627447E-1
3.664947E+0
2.072308E-1
1.917787E+1
1.348549E-2
7.625232E-4
7.056660E-2
1.513519E-3
1.501670E-2
2.600988E-4
0.000000E+0
0.000000E+0
0.000000E+0
0.000000E+0
0.000000E+0
0.000000E+0
2.668756E+0
-6.683599E-3
9.779170E+2
1.668069E+1
9.893596E-1
2.928665E+0
2.043570E-1
5.574420E-2
3.491089E-1
3.702147E+0
2.047889E-1
1.652624E+1
1.361290E-2
7.530146E-4
6.076745E-2
1.141052E-3
1.472239E-2
1.821983E-4
0.000000E+0
0.000000E+0
0.000000E+0
0.000000E+0
0.000000E+0
0.000000E+0
2.530467E+0
-2.686827E-3
9.777172E+2
1.421344E+1
9.499248E-1
3.242188E+0
2.375688E-1
3.559142E-2
3.893974E-1
3.866548E+0
2.377502E-1
1.405643E+1
1.422031E-2
8.743928E-4
5.169648E-2
1.272994E-3
1.413847E-2
1.163533E-4
0.000000E+0
0.000000E+0
0.000000E+0
0.000000E+0
0.000000E+0
0.000000E+0
2.417758E+0
-9.081662E-3
9.763583E+2
1.178610E+1
9.174392E-1
3.370295E+0
1.592888E-1
5.254656E-2
4.269025E-1
3.864470E+0
1.599013E-1
1.163343E+1
1.423245E-2
5.889003E-4
4.284475E-2
1.397546E-3
1.367396E-2
1.720210E-4
0.000000E+0
0.000000E+0
0.000000E+0
0.000000E+0
0.000000E+0
0.000000E+0
2.249894E+0
-1.227908E-2
9.766380E+2
9.442909E+0
9.088995E-1
3.741477E+0
8.480528E-2
6.840178E-2
4.376804E-1
4.109284E+0
8.568595E-2
9.288747E+0
1.512974E-2
3.154823E-4
3.419972E-2
1.432419E-3
1.354280E-2
2.238619E-4
0.000000E+0
0.000000E+0
0.000000E+0
0.000000E+0
0.000000E+0
0.000000E+0
2.102813E+0
-4.285536E-3
9.769178E+2
6.324721E+0
9.020751E-1
4.012905E+0
1.278464E-1
6.325512E-2
4.373585E-1
4.242265E+0
1.281637E-1
6.173217E+0
1.561488E-2
4.717436E-4
2.272231E-2
1.430955E-3
1.343727E-2
2.069589E-4
0.000000E+0
0.000000E+0
0.000000E+0
0.000000E+0
0.000000E+0
0.000000E+0
1.915764E+0
-1.227908E-2
9.761584E+2
3.534995E+0
9.075506E-1
4.233215E+0
1.553391E-1
3.470825E-2
4.014378E-1
4.348991E+0
1.562712E-1
3.391502E+0
1.602017E-2
5.756487E-4
1.249312E-2
1.314451E-3
1.352935E-2
1.136472E-4
0.000000E+0
0.000000E+0
0.000000E+0
0.000000E+0
0.000000E+0
0.000000E+0
1.845420E+0
-2.686827E-3
9.771177E+2
7.641877E-1
8.959580E-1
4.208336E+0
2.847149E-2
5.452697E-2
4.243571E-1
4.230761E+0
2.866989E-2
6.282699E-1
1.556936E-2
1.055062E-4
2.312056E-3
1.388133E-3
1.334342E-2
1.783655E-4
0.000000E+0
0.000000E+0
0.000000E+0
0.000000E+0
0.000000E+0
0.000000E+0
1.688747E+0
5.306716E-3
9.782767E+2
-1.965963E+0
8.999080E-1
4.479502E+0
6.992127E-2
5.770094E-2
3.835215E-1
4.419626E+0
6.951192E-2
-2.097120E+0
1.624511E-2
2.555033E-4
-7.708335E-3
1.253068E-3
1.338636E-2
1.885245E-4
0.000000E+0
0.000000E+0
0.000000E+0
0.000000E+0
0.000000E+0
0.000000E+0
1.536070E+0
-2.686827E-3
9.755989E+2
-4.977367E+0
9.005443E-1
4.564581E+0
9.441057E-2
4.155836E-2
4.111960E-1
4.429512E+0
9.461828E-2
-5.097938E+0
1.632614E-2
3.487408E-4
-1.878980E-2
1.347175E-3
1.343260E-2
1.361550E-4
0.000000E+0
0.000000E+0
0.000000E+0
0.000000E+0
0.000000E+0
0.000000E+0
1.444145E+0
-4.285536E-3
9.768379E+2
-7.689084E+0
8.916990E-1
4.692035E+0
-1.902388E-3
4.266789E-2
4.428870E-1
4.496762E+0
-1.566045E-3
-7.804893E+0
1.655299E-2
-5.764753E-6
-2.873052E-2
1.449162E-3
1.328379E-2
1.396128E-4
0.000000E+0
0.000000E+0
0.000000E+0
0.000000E+0
0.000000E+0
0.000000E+0
1.266688E+0
1.489897E-2
9.783167E+2
-1.056352E+1
8.970272E-1
4.837065E+0
2.827981E-2
4.416806E-2
4.160785E-1
4.602372E+0
2.708303E-2
-1.066787E+1
1.691614E-2
9.954438E-5
-3.921002E-2
1.359385E-3
1.334297E-2
1.443030E-4
0.000000E+0
0.000000E+0
0.000000E+0
0.000000E+0
0.000000E+0
0.000000E+0
1.111613E+0
-6.683599E-3
9.763583E+2
-1.364827E+1
9.014652E-1
5.005876E+0
6.187125E-2
1.757949E-2
4.307104E-1
4.740149E+0
6.242419E-2
-1.374281E+1
1.745749E-2
2.299020E-4
-5.061339E-2
1.410012E-3
1.343588E-2
5.754975E-5
0.000000E+0
0.000000E+0
0.000000E+0
0.000000E+0
0.000000E+0
0.000000E+0
9.405513E-1
-8.282307E-3
9.761984E+2
-1.664641E+1
8.980407E-1
5.019489E+0
-6.584401E-2
2.271500E-2
4.351146E-1
4.745572E+0
-6.515802E-2
-1.672656E+1
1.748032E-2
-2.400097E-4
-6.161231E-2
1.424663E-3
1.338703E-2
7.437400E-5
0.000000E+0
0.000000E+0
0.000000E+0
0.000000E+0
0.000000E+0
0.000000E+0
8.622146E-1
-2.686827E-3
9.775973E+2
-1.950785E+1
8.968479E-1
5.028420E+0
-1.471174E-1
5.080329E-2
4.381996E-1
4.734305E+0
-1.468954E-1
-1.958131E+1
1.741387E-2
-5.403154E-4
-7.202460E-2
1.432711E-3
1.335012E-2
1.661033E-4
0.000000E+0
0.000000E+0
0.000000E+0
0.000000E+0
0.000000E+0
0.000000E+0
7.055411E-1
-1.887473E-3
9.763183E+2
-2.253550E+1
9.014020E-1
5.215034E+0
1.204883E-3
1.371339E-2
3.969978E-1
4.937143E+0
1.367525E-3
-2.259801E+1
1.818374E-2
5.036664E-6
-8.322959E-2
1.299700E-3
1.343549E-2
4.489521E-5
0.000000E+0
0.000000E+0
0.000000E+0
0.000000E+0
0.000000E+0
0.000000E+0
5.448709E-1
-5.884244E-3
9.784766E+2
-2.565235E+1
9.018520E-1
5.341386E+0
-5.601102E-2
1.350044E-2
3.727425E-1
5.097205E+0
-5.548754E-2
-2.570199E+1
1.873185E-2
-2.039126E-4
-9.445290E-2
1.217601E-3
1.341254E-2
4.410055E-5
0.000000E+0
0.000000E+0
0.000000E+0
0.000000E+0
0.000000E+0
0.000000E+0
3.770065E-1
5.105901E-4
9.773175E+2
-2.857409E+1
8.982180E-1
5.258249E+0
-1.088868E-1
3.379220E-2
3.995821E-1
5.070118E+0
-1.089320E-1
-2.860807E+1
1.865441E-2
-4.007917E-4
-1.052572E-1
1.306823E-3
1.337434E-2
1.105165E-4
0.000000E+0
0.000000E+0
0.000000E+0
0.000000E+0
0.000000E+0
0.000000E+0
2.946730E-1
-5.884244E-3
9.767979E+2
-3.148126E+1
8.994153E-1
5.293072E+0
-6.463398E-2
2.173280E-2
4.014398E-1
5.131101E+0
-6.410702E-2
-3.150807E+1
1.888882E-2
-2.359934E-4
-1.159888E-1
1.313597E-3
1.339929E-2
7.111438E-5
0.000000E+0
0.000000E+0
0.000000E+0
0.000000E+0
0.000000E+0
0.000000E+0
1.348021E-1
1.409961E-2
9.750793E+2
-3.446217E+1
8.921526E-1
5.276831E+0
-1.291997E-1
3.625456E-2
4.197995E-1
5.195704E+0
-1.304783E-1
-3.447449E+1
1.916035E-2
-4.811686E-4
-1.271326E-1
1.376095E-3
1.331452E-2
1.188418E-4
0.000000E+0
0.000000E+0
0.000000E+0
0.000000E+0
0.000000E+0
0.000000E+0
-3.386164E-2
-1.467714E-2
9.765181E+2
-3.721199E+1
8.981236E-1
5.431890E+0
-1.947888E-1
3.968580E-2
4.308802E-1
5.453931E+0
-1.933917E-1
-3.720877E+1
2.008299E-2
-7.121254E-4
-1.370137E-1
1.410336E-3
1.338388E-2
1.298977E-4
0.000000E+0
0.000000E+0
0.000000E+0
0.000000E+0
0.000000E+0
0.000000E+0
-2.033248E-1
-8.282307E-3
9.778371E+2
-4.042930E+1
8.926163E-1
5.448089E+0
-1.797627E-1
4.575584E-2
3.400257E-1
5.591551E+0
-1.789544E-1
-4.040971E+1
2.056198E-2
-6.580744E-4
-1.485998E-1
1.111455E-3
1.328387E-2
1.495638E-4
0.000000E+0
0.000000E+0
0.000000E+0
0.000000E+0
0.000000E+0
0.000000E+0
-2.848589E-1
9.303487E-3
9.767580E+2
-4.333020E+1
8.949776E-1
5.489203E+0
-1.219472E-1
4.382400E-2
4.147216E-1
5.704540E+0
-1.228735E-1
-4.330237E+1
2.100065E-2
-4.523456E-4
-1.594130E-1
1.357114E-3
1.333372E-2
1.434074E-4
0.000000E+0
0.000000E+0
0.000000E+0
0.000000E+0
0.000000E+0
0.000000E+0
-4.551214E-1
-1.887473E-3
9.773175E+2
-4.633439E+1
8.846615E-1
5.341294E+0
-2.072636E-1
1.510182E-2
3.920589E-1
5.709179E+0
-2.070755E-1
-4.629050E+1
2.100569E-2
-7.618896E-4
-1.703159E-1
1.282219E-3
1.317248E-2
4.939011E-5
0.000000E+0
0.000000E+0
0.000000E+0
0.000000E+0
0.000000E+0
0.000000E+0
-6.189890E-1
-7.482953E-3
9.769178E+2
-4.913785E+1
8.822992E-1
5.344497E+0
-2.311026E-1
3.175154E-2
4.115858E-1
5.875061E+0
-2.303353E-1
-4.907725E+1
2.162486E-2
-8.478158E-4
-1.806430E-1
1.346632E-3
1.314269E-2
1.038851E-4
0.000000E+0
0.000000E+0
0.000000E+0
0.000000E+0
0.000000E+0
0.000000E+0
-6.973257E-1
-2.686827E-3
9.764382E+2
-5.205931E+1
8.763664E-1
5.239973E+0
-2.325396E-1
2.515938E-2
3.343209E-1
5.873175E+0
-2.322642E-1
-5.199168E+1
2.162854E-2
-8.553356E-4
-1.914644E-1
1.094373E-3
1.306072E-2
8.235721E-5
0.000000E+0
0.000000E+0
0.000000E+0
0.000000E+0
0.000000E+0
0.000000E+0
-8.492030E-1
-5.884244E-3
9.776772E+2
-5.514843E+1
8.763826E-1
5.284218E+0
-2.005551E-1
4.038823E-2
3.395952E-1
6.101005E+0
-1.999285E-1
-5.506405E+1
2.243907E-2
-7.353231E-4
-2.025218E-1
1.110229E-3
1.304441E-2
1.320401E-4
0.000000E+0
0.000000E+0
0.000000E+0
0.000000E+0
0.000000E+0
0.000000E+0
-1.025860E+0
-5.884244E-3
9.757987E+2
-5.813467E+1
8.673950E-1
5.219587E+0
-3.659764E-1
2.315944E-2
3.545948E-1
6.259613E+0
-3.653336E-1
-5.803190E+1
2.306674E-2
-1.346258E-3
-2.138482E-1
1.161498E-3
1.293549E-2
7.586026E-5
0.000000E+0
0.000000E+0
0.000000E+0
0.000000E+0
0.000000E+0
0.000000E+0
-1.184132E+0
-9.081662E-3
9.755589E+2
-6.097700E+1
8.632330E-1
5.178555E+0
-3.286070E-1
2.632220E-2
3.473952E-1
6.437624E+0
-3.275867E-1
-6.085696E+1
2.372854E-2
-1.207457E-3
-2.243137E-1
1.138195E-3
1.287659E-2
8.624127E-5
0.000000E+0
0.000000E+0
0.000000E+0
0.000000E+0
0.000000E+0
0.000000E+0
-1.353596E+0
-7.482953E-3
9.775573E+2
-6.407521E+1
8.571557E-1
5.137490E+0
-3.168320E-1
2.245537E-2
3.448305E-1
6.649715E+0
-3.159636E-1
-6.393597E+1
2.446019E-2
-1.162235E-3
-2.351809E-1
1.127483E-3
1.275980E-2
7.342169E-5
0.000000E+0
0.000000E+0
0.000000E+0
0.000000E+0
0.000000E+0
0.000000E+0
-1.436728E+0
-1.887473E-3
9.765581E+2
-6.661416E+1
8.433444E-1
4.961780E+0
-3.265900E-1
3.695382E-2
2.935847E-1
6.630448E+0
-3.263716E-1
-6.646881E+1
2.441427E-2
-1.201747E-3
-2.447478E-1
9.609080E-4
1.256704E-2
1.209505E-4
0.000000E+0
0.000000E+0
0.000000E+0
0.000000E+0
0.000000E+0
0.000000E+0
-1.593402E+0
-3.486181E-3
9.777172E+2
-6.971382E+1
8.353737E-1
4.865569E+0
-4.212592E-1
2.882906E-2
3.254549E-1
6.802212E+0
-4.208453E-1
-6.955157E+1
2.501704E-2
-1.547776E-3
-2.557954E-1
1.063957E-3
1.243351E-2
9.424617E-5
0.000000E+0
0.000000E+0
0.000000E+0
0.000000E+0
0.000000E+0
0.000000E+0
-1.758069E+0
-8.282307E-3
9.756389E+2
-7.237396E+1
8.215974E-1
4.795797E+0
-3.877063E-1
3.184834E-2
3.298888E-1
7.013976E+0
-3.866925E-1
-7.219276E+1
2.585081E-2
-1.425199E-3
-2.660747E-1
1.080749E-3
1.225452E-2
1.043384E-4
0.000000E+0
0.000000E+0
0.000000E+0
0.000000E+0
0.000000E+0
0.000000E+0
-1.921936E+0
-7.482953E-3
9.751592E+2
-7.504086E+1
8.191968E-1
4.855761E+0
-3.995386E-1
-2.273238E-2
3.569429E-1
7.369789E+0
-3.985761E-1
-7.483580E+1
2.717556E-2
-1.469720E-3
-2.759516E-1
1.169957E-3
1.222472E-2
-7.451022E-5
0.000000E+0
0.000000E+0
0.000000E+0
0.000000E+0
0.000000E+0
0.000000E+0
-2.004270E+0
-8.282307E-3
9.766780E+2
-7.813357E+1
7.963371E-1
4.656065E+0
-3.784058E-1
2.906647E-2
2.859730E-1
7.385913E+0
-3.773381E-1
-7.792293E+1
2.719266E-2
-1.389243E-3
-2.868883E-1
9.358798E-4
1.186511E-2
9.512339E-5
0.000000E+0
0.000000E+0
0.000000E+0
0.000000E+0
0.000000E+0
0.000000E+0
-2.168937E+0
-6.683599E-3
9.766780E+2
-8.080400E+1
7.806672E-1
4.686939E+0
-5.221760E-1
-2.530372E-2
3.609432E-1
7.741754E+0
-5.212729E-1
-8.056872E+1
2.850276E-2
-1.919167E-3
-2.966293E-1
1.181229E-3
1.163164E-2
-8.280938E-5
0.000000E+0
0.000000E+0
0.000000E+0
0.000000E+0
0.000000E+0
0.000000E+0
-2.337601E+0
-8.282307E-3
9.770777E+2
-8.377069E+1
7.582278E-1
4.765090E+0
-4.088106E-1
-9.168935E-2
4.124021E-1
8.177981E+0
-4.076284E-1
-8.350663E+1
3.009650E-2
-1.500149E-3
-3.073200E-1
1.349082E-3
1.129268E-2
-2.999413E-4
0.000000E+0
0.000000E+0
0.000000E+0
0.000000E+0
0.000000E+0
0.000000E+0
-2.415138E+0
-3.486181E-3
9.759586E+2
-8.647121E+1
7.385247E-1
4.923535E+0
-4.243509E-1
-8.442658E-2
4.103240E-1
8.563051E+0
-4.238299E-1
-8.618692E+1
3.154977E-2
-1.561562E-3
-3.175477E-1
1.343823E-3
1.101184E-2
-2.764994E-4
0.000000E+0
0.000000E+0
0.000000E+0
0.000000E+0
0.000000E+0
0.000000E+0
-2.583802E+0
-3.486181E-3
9.754790E+2
-8.904192E+1
7.127293E-1
4.825930E+0
-4.224336E-1
-5.004146E-2
3.573377E-1
8.835110E+0
-4.218961E-1
-8.873384E+1
3.256815E-2
-1.555201E-3
-3.270924E-1
1.170867E-3
1.063244E-2
-1.639678E-4
0.000000E+0
0.000000E+0
0.000000E+0
0.000000E+0
0.000000E+0
0.000000E+0
-2.745271E+0
-6.683599E-3
9.771976E+2
-9.176424E+1
6.972822E-1
4.913931E+0
-4.973301E-1
-5.826922E-2
3.750972E-1
9.303461E+0
-4.962448E-1
-9.142357E+1
3.423428E-2
-1.826050E-3
-3.364146E-1
1.226896E-3
1.038371E-2
-1.905914E-4
0.000000E+0
0.000000E+0
0.000000E+0
0.000000E+0
0.000000E+0
0.000000E+0
-2.912336E+0
-3.486181E-3
9.766780E+2
-9.447859E+1
6.740290E-1
5.107863E+0
-4.356516E-1
-1.844727E-2
3.697805E-1
9.901558E+0
-4.350491E-1
-9.409705E+1
3.645450E-2
-1.601717E-3
-3.464365E-1
1.210150E-3
1.004277E-2
-6.037082E-5
0.000000E+0
0.000000E+0
0.000000E+0
0.000000E+0
0.000000E+0
0.000000E+0
-2.997068E+0
-8.282307E-3
9.759986E+2
-9.675343E+1
6.124586E-1
5.847716E+0
-4.047634E-1
-1.679813E-1
3.721249E-1
1.089851E+1
-4.031880E-1
-9.631535E+1
4.015292E-2
-1.485448E-3
-3.548504E-1
1.218670E-3
9.131746E-3
-5.501210E-4
0.000000E+0
0.000000E+0
0.000000E+0
0.000000E+0
0.000000E+0
0.000000E+0
-3.154541E+0
-2.686827E-3
9.766380E+2
-9.932825E+1
5.953335E-1
6.018886E+0
-5.532794E-1
-1.590232E-1
3.830372E-1
1.147576E+1
-5.527413E-1
-9.884653E+1
4.225194E-2
-2.035107E-3
-3.639375E-1
1.253585E-3
8.870599E-3
-5.204431E-4
0.000000E+0
0.000000E+0
0.000000E+0
0.000000E+0
0.000000E+0
0.000000E+0
-3.319207E+0
-3.486181E-3
9.765981E+2
-1.016969E+2
5.757860E-1
6.226629E+0
-6.020930E-1
-1.810802E-1
4.263484E-1
1.210434E+1
-6.013565E-1
-1.011658E+2
4.456810E-2
-2.214191E-3
-3.724918E-1
1.395389E-3
8.579689E-3
-5.926544E-4
0.000000E+0
0.000000E+0
0.000000E+0
0.000000E+0
0.000000E+0
0.000000E+0
-3.487871E+0
-1.088119E-3
9.768379E+2
-1.042409E+2
5.584058E-1
6.577039E+0
-5.019300E-1
-1.826160E-1
3.568195E-1
1.290660E+1
-5.016849E-1
-1.036477E+2
4.751036E-2
-1.846748E-3
-3.815367E-1
1.167542E-3
8.318666E-3
-5.975341E-4
0.000000E+0
0.000000E+0
0.000000E+0
0.000000E+0
0.000000E+0
0.000000E+0
-3.563011E+0
-5.084890E-3
9.780369E+2
-1.069755E+2
5.527567E-1
6.762129E+0
-6.073074E-1
-1.969560E-1
3.969606E-1
1.339723E+1
-6.061184E-1
-1.063485E+2
4.925596E-2
-2.228442E-3
-3.909984E-1
1.297295E-3
8.224416E-3
-6.436657E-4
0.000000E+0
0.000000E+0
0.000000E+0
0.000000E+0
0.000000E+0
0.000000E+0
-3.734872E+0
-1.887473E-3
9.750393E+2
-1.094946E+2
5.597972E-1
7.177462E+0
-5.965002E-1
-2.231120E-1
4.335969E-1
1.429468E+1
-5.960293E-1
-1.087946E+2
5.271708E-2
-2.198085E-3
-4.012213E-1
1.421381E-3
8.354776E-3
-7.313872E-4
0.000000E+0
0.000000E+0
0.000000E+0
0.000000E+0
0.000000E+0
0.000000E+0
-3.892344E+0
-2.686827E-3
9.755189E+2
-1.119546E+2
5.713479E-1
7.408865E+0
-5.014703E-1
-2.671084E-1
2.495855E-1
1.499150E+1
-5.007673E-1
-1.111934E+2
5.525968E-2
-1.845862E-3
-4.098666E-1
8.177679E-4
8.522974E-3
-8.751820E-4
0.000000E+0
0.000000E+0
0.000000E+0
0.000000E+0
0.000000E+0
0.000000E+0
-3.956293E+0
-6.683599E-3
9.775573E+2
-1.130860E+2
5.822060E-1
7.621862E+0
-6.522386E-1
-2.169686E-1
3.837597E-1
1.540620E+1
-6.504415E-1
-1.122906E+2
5.666987E-2
-2.392572E-3
-4.130478E-1
1.254769E-3
8.666839E-3
-7.094163E-4
0.000000E+0
0.000000E+0
0.000000E+0
0.000000E+0
0.000000E+0
0.000000E+0
-4.020241E+0
-2.686827E-3
9.755189E+2
-1.132805E+2
5.909879E-1
7.758139E+0
-7.526898E-1
-1.496952E-1
4.940950E-1
1.568105E+1
-7.519545E-1
-1.124578E+2
5.780142E-2
-2.771755E-3
-4.145272E-1
1.618904E-3
8.815950E-3
-4.904770E-4
0.000000E+0
0.000000E+0
0.000000E+0
0.000000E+0
0.000000E+0
0.000000E+0
-4.013846E+0
-1.887473E-3
9.758787E+2
-1.129009E+2
5.598462E-1
7.615206E+0
-8.722537E-1
-1.889630E-1
4.522981E-1
1.549934E+1
-8.717431E-1
-1.120910E+2
5.711057E-2
-3.212120E-3
-4.130225E-1
1.481411E-3
8.348322E-3
-6.189099E-4
0.000000E+0
0.000000E+0
0.000000E+0
0.000000E+0
0.000000E+0
0.000000E+0
-4.014646E+0
-8.282307E-3
9.769178E+2
-1.134634E+2
5.938402E-1
7.721983E+0
-7.638378E-1
-1.289972E-1
4.604795E-1
1.564688E+1
-7.615760E-1
-1.126443E+2
5.759287E-2
-2.803201E-3
-4.146200E-1
1.506603E-3
8.845814E-3
-4.220548E-4
0.000000E+0
0.000000E+0
0.000000E+0
0.000000E+0
0.000000E+0
0.000000E+0
-4.014646E+0
-5.884244E-3
9.769178E+2
-1.132839E+2
5.686060E-1
7.597691E+0
-6.810539E-1
-1.854841E-1
4.648534E-1
1.551029E+1
-6.794610E-1
-1.124740E+2
5.709010E-2
-2.500953E-3
-4.139930E-1
1.520913E-3
8.469927E-3
-6.068692E-4
0.000000E+0
0.000000E+0
0.000000E+0
0.000000E+0
0.000000E+0
0.000000E+0
-4.013846E+0
-6.683599E-3
9.771576E+2
-1.136118E+2
5.773947E-1
7.664977E+0
-6.301367E-1
-2.035685E-1
3.111491E-1
1.559879E+1
-6.283171E-1
-1.127966E+2
5.740179E-2
-2.312135E-3
-4.150785E-1
1.017772E-3
8.598733E-3
-6.658747E-4
0.000000E+0
0.000000E+0
0.000000E+0
0.000000E+0
0.000000E+0
0.000000E+0
-4.001057E+0
-8.282307E-3
9.756389E+2
-1.134740E+2
5.668846E-1
7.434829E+0
-6.254893E-1
-2.314425E-1
3.234998E-1
1.533443E+1
-6.232726E-1
-1.126786E+2
5.651680E-2
-2.297143E-3
-4.152900E-1
1.059818E-3
8.455354E-3
-7.582292E-4
0.000000E+0
0.000000E+0
0.000000E+0
0.000000E+0
0.000000E+0
0.000000E+0
